==== x_re
x_re:   0 =   0 + (128*  4 - 384*  5)
x_re:   1 =   1 + (129*  4 - 385*  5)
x_re:   2 =   2 + (130*  4 - 386*  5)
x_re:   3 =   3 + (131*  4 - 387*  5)
x_re:  64 =  64 + (192*  4 - 448*  5)
x_re:  65 =  65 + (193*  4 - 449*  5)
x_re:  66 =  66 + (194*  4 - 450*  5)
x_re:  67 =  67 + (195*  4 - 451*  5)

==== x_im
x_im: 256 = 256 + (128*  5 + 384*  4)
x_im: 257 = 257 + (129*  5 + 385*  4)
x_im: 258 = 258 + (130*  5 + 386*  4)
x_im: 259 = 259 + (131*  5 + 387*  4)
x_im: 320 = 320 + (192*  5 + 448*  4)
x_im: 321 = 321 + (193*  5 + 449*  4)
x_im: 322 = 322 + (194*  5 + 450*  4)
x_im: 323 = 323 + (195*  5 + 451*  4)

==== y_re
y_re: 128 = 128 - (128*  4 - 384*  5)
y_re: 129 = 129 - (129*  4 - 385*  5)
y_re: 130 = 130 - (130*  4 - 386*  5)
y_re: 131 = 131 - (131*  4 - 387*  5)
y_re: 192 = 192 - (192*  4 - 448*  5)
y_re: 193 = 193 - (193*  4 - 449*  5)
y_re: 194 = 194 - (194*  4 - 450*  5)
y_re: 195 = 195 - (195*  4 - 451*  5)

==== y_im
y_im: 384 = 384 - (128*  5 + 384*  4)
y_im: 385 = 385 - (129*  5 + 385*  4)
y_im: 386 = 386 - (130*  5 + 386*  4)
y_im: 387 = 387 - (131*  5 + 387*  4)
y_im: 448 = 448 - (192*  5 + 448*  4)
y_im: 449 = 449 - (193*  5 + 449*  4)
y_im: 450 = 450 - (194*  5 + 450*  4)
y_im: 451 = 451 - (195*  5 + 451*  4)

==== s_re_im
0: 4, 5