==== x_re
x_re:   0 =   0 + ( 16* 32 - 272* 33)
x_re:   1 =   1 + ( 17* 32 - 273* 33)
x_re:   2 =   2 + ( 18* 32 - 274* 33)
x_re:   3 =   3 + ( 19* 32 - 275* 33)
x_re:  32 =  32 + ( 48* 34 - 304* 35)
x_re:  33 =  33 + ( 49* 34 - 305* 35)
x_re:  34 =  34 + ( 50* 34 - 306* 35)
x_re:  35 =  35 + ( 51* 34 - 307* 35)

==== x_im
x_im: 256 = 256 + ( 16* 33 + 272* 32)
x_im: 257 = 257 + ( 17* 33 + 273* 32)
x_im: 258 = 258 + ( 18* 33 + 274* 32)
x_im: 259 = 259 + ( 19* 33 + 275* 32)
x_im: 288 = 288 + ( 48* 35 + 304* 34)
x_im: 289 = 289 + ( 49* 35 + 305* 34)
x_im: 290 = 290 + ( 50* 35 + 306* 34)
x_im: 291 = 291 + ( 51* 35 + 307* 34)

==== y_re
y_re:  16 =  16 - ( 16* 32 - 272* 33)
y_re:  17 =  17 - ( 17* 32 - 273* 33)
y_re:  18 =  18 - ( 18* 32 - 274* 33)
y_re:  19 =  19 - ( 19* 32 - 275* 33)
y_re:  48 =  48 - ( 48* 34 - 304* 35)
y_re:  49 =  49 - ( 49* 34 - 305* 35)
y_re:  50 =  50 - ( 50* 34 - 306* 35)
y_re:  51 =  51 - ( 51* 34 - 307* 35)

==== y_im
y_im: 272 = 272 - ( 16* 33 + 272* 32)
y_im: 273 = 273 - ( 17* 33 + 273* 32)
y_im: 274 = 274 - ( 18* 33 + 274* 32)
y_im: 275 = 275 - ( 19* 33 + 275* 32)
y_im: 304 = 304 - ( 48* 35 + 304* 34)
y_im: 305 = 305 - ( 49* 35 + 305* 34)
y_im: 306 = 306 - ( 50* 35 + 306* 34)
y_im: 307 = 307 - ( 51* 35 + 307* 34)

==== s_re_im
1: 32, 33
2: 34, 35