==== x_re
x_re:   0 =   0 + (  8* 64 - 264* 65)
x_re:   1 =   1 + (  9* 64 - 265* 65)
x_re:   2 =   2 + ( 10* 64 - 266* 65)
x_re:   3 =   3 + ( 11* 64 - 267* 65)
x_re:   4 =   4 + ( 12* 64 - 268* 65)
x_re:   5 =   5 + ( 13* 64 - 269* 65)
x_re:   6 =   6 + ( 14* 64 - 270* 65)
x_re:   7 =   7 + ( 15* 64 - 271* 65)

==== x_im
x_im: 256 = 256 + (  8* 65 + 264* 64)
x_im: 257 = 257 + (  9* 65 + 265* 64)
x_im: 258 = 258 + ( 10* 65 + 266* 64)
x_im: 259 = 259 + ( 11* 65 + 267* 64)
x_im: 260 = 260 + ( 12* 65 + 268* 64)
x_im: 261 = 261 + ( 13* 65 + 269* 64)
x_im: 262 = 262 + ( 14* 65 + 270* 64)
x_im: 263 = 263 + ( 15* 65 + 271* 64)

==== y_re
y_re:   8 =   8 - (  8* 64 - 264* 65)
y_re:   9 =   9 - (  9* 64 - 265* 65)
y_re:  10 =  10 - ( 10* 64 - 266* 65)
y_re:  11 =  11 - ( 11* 64 - 267* 65)
y_re:  12 =  12 - ( 12* 64 - 268* 65)
y_re:  13 =  13 - ( 13* 64 - 269* 65)
y_re:  14 =  14 - ( 14* 64 - 270* 65)
y_re:  15 =  15 - ( 15* 64 - 271* 65)

==== y_im
y_im: 264 = 264 - (  8* 65 + 264* 64)
y_im: 265 = 265 - (  9* 65 + 265* 64)
y_im: 266 = 266 - ( 10* 65 + 266* 64)
y_im: 267 = 267 - ( 11* 65 + 267* 64)
y_im: 268 = 268 - ( 12* 65 + 268* 64)
y_im: 269 = 269 - ( 13* 65 + 269* 64)
y_im: 270 = 270 - ( 14* 65 + 270* 64)
y_im: 271 = 271 - ( 15* 65 + 271* 64)

==== s_re_im
0: 64, 65
