==== x_re
x_re:   0 =   0 + (  4*128 - 260*129)
x_re:   1 =   1 + (  5*128 - 261*129)
x_re:   2 =   2 + (  6*128 - 262*129)
x_re:   3 =   3 + (  7*128 - 263*129)
x_re:   8 =   8 + ( 12*130 - 268*131)
x_re:   9 =   9 + ( 13*130 - 269*131)
x_re:  10 =  10 + ( 14*130 - 270*131)
x_re:  11 =  11 + ( 15*130 - 271*131)

==== x_im
x_im: 256 = 256 + (  4*129 + 260*128)
x_im: 257 = 257 + (  5*129 + 261*128)
x_im: 258 = 258 + (  6*129 + 262*128)
x_im: 259 = 259 + (  7*129 + 263*128)
x_im: 264 = 264 + ( 12*131 + 268*130)
x_im: 265 = 265 + ( 13*131 + 269*130)
x_im: 266 = 266 + ( 14*131 + 270*130)
x_im: 267 = 267 + ( 15*131 + 271*130)

==== y_re
y_re:   4 =   4 - (  4*128 - 260*129)
y_re:   5 =   5 - (  5*128 - 261*129)
y_re:   6 =   6 - (  6*128 - 262*129)
y_re:   7 =   7 - (  7*128 - 263*129)
y_re:  12 =  12 - ( 12*130 - 268*131)
y_re:  13 =  13 - ( 13*130 - 269*131)
y_re:  14 =  14 - ( 14*130 - 270*131)
y_re:  15 =  15 - ( 15*130 - 271*131)

==== y_im
y_im: 260 = 260 - (  4*129 + 260*128)
y_im: 261 = 261 - (  5*129 + 261*128)
y_im: 262 = 262 - (  6*129 + 262*128)
y_im: 263 = 263 - (  7*129 + 263*128)
y_im: 268 = 268 - ( 12*131 + 268*130)
y_im: 269 = 269 - ( 13*131 + 269*130)
y_im: 270 = 270 - ( 14*131 + 270*130)
y_im: 271 = 271 - ( 15*131 + 271*130)

==== s_re_im
0: 128, 129
1: 130, 131