==== x_re
x_re:   0 =   0 + (  1*512 - 257*513)
x_re:   4 =   4 + (  5*516 - 261*517)
x_re:   2 =   2 + (  3*514 - 259*515)
x_re:   6 =   6 + (  7*518 - 263*519)

x_re:   8 =   8 + (  9*520 - 265*521)
x_re:  12 =  12 + ( 13*524 - 269*525)
x_re:  10 =  10 + ( 11*522 - 267*523)
x_re:  14 =  14 + ( 15*526 - 271*527)

==== x_im
x_im: 256 = 256 + (  1*513 + 257*512)
x_im: 260 = 260 + (  5*517 + 261*516)
x_im: 258 = 258 + (  3*515 + 259*514)
x_im: 262 = 262 + (  7*519 + 263*518)

x_im: 264 = 264 + (  9*521 + 265*520)
x_im: 268 = 268 + ( 13*525 + 269*524)
x_im: 266 = 266 + ( 11*523 + 267*522)
x_im: 270 = 270 + ( 15*527 + 271*526)

==== y_re
y_re:   1 =   1 - (  1*512 - 257*513)
y_re:   5 =   5 - (  5*516 - 261*517)
y_re:   3 =   3 - (  3*514 - 259*515)
y_re:   7 =   7 - (  7*518 - 263*519)

y_re:   9 =   9 - (  9*520 - 265*521)
y_re:  13 =  13 - ( 13*524 - 269*525)
y_re:  11 =  11 - ( 11*522 - 267*523)
y_re:  15 =  15 - ( 15*526 - 271*527)

==== y_im
y_im: 257 = 257 - (  1*513 + 257*512)
y_im: 261 = 261 - (  5*517 + 261*516)
y_im: 259 = 259 - (  3*515 + 259*514)
y_im: 263 = 263 - (  7*519 + 263*518)

y_im: 265 = 265 - (  9*521 + 265*520)
y_im: 269 = 269 - ( 13*525 + 269*524)
y_im: 267 = 267 - ( 11*523 + 267*522)
y_im: 271 = 271 - ( 15*527 + 271*526)

==== s_re_im
0: 512, 516
1: 513, 517
2: 514, 518
3: 515, 519

4: 520, 524
5: 521, 525
6: 522, 526
7: 523, 527
