==== x_re
x_re: 0 = 0 + 128
x_re: 1 = 1 + 129
x_re: 2 = 2 + 130
x_re: 3 = 3 + 131
x_re: 64 = 64 + 192
x_re: 65 = 65 + 193
x_re: 66 = 66 + 194
x_re: 67 = 67 + 195

==== x_im
x_im: 256 = 256 + 384
x_im: 257 = 257 + 385
x_im: 258 = 258 + 386
x_im: 259 = 259 + 387
x_im: 320 = 320 + 448
x_im: 321 = 321 + 449
x_im: 322 = 322 + 450
x_im: 323 = 323 + 451

==== y_re
y_re: 128 = (0 - 128) * 4 - (256 - 384)*5
y_re: 129 = (1 - 129) * 4 - (257 - 385)*5
y_re: 130 = (2 - 130) * 4 - (258 - 386)*5
y_re: 131 = (3 - 131) * 4 - (259 - 387)*5
y_re: 192 = (64 - 192) * 4 - (320 - 448)*5
y_re: 193 = (65 - 193) * 4 - (321 - 449)*5
y_re: 194 = (66 - 194) * 4 - (322 - 450)*5
y_re: 195 = (67 - 195) * 4 - (323 - 451)*5

==== y_im
y_im: 384 = (0 - 128) * 5 - (256 - 384)*4
y_im: 385 = (1 - 129) * 5 - (257 - 385)*4
y_im: 386 = (2 - 130) * 5 - (258 - 386)*4
y_im: 387 = (3 - 131) * 5 - (259 - 387)*4
y_im: 448 = (64 - 192) * 5 - (320 - 448)*4
y_im: 449 = (65 - 193) * 5 - (321 - 449)*4
y_im: 450 = (66 - 194) * 5 - (322 - 450)*4
y_im: 451 = (67 - 195) * 5 - (323 - 451)*4

==== s_re_im
0: 4, 5