==== x_re
x_re: 0 = 0 + 16
x_re: 1 = 1 + 17
x_re: 2 = 2 + 18
x_re: 3 = 3 + 19
x_re: 32 = 32 + 48
x_re: 33 = 33 + 49
x_re: 34 = 34 + 50
x_re: 35 = 35 + 51

==== x_im
x_im: 256 = 256 + 272
x_im: 257 = 257 + 273
x_im: 258 = 258 + 274
x_im: 259 = 259 + 275
x_im: 288 = 288 + 304
x_im: 289 = 289 + 305
x_im: 290 = 290 + 306
x_im: 291 = 291 + 307

==== y_re
y_re: 16 = (0 - 16) * 32 - (256 - 272)*33
y_re: 17 = (1 - 17) * 32 - (257 - 273)*33
y_re: 18 = (2 - 18) * 32 - (258 - 274)*33
y_re: 19 = (3 - 19) * 32 - (259 - 275)*33
y_re: 48 = (32 - 48) * 34 - (288 - 304)*35
y_re: 49 = (33 - 49) * 34 - (289 - 305)*35
y_re: 50 = (34 - 50) * 34 - (290 - 306)*35
y_re: 51 = (35 - 51) * 34 - (291 - 307)*35

==== y_im
y_im: 272 = (0 - 16) * 33 - (256 - 272)*32
y_im: 273 = (1 - 17) * 33 - (257 - 273)*32
y_im: 274 = (2 - 18) * 33 - (258 - 274)*32
y_im: 275 = (3 - 19) * 33 - (259 - 275)*32
y_im: 304 = (32 - 48) * 35 - (288 - 304)*34
y_im: 305 = (33 - 49) * 35 - (289 - 305)*34
y_im: 306 = (34 - 50) * 35 - (290 - 306)*34
y_im: 307 = (35 - 51) * 35 - (291 - 307)*34

==== s_re_im

0: 32, 33
1: 34, 35
