==== x_re
x_re: 0 = 0 + 32
x_re: 1 = 1 + 33
x_re: 2 = 2 + 34
x_re: 3 = 3 + 35
x_re: 16 = 16 + 48
x_re: 17 = 17 + 49
x_re: 18 = 18 + 50
x_re: 19 = 19 + 51

==== x_im
x_im: 256 = 256 + 288
x_im: 257 = 257 + 289
x_im: 258 = 258 + 290
x_im: 259 = 259 + 291
x_im: 272 = 272 + 304
x_im: 273 = 273 + 305
x_im: 274 = 274 + 306
x_im: 275 = 275 + 307

==== y_re
y_re: 32 = (0 - 32) * 16 - (256 - 288)*17
y_re: 33 = (1 - 33) * 16 - (257 - 289)*17
y_re: 34 = (2 - 34) * 16 - (258 - 290)*17
y_re: 35 = (3 - 35) * 16 - (259 - 291)*17
y_re: 48 = (16 - 48) * 16 - (272 - 304)*17
y_re: 49 = (17 - 49) * 16 - (273 - 305)*17
y_re: 50 = (18 - 50) * 16 - (274 - 306)*17
y_re: 51 = (19 - 51) * 16 - (275 - 307)*17

==== y_im
y_im: 288 = (0 - 32) * 17 - (256 - 288)*16
y_im: 289 = (1 - 33) * 17 - (257 - 289)*16
y_im: 290 = (2 - 34) * 17 - (258 - 290)*16
y_im: 291 = (3 - 35) * 17 - (259 - 291)*16
y_im: 304 = (16 - 48) * 17 - (272 - 304)*16
y_im: 305 = (17 - 49) * 17 - (273 - 305)*16
y_im: 306 = (18 - 50) * 17 - (274 - 306)*16
y_im: 307 = (19 - 51) * 17 - (275 - 307)*16

==== s_re_im

0: 16, 17


