==== x_re
0 = 0 + 2
4 = 4 + 6

1 = 1 + 3
5 = 5 + 7

8 = 8 + 10
12 = 12 + 14

9 = 9 + 11
13 = 13 + 15
==== y_re
2 = (0 - 2) * 256 - (256 - 258)*257
6 = (4 - 6) * 258 - (260 - 262)*259

3 = (1 - 3) * 256 - (257 - 259)*257
7 = (5 - 7) * 258 - (261 - 263)*259

10 = (8 - 10) * 260 - (264 - 266)*261
14 = (12 - 14) * 262 - (268 - 270)*263

11 = (9 - 11) * 260 - (265 - 267)*261
15 = (13 - 15) * 262 - (269 - 271)*263
==== x_im 
256 = 256 + 258
260 = 260 + 262

264 = 264 + 266
268 = 268 + 270

257 = 257 + 259
261 = 261 + 263

265 = 265 + 267
269 = 269 + 271

==== y_im
258 = (0 - 2) * 257 - (256 - 258)*256
262 = (4 - 6) * 259 - (260 - 262)*258

259 = (1 - 3) * 257 - (257 - 259)*256
263 = (5 - 7) * 259 - (261 - 263)*258

266 = (8 - 10) * 261 - (264 - 266)*260
270 = (12 - 14) * 263 - (268 - 270)*262

267 = (9 - 11) * 261 - (265 - 267)*260
271 = (13 - 15) * 263 - (269 - 271)*262

==== s_re_im

0: 256, 258
1: 257, 259
2: 260, 262
3: 261, 263