=========9
[0] = 1.000000
[4] = 9.000000
[8] = 17.000000
[12] = 25.000000

[1] = -1.006117
[5] = -1.414187
[9] = -1.309859
[13] = -1.303218

[2] = 5.000000
[6] = 13.000000
[10] = 21.000000
[14] = 29.000000

[3] = -0.993845
[7] = 0.008677
[11] = -0.533169
[15] = 0.549203

[256] = 513.000000
[260] = 521.000000
[264] = 529.000000
[268] = 537.000000

[257] = -0.993845
[261] = 0.008677
[265] = -0.533169
[269] = 0.549203

[258] = 517.000000
[262] = 525.000000
[266] = 533.000000
[270] = 541.000000

[259] = 1.006117
[263] = 1.414187
[267] = 1.309859
[271] = 1.303218


==========8
[0] = 6.0000000000
[4] = 22.0000000000
[8] = 38.0000000000
[12] = 54.0000000000

[1] = -1.9999623506
[5] = -1.4055094889
[9] = -1.8430280787
[13] = -0.7540148204

[2] = -4.0487849605
[6] = -3.9506126542
[10] = -5.6564282988
[14] = 0.0694183035

[3] = -0.0368134598
[7] = -1.3879429218
[11] = -1.8615339222
[15] = 0.7992483997

[256] = 1030.0000000000
[260] = 1046.0000000000
[264] = 1062.0000000000
[268] = 1078.0000000000

[257] = 0.0122717693
[261] = 1.4228643915
[265] = 0.7766900934
[269] = 1.8524204843

[258] = -3.9506126542
[262] = 4.0487849605
[266] = 0.0694183035
[270] = 5.6564282988

[259] = -1.9996611636
[263] = 1.4400050159
[267] = -0.7312259956
[271] = 1.8333581198

CORRECT!

====== 7 
[0] = 28.0000000000
[1] = -3.4054718395
[2] = -7.9993976147
[3] = -1.4247563816

[4] = -16.3878407555
[5] = -0.6288914995
[6] = -0.2944577835
[7] = 1.2663088933

[8] = 92.0000000000
[9] = -2.5970428991
[10] = -5.5870099953
[11] = -1.0622855225

[12] = -15.6025214428
[13] = -1.0486806778
[14] = -5.444807982
[15] = -2.4985128437

[256] = 2076.0000000000
[257] = 1.4351361608
[258] = 0.0981723063
[259] = -0.5596561477

[260] = -15.6025214428
[261] = -1.3955791745
[262] = -7.9945790767
[263] = -3.4717885933

[264] = 2140.0000000000
[265] = 2.6291105777
[266] = 5.7258466023
[267] = 1.1021321242

[268] = 16.3878407555
[269] = 1.1150850132
[270] = 5.8612341734
[271] = 2.7229189888

CORRECT

========6
[0] = 120.0000000000
[1] = -6.0025147386
[2] = -13.5864076100
[3] = -2.4870419041

[4] = -31.9903621983
[5] = -1.6775721772
[6] = -5.7392657659
[7] = -1.2322039504

[8] = -67.0632403541
[9] = -0.8660407001
[10] = -2.6856186825
[11] = -0.4435743328

[12] = -2.3540660352
[13] = 0.2960910711
[14] = 4.4642738444 
[15] = 3.4563269501 

[256] = 4216.0000000000
[257] = 4.0642467385
[258] = 5.8240189086
[259] = 0.5424759766

[260] = 0.7853193127
[261] = -0.2804941614
[262] = -2.1333449033
[263] = -0.7488696045

[264] = -60.7825780402 
[265] = -1.1528684944 
[266] = -5.5025252658 
[267] = -1.6420009731 

[268] = -31.9132946137 
[269] = -2.5282380614 
[270] = -14.0918390224 
[271] = -6.3719768324 

CORRECT