logn 6
x_re:   0 =   0 + ( 16*  4 -  48*  5)
x_re:   1 =   1 + ( 17*  4 -  49*  5)
x_re:   2 =   2 + ( 18*  4 -  50*  5)
x_re:   3 =   3 + ( 19*  4 -  51*  5)
x_re:   4 =   4 + ( 20*  4 -  52*  5)
x_re:   5 =   5 + ( 21*  4 -  53*  5)
x_re:   6 =   6 + ( 22*  4 -  54*  5)
x_re:   7 =   7 + ( 23*  4 -  55*  5)

y_re:  16 =   0 - ( 16*  4 -  48*  5)
y_re:  17 =   1 - ( 17*  4 -  49*  5)
y_re:  18 =   2 - ( 18*  4 -  50*  5)
y_re:  19 =   3 - ( 19*  4 -  51*  5)
y_re:  20 =   4 - ( 20*  4 -  52*  5)
y_re:  21 =   5 - ( 21*  4 -  53*  5)
y_re:  22 =   6 - ( 22*  4 -  54*  5)
y_re:  23 =   7 - ( 23*  4 -  55*  5)

x_im:  32 =  32 + ( 16*  5 +  48*  4)
x_im:  33 =  33 + ( 17*  5 +  49*  4)
x_im:  34 =  34 + ( 18*  5 +  50*  4)
x_im:  35 =  35 + ( 19*  5 +  51*  4)
x_im:  36 =  36 + ( 20*  5 +  52*  4)
x_im:  37 =  37 + ( 21*  5 +  53*  4)
x_im:  38 =  38 + ( 22*  5 +  54*  4)
x_im:  39 =  39 + ( 23*  5 +  55*  4)

y_im:  48 =  32 - ( 16*  5 +  48*  4)
y_im:  49 =  33 - ( 17*  5 +  49*  4)
y_im:  50 =  34 - ( 18*  5 +  50*  4)
y_im:  51 =  35 - ( 19*  5 +  51*  4)
y_im:  52 =  36 - ( 20*  5 +  52*  4)
y_im:  53 =  37 - ( 21*  5 +  53*  4)
y_im:  54 =  38 - ( 22*  5 +  54*  4)
y_im:  55 =  39 - ( 23*  5 +  55*  4)

x_re:   8 =   8 + ( 24*  4 -  56*  5)
y_re:  24 =   8 - ( 24*  4 -  56*  5)
x_im:  40 =  40 + ( 24*  5 +  56*  4)
y_im:  56 =  40 - ( 24*  5 +  56*  4)
x_re:   9 =   9 + ( 25*  4 -  57*  5)
y_re:  25 =   9 - ( 25*  4 -  57*  5)
x_im:  41 =  41 + ( 25*  5 +  57*  4)
y_im:  57 =  41 - ( 25*  5 +  57*  4)
x_re:  10 =  10 + ( 26*  4 -  58*  5)
y_re:  26 =  10 - ( 26*  4 -  58*  5)
x_im:  42 =  42 + ( 26*  5 +  58*  4)
y_im:  58 =  42 - ( 26*  5 +  58*  4)
x_re:  11 =  11 + ( 27*  4 -  59*  5)
y_re:  27 =  11 - ( 27*  4 -  59*  5)
x_im:  43 =  43 + ( 27*  5 +  59*  4)
y_im:  59 =  43 - ( 27*  5 +  59*  4)
x_re:  12 =  12 + ( 28*  4 -  60*  5)
y_re:  28 =  12 - ( 28*  4 -  60*  5)
x_im:  44 =  44 + ( 28*  5 +  60*  4)
y_im:  60 =  44 - ( 28*  5 +  60*  4)
x_re:  13 =  13 + ( 29*  4 -  61*  5)
y_re:  29 =  13 - ( 29*  4 -  61*  5)
x_im:  45 =  45 + ( 29*  5 +  61*  4)
y_im:  61 =  45 - ( 29*  5 +  61*  4)
x_re:  14 =  14 + ( 30*  4 -  62*  5)
y_re:  30 =  14 - ( 30*  4 -  62*  5)
x_im:  46 =  46 + ( 30*  5 +  62*  4)
y_im:  62 =  46 - ( 30*  5 +  62*  4)
x_re:  15 =  15 + ( 31*  4 -  63*  5)
y_re:  31 =  15 - ( 31*  4 -  63*  5)
x_im:  47 =  47 + ( 31*  5 +  63*  4)
y_im:  63 =  47 - ( 31*  5 +  63*  4)


x_re:   0 =   0 + (  8*  8 -  40*  9)
y_re:   8 =   0 - (  8*  8 -  40*  9)
x_im:  32 =  32 + (  8*  9 +  40*  8)
y_im:  40 =  32 - (  8*  9 +  40*  8)
x_re:   1 =   1 + (  9*  8 -  41*  9)
y_re:   9 =   1 - (  9*  8 -  41*  9)
x_im:  33 =  33 + (  9*  9 +  41*  8)
y_im:  41 =  33 - (  9*  9 +  41*  8)
x_re:   2 =   2 + ( 10*  8 -  42*  9)
y_re:  10 =   2 - ( 10*  8 -  42*  9)
x_im:  34 =  34 + ( 10*  9 +  42*  8)
y_im:  42 =  34 - ( 10*  9 +  42*  8)
x_re:   3 =   3 + ( 11*  8 -  43*  9)
y_re:  11 =   3 - ( 11*  8 -  43*  9)
x_im:  35 =  35 + ( 11*  9 +  43*  8)
y_im:  43 =  35 - ( 11*  9 +  43*  8)
x_re:   4 =   4 + ( 12*  8 -  44*  9)
y_re:  12 =   4 - ( 12*  8 -  44*  9)
x_im:  36 =  36 + ( 12*  9 +  44*  8)
y_im:  44 =  36 - ( 12*  9 +  44*  8)
x_re:   5 =   5 + ( 13*  8 -  45*  9)
y_re:  13 =   5 - ( 13*  8 -  45*  9)
x_im:  37 =  37 + ( 13*  9 +  45*  8)
y_im:  45 =  37 - ( 13*  9 +  45*  8)
x_re:   6 =   6 + ( 14*  8 -  46*  9)
y_re:  14 =   6 - ( 14*  8 -  46*  9)
x_im:  38 =  38 + ( 14*  9 +  46*  8)
y_im:  46 =  38 - ( 14*  9 +  46*  8)
x_re:   7 =   7 + ( 15*  8 -  47*  9)
y_re:  15 =   7 - ( 15*  8 -  47*  9)
x_im:  39 =  39 + ( 15*  9 +  47*  8)
y_im:  47 =  39 - ( 15*  9 +  47*  8)
x_re:  16 =  16 + ( 24* 10 -  56* 11)
y_re:  24 =  16 - ( 24* 10 -  56* 11)
x_im:  48 =  48 + ( 24* 11 +  56* 10)
y_im:  56 =  48 - ( 24* 11 +  56* 10)
x_re:  17 =  17 + ( 25* 10 -  57* 11)
y_re:  25 =  17 - ( 25* 10 -  57* 11)
x_im:  49 =  49 + ( 25* 11 +  57* 10)
y_im:  57 =  49 - ( 25* 11 +  57* 10)
x_re:  18 =  18 + ( 26* 10 -  58* 11)
y_re:  26 =  18 - ( 26* 10 -  58* 11)
x_im:  50 =  50 + ( 26* 11 +  58* 10)
y_im:  58 =  50 - ( 26* 11 +  58* 10)
x_re:  19 =  19 + ( 27* 10 -  59* 11)
y_re:  27 =  19 - ( 27* 10 -  59* 11)
x_im:  51 =  51 + ( 27* 11 +  59* 10)
y_im:  59 =  51 - ( 27* 11 +  59* 10)
x_re:  20 =  20 + ( 28* 10 -  60* 11)
y_re:  28 =  20 - ( 28* 10 -  60* 11)
x_im:  52 =  52 + ( 28* 11 +  60* 10)
y_im:  60 =  52 - ( 28* 11 +  60* 10)
x_re:  21 =  21 + ( 29* 10 -  61* 11)
y_re:  29 =  21 - ( 29* 10 -  61* 11)
x_im:  53 =  53 + ( 29* 11 +  61* 10)
y_im:  61 =  53 - ( 29* 11 +  61* 10)
x_re:  22 =  22 + ( 30* 10 -  62* 11)
y_re:  30 =  22 - ( 30* 10 -  62* 11)
x_im:  54 =  54 + ( 30* 11 +  62* 10)
y_im:  62 =  54 - ( 30* 11 +  62* 10)
x_re:  23 =  23 + ( 31* 10 -  63* 11)
y_re:  31 =  23 - ( 31* 10 -  63* 11)
x_im:  55 =  55 + ( 31* 11 +  63* 10)
y_im:  63 =  55 - ( 31* 11 +  63* 10)
x_re:   0 =   0 + (  4* 16 -  36* 17)
y_re:   4 =   0 - (  4* 16 -  36* 17)
x_im:  32 =  32 + (  4* 17 +  36* 16)
y_im:  36 =  32 - (  4* 17 +  36* 16)
x_re:   1 =   1 + (  5* 16 -  37* 17)
y_re:   5 =   1 - (  5* 16 -  37* 17)
x_im:  33 =  33 + (  5* 17 +  37* 16)
y_im:  37 =  33 - (  5* 17 +  37* 16)
x_re:   2 =   2 + (  6* 16 -  38* 17)
y_re:   6 =   2 - (  6* 16 -  38* 17)
x_im:  34 =  34 + (  6* 17 +  38* 16)
y_im:  38 =  34 - (  6* 17 +  38* 16)
x_re:   3 =   3 + (  7* 16 -  39* 17)
y_re:   7 =   3 - (  7* 16 -  39* 17)
x_im:  35 =  35 + (  7* 17 +  39* 16)
y_im:  39 =  35 - (  7* 17 +  39* 16)
x_re:   8 =   8 + ( 12* 18 -  44* 19)
y_re:  12 =   8 - ( 12* 18 -  44* 19)
x_im:  40 =  40 + ( 12* 19 +  44* 18)
y_im:  44 =  40 - ( 12* 19 +  44* 18)
x_re:   9 =   9 + ( 13* 18 -  45* 19)
y_re:  13 =   9 - ( 13* 18 -  45* 19)
x_im:  41 =  41 + ( 13* 19 +  45* 18)
y_im:  45 =  41 - ( 13* 19 +  45* 18)
x_re:  10 =  10 + ( 14* 18 -  46* 19)
y_re:  14 =  10 - ( 14* 18 -  46* 19)
x_im:  42 =  42 + ( 14* 19 +  46* 18)
y_im:  46 =  42 - ( 14* 19 +  46* 18)
x_re:  11 =  11 + ( 15* 18 -  47* 19)
y_re:  15 =  11 - ( 15* 18 -  47* 19)
x_im:  43 =  43 + ( 15* 19 +  47* 18)
y_im:  47 =  43 - ( 15* 19 +  47* 18)
x_re:  16 =  16 + ( 20* 20 -  52* 21)
y_re:  20 =  16 - ( 20* 20 -  52* 21)
x_im:  48 =  48 + ( 20* 21 +  52* 20)
y_im:  52 =  48 - ( 20* 21 +  52* 20)
x_re:  17 =  17 + ( 21* 20 -  53* 21)
y_re:  21 =  17 - ( 21* 20 -  53* 21)
x_im:  49 =  49 + ( 21* 21 +  53* 20)
y_im:  53 =  49 - ( 21* 21 +  53* 20)
x_re:  18 =  18 + ( 22* 20 -  54* 21)
y_re:  22 =  18 - ( 22* 20 -  54* 21)
x_im:  50 =  50 + ( 22* 21 +  54* 20)
y_im:  54 =  50 - ( 22* 21 +  54* 20)
x_re:  19 =  19 + ( 23* 20 -  55* 21)
y_re:  23 =  19 - ( 23* 20 -  55* 21)
x_im:  51 =  51 + ( 23* 21 +  55* 20)
y_im:  55 =  51 - ( 23* 21 +  55* 20)
x_re:  24 =  24 + ( 28* 22 -  60* 23)
y_re:  28 =  24 - ( 28* 22 -  60* 23)
x_im:  56 =  56 + ( 28* 23 +  60* 22)
y_im:  60 =  56 - ( 28* 23 +  60* 22)
x_re:  25 =  25 + ( 29* 22 -  61* 23)
y_re:  29 =  25 - ( 29* 22 -  61* 23)
x_im:  57 =  57 + ( 29* 23 +  61* 22)
y_im:  61 =  57 - ( 29* 23 +  61* 22)
x_re:  26 =  26 + ( 30* 22 -  62* 23)
y_re:  30 =  26 - ( 30* 22 -  62* 23)
x_im:  58 =  58 + ( 30* 23 +  62* 22)
y_im:  62 =  58 - ( 30* 23 +  62* 22)
x_re:  27 =  27 + ( 31* 22 -  63* 23)
y_re:  31 =  27 - ( 31* 22 -  63* 23)
x_im:  59 =  59 + ( 31* 23 +  63* 22)
y_im:  63 =  59 - ( 31* 23 +  63* 22)
x_re:   0 =   0 + (  2* 32 -  34* 33)
y_re:   2 =   0 - (  2* 32 -  34* 33)
x_im:  32 =  32 + (  2* 33 +  34* 32)
y_im:  34 =  32 - (  2* 33 +  34* 32)
x_re:   1 =   1 + (  3* 32 -  35* 33)
y_re:   3 =   1 - (  3* 32 -  35* 33)
x_im:  33 =  33 + (  3* 33 +  35* 32)
y_im:  35 =  33 - (  3* 33 +  35* 32)
x_re:   4 =   4 + (  6* 34 -  38* 35)
y_re:   6 =   4 - (  6* 34 -  38* 35)
x_im:  36 =  36 + (  6* 35 +  38* 34)
y_im:  38 =  36 - (  6* 35 +  38* 34)
x_re:   5 =   5 + (  7* 34 -  39* 35)
y_re:   7 =   5 - (  7* 34 -  39* 35)
x_im:  37 =  37 + (  7* 35 +  39* 34)
y_im:  39 =  37 - (  7* 35 +  39* 34)
x_re:   8 =   8 + ( 10* 36 -  42* 37)
y_re:  10 =   8 - ( 10* 36 -  42* 37)
x_im:  40 =  40 + ( 10* 37 +  42* 36)
y_im:  42 =  40 - ( 10* 37 +  42* 36)
x_re:   9 =   9 + ( 11* 36 -  43* 37)
y_re:  11 =   9 - ( 11* 36 -  43* 37)
x_im:  41 =  41 + ( 11* 37 +  43* 36)
y_im:  43 =  41 - ( 11* 37 +  43* 36)
x_re:  12 =  12 + ( 14* 38 -  46* 39)
y_re:  14 =  12 - ( 14* 38 -  46* 39)
x_im:  44 =  44 + ( 14* 39 +  46* 38)
y_im:  46 =  44 - ( 14* 39 +  46* 38)
x_re:  13 =  13 + ( 15* 38 -  47* 39)
y_re:  15 =  13 - ( 15* 38 -  47* 39)
x_im:  45 =  45 + ( 15* 39 +  47* 38)
y_im:  47 =  45 - ( 15* 39 +  47* 38)
x_re:  16 =  16 + ( 18* 40 -  50* 41)
y_re:  18 =  16 - ( 18* 40 -  50* 41)
x_im:  48 =  48 + ( 18* 41 +  50* 40)
y_im:  50 =  48 - ( 18* 41 +  50* 40)
x_re:  17 =  17 + ( 19* 40 -  51* 41)
y_re:  19 =  17 - ( 19* 40 -  51* 41)
x_im:  49 =  49 + ( 19* 41 +  51* 40)
y_im:  51 =  49 - ( 19* 41 +  51* 40)
x_re:  20 =  20 + ( 22* 42 -  54* 43)
y_re:  22 =  20 - ( 22* 42 -  54* 43)
x_im:  52 =  52 + ( 22* 43 +  54* 42)
y_im:  54 =  52 - ( 22* 43 +  54* 42)
x_re:  21 =  21 + ( 23* 42 -  55* 43)
y_re:  23 =  21 - ( 23* 42 -  55* 43)
x_im:  53 =  53 + ( 23* 43 +  55* 42)
y_im:  55 =  53 - ( 23* 43 +  55* 42)
x_re:  24 =  24 + ( 26* 44 -  58* 45)
y_re:  26 =  24 - ( 26* 44 -  58* 45)
x_im:  56 =  56 + ( 26* 45 +  58* 44)
y_im:  58 =  56 - ( 26* 45 +  58* 44)
x_re:  25 =  25 + ( 27* 44 -  59* 45)
y_re:  27 =  25 - ( 27* 44 -  59* 45)
x_im:  57 =  57 + ( 27* 45 +  59* 44)
y_im:  59 =  57 - ( 27* 45 +  59* 44)
x_re:  28 =  28 + ( 30* 46 -  62* 47)
y_re:  30 =  28 - ( 30* 46 -  62* 47)
x_im:  60 =  60 + ( 30* 47 +  62* 46)
y_im:  62 =  60 - ( 30* 47 +  62* 46)
x_re:  29 =  29 + ( 31* 46 -  63* 47)
y_re:  31 =  29 - ( 31* 46 -  63* 47)
x_im:  61 =  61 + ( 31* 47 +  63* 46)
y_im:  63 =  61 - ( 31* 47 +  63* 46)
x_re:   0 =   0 + (  1* 64 -  33* 65)
y_re:   1 =   0 - (  1* 64 -  33* 65)
x_im:  32 =  32 + (  1* 65 +  33* 64)
y_im:  33 =  32 - (  1* 65 +  33* 64)
x_re:   2 =   2 + (  3* 66 -  35* 67)
y_re:   3 =   2 - (  3* 66 -  35* 67)
x_im:  34 =  34 + (  3* 67 +  35* 66)
y_im:  35 =  34 - (  3* 67 +  35* 66)
x_re:   4 =   4 + (  5* 68 -  37* 69)
y_re:   5 =   4 - (  5* 68 -  37* 69)
x_im:  36 =  36 + (  5* 69 +  37* 68)
y_im:  37 =  36 - (  5* 69 +  37* 68)
x_re:   6 =   6 + (  7* 70 -  39* 71)
y_re:   7 =   6 - (  7* 70 -  39* 71)
x_im:  38 =  38 + (  7* 71 +  39* 70)
y_im:  39 =  38 - (  7* 71 +  39* 70)
x_re:   8 =   8 + (  9* 72 -  41* 73)
y_re:   9 =   8 - (  9* 72 -  41* 73)
x_im:  40 =  40 + (  9* 73 +  41* 72)
y_im:  41 =  40 - (  9* 73 +  41* 72)
x_re:  10 =  10 + ( 11* 74 -  43* 75)
y_re:  11 =  10 - ( 11* 74 -  43* 75)
x_im:  42 =  42 + ( 11* 75 +  43* 74)
y_im:  43 =  42 - ( 11* 75 +  43* 74)
x_re:  12 =  12 + ( 13* 76 -  45* 77)
y_re:  13 =  12 - ( 13* 76 -  45* 77)
x_im:  44 =  44 + ( 13* 77 +  45* 76)
y_im:  45 =  44 - ( 13* 77 +  45* 76)
x_re:  14 =  14 + ( 15* 78 -  47* 79)
y_re:  15 =  14 - ( 15* 78 -  47* 79)
x_im:  46 =  46 + ( 15* 79 +  47* 78)
y_im:  47 =  46 - ( 15* 79 +  47* 78)
x_re:  16 =  16 + ( 17* 80 -  49* 81)
y_re:  17 =  16 - ( 17* 80 -  49* 81)
x_im:  48 =  48 + ( 17* 81 +  49* 80)
y_im:  49 =  48 - ( 17* 81 +  49* 80)
x_re:  18 =  18 + ( 19* 82 -  51* 83)
y_re:  19 =  18 - ( 19* 82 -  51* 83)
x_im:  50 =  50 + ( 19* 83 +  51* 82)
y_im:  51 =  50 - ( 19* 83 +  51* 82)
x_re:  20 =  20 + ( 21* 84 -  53* 85)
y_re:  21 =  20 - ( 21* 84 -  53* 85)
x_im:  52 =  52 + ( 21* 85 +  53* 84)
y_im:  53 =  52 - ( 21* 85 +  53* 84)
x_re:  22 =  22 + ( 23* 86 -  55* 87)
y_re:  23 =  22 - ( 23* 86 -  55* 87)
x_im:  54 =  54 + ( 23* 87 +  55* 86)
y_im:  55 =  54 - ( 23* 87 +  55* 86)
x_re:  24 =  24 + ( 25* 88 -  57* 89)
y_re:  25 =  24 - ( 25* 88 -  57* 89)
x_im:  56 =  56 + ( 25* 89 +  57* 88)
y_im:  57 =  56 - ( 25* 89 +  57* 88)
x_re:  26 =  26 + ( 27* 90 -  59* 91)
y_re:  27 =  26 - ( 27* 90 -  59* 91)
x_im:  58 =  58 + ( 27* 91 +  59* 90)
y_im:  59 =  58 - ( 27* 91 +  59* 90)
x_re:  28 =  28 + ( 29* 92 -  61* 93)
y_re:  29 =  28 - ( 29* 92 -  61* 93)
x_im:  60 =  60 + ( 29* 93 +  61* 92)
y_im:  61 =  60 - ( 29* 93 +  61* 92)
x_re:  30 =  30 + ( 31* 94 -  63* 95)
y_re:  31 =  30 - ( 31* 94 -  63* 95)
x_im:  62 =  62 + ( 31* 95 +  63* 94)
y_im:  63 =  62 - ( 31* 95 +  63* 94)
Compare with original: OK
Compare with original: Wrong [0]: -798.18982314637946728908 != -133.81016483984680576214, delta: 664.37965830653263310523 
