logn 8
x_re:   0 =   0 + ( 64*  4 - 192*  5)
x_re:   1 =   1 + ( 65*  4 - 193*  5)
x_re:   2 =   2 + ( 66*  4 - 194*  5)
x_re:   3 =   3 + ( 67*  4 - 195*  5)
x_re:   4 =   4 + ( 68*  4 - 196*  5)
x_re:   7 =   7 + ( 71*  4 - 199*  5)
x_re:   5 =   5 + ( 69*  4 - 197*  5)
x_re:   6 =   6 + ( 70*  4 - 198*  5)

y_re:  64 =   0 - ( 64*  4 - 192*  5)
y_re:  65 =   1 - ( 65*  4 - 193*  5)
y_re:  66 =   2 - ( 66*  4 - 194*  5)
y_re:  67 =   3 - ( 67*  4 - 195*  5)
y_re:  68 =   4 - ( 68*  4 - 196*  5)
y_re:  69 =   5 - ( 69*  4 - 197*  5)
y_re:  70 =   6 - ( 70*  4 - 198*  5)
y_re:  71 =   7 - ( 71*  4 - 199*  5)

x_im: 128 = 128 + ( 64*  5 + 192*  4)
x_im: 129 = 129 + ( 65*  5 + 193*  4)
x_im: 130 = 130 + ( 66*  5 + 194*  4)
x_im: 131 = 131 + ( 67*  5 + 195*  4)
x_im: 132 = 132 + ( 68*  5 + 196*  4)
x_im: 133 = 133 + ( 69*  5 + 197*  4)
x_im: 134 = 134 + ( 70*  5 + 198*  4)
x_im: 135 = 135 + ( 71*  5 + 199*  4)

y_im: 192 = 128 - ( 64*  5 + 192*  4)
y_im: 193 = 129 - ( 65*  5 + 193*  4)
y_im: 194 = 130 - ( 66*  5 + 194*  4)
y_im: 195 = 131 - ( 67*  5 + 195*  4)
y_im: 196 = 132 - ( 68*  5 + 196*  4)
y_im: 197 = 133 - ( 69*  5 + 197*  4)
y_im: 198 = 134 - ( 70*  5 + 198*  4)
y_im: 199 = 135 - ( 71*  5 + 199*  4)




x_re:   8 =   8 + ( 72*  4 - 200*  5)
y_re:  72 =   8 - ( 72*  4 - 200*  5)
x_im: 136 = 136 + ( 72*  5 + 200*  4)
y_im: 200 = 136 - ( 72*  5 + 200*  4)
x_re:   9 =   9 + ( 73*  4 - 201*  5)
y_re:  73 =   9 - ( 73*  4 - 201*  5)
x_im: 137 = 137 + ( 73*  5 + 201*  4)
y_im: 201 = 137 - ( 73*  5 + 201*  4)
x_re:  10 =  10 + ( 74*  4 - 202*  5)
y_re:  74 =  10 - ( 74*  4 - 202*  5)
x_im: 138 = 138 + ( 74*  5 + 202*  4)
y_im: 202 = 138 - ( 74*  5 + 202*  4)
x_re:  11 =  11 + ( 75*  4 - 203*  5)
y_re:  75 =  11 - ( 75*  4 - 203*  5)
x_im: 139 = 139 + ( 75*  5 + 203*  4)
y_im: 203 = 139 - ( 75*  5 + 203*  4)
x_re:  12 =  12 + ( 76*  4 - 204*  5)
y_re:  76 =  12 - ( 76*  4 - 204*  5)
x_im: 140 = 140 + ( 76*  5 + 204*  4)
y_im: 204 = 140 - ( 76*  5 + 204*  4)
x_re:  13 =  13 + ( 77*  4 - 205*  5)
y_re:  77 =  13 - ( 77*  4 - 205*  5)
x_im: 141 = 141 + ( 77*  5 + 205*  4)
y_im: 205 = 141 - ( 77*  5 + 205*  4)
x_re:  14 =  14 + ( 78*  4 - 206*  5)
y_re:  78 =  14 - ( 78*  4 - 206*  5)
x_im: 142 = 142 + ( 78*  5 + 206*  4)
y_im: 206 = 142 - ( 78*  5 + 206*  4)
x_re:  15 =  15 + ( 79*  4 - 207*  5)
y_re:  79 =  15 - ( 79*  4 - 207*  5)
x_im: 143 = 143 + ( 79*  5 + 207*  4)
y_im: 207 = 143 - ( 79*  5 + 207*  4)
x_re:  16 =  16 + ( 80*  4 - 208*  5)
y_re:  80 =  16 - ( 80*  4 - 208*  5)
x_im: 144 = 144 + ( 80*  5 + 208*  4)
y_im: 208 = 144 - ( 80*  5 + 208*  4)
x_re:  17 =  17 + ( 81*  4 - 209*  5)
y_re:  81 =  17 - ( 81*  4 - 209*  5)
x_im: 145 = 145 + ( 81*  5 + 209*  4)
y_im: 209 = 145 - ( 81*  5 + 209*  4)
x_re:  18 =  18 + ( 82*  4 - 210*  5)
y_re:  82 =  18 - ( 82*  4 - 210*  5)
x_im: 146 = 146 + ( 82*  5 + 210*  4)
y_im: 210 = 146 - ( 82*  5 + 210*  4)
x_re:  19 =  19 + ( 83*  4 - 211*  5)
y_re:  83 =  19 - ( 83*  4 - 211*  5)
x_im: 147 = 147 + ( 83*  5 + 211*  4)
y_im: 211 = 147 - ( 83*  5 + 211*  4)
x_re:  20 =  20 + ( 84*  4 - 212*  5)
y_re:  84 =  20 - ( 84*  4 - 212*  5)
x_im: 148 = 148 + ( 84*  5 + 212*  4)
y_im: 212 = 148 - ( 84*  5 + 212*  4)
x_re:  21 =  21 + ( 85*  4 - 213*  5)
y_re:  85 =  21 - ( 85*  4 - 213*  5)
x_im: 149 = 149 + ( 85*  5 + 213*  4)
y_im: 213 = 149 - ( 85*  5 + 213*  4)
x_re:  22 =  22 + ( 86*  4 - 214*  5)
y_re:  86 =  22 - ( 86*  4 - 214*  5)
x_im: 150 = 150 + ( 86*  5 + 214*  4)
y_im: 214 = 150 - ( 86*  5 + 214*  4)
x_re:  23 =  23 + ( 87*  4 - 215*  5)
y_re:  87 =  23 - ( 87*  4 - 215*  5)
x_im: 151 = 151 + ( 87*  5 + 215*  4)
y_im: 215 = 151 - ( 87*  5 + 215*  4)
x_re:  24 =  24 + ( 88*  4 - 216*  5)
y_re:  88 =  24 - ( 88*  4 - 216*  5)
x_im: 152 = 152 + ( 88*  5 + 216*  4)
y_im: 216 = 152 - ( 88*  5 + 216*  4)
x_re:  25 =  25 + ( 89*  4 - 217*  5)
y_re:  89 =  25 - ( 89*  4 - 217*  5)
x_im: 153 = 153 + ( 89*  5 + 217*  4)
y_im: 217 = 153 - ( 89*  5 + 217*  4)
x_re:  26 =  26 + ( 90*  4 - 218*  5)
y_re:  90 =  26 - ( 90*  4 - 218*  5)
x_im: 154 = 154 + ( 90*  5 + 218*  4)
y_im: 218 = 154 - ( 90*  5 + 218*  4)
x_re:  27 =  27 + ( 91*  4 - 219*  5)
y_re:  91 =  27 - ( 91*  4 - 219*  5)
x_im: 155 = 155 + ( 91*  5 + 219*  4)
y_im: 219 = 155 - ( 91*  5 + 219*  4)
x_re:  28 =  28 + ( 92*  4 - 220*  5)
y_re:  92 =  28 - ( 92*  4 - 220*  5)
x_im: 156 = 156 + ( 92*  5 + 220*  4)
y_im: 220 = 156 - ( 92*  5 + 220*  4)
x_re:  29 =  29 + ( 93*  4 - 221*  5)
y_re:  93 =  29 - ( 93*  4 - 221*  5)
x_im: 157 = 157 + ( 93*  5 + 221*  4)
y_im: 221 = 157 - ( 93*  5 + 221*  4)
x_re:  30 =  30 + ( 94*  4 - 222*  5)
y_re:  94 =  30 - ( 94*  4 - 222*  5)
x_im: 158 = 158 + ( 94*  5 + 222*  4)
y_im: 222 = 158 - ( 94*  5 + 222*  4)
x_re:  31 =  31 + ( 95*  4 - 223*  5)
y_re:  95 =  31 - ( 95*  4 - 223*  5)
x_im: 159 = 159 + ( 95*  5 + 223*  4)
y_im: 223 = 159 - ( 95*  5 + 223*  4)
x_re:  32 =  32 + ( 96*  4 - 224*  5)
y_re:  96 =  32 - ( 96*  4 - 224*  5)
x_im: 160 = 160 + ( 96*  5 + 224*  4)
y_im: 224 = 160 - ( 96*  5 + 224*  4)
x_re:  33 =  33 + ( 97*  4 - 225*  5)
y_re:  97 =  33 - ( 97*  4 - 225*  5)
x_im: 161 = 161 + ( 97*  5 + 225*  4)
y_im: 225 = 161 - ( 97*  5 + 225*  4)
x_re:  34 =  34 + ( 98*  4 - 226*  5)
y_re:  98 =  34 - ( 98*  4 - 226*  5)
x_im: 162 = 162 + ( 98*  5 + 226*  4)
y_im: 226 = 162 - ( 98*  5 + 226*  4)
x_re:  35 =  35 + ( 99*  4 - 227*  5)
y_re:  99 =  35 - ( 99*  4 - 227*  5)
x_im: 163 = 163 + ( 99*  5 + 227*  4)
y_im: 227 = 163 - ( 99*  5 + 227*  4)
x_re:  36 =  36 + (100*  4 - 228*  5)
y_re: 100 =  36 - (100*  4 - 228*  5)
x_im: 164 = 164 + (100*  5 + 228*  4)
y_im: 228 = 164 - (100*  5 + 228*  4)
x_re:  37 =  37 + (101*  4 - 229*  5)
y_re: 101 =  37 - (101*  4 - 229*  5)
x_im: 165 = 165 + (101*  5 + 229*  4)
y_im: 229 = 165 - (101*  5 + 229*  4)
x_re:  38 =  38 + (102*  4 - 230*  5)
y_re: 102 =  38 - (102*  4 - 230*  5)
x_im: 166 = 166 + (102*  5 + 230*  4)
y_im: 230 = 166 - (102*  5 + 230*  4)
x_re:  39 =  39 + (103*  4 - 231*  5)
y_re: 103 =  39 - (103*  4 - 231*  5)
x_im: 167 = 167 + (103*  5 + 231*  4)
y_im: 231 = 167 - (103*  5 + 231*  4)
x_re:  40 =  40 + (104*  4 - 232*  5)
y_re: 104 =  40 - (104*  4 - 232*  5)
x_im: 168 = 168 + (104*  5 + 232*  4)
y_im: 232 = 168 - (104*  5 + 232*  4)
x_re:  41 =  41 + (105*  4 - 233*  5)
y_re: 105 =  41 - (105*  4 - 233*  5)
x_im: 169 = 169 + (105*  5 + 233*  4)
y_im: 233 = 169 - (105*  5 + 233*  4)
x_re:  42 =  42 + (106*  4 - 234*  5)
y_re: 106 =  42 - (106*  4 - 234*  5)
x_im: 170 = 170 + (106*  5 + 234*  4)
y_im: 234 = 170 - (106*  5 + 234*  4)
x_re:  43 =  43 + (107*  4 - 235*  5)
y_re: 107 =  43 - (107*  4 - 235*  5)
x_im: 171 = 171 + (107*  5 + 235*  4)
y_im: 235 = 171 - (107*  5 + 235*  4)
x_re:  44 =  44 + (108*  4 - 236*  5)
y_re: 108 =  44 - (108*  4 - 236*  5)
x_im: 172 = 172 + (108*  5 + 236*  4)
y_im: 236 = 172 - (108*  5 + 236*  4)
x_re:  45 =  45 + (109*  4 - 237*  5)
y_re: 109 =  45 - (109*  4 - 237*  5)
x_im: 173 = 173 + (109*  5 + 237*  4)
y_im: 237 = 173 - (109*  5 + 237*  4)
x_re:  46 =  46 + (110*  4 - 238*  5)
y_re: 110 =  46 - (110*  4 - 238*  5)
x_im: 174 = 174 + (110*  5 + 238*  4)
y_im: 238 = 174 - (110*  5 + 238*  4)
x_re:  47 =  47 + (111*  4 - 239*  5)
y_re: 111 =  47 - (111*  4 - 239*  5)
x_im: 175 = 175 + (111*  5 + 239*  4)
y_im: 239 = 175 - (111*  5 + 239*  4)
x_re:  48 =  48 + (112*  4 - 240*  5)
y_re: 112 =  48 - (112*  4 - 240*  5)
x_im: 176 = 176 + (112*  5 + 240*  4)
y_im: 240 = 176 - (112*  5 + 240*  4)
x_re:  49 =  49 + (113*  4 - 241*  5)
y_re: 113 =  49 - (113*  4 - 241*  5)
x_im: 177 = 177 + (113*  5 + 241*  4)
y_im: 241 = 177 - (113*  5 + 241*  4)
x_re:  50 =  50 + (114*  4 - 242*  5)
y_re: 114 =  50 - (114*  4 - 242*  5)
x_im: 178 = 178 + (114*  5 + 242*  4)
y_im: 242 = 178 - (114*  5 + 242*  4)
x_re:  51 =  51 + (115*  4 - 243*  5)
y_re: 115 =  51 - (115*  4 - 243*  5)
x_im: 179 = 179 + (115*  5 + 243*  4)
y_im: 243 = 179 - (115*  5 + 243*  4)
x_re:  52 =  52 + (116*  4 - 244*  5)
y_re: 116 =  52 - (116*  4 - 244*  5)
x_im: 180 = 180 + (116*  5 + 244*  4)
y_im: 244 = 180 - (116*  5 + 244*  4)
x_re:  53 =  53 + (117*  4 - 245*  5)
y_re: 117 =  53 - (117*  4 - 245*  5)
x_im: 181 = 181 + (117*  5 + 245*  4)
y_im: 245 = 181 - (117*  5 + 245*  4)
x_re:  54 =  54 + (118*  4 - 246*  5)
y_re: 118 =  54 - (118*  4 - 246*  5)
x_im: 182 = 182 + (118*  5 + 246*  4)
y_im: 246 = 182 - (118*  5 + 246*  4)
x_re:  55 =  55 + (119*  4 - 247*  5)
y_re: 119 =  55 - (119*  4 - 247*  5)
x_im: 183 = 183 + (119*  5 + 247*  4)
y_im: 247 = 183 - (119*  5 + 247*  4)
x_re:  56 =  56 + (120*  4 - 248*  5)
y_re: 120 =  56 - (120*  4 - 248*  5)
x_im: 184 = 184 + (120*  5 + 248*  4)
y_im: 248 = 184 - (120*  5 + 248*  4)
x_re:  57 =  57 + (121*  4 - 249*  5)
y_re: 121 =  57 - (121*  4 - 249*  5)
x_im: 185 = 185 + (121*  5 + 249*  4)
y_im: 249 = 185 - (121*  5 + 249*  4)
x_re:  58 =  58 + (122*  4 - 250*  5)
y_re: 122 =  58 - (122*  4 - 250*  5)
x_im: 186 = 186 + (122*  5 + 250*  4)
y_im: 250 = 186 - (122*  5 + 250*  4)
x_re:  59 =  59 + (123*  4 - 251*  5)
y_re: 123 =  59 - (123*  4 - 251*  5)
x_im: 187 = 187 + (123*  5 + 251*  4)
y_im: 251 = 187 - (123*  5 + 251*  4)
x_re:  60 =  60 + (124*  4 - 252*  5)
y_re: 124 =  60 - (124*  4 - 252*  5)
x_im: 188 = 188 + (124*  5 + 252*  4)
y_im: 252 = 188 - (124*  5 + 252*  4)
x_re:  61 =  61 + (125*  4 - 253*  5)
y_re: 125 =  61 - (125*  4 - 253*  5)
x_im: 189 = 189 + (125*  5 + 253*  4)
y_im: 253 = 189 - (125*  5 + 253*  4)
x_re:  62 =  62 + (126*  4 - 254*  5)
y_re: 126 =  62 - (126*  4 - 254*  5)
x_im: 190 = 190 + (126*  5 + 254*  4)
y_im: 254 = 190 - (126*  5 + 254*  4)
x_re:  63 =  63 + (127*  4 - 255*  5)
y_re: 127 =  63 - (127*  4 - 255*  5)
x_im: 191 = 191 + (127*  5 + 255*  4)
y_im: 255 = 191 - (127*  5 + 255*  4)


x_re:   0 =   0 + ( 32*  8 - 160*  9)
y_re:  32 =   0 - ( 32*  8 - 160*  9)
x_im: 128 = 128 + ( 32*  9 + 160*  8)
y_im: 160 = 128 - ( 32*  9 + 160*  8)
x_re:   1 =   1 + ( 33*  8 - 161*  9)
y_re:  33 =   1 - ( 33*  8 - 161*  9)
x_im: 129 = 129 + ( 33*  9 + 161*  8)
y_im: 161 = 129 - ( 33*  9 + 161*  8)
x_re:   2 =   2 + ( 34*  8 - 162*  9)
y_re:  34 =   2 - ( 34*  8 - 162*  9)
x_im: 130 = 130 + ( 34*  9 + 162*  8)
y_im: 162 = 130 - ( 34*  9 + 162*  8)
x_re:   3 =   3 + ( 35*  8 - 163*  9)
y_re:  35 =   3 - ( 35*  8 - 163*  9)
x_im: 131 = 131 + ( 35*  9 + 163*  8)
y_im: 163 = 131 - ( 35*  9 + 163*  8)
x_re:   4 =   4 + ( 36*  8 - 164*  9)
y_re:  36 =   4 - ( 36*  8 - 164*  9)
x_im: 132 = 132 + ( 36*  9 + 164*  8)
y_im: 164 = 132 - ( 36*  9 + 164*  8)
x_re:   5 =   5 + ( 37*  8 - 165*  9)
y_re:  37 =   5 - ( 37*  8 - 165*  9)
x_im: 133 = 133 + ( 37*  9 + 165*  8)
y_im: 165 = 133 - ( 37*  9 + 165*  8)
x_re:   6 =   6 + ( 38*  8 - 166*  9)
y_re:  38 =   6 - ( 38*  8 - 166*  9)
x_im: 134 = 134 + ( 38*  9 + 166*  8)
y_im: 166 = 134 - ( 38*  9 + 166*  8)
x_re:   7 =   7 + ( 39*  8 - 167*  9)
y_re:  39 =   7 - ( 39*  8 - 167*  9)
x_im: 135 = 135 + ( 39*  9 + 167*  8)
y_im: 167 = 135 - ( 39*  9 + 167*  8)
x_re:   8 =   8 + ( 40*  8 - 168*  9)
y_re:  40 =   8 - ( 40*  8 - 168*  9)
x_im: 136 = 136 + ( 40*  9 + 168*  8)
y_im: 168 = 136 - ( 40*  9 + 168*  8)
x_re:   9 =   9 + ( 41*  8 - 169*  9)
y_re:  41 =   9 - ( 41*  8 - 169*  9)
x_im: 137 = 137 + ( 41*  9 + 169*  8)
y_im: 169 = 137 - ( 41*  9 + 169*  8)
x_re:  10 =  10 + ( 42*  8 - 170*  9)
y_re:  42 =  10 - ( 42*  8 - 170*  9)
x_im: 138 = 138 + ( 42*  9 + 170*  8)
y_im: 170 = 138 - ( 42*  9 + 170*  8)
x_re:  11 =  11 + ( 43*  8 - 171*  9)
y_re:  43 =  11 - ( 43*  8 - 171*  9)
x_im: 139 = 139 + ( 43*  9 + 171*  8)
y_im: 171 = 139 - ( 43*  9 + 171*  8)
x_re:  12 =  12 + ( 44*  8 - 172*  9)
y_re:  44 =  12 - ( 44*  8 - 172*  9)
x_im: 140 = 140 + ( 44*  9 + 172*  8)
y_im: 172 = 140 - ( 44*  9 + 172*  8)
x_re:  13 =  13 + ( 45*  8 - 173*  9)
y_re:  45 =  13 - ( 45*  8 - 173*  9)
x_im: 141 = 141 + ( 45*  9 + 173*  8)
y_im: 173 = 141 - ( 45*  9 + 173*  8)
x_re:  14 =  14 + ( 46*  8 - 174*  9)
y_re:  46 =  14 - ( 46*  8 - 174*  9)
x_im: 142 = 142 + ( 46*  9 + 174*  8)
y_im: 174 = 142 - ( 46*  9 + 174*  8)
x_re:  15 =  15 + ( 47*  8 - 175*  9)
y_re:  47 =  15 - ( 47*  8 - 175*  9)
x_im: 143 = 143 + ( 47*  9 + 175*  8)
y_im: 175 = 143 - ( 47*  9 + 175*  8)
x_re:  16 =  16 + ( 48*  8 - 176*  9)
y_re:  48 =  16 - ( 48*  8 - 176*  9)
x_im: 144 = 144 + ( 48*  9 + 176*  8)
y_im: 176 = 144 - ( 48*  9 + 176*  8)
x_re:  17 =  17 + ( 49*  8 - 177*  9)
y_re:  49 =  17 - ( 49*  8 - 177*  9)
x_im: 145 = 145 + ( 49*  9 + 177*  8)
y_im: 177 = 145 - ( 49*  9 + 177*  8)
x_re:  18 =  18 + ( 50*  8 - 178*  9)
y_re:  50 =  18 - ( 50*  8 - 178*  9)
x_im: 146 = 146 + ( 50*  9 + 178*  8)
y_im: 178 = 146 - ( 50*  9 + 178*  8)
x_re:  19 =  19 + ( 51*  8 - 179*  9)
y_re:  51 =  19 - ( 51*  8 - 179*  9)
x_im: 147 = 147 + ( 51*  9 + 179*  8)
y_im: 179 = 147 - ( 51*  9 + 179*  8)
x_re:  20 =  20 + ( 52*  8 - 180*  9)
y_re:  52 =  20 - ( 52*  8 - 180*  9)
x_im: 148 = 148 + ( 52*  9 + 180*  8)
y_im: 180 = 148 - ( 52*  9 + 180*  8)
x_re:  21 =  21 + ( 53*  8 - 181*  9)
y_re:  53 =  21 - ( 53*  8 - 181*  9)
x_im: 149 = 149 + ( 53*  9 + 181*  8)
y_im: 181 = 149 - ( 53*  9 + 181*  8)
x_re:  22 =  22 + ( 54*  8 - 182*  9)
y_re:  54 =  22 - ( 54*  8 - 182*  9)
x_im: 150 = 150 + ( 54*  9 + 182*  8)
y_im: 182 = 150 - ( 54*  9 + 182*  8)
x_re:  23 =  23 + ( 55*  8 - 183*  9)
y_re:  55 =  23 - ( 55*  8 - 183*  9)
x_im: 151 = 151 + ( 55*  9 + 183*  8)
y_im: 183 = 151 - ( 55*  9 + 183*  8)
x_re:  24 =  24 + ( 56*  8 - 184*  9)
y_re:  56 =  24 - ( 56*  8 - 184*  9)
x_im: 152 = 152 + ( 56*  9 + 184*  8)
y_im: 184 = 152 - ( 56*  9 + 184*  8)
x_re:  25 =  25 + ( 57*  8 - 185*  9)
y_re:  57 =  25 - ( 57*  8 - 185*  9)
x_im: 153 = 153 + ( 57*  9 + 185*  8)
y_im: 185 = 153 - ( 57*  9 + 185*  8)
x_re:  26 =  26 + ( 58*  8 - 186*  9)
y_re:  58 =  26 - ( 58*  8 - 186*  9)
x_im: 154 = 154 + ( 58*  9 + 186*  8)
y_im: 186 = 154 - ( 58*  9 + 186*  8)
x_re:  27 =  27 + ( 59*  8 - 187*  9)
y_re:  59 =  27 - ( 59*  8 - 187*  9)
x_im: 155 = 155 + ( 59*  9 + 187*  8)
y_im: 187 = 155 - ( 59*  9 + 187*  8)
x_re:  28 =  28 + ( 60*  8 - 188*  9)
y_re:  60 =  28 - ( 60*  8 - 188*  9)
x_im: 156 = 156 + ( 60*  9 + 188*  8)
y_im: 188 = 156 - ( 60*  9 + 188*  8)
x_re:  29 =  29 + ( 61*  8 - 189*  9)
y_re:  61 =  29 - ( 61*  8 - 189*  9)
x_im: 157 = 157 + ( 61*  9 + 189*  8)
y_im: 189 = 157 - ( 61*  9 + 189*  8)
x_re:  30 =  30 + ( 62*  8 - 190*  9)
y_re:  62 =  30 - ( 62*  8 - 190*  9)
x_im: 158 = 158 + ( 62*  9 + 190*  8)
y_im: 190 = 158 - ( 62*  9 + 190*  8)
x_re:  31 =  31 + ( 63*  8 - 191*  9)
y_re:  63 =  31 - ( 63*  8 - 191*  9)
x_im: 159 = 159 + ( 63*  9 + 191*  8)
y_im: 191 = 159 - ( 63*  9 + 191*  8)
x_re:  64 =  64 + ( 96* 10 - 224* 11)
y_re:  96 =  64 - ( 96* 10 - 224* 11)
x_im: 192 = 192 + ( 96* 11 + 224* 10)
y_im: 224 = 192 - ( 96* 11 + 224* 10)
x_re:  65 =  65 + ( 97* 10 - 225* 11)
y_re:  97 =  65 - ( 97* 10 - 225* 11)
x_im: 193 = 193 + ( 97* 11 + 225* 10)
y_im: 225 = 193 - ( 97* 11 + 225* 10)
x_re:  66 =  66 + ( 98* 10 - 226* 11)
y_re:  98 =  66 - ( 98* 10 - 226* 11)
x_im: 194 = 194 + ( 98* 11 + 226* 10)
y_im: 226 = 194 - ( 98* 11 + 226* 10)
x_re:  67 =  67 + ( 99* 10 - 227* 11)
y_re:  99 =  67 - ( 99* 10 - 227* 11)
x_im: 195 = 195 + ( 99* 11 + 227* 10)
y_im: 227 = 195 - ( 99* 11 + 227* 10)
x_re:  68 =  68 + (100* 10 - 228* 11)
y_re: 100 =  68 - (100* 10 - 228* 11)
x_im: 196 = 196 + (100* 11 + 228* 10)
y_im: 228 = 196 - (100* 11 + 228* 10)
x_re:  69 =  69 + (101* 10 - 229* 11)
y_re: 101 =  69 - (101* 10 - 229* 11)
x_im: 197 = 197 + (101* 11 + 229* 10)
y_im: 229 = 197 - (101* 11 + 229* 10)
x_re:  70 =  70 + (102* 10 - 230* 11)
y_re: 102 =  70 - (102* 10 - 230* 11)
x_im: 198 = 198 + (102* 11 + 230* 10)
y_im: 230 = 198 - (102* 11 + 230* 10)
x_re:  71 =  71 + (103* 10 - 231* 11)
y_re: 103 =  71 - (103* 10 - 231* 11)
x_im: 199 = 199 + (103* 11 + 231* 10)
y_im: 231 = 199 - (103* 11 + 231* 10)
x_re:  72 =  72 + (104* 10 - 232* 11)
y_re: 104 =  72 - (104* 10 - 232* 11)
x_im: 200 = 200 + (104* 11 + 232* 10)
y_im: 232 = 200 - (104* 11 + 232* 10)
x_re:  73 =  73 + (105* 10 - 233* 11)
y_re: 105 =  73 - (105* 10 - 233* 11)
x_im: 201 = 201 + (105* 11 + 233* 10)
y_im: 233 = 201 - (105* 11 + 233* 10)
x_re:  74 =  74 + (106* 10 - 234* 11)
y_re: 106 =  74 - (106* 10 - 234* 11)
x_im: 202 = 202 + (106* 11 + 234* 10)
y_im: 234 = 202 - (106* 11 + 234* 10)
x_re:  75 =  75 + (107* 10 - 235* 11)
y_re: 107 =  75 - (107* 10 - 235* 11)
x_im: 203 = 203 + (107* 11 + 235* 10)
y_im: 235 = 203 - (107* 11 + 235* 10)
x_re:  76 =  76 + (108* 10 - 236* 11)
y_re: 108 =  76 - (108* 10 - 236* 11)
x_im: 204 = 204 + (108* 11 + 236* 10)
y_im: 236 = 204 - (108* 11 + 236* 10)
x_re:  77 =  77 + (109* 10 - 237* 11)
y_re: 109 =  77 - (109* 10 - 237* 11)
x_im: 205 = 205 + (109* 11 + 237* 10)
y_im: 237 = 205 - (109* 11 + 237* 10)
x_re:  78 =  78 + (110* 10 - 238* 11)
y_re: 110 =  78 - (110* 10 - 238* 11)
x_im: 206 = 206 + (110* 11 + 238* 10)
y_im: 238 = 206 - (110* 11 + 238* 10)
x_re:  79 =  79 + (111* 10 - 239* 11)
y_re: 111 =  79 - (111* 10 - 239* 11)
x_im: 207 = 207 + (111* 11 + 239* 10)
y_im: 239 = 207 - (111* 11 + 239* 10)
x_re:  80 =  80 + (112* 10 - 240* 11)
y_re: 112 =  80 - (112* 10 - 240* 11)
x_im: 208 = 208 + (112* 11 + 240* 10)
y_im: 240 = 208 - (112* 11 + 240* 10)
x_re:  81 =  81 + (113* 10 - 241* 11)
y_re: 113 =  81 - (113* 10 - 241* 11)
x_im: 209 = 209 + (113* 11 + 241* 10)
y_im: 241 = 209 - (113* 11 + 241* 10)
x_re:  82 =  82 + (114* 10 - 242* 11)
y_re: 114 =  82 - (114* 10 - 242* 11)
x_im: 210 = 210 + (114* 11 + 242* 10)
y_im: 242 = 210 - (114* 11 + 242* 10)
x_re:  83 =  83 + (115* 10 - 243* 11)
y_re: 115 =  83 - (115* 10 - 243* 11)
x_im: 211 = 211 + (115* 11 + 243* 10)
y_im: 243 = 211 - (115* 11 + 243* 10)
x_re:  84 =  84 + (116* 10 - 244* 11)
y_re: 116 =  84 - (116* 10 - 244* 11)
x_im: 212 = 212 + (116* 11 + 244* 10)
y_im: 244 = 212 - (116* 11 + 244* 10)
x_re:  85 =  85 + (117* 10 - 245* 11)
y_re: 117 =  85 - (117* 10 - 245* 11)
x_im: 213 = 213 + (117* 11 + 245* 10)
y_im: 245 = 213 - (117* 11 + 245* 10)
x_re:  86 =  86 + (118* 10 - 246* 11)
y_re: 118 =  86 - (118* 10 - 246* 11)
x_im: 214 = 214 + (118* 11 + 246* 10)
y_im: 246 = 214 - (118* 11 + 246* 10)
x_re:  87 =  87 + (119* 10 - 247* 11)
y_re: 119 =  87 - (119* 10 - 247* 11)
x_im: 215 = 215 + (119* 11 + 247* 10)
y_im: 247 = 215 - (119* 11 + 247* 10)
x_re:  88 =  88 + (120* 10 - 248* 11)
y_re: 120 =  88 - (120* 10 - 248* 11)
x_im: 216 = 216 + (120* 11 + 248* 10)
y_im: 248 = 216 - (120* 11 + 248* 10)
x_re:  89 =  89 + (121* 10 - 249* 11)
y_re: 121 =  89 - (121* 10 - 249* 11)
x_im: 217 = 217 + (121* 11 + 249* 10)
y_im: 249 = 217 - (121* 11 + 249* 10)
x_re:  90 =  90 + (122* 10 - 250* 11)
y_re: 122 =  90 - (122* 10 - 250* 11)
x_im: 218 = 218 + (122* 11 + 250* 10)
y_im: 250 = 218 - (122* 11 + 250* 10)
x_re:  91 =  91 + (123* 10 - 251* 11)
y_re: 123 =  91 - (123* 10 - 251* 11)
x_im: 219 = 219 + (123* 11 + 251* 10)
y_im: 251 = 219 - (123* 11 + 251* 10)
x_re:  92 =  92 + (124* 10 - 252* 11)
y_re: 124 =  92 - (124* 10 - 252* 11)
x_im: 220 = 220 + (124* 11 + 252* 10)
y_im: 252 = 220 - (124* 11 + 252* 10)
x_re:  93 =  93 + (125* 10 - 253* 11)
y_re: 125 =  93 - (125* 10 - 253* 11)
x_im: 221 = 221 + (125* 11 + 253* 10)
y_im: 253 = 221 - (125* 11 + 253* 10)
x_re:  94 =  94 + (126* 10 - 254* 11)
y_re: 126 =  94 - (126* 10 - 254* 11)
x_im: 222 = 222 + (126* 11 + 254* 10)
y_im: 254 = 222 - (126* 11 + 254* 10)
x_re:  95 =  95 + (127* 10 - 255* 11)
y_re: 127 =  95 - (127* 10 - 255* 11)
x_im: 223 = 223 + (127* 11 + 255* 10)
y_im: 255 = 223 - (127* 11 + 255* 10)
x_re:   0 =   0 + ( 16* 16 - 144* 17)
y_re:  16 =   0 - ( 16* 16 - 144* 17)
x_im: 128 = 128 + ( 16* 17 + 144* 16)
y_im: 144 = 128 - ( 16* 17 + 144* 16)
x_re:   1 =   1 + ( 17* 16 - 145* 17)
y_re:  17 =   1 - ( 17* 16 - 145* 17)
x_im: 129 = 129 + ( 17* 17 + 145* 16)
y_im: 145 = 129 - ( 17* 17 + 145* 16)
x_re:   2 =   2 + ( 18* 16 - 146* 17)
y_re:  18 =   2 - ( 18* 16 - 146* 17)
x_im: 130 = 130 + ( 18* 17 + 146* 16)
y_im: 146 = 130 - ( 18* 17 + 146* 16)
x_re:   3 =   3 + ( 19* 16 - 147* 17)
y_re:  19 =   3 - ( 19* 16 - 147* 17)
x_im: 131 = 131 + ( 19* 17 + 147* 16)
y_im: 147 = 131 - ( 19* 17 + 147* 16)
x_re:   4 =   4 + ( 20* 16 - 148* 17)
y_re:  20 =   4 - ( 20* 16 - 148* 17)
x_im: 132 = 132 + ( 20* 17 + 148* 16)
y_im: 148 = 132 - ( 20* 17 + 148* 16)
x_re:   5 =   5 + ( 21* 16 - 149* 17)
y_re:  21 =   5 - ( 21* 16 - 149* 17)
x_im: 133 = 133 + ( 21* 17 + 149* 16)
y_im: 149 = 133 - ( 21* 17 + 149* 16)
x_re:   6 =   6 + ( 22* 16 - 150* 17)
y_re:  22 =   6 - ( 22* 16 - 150* 17)
x_im: 134 = 134 + ( 22* 17 + 150* 16)
y_im: 150 = 134 - ( 22* 17 + 150* 16)
x_re:   7 =   7 + ( 23* 16 - 151* 17)
y_re:  23 =   7 - ( 23* 16 - 151* 17)
x_im: 135 = 135 + ( 23* 17 + 151* 16)
y_im: 151 = 135 - ( 23* 17 + 151* 16)
x_re:   8 =   8 + ( 24* 16 - 152* 17)
y_re:  24 =   8 - ( 24* 16 - 152* 17)
x_im: 136 = 136 + ( 24* 17 + 152* 16)
y_im: 152 = 136 - ( 24* 17 + 152* 16)
x_re:   9 =   9 + ( 25* 16 - 153* 17)
y_re:  25 =   9 - ( 25* 16 - 153* 17)
x_im: 137 = 137 + ( 25* 17 + 153* 16)
y_im: 153 = 137 - ( 25* 17 + 153* 16)
x_re:  10 =  10 + ( 26* 16 - 154* 17)
y_re:  26 =  10 - ( 26* 16 - 154* 17)
x_im: 138 = 138 + ( 26* 17 + 154* 16)
y_im: 154 = 138 - ( 26* 17 + 154* 16)
x_re:  11 =  11 + ( 27* 16 - 155* 17)
y_re:  27 =  11 - ( 27* 16 - 155* 17)
x_im: 139 = 139 + ( 27* 17 + 155* 16)
y_im: 155 = 139 - ( 27* 17 + 155* 16)
x_re:  12 =  12 + ( 28* 16 - 156* 17)
y_re:  28 =  12 - ( 28* 16 - 156* 17)
x_im: 140 = 140 + ( 28* 17 + 156* 16)
y_im: 156 = 140 - ( 28* 17 + 156* 16)
x_re:  13 =  13 + ( 29* 16 - 157* 17)
y_re:  29 =  13 - ( 29* 16 - 157* 17)
x_im: 141 = 141 + ( 29* 17 + 157* 16)
y_im: 157 = 141 - ( 29* 17 + 157* 16)
x_re:  14 =  14 + ( 30* 16 - 158* 17)
y_re:  30 =  14 - ( 30* 16 - 158* 17)
x_im: 142 = 142 + ( 30* 17 + 158* 16)
y_im: 158 = 142 - ( 30* 17 + 158* 16)
x_re:  15 =  15 + ( 31* 16 - 159* 17)
y_re:  31 =  15 - ( 31* 16 - 159* 17)
x_im: 143 = 143 + ( 31* 17 + 159* 16)
y_im: 159 = 143 - ( 31* 17 + 159* 16)
x_re:  32 =  32 + ( 48* 18 - 176* 19)
y_re:  48 =  32 - ( 48* 18 - 176* 19)
x_im: 160 = 160 + ( 48* 19 + 176* 18)
y_im: 176 = 160 - ( 48* 19 + 176* 18)
x_re:  33 =  33 + ( 49* 18 - 177* 19)
y_re:  49 =  33 - ( 49* 18 - 177* 19)
x_im: 161 = 161 + ( 49* 19 + 177* 18)
y_im: 177 = 161 - ( 49* 19 + 177* 18)
x_re:  34 =  34 + ( 50* 18 - 178* 19)
y_re:  50 =  34 - ( 50* 18 - 178* 19)
x_im: 162 = 162 + ( 50* 19 + 178* 18)
y_im: 178 = 162 - ( 50* 19 + 178* 18)
x_re:  35 =  35 + ( 51* 18 - 179* 19)
y_re:  51 =  35 - ( 51* 18 - 179* 19)
x_im: 163 = 163 + ( 51* 19 + 179* 18)
y_im: 179 = 163 - ( 51* 19 + 179* 18)
x_re:  36 =  36 + ( 52* 18 - 180* 19)
y_re:  52 =  36 - ( 52* 18 - 180* 19)
x_im: 164 = 164 + ( 52* 19 + 180* 18)
y_im: 180 = 164 - ( 52* 19 + 180* 18)
x_re:  37 =  37 + ( 53* 18 - 181* 19)
y_re:  53 =  37 - ( 53* 18 - 181* 19)
x_im: 165 = 165 + ( 53* 19 + 181* 18)
y_im: 181 = 165 - ( 53* 19 + 181* 18)
x_re:  38 =  38 + ( 54* 18 - 182* 19)
y_re:  54 =  38 - ( 54* 18 - 182* 19)
x_im: 166 = 166 + ( 54* 19 + 182* 18)
y_im: 182 = 166 - ( 54* 19 + 182* 18)
x_re:  39 =  39 + ( 55* 18 - 183* 19)
y_re:  55 =  39 - ( 55* 18 - 183* 19)
x_im: 167 = 167 + ( 55* 19 + 183* 18)
y_im: 183 = 167 - ( 55* 19 + 183* 18)
x_re:  40 =  40 + ( 56* 18 - 184* 19)
y_re:  56 =  40 - ( 56* 18 - 184* 19)
x_im: 168 = 168 + ( 56* 19 + 184* 18)
y_im: 184 = 168 - ( 56* 19 + 184* 18)
x_re:  41 =  41 + ( 57* 18 - 185* 19)
y_re:  57 =  41 - ( 57* 18 - 185* 19)
x_im: 169 = 169 + ( 57* 19 + 185* 18)
y_im: 185 = 169 - ( 57* 19 + 185* 18)
x_re:  42 =  42 + ( 58* 18 - 186* 19)
y_re:  58 =  42 - ( 58* 18 - 186* 19)
x_im: 170 = 170 + ( 58* 19 + 186* 18)
y_im: 186 = 170 - ( 58* 19 + 186* 18)
x_re:  43 =  43 + ( 59* 18 - 187* 19)
y_re:  59 =  43 - ( 59* 18 - 187* 19)
x_im: 171 = 171 + ( 59* 19 + 187* 18)
y_im: 187 = 171 - ( 59* 19 + 187* 18)
x_re:  44 =  44 + ( 60* 18 - 188* 19)
y_re:  60 =  44 - ( 60* 18 - 188* 19)
x_im: 172 = 172 + ( 60* 19 + 188* 18)
y_im: 188 = 172 - ( 60* 19 + 188* 18)
x_re:  45 =  45 + ( 61* 18 - 189* 19)
y_re:  61 =  45 - ( 61* 18 - 189* 19)
x_im: 173 = 173 + ( 61* 19 + 189* 18)
y_im: 189 = 173 - ( 61* 19 + 189* 18)
x_re:  46 =  46 + ( 62* 18 - 190* 19)
y_re:  62 =  46 - ( 62* 18 - 190* 19)
x_im: 174 = 174 + ( 62* 19 + 190* 18)
y_im: 190 = 174 - ( 62* 19 + 190* 18)
x_re:  47 =  47 + ( 63* 18 - 191* 19)
y_re:  63 =  47 - ( 63* 18 - 191* 19)
x_im: 175 = 175 + ( 63* 19 + 191* 18)
y_im: 191 = 175 - ( 63* 19 + 191* 18)
x_re:  64 =  64 + ( 80* 20 - 208* 21)
y_re:  80 =  64 - ( 80* 20 - 208* 21)
x_im: 192 = 192 + ( 80* 21 + 208* 20)
y_im: 208 = 192 - ( 80* 21 + 208* 20)
x_re:  65 =  65 + ( 81* 20 - 209* 21)
y_re:  81 =  65 - ( 81* 20 - 209* 21)
x_im: 193 = 193 + ( 81* 21 + 209* 20)
y_im: 209 = 193 - ( 81* 21 + 209* 20)
x_re:  66 =  66 + ( 82* 20 - 210* 21)
y_re:  82 =  66 - ( 82* 20 - 210* 21)
x_im: 194 = 194 + ( 82* 21 + 210* 20)
y_im: 210 = 194 - ( 82* 21 + 210* 20)
x_re:  67 =  67 + ( 83* 20 - 211* 21)
y_re:  83 =  67 - ( 83* 20 - 211* 21)
x_im: 195 = 195 + ( 83* 21 + 211* 20)
y_im: 211 = 195 - ( 83* 21 + 211* 20)
x_re:  68 =  68 + ( 84* 20 - 212* 21)
y_re:  84 =  68 - ( 84* 20 - 212* 21)
x_im: 196 = 196 + ( 84* 21 + 212* 20)
y_im: 212 = 196 - ( 84* 21 + 212* 20)
x_re:  69 =  69 + ( 85* 20 - 213* 21)
y_re:  85 =  69 - ( 85* 20 - 213* 21)
x_im: 197 = 197 + ( 85* 21 + 213* 20)
y_im: 213 = 197 - ( 85* 21 + 213* 20)
x_re:  70 =  70 + ( 86* 20 - 214* 21)
y_re:  86 =  70 - ( 86* 20 - 214* 21)
x_im: 198 = 198 + ( 86* 21 + 214* 20)
y_im: 214 = 198 - ( 86* 21 + 214* 20)
x_re:  71 =  71 + ( 87* 20 - 215* 21)
y_re:  87 =  71 - ( 87* 20 - 215* 21)
x_im: 199 = 199 + ( 87* 21 + 215* 20)
y_im: 215 = 199 - ( 87* 21 + 215* 20)
x_re:  72 =  72 + ( 88* 20 - 216* 21)
y_re:  88 =  72 - ( 88* 20 - 216* 21)
x_im: 200 = 200 + ( 88* 21 + 216* 20)
y_im: 216 = 200 - ( 88* 21 + 216* 20)
x_re:  73 =  73 + ( 89* 20 - 217* 21)
y_re:  89 =  73 - ( 89* 20 - 217* 21)
x_im: 201 = 201 + ( 89* 21 + 217* 20)
y_im: 217 = 201 - ( 89* 21 + 217* 20)
x_re:  74 =  74 + ( 90* 20 - 218* 21)
y_re:  90 =  74 - ( 90* 20 - 218* 21)
x_im: 202 = 202 + ( 90* 21 + 218* 20)
y_im: 218 = 202 - ( 90* 21 + 218* 20)
x_re:  75 =  75 + ( 91* 20 - 219* 21)
y_re:  91 =  75 - ( 91* 20 - 219* 21)
x_im: 203 = 203 + ( 91* 21 + 219* 20)
y_im: 219 = 203 - ( 91* 21 + 219* 20)
x_re:  76 =  76 + ( 92* 20 - 220* 21)
y_re:  92 =  76 - ( 92* 20 - 220* 21)
x_im: 204 = 204 + ( 92* 21 + 220* 20)
y_im: 220 = 204 - ( 92* 21 + 220* 20)
x_re:  77 =  77 + ( 93* 20 - 221* 21)
y_re:  93 =  77 - ( 93* 20 - 221* 21)
x_im: 205 = 205 + ( 93* 21 + 221* 20)
y_im: 221 = 205 - ( 93* 21 + 221* 20)
x_re:  78 =  78 + ( 94* 20 - 222* 21)
y_re:  94 =  78 - ( 94* 20 - 222* 21)
x_im: 206 = 206 + ( 94* 21 + 222* 20)
y_im: 222 = 206 - ( 94* 21 + 222* 20)
x_re:  79 =  79 + ( 95* 20 - 223* 21)
y_re:  95 =  79 - ( 95* 20 - 223* 21)
x_im: 207 = 207 + ( 95* 21 + 223* 20)
y_im: 223 = 207 - ( 95* 21 + 223* 20)
x_re:  96 =  96 + (112* 22 - 240* 23)
y_re: 112 =  96 - (112* 22 - 240* 23)
x_im: 224 = 224 + (112* 23 + 240* 22)
y_im: 240 = 224 - (112* 23 + 240* 22)
x_re:  97 =  97 + (113* 22 - 241* 23)
y_re: 113 =  97 - (113* 22 - 241* 23)
x_im: 225 = 225 + (113* 23 + 241* 22)
y_im: 241 = 225 - (113* 23 + 241* 22)
x_re:  98 =  98 + (114* 22 - 242* 23)
y_re: 114 =  98 - (114* 22 - 242* 23)
x_im: 226 = 226 + (114* 23 + 242* 22)
y_im: 242 = 226 - (114* 23 + 242* 22)
x_re:  99 =  99 + (115* 22 - 243* 23)
y_re: 115 =  99 - (115* 22 - 243* 23)
x_im: 227 = 227 + (115* 23 + 243* 22)
y_im: 243 = 227 - (115* 23 + 243* 22)
x_re: 100 = 100 + (116* 22 - 244* 23)
y_re: 116 = 100 - (116* 22 - 244* 23)
x_im: 228 = 228 + (116* 23 + 244* 22)
y_im: 244 = 228 - (116* 23 + 244* 22)
x_re: 101 = 101 + (117* 22 - 245* 23)
y_re: 117 = 101 - (117* 22 - 245* 23)
x_im: 229 = 229 + (117* 23 + 245* 22)
y_im: 245 = 229 - (117* 23 + 245* 22)
x_re: 102 = 102 + (118* 22 - 246* 23)
y_re: 118 = 102 - (118* 22 - 246* 23)
x_im: 230 = 230 + (118* 23 + 246* 22)
y_im: 246 = 230 - (118* 23 + 246* 22)
x_re: 103 = 103 + (119* 22 - 247* 23)
y_re: 119 = 103 - (119* 22 - 247* 23)
x_im: 231 = 231 + (119* 23 + 247* 22)
y_im: 247 = 231 - (119* 23 + 247* 22)
x_re: 104 = 104 + (120* 22 - 248* 23)
y_re: 120 = 104 - (120* 22 - 248* 23)
x_im: 232 = 232 + (120* 23 + 248* 22)
y_im: 248 = 232 - (120* 23 + 248* 22)
x_re: 105 = 105 + (121* 22 - 249* 23)
y_re: 121 = 105 - (121* 22 - 249* 23)
x_im: 233 = 233 + (121* 23 + 249* 22)
y_im: 249 = 233 - (121* 23 + 249* 22)
x_re: 106 = 106 + (122* 22 - 250* 23)
y_re: 122 = 106 - (122* 22 - 250* 23)
x_im: 234 = 234 + (122* 23 + 250* 22)
y_im: 250 = 234 - (122* 23 + 250* 22)
x_re: 107 = 107 + (123* 22 - 251* 23)
y_re: 123 = 107 - (123* 22 - 251* 23)
x_im: 235 = 235 + (123* 23 + 251* 22)
y_im: 251 = 235 - (123* 23 + 251* 22)
x_re: 108 = 108 + (124* 22 - 252* 23)
y_re: 124 = 108 - (124* 22 - 252* 23)
x_im: 236 = 236 + (124* 23 + 252* 22)
y_im: 252 = 236 - (124* 23 + 252* 22)
x_re: 109 = 109 + (125* 22 - 253* 23)
y_re: 125 = 109 - (125* 22 - 253* 23)
x_im: 237 = 237 + (125* 23 + 253* 22)
y_im: 253 = 237 - (125* 23 + 253* 22)
x_re: 110 = 110 + (126* 22 - 254* 23)
y_re: 126 = 110 - (126* 22 - 254* 23)
x_im: 238 = 238 + (126* 23 + 254* 22)
y_im: 254 = 238 - (126* 23 + 254* 22)
x_re: 111 = 111 + (127* 22 - 255* 23)
y_re: 127 = 111 - (127* 22 - 255* 23)
x_im: 239 = 239 + (127* 23 + 255* 22)
y_im: 255 = 239 - (127* 23 + 255* 22)
x_re:   0 =   0 + (  8* 32 - 136* 33)
y_re:   8 =   0 - (  8* 32 - 136* 33)
x_im: 128 = 128 + (  8* 33 + 136* 32)
y_im: 136 = 128 - (  8* 33 + 136* 32)
x_re:   1 =   1 + (  9* 32 - 137* 33)
y_re:   9 =   1 - (  9* 32 - 137* 33)
x_im: 129 = 129 + (  9* 33 + 137* 32)
y_im: 137 = 129 - (  9* 33 + 137* 32)
x_re:   2 =   2 + ( 10* 32 - 138* 33)
y_re:  10 =   2 - ( 10* 32 - 138* 33)
x_im: 130 = 130 + ( 10* 33 + 138* 32)
y_im: 138 = 130 - ( 10* 33 + 138* 32)
x_re:   3 =   3 + ( 11* 32 - 139* 33)
y_re:  11 =   3 - ( 11* 32 - 139* 33)
x_im: 131 = 131 + ( 11* 33 + 139* 32)
y_im: 139 = 131 - ( 11* 33 + 139* 32)
x_re:   4 =   4 + ( 12* 32 - 140* 33)
y_re:  12 =   4 - ( 12* 32 - 140* 33)
x_im: 132 = 132 + ( 12* 33 + 140* 32)
y_im: 140 = 132 - ( 12* 33 + 140* 32)
x_re:   5 =   5 + ( 13* 32 - 141* 33)
y_re:  13 =   5 - ( 13* 32 - 141* 33)
x_im: 133 = 133 + ( 13* 33 + 141* 32)
y_im: 141 = 133 - ( 13* 33 + 141* 32)
x_re:   6 =   6 + ( 14* 32 - 142* 33)
y_re:  14 =   6 - ( 14* 32 - 142* 33)
x_im: 134 = 134 + ( 14* 33 + 142* 32)
y_im: 142 = 134 - ( 14* 33 + 142* 32)
x_re:   7 =   7 + ( 15* 32 - 143* 33)
y_re:  15 =   7 - ( 15* 32 - 143* 33)
x_im: 135 = 135 + ( 15* 33 + 143* 32)
y_im: 143 = 135 - ( 15* 33 + 143* 32)
x_re:  16 =  16 + ( 24* 34 - 152* 35)
y_re:  24 =  16 - ( 24* 34 - 152* 35)
x_im: 144 = 144 + ( 24* 35 + 152* 34)
y_im: 152 = 144 - ( 24* 35 + 152* 34)
x_re:  17 =  17 + ( 25* 34 - 153* 35)
y_re:  25 =  17 - ( 25* 34 - 153* 35)
x_im: 145 = 145 + ( 25* 35 + 153* 34)
y_im: 153 = 145 - ( 25* 35 + 153* 34)
x_re:  18 =  18 + ( 26* 34 - 154* 35)
y_re:  26 =  18 - ( 26* 34 - 154* 35)
x_im: 146 = 146 + ( 26* 35 + 154* 34)
y_im: 154 = 146 - ( 26* 35 + 154* 34)
x_re:  19 =  19 + ( 27* 34 - 155* 35)
y_re:  27 =  19 - ( 27* 34 - 155* 35)
x_im: 147 = 147 + ( 27* 35 + 155* 34)
y_im: 155 = 147 - ( 27* 35 + 155* 34)
x_re:  20 =  20 + ( 28* 34 - 156* 35)
y_re:  28 =  20 - ( 28* 34 - 156* 35)
x_im: 148 = 148 + ( 28* 35 + 156* 34)
y_im: 156 = 148 - ( 28* 35 + 156* 34)
x_re:  21 =  21 + ( 29* 34 - 157* 35)
y_re:  29 =  21 - ( 29* 34 - 157* 35)
x_im: 149 = 149 + ( 29* 35 + 157* 34)
y_im: 157 = 149 - ( 29* 35 + 157* 34)
x_re:  22 =  22 + ( 30* 34 - 158* 35)
y_re:  30 =  22 - ( 30* 34 - 158* 35)
x_im: 150 = 150 + ( 30* 35 + 158* 34)
y_im: 158 = 150 - ( 30* 35 + 158* 34)
x_re:  23 =  23 + ( 31* 34 - 159* 35)
y_re:  31 =  23 - ( 31* 34 - 159* 35)
x_im: 151 = 151 + ( 31* 35 + 159* 34)
y_im: 159 = 151 - ( 31* 35 + 159* 34)
x_re:  32 =  32 + ( 40* 36 - 168* 37)
y_re:  40 =  32 - ( 40* 36 - 168* 37)
x_im: 160 = 160 + ( 40* 37 + 168* 36)
y_im: 168 = 160 - ( 40* 37 + 168* 36)
x_re:  33 =  33 + ( 41* 36 - 169* 37)
y_re:  41 =  33 - ( 41* 36 - 169* 37)
x_im: 161 = 161 + ( 41* 37 + 169* 36)
y_im: 169 = 161 - ( 41* 37 + 169* 36)
x_re:  34 =  34 + ( 42* 36 - 170* 37)
y_re:  42 =  34 - ( 42* 36 - 170* 37)
x_im: 162 = 162 + ( 42* 37 + 170* 36)
y_im: 170 = 162 - ( 42* 37 + 170* 36)
x_re:  35 =  35 + ( 43* 36 - 171* 37)
y_re:  43 =  35 - ( 43* 36 - 171* 37)
x_im: 163 = 163 + ( 43* 37 + 171* 36)
y_im: 171 = 163 - ( 43* 37 + 171* 36)
x_re:  36 =  36 + ( 44* 36 - 172* 37)
y_re:  44 =  36 - ( 44* 36 - 172* 37)
x_im: 164 = 164 + ( 44* 37 + 172* 36)
y_im: 172 = 164 - ( 44* 37 + 172* 36)
x_re:  37 =  37 + ( 45* 36 - 173* 37)
y_re:  45 =  37 - ( 45* 36 - 173* 37)
x_im: 165 = 165 + ( 45* 37 + 173* 36)
y_im: 173 = 165 - ( 45* 37 + 173* 36)
x_re:  38 =  38 + ( 46* 36 - 174* 37)
y_re:  46 =  38 - ( 46* 36 - 174* 37)
x_im: 166 = 166 + ( 46* 37 + 174* 36)
y_im: 174 = 166 - ( 46* 37 + 174* 36)
x_re:  39 =  39 + ( 47* 36 - 175* 37)
y_re:  47 =  39 - ( 47* 36 - 175* 37)
x_im: 167 = 167 + ( 47* 37 + 175* 36)
y_im: 175 = 167 - ( 47* 37 + 175* 36)
x_re:  48 =  48 + ( 56* 38 - 184* 39)
y_re:  56 =  48 - ( 56* 38 - 184* 39)
x_im: 176 = 176 + ( 56* 39 + 184* 38)
y_im: 184 = 176 - ( 56* 39 + 184* 38)
x_re:  49 =  49 + ( 57* 38 - 185* 39)
y_re:  57 =  49 - ( 57* 38 - 185* 39)
x_im: 177 = 177 + ( 57* 39 + 185* 38)
y_im: 185 = 177 - ( 57* 39 + 185* 38)
x_re:  50 =  50 + ( 58* 38 - 186* 39)
y_re:  58 =  50 - ( 58* 38 - 186* 39)
x_im: 178 = 178 + ( 58* 39 + 186* 38)
y_im: 186 = 178 - ( 58* 39 + 186* 38)
x_re:  51 =  51 + ( 59* 38 - 187* 39)
y_re:  59 =  51 - ( 59* 38 - 187* 39)
x_im: 179 = 179 + ( 59* 39 + 187* 38)
y_im: 187 = 179 - ( 59* 39 + 187* 38)
x_re:  52 =  52 + ( 60* 38 - 188* 39)
y_re:  60 =  52 - ( 60* 38 - 188* 39)
x_im: 180 = 180 + ( 60* 39 + 188* 38)
y_im: 188 = 180 - ( 60* 39 + 188* 38)
x_re:  53 =  53 + ( 61* 38 - 189* 39)
y_re:  61 =  53 - ( 61* 38 - 189* 39)
x_im: 181 = 181 + ( 61* 39 + 189* 38)
y_im: 189 = 181 - ( 61* 39 + 189* 38)
x_re:  54 =  54 + ( 62* 38 - 190* 39)
y_re:  62 =  54 - ( 62* 38 - 190* 39)
x_im: 182 = 182 + ( 62* 39 + 190* 38)
y_im: 190 = 182 - ( 62* 39 + 190* 38)
x_re:  55 =  55 + ( 63* 38 - 191* 39)
y_re:  63 =  55 - ( 63* 38 - 191* 39)
x_im: 183 = 183 + ( 63* 39 + 191* 38)
y_im: 191 = 183 - ( 63* 39 + 191* 38)
x_re:  64 =  64 + ( 72* 40 - 200* 41)
y_re:  72 =  64 - ( 72* 40 - 200* 41)
x_im: 192 = 192 + ( 72* 41 + 200* 40)
y_im: 200 = 192 - ( 72* 41 + 200* 40)
x_re:  65 =  65 + ( 73* 40 - 201* 41)
y_re:  73 =  65 - ( 73* 40 - 201* 41)
x_im: 193 = 193 + ( 73* 41 + 201* 40)
y_im: 201 = 193 - ( 73* 41 + 201* 40)
x_re:  66 =  66 + ( 74* 40 - 202* 41)
y_re:  74 =  66 - ( 74* 40 - 202* 41)
x_im: 194 = 194 + ( 74* 41 + 202* 40)
y_im: 202 = 194 - ( 74* 41 + 202* 40)
x_re:  67 =  67 + ( 75* 40 - 203* 41)
y_re:  75 =  67 - ( 75* 40 - 203* 41)
x_im: 195 = 195 + ( 75* 41 + 203* 40)
y_im: 203 = 195 - ( 75* 41 + 203* 40)
x_re:  68 =  68 + ( 76* 40 - 204* 41)
y_re:  76 =  68 - ( 76* 40 - 204* 41)
x_im: 196 = 196 + ( 76* 41 + 204* 40)
y_im: 204 = 196 - ( 76* 41 + 204* 40)
x_re:  69 =  69 + ( 77* 40 - 205* 41)
y_re:  77 =  69 - ( 77* 40 - 205* 41)
x_im: 197 = 197 + ( 77* 41 + 205* 40)
y_im: 205 = 197 - ( 77* 41 + 205* 40)
x_re:  70 =  70 + ( 78* 40 - 206* 41)
y_re:  78 =  70 - ( 78* 40 - 206* 41)
x_im: 198 = 198 + ( 78* 41 + 206* 40)
y_im: 206 = 198 - ( 78* 41 + 206* 40)
x_re:  71 =  71 + ( 79* 40 - 207* 41)
y_re:  79 =  71 - ( 79* 40 - 207* 41)
x_im: 199 = 199 + ( 79* 41 + 207* 40)
y_im: 207 = 199 - ( 79* 41 + 207* 40)
x_re:  80 =  80 + ( 88* 42 - 216* 43)
y_re:  88 =  80 - ( 88* 42 - 216* 43)
x_im: 208 = 208 + ( 88* 43 + 216* 42)
y_im: 216 = 208 - ( 88* 43 + 216* 42)
x_re:  81 =  81 + ( 89* 42 - 217* 43)
y_re:  89 =  81 - ( 89* 42 - 217* 43)
x_im: 209 = 209 + ( 89* 43 + 217* 42)
y_im: 217 = 209 - ( 89* 43 + 217* 42)
x_re:  82 =  82 + ( 90* 42 - 218* 43)
y_re:  90 =  82 - ( 90* 42 - 218* 43)
x_im: 210 = 210 + ( 90* 43 + 218* 42)
y_im: 218 = 210 - ( 90* 43 + 218* 42)
x_re:  83 =  83 + ( 91* 42 - 219* 43)
y_re:  91 =  83 - ( 91* 42 - 219* 43)
x_im: 211 = 211 + ( 91* 43 + 219* 42)
y_im: 219 = 211 - ( 91* 43 + 219* 42)
x_re:  84 =  84 + ( 92* 42 - 220* 43)
y_re:  92 =  84 - ( 92* 42 - 220* 43)
x_im: 212 = 212 + ( 92* 43 + 220* 42)
y_im: 220 = 212 - ( 92* 43 + 220* 42)
x_re:  85 =  85 + ( 93* 42 - 221* 43)
y_re:  93 =  85 - ( 93* 42 - 221* 43)
x_im: 213 = 213 + ( 93* 43 + 221* 42)
y_im: 221 = 213 - ( 93* 43 + 221* 42)
x_re:  86 =  86 + ( 94* 42 - 222* 43)
y_re:  94 =  86 - ( 94* 42 - 222* 43)
x_im: 214 = 214 + ( 94* 43 + 222* 42)
y_im: 222 = 214 - ( 94* 43 + 222* 42)
x_re:  87 =  87 + ( 95* 42 - 223* 43)
y_re:  95 =  87 - ( 95* 42 - 223* 43)
x_im: 215 = 215 + ( 95* 43 + 223* 42)
y_im: 223 = 215 - ( 95* 43 + 223* 42)
x_re:  96 =  96 + (104* 44 - 232* 45)
y_re: 104 =  96 - (104* 44 - 232* 45)
x_im: 224 = 224 + (104* 45 + 232* 44)
y_im: 232 = 224 - (104* 45 + 232* 44)
x_re:  97 =  97 + (105* 44 - 233* 45)
y_re: 105 =  97 - (105* 44 - 233* 45)
x_im: 225 = 225 + (105* 45 + 233* 44)
y_im: 233 = 225 - (105* 45 + 233* 44)
x_re:  98 =  98 + (106* 44 - 234* 45)
y_re: 106 =  98 - (106* 44 - 234* 45)
x_im: 226 = 226 + (106* 45 + 234* 44)
y_im: 234 = 226 - (106* 45 + 234* 44)
x_re:  99 =  99 + (107* 44 - 235* 45)
y_re: 107 =  99 - (107* 44 - 235* 45)
x_im: 227 = 227 + (107* 45 + 235* 44)
y_im: 235 = 227 - (107* 45 + 235* 44)
x_re: 100 = 100 + (108* 44 - 236* 45)
y_re: 108 = 100 - (108* 44 - 236* 45)
x_im: 228 = 228 + (108* 45 + 236* 44)
y_im: 236 = 228 - (108* 45 + 236* 44)
x_re: 101 = 101 + (109* 44 - 237* 45)
y_re: 109 = 101 - (109* 44 - 237* 45)
x_im: 229 = 229 + (109* 45 + 237* 44)
y_im: 237 = 229 - (109* 45 + 237* 44)
x_re: 102 = 102 + (110* 44 - 238* 45)
y_re: 110 = 102 - (110* 44 - 238* 45)
x_im: 230 = 230 + (110* 45 + 238* 44)
y_im: 238 = 230 - (110* 45 + 238* 44)
x_re: 103 = 103 + (111* 44 - 239* 45)
y_re: 111 = 103 - (111* 44 - 239* 45)
x_im: 231 = 231 + (111* 45 + 239* 44)
y_im: 239 = 231 - (111* 45 + 239* 44)
x_re: 112 = 112 + (120* 46 - 248* 47)
y_re: 120 = 112 - (120* 46 - 248* 47)
x_im: 240 = 240 + (120* 47 + 248* 46)
y_im: 248 = 240 - (120* 47 + 248* 46)
x_re: 113 = 113 + (121* 46 - 249* 47)
y_re: 121 = 113 - (121* 46 - 249* 47)
x_im: 241 = 241 + (121* 47 + 249* 46)
y_im: 249 = 241 - (121* 47 + 249* 46)
x_re: 114 = 114 + (122* 46 - 250* 47)
y_re: 122 = 114 - (122* 46 - 250* 47)
x_im: 242 = 242 + (122* 47 + 250* 46)
y_im: 250 = 242 - (122* 47 + 250* 46)
x_re: 115 = 115 + (123* 46 - 251* 47)
y_re: 123 = 115 - (123* 46 - 251* 47)
x_im: 243 = 243 + (123* 47 + 251* 46)
y_im: 251 = 243 - (123* 47 + 251* 46)
x_re: 116 = 116 + (124* 46 - 252* 47)
y_re: 124 = 116 - (124* 46 - 252* 47)
x_im: 244 = 244 + (124* 47 + 252* 46)
y_im: 252 = 244 - (124* 47 + 252* 46)
x_re: 117 = 117 + (125* 46 - 253* 47)
y_re: 125 = 117 - (125* 46 - 253* 47)
x_im: 245 = 245 + (125* 47 + 253* 46)
y_im: 253 = 245 - (125* 47 + 253* 46)
x_re: 118 = 118 + (126* 46 - 254* 47)
y_re: 126 = 118 - (126* 46 - 254* 47)
x_im: 246 = 246 + (126* 47 + 254* 46)
y_im: 254 = 246 - (126* 47 + 254* 46)
x_re: 119 = 119 + (127* 46 - 255* 47)
y_re: 127 = 119 - (127* 46 - 255* 47)
x_im: 247 = 247 + (127* 47 + 255* 46)
y_im: 255 = 247 - (127* 47 + 255* 46)
x_re:   0 =   0 + (  4* 64 - 132* 65)
y_re:   4 =   0 - (  4* 64 - 132* 65)
x_im: 128 = 128 + (  4* 65 + 132* 64)
y_im: 132 = 128 - (  4* 65 + 132* 64)
x_re:   1 =   1 + (  5* 64 - 133* 65)
y_re:   5 =   1 - (  5* 64 - 133* 65)
x_im: 129 = 129 + (  5* 65 + 133* 64)
y_im: 133 = 129 - (  5* 65 + 133* 64)
x_re:   2 =   2 + (  6* 64 - 134* 65)
y_re:   6 =   2 - (  6* 64 - 134* 65)
x_im: 130 = 130 + (  6* 65 + 134* 64)
y_im: 134 = 130 - (  6* 65 + 134* 64)
x_re:   3 =   3 + (  7* 64 - 135* 65)
y_re:   7 =   3 - (  7* 64 - 135* 65)
x_im: 131 = 131 + (  7* 65 + 135* 64)
y_im: 135 = 131 - (  7* 65 + 135* 64)
x_re:   8 =   8 + ( 12* 66 - 140* 67)
y_re:  12 =   8 - ( 12* 66 - 140* 67)
x_im: 136 = 136 + ( 12* 67 + 140* 66)
y_im: 140 = 136 - ( 12* 67 + 140* 66)
x_re:   9 =   9 + ( 13* 66 - 141* 67)
y_re:  13 =   9 - ( 13* 66 - 141* 67)
x_im: 137 = 137 + ( 13* 67 + 141* 66)
y_im: 141 = 137 - ( 13* 67 + 141* 66)
x_re:  10 =  10 + ( 14* 66 - 142* 67)
y_re:  14 =  10 - ( 14* 66 - 142* 67)
x_im: 138 = 138 + ( 14* 67 + 142* 66)
y_im: 142 = 138 - ( 14* 67 + 142* 66)
x_re:  11 =  11 + ( 15* 66 - 143* 67)
y_re:  15 =  11 - ( 15* 66 - 143* 67)
x_im: 139 = 139 + ( 15* 67 + 143* 66)
y_im: 143 = 139 - ( 15* 67 + 143* 66)
x_re:  16 =  16 + ( 20* 68 - 148* 69)
y_re:  20 =  16 - ( 20* 68 - 148* 69)
x_im: 144 = 144 + ( 20* 69 + 148* 68)
y_im: 148 = 144 - ( 20* 69 + 148* 68)
x_re:  17 =  17 + ( 21* 68 - 149* 69)
y_re:  21 =  17 - ( 21* 68 - 149* 69)
x_im: 145 = 145 + ( 21* 69 + 149* 68)
y_im: 149 = 145 - ( 21* 69 + 149* 68)
x_re:  18 =  18 + ( 22* 68 - 150* 69)
y_re:  22 =  18 - ( 22* 68 - 150* 69)
x_im: 146 = 146 + ( 22* 69 + 150* 68)
y_im: 150 = 146 - ( 22* 69 + 150* 68)
x_re:  19 =  19 + ( 23* 68 - 151* 69)
y_re:  23 =  19 - ( 23* 68 - 151* 69)
x_im: 147 = 147 + ( 23* 69 + 151* 68)
y_im: 151 = 147 - ( 23* 69 + 151* 68)
x_re:  24 =  24 + ( 28* 70 - 156* 71)
y_re:  28 =  24 - ( 28* 70 - 156* 71)
x_im: 152 = 152 + ( 28* 71 + 156* 70)
y_im: 156 = 152 - ( 28* 71 + 156* 70)
x_re:  25 =  25 + ( 29* 70 - 157* 71)
y_re:  29 =  25 - ( 29* 70 - 157* 71)
x_im: 153 = 153 + ( 29* 71 + 157* 70)
y_im: 157 = 153 - ( 29* 71 + 157* 70)
x_re:  26 =  26 + ( 30* 70 - 158* 71)
y_re:  30 =  26 - ( 30* 70 - 158* 71)
x_im: 154 = 154 + ( 30* 71 + 158* 70)
y_im: 158 = 154 - ( 30* 71 + 158* 70)
x_re:  27 =  27 + ( 31* 70 - 159* 71)
y_re:  31 =  27 - ( 31* 70 - 159* 71)
x_im: 155 = 155 + ( 31* 71 + 159* 70)
y_im: 159 = 155 - ( 31* 71 + 159* 70)
x_re:  32 =  32 + ( 36* 72 - 164* 73)
y_re:  36 =  32 - ( 36* 72 - 164* 73)
x_im: 160 = 160 + ( 36* 73 + 164* 72)
y_im: 164 = 160 - ( 36* 73 + 164* 72)
x_re:  33 =  33 + ( 37* 72 - 165* 73)
y_re:  37 =  33 - ( 37* 72 - 165* 73)
x_im: 161 = 161 + ( 37* 73 + 165* 72)
y_im: 165 = 161 - ( 37* 73 + 165* 72)
x_re:  34 =  34 + ( 38* 72 - 166* 73)
y_re:  38 =  34 - ( 38* 72 - 166* 73)
x_im: 162 = 162 + ( 38* 73 + 166* 72)
y_im: 166 = 162 - ( 38* 73 + 166* 72)
x_re:  35 =  35 + ( 39* 72 - 167* 73)
y_re:  39 =  35 - ( 39* 72 - 167* 73)
x_im: 163 = 163 + ( 39* 73 + 167* 72)
y_im: 167 = 163 - ( 39* 73 + 167* 72)
x_re:  40 =  40 + ( 44* 74 - 172* 75)
y_re:  44 =  40 - ( 44* 74 - 172* 75)
x_im: 168 = 168 + ( 44* 75 + 172* 74)
y_im: 172 = 168 - ( 44* 75 + 172* 74)
x_re:  41 =  41 + ( 45* 74 - 173* 75)
y_re:  45 =  41 - ( 45* 74 - 173* 75)
x_im: 169 = 169 + ( 45* 75 + 173* 74)
y_im: 173 = 169 - ( 45* 75 + 173* 74)
x_re:  42 =  42 + ( 46* 74 - 174* 75)
y_re:  46 =  42 - ( 46* 74 - 174* 75)
x_im: 170 = 170 + ( 46* 75 + 174* 74)
y_im: 174 = 170 - ( 46* 75 + 174* 74)
x_re:  43 =  43 + ( 47* 74 - 175* 75)
y_re:  47 =  43 - ( 47* 74 - 175* 75)
x_im: 171 = 171 + ( 47* 75 + 175* 74)
y_im: 175 = 171 - ( 47* 75 + 175* 74)
x_re:  48 =  48 + ( 52* 76 - 180* 77)
y_re:  52 =  48 - ( 52* 76 - 180* 77)
x_im: 176 = 176 + ( 52* 77 + 180* 76)
y_im: 180 = 176 - ( 52* 77 + 180* 76)
x_re:  49 =  49 + ( 53* 76 - 181* 77)
y_re:  53 =  49 - ( 53* 76 - 181* 77)
x_im: 177 = 177 + ( 53* 77 + 181* 76)
y_im: 181 = 177 - ( 53* 77 + 181* 76)
x_re:  50 =  50 + ( 54* 76 - 182* 77)
y_re:  54 =  50 - ( 54* 76 - 182* 77)
x_im: 178 = 178 + ( 54* 77 + 182* 76)
y_im: 182 = 178 - ( 54* 77 + 182* 76)
x_re:  51 =  51 + ( 55* 76 - 183* 77)
y_re:  55 =  51 - ( 55* 76 - 183* 77)
x_im: 179 = 179 + ( 55* 77 + 183* 76)
y_im: 183 = 179 - ( 55* 77 + 183* 76)
x_re:  56 =  56 + ( 60* 78 - 188* 79)
y_re:  60 =  56 - ( 60* 78 - 188* 79)
x_im: 184 = 184 + ( 60* 79 + 188* 78)
y_im: 188 = 184 - ( 60* 79 + 188* 78)
x_re:  57 =  57 + ( 61* 78 - 189* 79)
y_re:  61 =  57 - ( 61* 78 - 189* 79)
x_im: 185 = 185 + ( 61* 79 + 189* 78)
y_im: 189 = 185 - ( 61* 79 + 189* 78)
x_re:  58 =  58 + ( 62* 78 - 190* 79)
y_re:  62 =  58 - ( 62* 78 - 190* 79)
x_im: 186 = 186 + ( 62* 79 + 190* 78)
y_im: 190 = 186 - ( 62* 79 + 190* 78)
x_re:  59 =  59 + ( 63* 78 - 191* 79)
y_re:  63 =  59 - ( 63* 78 - 191* 79)
x_im: 187 = 187 + ( 63* 79 + 191* 78)
y_im: 191 = 187 - ( 63* 79 + 191* 78)
x_re:  64 =  64 + ( 68* 80 - 196* 81)
y_re:  68 =  64 - ( 68* 80 - 196* 81)
x_im: 192 = 192 + ( 68* 81 + 196* 80)
y_im: 196 = 192 - ( 68* 81 + 196* 80)
x_re:  65 =  65 + ( 69* 80 - 197* 81)
y_re:  69 =  65 - ( 69* 80 - 197* 81)
x_im: 193 = 193 + ( 69* 81 + 197* 80)
y_im: 197 = 193 - ( 69* 81 + 197* 80)
x_re:  66 =  66 + ( 70* 80 - 198* 81)
y_re:  70 =  66 - ( 70* 80 - 198* 81)
x_im: 194 = 194 + ( 70* 81 + 198* 80)
y_im: 198 = 194 - ( 70* 81 + 198* 80)
x_re:  67 =  67 + ( 71* 80 - 199* 81)
y_re:  71 =  67 - ( 71* 80 - 199* 81)
x_im: 195 = 195 + ( 71* 81 + 199* 80)
y_im: 199 = 195 - ( 71* 81 + 199* 80)
x_re:  72 =  72 + ( 76* 82 - 204* 83)
y_re:  76 =  72 - ( 76* 82 - 204* 83)
x_im: 200 = 200 + ( 76* 83 + 204* 82)
y_im: 204 = 200 - ( 76* 83 + 204* 82)
x_re:  73 =  73 + ( 77* 82 - 205* 83)
y_re:  77 =  73 - ( 77* 82 - 205* 83)
x_im: 201 = 201 + ( 77* 83 + 205* 82)
y_im: 205 = 201 - ( 77* 83 + 205* 82)
x_re:  74 =  74 + ( 78* 82 - 206* 83)
y_re:  78 =  74 - ( 78* 82 - 206* 83)
x_im: 202 = 202 + ( 78* 83 + 206* 82)
y_im: 206 = 202 - ( 78* 83 + 206* 82)
x_re:  75 =  75 + ( 79* 82 - 207* 83)
y_re:  79 =  75 - ( 79* 82 - 207* 83)
x_im: 203 = 203 + ( 79* 83 + 207* 82)
y_im: 207 = 203 - ( 79* 83 + 207* 82)
x_re:  80 =  80 + ( 84* 84 - 212* 85)
y_re:  84 =  80 - ( 84* 84 - 212* 85)
x_im: 208 = 208 + ( 84* 85 + 212* 84)
y_im: 212 = 208 - ( 84* 85 + 212* 84)
x_re:  81 =  81 + ( 85* 84 - 213* 85)
y_re:  85 =  81 - ( 85* 84 - 213* 85)
x_im: 209 = 209 + ( 85* 85 + 213* 84)
y_im: 213 = 209 - ( 85* 85 + 213* 84)
x_re:  82 =  82 + ( 86* 84 - 214* 85)
y_re:  86 =  82 - ( 86* 84 - 214* 85)
x_im: 210 = 210 + ( 86* 85 + 214* 84)
y_im: 214 = 210 - ( 86* 85 + 214* 84)
x_re:  83 =  83 + ( 87* 84 - 215* 85)
y_re:  87 =  83 - ( 87* 84 - 215* 85)
x_im: 211 = 211 + ( 87* 85 + 215* 84)
y_im: 215 = 211 - ( 87* 85 + 215* 84)
x_re:  88 =  88 + ( 92* 86 - 220* 87)
y_re:  92 =  88 - ( 92* 86 - 220* 87)
x_im: 216 = 216 + ( 92* 87 + 220* 86)
y_im: 220 = 216 - ( 92* 87 + 220* 86)
x_re:  89 =  89 + ( 93* 86 - 221* 87)
y_re:  93 =  89 - ( 93* 86 - 221* 87)
x_im: 217 = 217 + ( 93* 87 + 221* 86)
y_im: 221 = 217 - ( 93* 87 + 221* 86)
x_re:  90 =  90 + ( 94* 86 - 222* 87)
y_re:  94 =  90 - ( 94* 86 - 222* 87)
x_im: 218 = 218 + ( 94* 87 + 222* 86)
y_im: 222 = 218 - ( 94* 87 + 222* 86)
x_re:  91 =  91 + ( 95* 86 - 223* 87)
y_re:  95 =  91 - ( 95* 86 - 223* 87)
x_im: 219 = 219 + ( 95* 87 + 223* 86)
y_im: 223 = 219 - ( 95* 87 + 223* 86)
x_re:  96 =  96 + (100* 88 - 228* 89)
y_re: 100 =  96 - (100* 88 - 228* 89)
x_im: 224 = 224 + (100* 89 + 228* 88)
y_im: 228 = 224 - (100* 89 + 228* 88)
x_re:  97 =  97 + (101* 88 - 229* 89)
y_re: 101 =  97 - (101* 88 - 229* 89)
x_im: 225 = 225 + (101* 89 + 229* 88)
y_im: 229 = 225 - (101* 89 + 229* 88)
x_re:  98 =  98 + (102* 88 - 230* 89)
y_re: 102 =  98 - (102* 88 - 230* 89)
x_im: 226 = 226 + (102* 89 + 230* 88)
y_im: 230 = 226 - (102* 89 + 230* 88)
x_re:  99 =  99 + (103* 88 - 231* 89)
y_re: 103 =  99 - (103* 88 - 231* 89)
x_im: 227 = 227 + (103* 89 + 231* 88)
y_im: 231 = 227 - (103* 89 + 231* 88)
x_re: 104 = 104 + (108* 90 - 236* 91)
y_re: 108 = 104 - (108* 90 - 236* 91)
x_im: 232 = 232 + (108* 91 + 236* 90)
y_im: 236 = 232 - (108* 91 + 236* 90)
x_re: 105 = 105 + (109* 90 - 237* 91)
y_re: 109 = 105 - (109* 90 - 237* 91)
x_im: 233 = 233 + (109* 91 + 237* 90)
y_im: 237 = 233 - (109* 91 + 237* 90)
x_re: 106 = 106 + (110* 90 - 238* 91)
y_re: 110 = 106 - (110* 90 - 238* 91)
x_im: 234 = 234 + (110* 91 + 238* 90)
y_im: 238 = 234 - (110* 91 + 238* 90)
x_re: 107 = 107 + (111* 90 - 239* 91)
y_re: 111 = 107 - (111* 90 - 239* 91)
x_im: 235 = 235 + (111* 91 + 239* 90)
y_im: 239 = 235 - (111* 91 + 239* 90)
x_re: 112 = 112 + (116* 92 - 244* 93)
y_re: 116 = 112 - (116* 92 - 244* 93)
x_im: 240 = 240 + (116* 93 + 244* 92)
y_im: 244 = 240 - (116* 93 + 244* 92)
x_re: 113 = 113 + (117* 92 - 245* 93)
y_re: 117 = 113 - (117* 92 - 245* 93)
x_im: 241 = 241 + (117* 93 + 245* 92)
y_im: 245 = 241 - (117* 93 + 245* 92)
x_re: 114 = 114 + (118* 92 - 246* 93)
y_re: 118 = 114 - (118* 92 - 246* 93)
x_im: 242 = 242 + (118* 93 + 246* 92)
y_im: 246 = 242 - (118* 93 + 246* 92)
x_re: 115 = 115 + (119* 92 - 247* 93)
y_re: 119 = 115 - (119* 92 - 247* 93)
x_im: 243 = 243 + (119* 93 + 247* 92)
y_im: 247 = 243 - (119* 93 + 247* 92)
x_re: 120 = 120 + (124* 94 - 252* 95)
y_re: 124 = 120 - (124* 94 - 252* 95)
x_im: 248 = 248 + (124* 95 + 252* 94)
y_im: 252 = 248 - (124* 95 + 252* 94)
x_re: 121 = 121 + (125* 94 - 253* 95)
y_re: 125 = 121 - (125* 94 - 253* 95)
x_im: 249 = 249 + (125* 95 + 253* 94)
y_im: 253 = 249 - (125* 95 + 253* 94)
x_re: 122 = 122 + (126* 94 - 254* 95)
y_re: 126 = 122 - (126* 94 - 254* 95)
x_im: 250 = 250 + (126* 95 + 254* 94)
y_im: 254 = 250 - (126* 95 + 254* 94)
x_re: 123 = 123 + (127* 94 - 255* 95)
y_re: 127 = 123 - (127* 94 - 255* 95)
x_im: 251 = 251 + (127* 95 + 255* 94)
y_im: 255 = 251 - (127* 95 + 255* 94)
x_re:   0 =   0 + (  2*128 - 130*129)
y_re:   2 =   0 - (  2*128 - 130*129)
x_im: 128 = 128 + (  2*129 + 130*128)
y_im: 130 = 128 - (  2*129 + 130*128)
x_re:   1 =   1 + (  3*128 - 131*129)
y_re:   3 =   1 - (  3*128 - 131*129)
x_im: 129 = 129 + (  3*129 + 131*128)
y_im: 131 = 129 - (  3*129 + 131*128)
x_re:   4 =   4 + (  6*130 - 134*131)
y_re:   6 =   4 - (  6*130 - 134*131)
x_im: 132 = 132 + (  6*131 + 134*130)
y_im: 134 = 132 - (  6*131 + 134*130)
x_re:   5 =   5 + (  7*130 - 135*131)
y_re:   7 =   5 - (  7*130 - 135*131)
x_im: 133 = 133 + (  7*131 + 135*130)
y_im: 135 = 133 - (  7*131 + 135*130)
x_re:   8 =   8 + ( 10*132 - 138*133)
y_re:  10 =   8 - ( 10*132 - 138*133)
x_im: 136 = 136 + ( 10*133 + 138*132)
y_im: 138 = 136 - ( 10*133 + 138*132)
x_re:   9 =   9 + ( 11*132 - 139*133)
y_re:  11 =   9 - ( 11*132 - 139*133)
x_im: 137 = 137 + ( 11*133 + 139*132)
y_im: 139 = 137 - ( 11*133 + 139*132)
x_re:  12 =  12 + ( 14*134 - 142*135)
y_re:  14 =  12 - ( 14*134 - 142*135)
x_im: 140 = 140 + ( 14*135 + 142*134)
y_im: 142 = 140 - ( 14*135 + 142*134)
x_re:  13 =  13 + ( 15*134 - 143*135)
y_re:  15 =  13 - ( 15*134 - 143*135)
x_im: 141 = 141 + ( 15*135 + 143*134)
y_im: 143 = 141 - ( 15*135 + 143*134)
x_re:  16 =  16 + ( 18*136 - 146*137)
y_re:  18 =  16 - ( 18*136 - 146*137)
x_im: 144 = 144 + ( 18*137 + 146*136)
y_im: 146 = 144 - ( 18*137 + 146*136)
x_re:  17 =  17 + ( 19*136 - 147*137)
y_re:  19 =  17 - ( 19*136 - 147*137)
x_im: 145 = 145 + ( 19*137 + 147*136)
y_im: 147 = 145 - ( 19*137 + 147*136)
x_re:  20 =  20 + ( 22*138 - 150*139)
y_re:  22 =  20 - ( 22*138 - 150*139)
x_im: 148 = 148 + ( 22*139 + 150*138)
y_im: 150 = 148 - ( 22*139 + 150*138)
x_re:  21 =  21 + ( 23*138 - 151*139)
y_re:  23 =  21 - ( 23*138 - 151*139)
x_im: 149 = 149 + ( 23*139 + 151*138)
y_im: 151 = 149 - ( 23*139 + 151*138)
x_re:  24 =  24 + ( 26*140 - 154*141)
y_re:  26 =  24 - ( 26*140 - 154*141)
x_im: 152 = 152 + ( 26*141 + 154*140)
y_im: 154 = 152 - ( 26*141 + 154*140)
x_re:  25 =  25 + ( 27*140 - 155*141)
y_re:  27 =  25 - ( 27*140 - 155*141)
x_im: 153 = 153 + ( 27*141 + 155*140)
y_im: 155 = 153 - ( 27*141 + 155*140)
x_re:  28 =  28 + ( 30*142 - 158*143)
y_re:  30 =  28 - ( 30*142 - 158*143)
x_im: 156 = 156 + ( 30*143 + 158*142)
y_im: 158 = 156 - ( 30*143 + 158*142)
x_re:  29 =  29 + ( 31*142 - 159*143)
y_re:  31 =  29 - ( 31*142 - 159*143)
x_im: 157 = 157 + ( 31*143 + 159*142)
y_im: 159 = 157 - ( 31*143 + 159*142)
x_re:  32 =  32 + ( 34*144 - 162*145)
y_re:  34 =  32 - ( 34*144 - 162*145)
x_im: 160 = 160 + ( 34*145 + 162*144)
y_im: 162 = 160 - ( 34*145 + 162*144)
x_re:  33 =  33 + ( 35*144 - 163*145)
y_re:  35 =  33 - ( 35*144 - 163*145)
x_im: 161 = 161 + ( 35*145 + 163*144)
y_im: 163 = 161 - ( 35*145 + 163*144)
x_re:  36 =  36 + ( 38*146 - 166*147)
y_re:  38 =  36 - ( 38*146 - 166*147)
x_im: 164 = 164 + ( 38*147 + 166*146)
y_im: 166 = 164 - ( 38*147 + 166*146)
x_re:  37 =  37 + ( 39*146 - 167*147)
y_re:  39 =  37 - ( 39*146 - 167*147)
x_im: 165 = 165 + ( 39*147 + 167*146)
y_im: 167 = 165 - ( 39*147 + 167*146)
x_re:  40 =  40 + ( 42*148 - 170*149)
y_re:  42 =  40 - ( 42*148 - 170*149)
x_im: 168 = 168 + ( 42*149 + 170*148)
y_im: 170 = 168 - ( 42*149 + 170*148)
x_re:  41 =  41 + ( 43*148 - 171*149)
y_re:  43 =  41 - ( 43*148 - 171*149)
x_im: 169 = 169 + ( 43*149 + 171*148)
y_im: 171 = 169 - ( 43*149 + 171*148)
x_re:  44 =  44 + ( 46*150 - 174*151)
y_re:  46 =  44 - ( 46*150 - 174*151)
x_im: 172 = 172 + ( 46*151 + 174*150)
y_im: 174 = 172 - ( 46*151 + 174*150)
x_re:  45 =  45 + ( 47*150 - 175*151)
y_re:  47 =  45 - ( 47*150 - 175*151)
x_im: 173 = 173 + ( 47*151 + 175*150)
y_im: 175 = 173 - ( 47*151 + 175*150)
x_re:  48 =  48 + ( 50*152 - 178*153)
y_re:  50 =  48 - ( 50*152 - 178*153)
x_im: 176 = 176 + ( 50*153 + 178*152)
y_im: 178 = 176 - ( 50*153 + 178*152)
x_re:  49 =  49 + ( 51*152 - 179*153)
y_re:  51 =  49 - ( 51*152 - 179*153)
x_im: 177 = 177 + ( 51*153 + 179*152)
y_im: 179 = 177 - ( 51*153 + 179*152)
x_re:  52 =  52 + ( 54*154 - 182*155)
y_re:  54 =  52 - ( 54*154 - 182*155)
x_im: 180 = 180 + ( 54*155 + 182*154)
y_im: 182 = 180 - ( 54*155 + 182*154)
x_re:  53 =  53 + ( 55*154 - 183*155)
y_re:  55 =  53 - ( 55*154 - 183*155)
x_im: 181 = 181 + ( 55*155 + 183*154)
y_im: 183 = 181 - ( 55*155 + 183*154)
x_re:  56 =  56 + ( 58*156 - 186*157)
y_re:  58 =  56 - ( 58*156 - 186*157)
x_im: 184 = 184 + ( 58*157 + 186*156)
y_im: 186 = 184 - ( 58*157 + 186*156)
x_re:  57 =  57 + ( 59*156 - 187*157)
y_re:  59 =  57 - ( 59*156 - 187*157)
x_im: 185 = 185 + ( 59*157 + 187*156)
y_im: 187 = 185 - ( 59*157 + 187*156)
x_re:  60 =  60 + ( 62*158 - 190*159)
y_re:  62 =  60 - ( 62*158 - 190*159)
x_im: 188 = 188 + ( 62*159 + 190*158)
y_im: 190 = 188 - ( 62*159 + 190*158)
x_re:  61 =  61 + ( 63*158 - 191*159)
y_re:  63 =  61 - ( 63*158 - 191*159)
x_im: 189 = 189 + ( 63*159 + 191*158)
y_im: 191 = 189 - ( 63*159 + 191*158)
x_re:  64 =  64 + ( 66*160 - 194*161)
y_re:  66 =  64 - ( 66*160 - 194*161)
x_im: 192 = 192 + ( 66*161 + 194*160)
y_im: 194 = 192 - ( 66*161 + 194*160)
x_re:  65 =  65 + ( 67*160 - 195*161)
y_re:  67 =  65 - ( 67*160 - 195*161)
x_im: 193 = 193 + ( 67*161 + 195*160)
y_im: 195 = 193 - ( 67*161 + 195*160)
x_re:  68 =  68 + ( 70*162 - 198*163)
y_re:  70 =  68 - ( 70*162 - 198*163)
x_im: 196 = 196 + ( 70*163 + 198*162)
y_im: 198 = 196 - ( 70*163 + 198*162)
x_re:  69 =  69 + ( 71*162 - 199*163)
y_re:  71 =  69 - ( 71*162 - 199*163)
x_im: 197 = 197 + ( 71*163 + 199*162)
y_im: 199 = 197 - ( 71*163 + 199*162)
x_re:  72 =  72 + ( 74*164 - 202*165)
y_re:  74 =  72 - ( 74*164 - 202*165)
x_im: 200 = 200 + ( 74*165 + 202*164)
y_im: 202 = 200 - ( 74*165 + 202*164)
x_re:  73 =  73 + ( 75*164 - 203*165)
y_re:  75 =  73 - ( 75*164 - 203*165)
x_im: 201 = 201 + ( 75*165 + 203*164)
y_im: 203 = 201 - ( 75*165 + 203*164)
x_re:  76 =  76 + ( 78*166 - 206*167)
y_re:  78 =  76 - ( 78*166 - 206*167)
x_im: 204 = 204 + ( 78*167 + 206*166)
y_im: 206 = 204 - ( 78*167 + 206*166)
x_re:  77 =  77 + ( 79*166 - 207*167)
y_re:  79 =  77 - ( 79*166 - 207*167)
x_im: 205 = 205 + ( 79*167 + 207*166)
y_im: 207 = 205 - ( 79*167 + 207*166)
x_re:  80 =  80 + ( 82*168 - 210*169)
y_re:  82 =  80 - ( 82*168 - 210*169)
x_im: 208 = 208 + ( 82*169 + 210*168)
y_im: 210 = 208 - ( 82*169 + 210*168)
x_re:  81 =  81 + ( 83*168 - 211*169)
y_re:  83 =  81 - ( 83*168 - 211*169)
x_im: 209 = 209 + ( 83*169 + 211*168)
y_im: 211 = 209 - ( 83*169 + 211*168)
x_re:  84 =  84 + ( 86*170 - 214*171)
y_re:  86 =  84 - ( 86*170 - 214*171)
x_im: 212 = 212 + ( 86*171 + 214*170)
y_im: 214 = 212 - ( 86*171 + 214*170)
x_re:  85 =  85 + ( 87*170 - 215*171)
y_re:  87 =  85 - ( 87*170 - 215*171)
x_im: 213 = 213 + ( 87*171 + 215*170)
y_im: 215 = 213 - ( 87*171 + 215*170)
x_re:  88 =  88 + ( 90*172 - 218*173)
y_re:  90 =  88 - ( 90*172 - 218*173)
x_im: 216 = 216 + ( 90*173 + 218*172)
y_im: 218 = 216 - ( 90*173 + 218*172)
x_re:  89 =  89 + ( 91*172 - 219*173)
y_re:  91 =  89 - ( 91*172 - 219*173)
x_im: 217 = 217 + ( 91*173 + 219*172)
y_im: 219 = 217 - ( 91*173 + 219*172)
x_re:  92 =  92 + ( 94*174 - 222*175)
y_re:  94 =  92 - ( 94*174 - 222*175)
x_im: 220 = 220 + ( 94*175 + 222*174)
y_im: 222 = 220 - ( 94*175 + 222*174)
x_re:  93 =  93 + ( 95*174 - 223*175)
y_re:  95 =  93 - ( 95*174 - 223*175)
x_im: 221 = 221 + ( 95*175 + 223*174)
y_im: 223 = 221 - ( 95*175 + 223*174)
x_re:  96 =  96 + ( 98*176 - 226*177)
y_re:  98 =  96 - ( 98*176 - 226*177)
x_im: 224 = 224 + ( 98*177 + 226*176)
y_im: 226 = 224 - ( 98*177 + 226*176)
x_re:  97 =  97 + ( 99*176 - 227*177)
y_re:  99 =  97 - ( 99*176 - 227*177)
x_im: 225 = 225 + ( 99*177 + 227*176)
y_im: 227 = 225 - ( 99*177 + 227*176)
x_re: 100 = 100 + (102*178 - 230*179)
y_re: 102 = 100 - (102*178 - 230*179)
x_im: 228 = 228 + (102*179 + 230*178)
y_im: 230 = 228 - (102*179 + 230*178)
x_re: 101 = 101 + (103*178 - 231*179)
y_re: 103 = 101 - (103*178 - 231*179)
x_im: 229 = 229 + (103*179 + 231*178)
y_im: 231 = 229 - (103*179 + 231*178)
x_re: 104 = 104 + (106*180 - 234*181)
y_re: 106 = 104 - (106*180 - 234*181)
x_im: 232 = 232 + (106*181 + 234*180)
y_im: 234 = 232 - (106*181 + 234*180)
x_re: 105 = 105 + (107*180 - 235*181)
y_re: 107 = 105 - (107*180 - 235*181)
x_im: 233 = 233 + (107*181 + 235*180)
y_im: 235 = 233 - (107*181 + 235*180)
x_re: 108 = 108 + (110*182 - 238*183)
y_re: 110 = 108 - (110*182 - 238*183)
x_im: 236 = 236 + (110*183 + 238*182)
y_im: 238 = 236 - (110*183 + 238*182)
x_re: 109 = 109 + (111*182 - 239*183)
y_re: 111 = 109 - (111*182 - 239*183)
x_im: 237 = 237 + (111*183 + 239*182)
y_im: 239 = 237 - (111*183 + 239*182)
x_re: 112 = 112 + (114*184 - 242*185)
y_re: 114 = 112 - (114*184 - 242*185)
x_im: 240 = 240 + (114*185 + 242*184)
y_im: 242 = 240 - (114*185 + 242*184)
x_re: 113 = 113 + (115*184 - 243*185)
y_re: 115 = 113 - (115*184 - 243*185)
x_im: 241 = 241 + (115*185 + 243*184)
y_im: 243 = 241 - (115*185 + 243*184)
x_re: 116 = 116 + (118*186 - 246*187)
y_re: 118 = 116 - (118*186 - 246*187)
x_im: 244 = 244 + (118*187 + 246*186)
y_im: 246 = 244 - (118*187 + 246*186)
x_re: 117 = 117 + (119*186 - 247*187)
y_re: 119 = 117 - (119*186 - 247*187)
x_im: 245 = 245 + (119*187 + 247*186)
y_im: 247 = 245 - (119*187 + 247*186)
x_re: 120 = 120 + (122*188 - 250*189)
y_re: 122 = 120 - (122*188 - 250*189)
x_im: 248 = 248 + (122*189 + 250*188)
y_im: 250 = 248 - (122*189 + 250*188)
x_re: 121 = 121 + (123*188 - 251*189)
y_re: 123 = 121 - (123*188 - 251*189)
x_im: 249 = 249 + (123*189 + 251*188)
y_im: 251 = 249 - (123*189 + 251*188)
x_re: 124 = 124 + (126*190 - 254*191)
y_re: 126 = 124 - (126*190 - 254*191)
x_im: 252 = 252 + (126*191 + 254*190)
y_im: 254 = 252 - (126*191 + 254*190)
x_re: 125 = 125 + (127*190 - 255*191)
y_re: 127 = 125 - (127*190 - 255*191)
x_im: 253 = 253 + (127*191 + 255*190)
y_im: 255 = 253 - (127*191 + 255*190)
x_re:   0 =   0 + (  1*256 - 129*257)
y_re:   1 =   0 - (  1*256 - 129*257)
x_im: 128 = 128 + (  1*257 + 129*256)
y_im: 129 = 128 - (  1*257 + 129*256)
x_re:   2 =   2 + (  3*258 - 131*259)
y_re:   3 =   2 - (  3*258 - 131*259)
x_im: 130 = 130 + (  3*259 + 131*258)
y_im: 131 = 130 - (  3*259 + 131*258)
x_re:   4 =   4 + (  5*260 - 133*261)
y_re:   5 =   4 - (  5*260 - 133*261)
x_im: 132 = 132 + (  5*261 + 133*260)
y_im: 133 = 132 - (  5*261 + 133*260)
x_re:   6 =   6 + (  7*262 - 135*263)
y_re:   7 =   6 - (  7*262 - 135*263)
x_im: 134 = 134 + (  7*263 + 135*262)
y_im: 135 = 134 - (  7*263 + 135*262)
x_re:   8 =   8 + (  9*264 - 137*265)
y_re:   9 =   8 - (  9*264 - 137*265)
x_im: 136 = 136 + (  9*265 + 137*264)
y_im: 137 = 136 - (  9*265 + 137*264)
x_re:  10 =  10 + ( 11*266 - 139*267)
y_re:  11 =  10 - ( 11*266 - 139*267)
x_im: 138 = 138 + ( 11*267 + 139*266)
y_im: 139 = 138 - ( 11*267 + 139*266)
x_re:  12 =  12 + ( 13*268 - 141*269)
y_re:  13 =  12 - ( 13*268 - 141*269)
x_im: 140 = 140 + ( 13*269 + 141*268)
y_im: 141 = 140 - ( 13*269 + 141*268)
x_re:  14 =  14 + ( 15*270 - 143*271)
y_re:  15 =  14 - ( 15*270 - 143*271)
x_im: 142 = 142 + ( 15*271 + 143*270)
y_im: 143 = 142 - ( 15*271 + 143*270)
x_re:  16 =  16 + ( 17*272 - 145*273)
y_re:  17 =  16 - ( 17*272 - 145*273)
x_im: 144 = 144 + ( 17*273 + 145*272)
y_im: 145 = 144 - ( 17*273 + 145*272)
x_re:  18 =  18 + ( 19*274 - 147*275)
y_re:  19 =  18 - ( 19*274 - 147*275)
x_im: 146 = 146 + ( 19*275 + 147*274)
y_im: 147 = 146 - ( 19*275 + 147*274)
x_re:  20 =  20 + ( 21*276 - 149*277)
y_re:  21 =  20 - ( 21*276 - 149*277)
x_im: 148 = 148 + ( 21*277 + 149*276)
y_im: 149 = 148 - ( 21*277 + 149*276)
x_re:  22 =  22 + ( 23*278 - 151*279)
y_re:  23 =  22 - ( 23*278 - 151*279)
x_im: 150 = 150 + ( 23*279 + 151*278)
y_im: 151 = 150 - ( 23*279 + 151*278)
x_re:  24 =  24 + ( 25*280 - 153*281)
y_re:  25 =  24 - ( 25*280 - 153*281)
x_im: 152 = 152 + ( 25*281 + 153*280)
y_im: 153 = 152 - ( 25*281 + 153*280)
x_re:  26 =  26 + ( 27*282 - 155*283)
y_re:  27 =  26 - ( 27*282 - 155*283)
x_im: 154 = 154 + ( 27*283 + 155*282)
y_im: 155 = 154 - ( 27*283 + 155*282)
x_re:  28 =  28 + ( 29*284 - 157*285)
y_re:  29 =  28 - ( 29*284 - 157*285)
x_im: 156 = 156 + ( 29*285 + 157*284)
y_im: 157 = 156 - ( 29*285 + 157*284)
x_re:  30 =  30 + ( 31*286 - 159*287)
y_re:  31 =  30 - ( 31*286 - 159*287)
x_im: 158 = 158 + ( 31*287 + 159*286)
y_im: 159 = 158 - ( 31*287 + 159*286)
x_re:  32 =  32 + ( 33*288 - 161*289)
y_re:  33 =  32 - ( 33*288 - 161*289)
x_im: 160 = 160 + ( 33*289 + 161*288)
y_im: 161 = 160 - ( 33*289 + 161*288)
x_re:  34 =  34 + ( 35*290 - 163*291)
y_re:  35 =  34 - ( 35*290 - 163*291)
x_im: 162 = 162 + ( 35*291 + 163*290)
y_im: 163 = 162 - ( 35*291 + 163*290)
x_re:  36 =  36 + ( 37*292 - 165*293)
y_re:  37 =  36 - ( 37*292 - 165*293)
x_im: 164 = 164 + ( 37*293 + 165*292)
y_im: 165 = 164 - ( 37*293 + 165*292)
x_re:  38 =  38 + ( 39*294 - 167*295)
y_re:  39 =  38 - ( 39*294 - 167*295)
x_im: 166 = 166 + ( 39*295 + 167*294)
y_im: 167 = 166 - ( 39*295 + 167*294)
x_re:  40 =  40 + ( 41*296 - 169*297)
y_re:  41 =  40 - ( 41*296 - 169*297)
x_im: 168 = 168 + ( 41*297 + 169*296)
y_im: 169 = 168 - ( 41*297 + 169*296)
x_re:  42 =  42 + ( 43*298 - 171*299)
y_re:  43 =  42 - ( 43*298 - 171*299)
x_im: 170 = 170 + ( 43*299 + 171*298)
y_im: 171 = 170 - ( 43*299 + 171*298)
x_re:  44 =  44 + ( 45*300 - 173*301)
y_re:  45 =  44 - ( 45*300 - 173*301)
x_im: 172 = 172 + ( 45*301 + 173*300)
y_im: 173 = 172 - ( 45*301 + 173*300)
x_re:  46 =  46 + ( 47*302 - 175*303)
y_re:  47 =  46 - ( 47*302 - 175*303)
x_im: 174 = 174 + ( 47*303 + 175*302)
y_im: 175 = 174 - ( 47*303 + 175*302)
x_re:  48 =  48 + ( 49*304 - 177*305)
y_re:  49 =  48 - ( 49*304 - 177*305)
x_im: 176 = 176 + ( 49*305 + 177*304)
y_im: 177 = 176 - ( 49*305 + 177*304)
x_re:  50 =  50 + ( 51*306 - 179*307)
y_re:  51 =  50 - ( 51*306 - 179*307)
x_im: 178 = 178 + ( 51*307 + 179*306)
y_im: 179 = 178 - ( 51*307 + 179*306)
x_re:  52 =  52 + ( 53*308 - 181*309)
y_re:  53 =  52 - ( 53*308 - 181*309)
x_im: 180 = 180 + ( 53*309 + 181*308)
y_im: 181 = 180 - ( 53*309 + 181*308)
x_re:  54 =  54 + ( 55*310 - 183*311)
y_re:  55 =  54 - ( 55*310 - 183*311)
x_im: 182 = 182 + ( 55*311 + 183*310)
y_im: 183 = 182 - ( 55*311 + 183*310)
x_re:  56 =  56 + ( 57*312 - 185*313)
y_re:  57 =  56 - ( 57*312 - 185*313)
x_im: 184 = 184 + ( 57*313 + 185*312)
y_im: 185 = 184 - ( 57*313 + 185*312)
x_re:  58 =  58 + ( 59*314 - 187*315)
y_re:  59 =  58 - ( 59*314 - 187*315)
x_im: 186 = 186 + ( 59*315 + 187*314)
y_im: 187 = 186 - ( 59*315 + 187*314)
x_re:  60 =  60 + ( 61*316 - 189*317)
y_re:  61 =  60 - ( 61*316 - 189*317)
x_im: 188 = 188 + ( 61*317 + 189*316)
y_im: 189 = 188 - ( 61*317 + 189*316)
x_re:  62 =  62 + ( 63*318 - 191*319)
y_re:  63 =  62 - ( 63*318 - 191*319)
x_im: 190 = 190 + ( 63*319 + 191*318)
y_im: 191 = 190 - ( 63*319 + 191*318)
x_re:  64 =  64 + ( 65*320 - 193*321)
y_re:  65 =  64 - ( 65*320 - 193*321)
x_im: 192 = 192 + ( 65*321 + 193*320)
y_im: 193 = 192 - ( 65*321 + 193*320)
x_re:  66 =  66 + ( 67*322 - 195*323)
y_re:  67 =  66 - ( 67*322 - 195*323)
x_im: 194 = 194 + ( 67*323 + 195*322)
y_im: 195 = 194 - ( 67*323 + 195*322)
x_re:  68 =  68 + ( 69*324 - 197*325)
y_re:  69 =  68 - ( 69*324 - 197*325)
x_im: 196 = 196 + ( 69*325 + 197*324)
y_im: 197 = 196 - ( 69*325 + 197*324)
x_re:  70 =  70 + ( 71*326 - 199*327)
y_re:  71 =  70 - ( 71*326 - 199*327)
x_im: 198 = 198 + ( 71*327 + 199*326)
y_im: 199 = 198 - ( 71*327 + 199*326)
x_re:  72 =  72 + ( 73*328 - 201*329)
y_re:  73 =  72 - ( 73*328 - 201*329)
x_im: 200 = 200 + ( 73*329 + 201*328)
y_im: 201 = 200 - ( 73*329 + 201*328)
x_re:  74 =  74 + ( 75*330 - 203*331)
y_re:  75 =  74 - ( 75*330 - 203*331)
x_im: 202 = 202 + ( 75*331 + 203*330)
y_im: 203 = 202 - ( 75*331 + 203*330)
x_re:  76 =  76 + ( 77*332 - 205*333)
y_re:  77 =  76 - ( 77*332 - 205*333)
x_im: 204 = 204 + ( 77*333 + 205*332)
y_im: 205 = 204 - ( 77*333 + 205*332)
x_re:  78 =  78 + ( 79*334 - 207*335)
y_re:  79 =  78 - ( 79*334 - 207*335)
x_im: 206 = 206 + ( 79*335 + 207*334)
y_im: 207 = 206 - ( 79*335 + 207*334)
x_re:  80 =  80 + ( 81*336 - 209*337)
y_re:  81 =  80 - ( 81*336 - 209*337)
x_im: 208 = 208 + ( 81*337 + 209*336)
y_im: 209 = 208 - ( 81*337 + 209*336)
x_re:  82 =  82 + ( 83*338 - 211*339)
y_re:  83 =  82 - ( 83*338 - 211*339)
x_im: 210 = 210 + ( 83*339 + 211*338)
y_im: 211 = 210 - ( 83*339 + 211*338)
x_re:  84 =  84 + ( 85*340 - 213*341)
y_re:  85 =  84 - ( 85*340 - 213*341)
x_im: 212 = 212 + ( 85*341 + 213*340)
y_im: 213 = 212 - ( 85*341 + 213*340)
x_re:  86 =  86 + ( 87*342 - 215*343)
y_re:  87 =  86 - ( 87*342 - 215*343)
x_im: 214 = 214 + ( 87*343 + 215*342)
y_im: 215 = 214 - ( 87*343 + 215*342)
x_re:  88 =  88 + ( 89*344 - 217*345)
y_re:  89 =  88 - ( 89*344 - 217*345)
x_im: 216 = 216 + ( 89*345 + 217*344)
y_im: 217 = 216 - ( 89*345 + 217*344)
x_re:  90 =  90 + ( 91*346 - 219*347)
y_re:  91 =  90 - ( 91*346 - 219*347)
x_im: 218 = 218 + ( 91*347 + 219*346)
y_im: 219 = 218 - ( 91*347 + 219*346)
x_re:  92 =  92 + ( 93*348 - 221*349)
y_re:  93 =  92 - ( 93*348 - 221*349)
x_im: 220 = 220 + ( 93*349 + 221*348)
y_im: 221 = 220 - ( 93*349 + 221*348)
x_re:  94 =  94 + ( 95*350 - 223*351)
y_re:  95 =  94 - ( 95*350 - 223*351)
x_im: 222 = 222 + ( 95*351 + 223*350)
y_im: 223 = 222 - ( 95*351 + 223*350)
x_re:  96 =  96 + ( 97*352 - 225*353)
y_re:  97 =  96 - ( 97*352 - 225*353)
x_im: 224 = 224 + ( 97*353 + 225*352)
y_im: 225 = 224 - ( 97*353 + 225*352)
x_re:  98 =  98 + ( 99*354 - 227*355)
y_re:  99 =  98 - ( 99*354 - 227*355)
x_im: 226 = 226 + ( 99*355 + 227*354)
y_im: 227 = 226 - ( 99*355 + 227*354)
x_re: 100 = 100 + (101*356 - 229*357)
y_re: 101 = 100 - (101*356 - 229*357)
x_im: 228 = 228 + (101*357 + 229*356)
y_im: 229 = 228 - (101*357 + 229*356)
x_re: 102 = 102 + (103*358 - 231*359)
y_re: 103 = 102 - (103*358 - 231*359)
x_im: 230 = 230 + (103*359 + 231*358)
y_im: 231 = 230 - (103*359 + 231*358)
x_re: 104 = 104 + (105*360 - 233*361)
y_re: 105 = 104 - (105*360 - 233*361)
x_im: 232 = 232 + (105*361 + 233*360)
y_im: 233 = 232 - (105*361 + 233*360)
x_re: 106 = 106 + (107*362 - 235*363)
y_re: 107 = 106 - (107*362 - 235*363)
x_im: 234 = 234 + (107*363 + 235*362)
y_im: 235 = 234 - (107*363 + 235*362)
x_re: 108 = 108 + (109*364 - 237*365)
y_re: 109 = 108 - (109*364 - 237*365)
x_im: 236 = 236 + (109*365 + 237*364)
y_im: 237 = 236 - (109*365 + 237*364)
x_re: 110 = 110 + (111*366 - 239*367)
y_re: 111 = 110 - (111*366 - 239*367)
x_im: 238 = 238 + (111*367 + 239*366)
y_im: 239 = 238 - (111*367 + 239*366)
x_re: 112 = 112 + (113*368 - 241*369)
y_re: 113 = 112 - (113*368 - 241*369)
x_im: 240 = 240 + (113*369 + 241*368)
y_im: 241 = 240 - (113*369 + 241*368)
x_re: 114 = 114 + (115*370 - 243*371)
y_re: 115 = 114 - (115*370 - 243*371)
x_im: 242 = 242 + (115*371 + 243*370)
y_im: 243 = 242 - (115*371 + 243*370)
x_re: 116 = 116 + (117*372 - 245*373)
y_re: 117 = 116 - (117*372 - 245*373)
x_im: 244 = 244 + (117*373 + 245*372)
y_im: 245 = 244 - (117*373 + 245*372)
x_re: 118 = 118 + (119*374 - 247*375)
y_re: 119 = 118 - (119*374 - 247*375)
x_im: 246 = 246 + (119*375 + 247*374)
y_im: 247 = 246 - (119*375 + 247*374)
x_re: 120 = 120 + (121*376 - 249*377)
y_re: 121 = 120 - (121*376 - 249*377)
x_im: 248 = 248 + (121*377 + 249*376)
y_im: 249 = 248 - (121*377 + 249*376)
x_re: 122 = 122 + (123*378 - 251*379)
y_re: 123 = 122 - (123*378 - 251*379)
x_im: 250 = 250 + (123*379 + 251*378)
y_im: 251 = 250 - (123*379 + 251*378)
x_re: 124 = 124 + (125*380 - 253*381)
y_re: 125 = 124 - (125*380 - 253*381)
x_im: 252 = 252 + (125*381 + 253*380)
y_im: 253 = 252 - (125*381 + 253*380)
x_re: 126 = 126 + (127*382 - 255*383)
y_re: 127 = 126 - (127*382 - 255*383)
x_im: 254 = 254 + (127*383 + 255*382)
y_im: 255 = 254 - (127*383 + 255*382)
l = 6
Compare with original: OK
Compare with original: Wrong [0]: -13152.53685029015832697041 != -2274.66363826618180610240, delta: 10877.87321202397652086802 
