y_re: 16 = (64 - 80) * 9 + (0 - 16) * 8 
y_im: 80 = (64 - 80) * 8 - (0 - 16) * 9 
x_re: 0 = 0 + 16
x_im: 64 = 64 + 80
y_re: 17 = (65 - 81) * 9 + (1 - 17) * 8 
y_im: 81 = (65 - 81) * 8 - (1 - 17) * 9 
x_re: 1 = 1 + 17
x_im: 65 = 65 + 81
y_re: 18 = (66 - 82) * 9 + (2 - 18) * 8 
y_im: 82 = (66 - 82) * 8 - (2 - 18) * 9 
x_re: 2 = 2 + 18
x_im: 66 = 66 + 82
y_re: 19 = (67 - 83) * 9 + (3 - 19) * 8 
y_im: 83 = (67 - 83) * 8 - (3 - 19) * 9 
x_re: 3 = 3 + 19
x_im: 67 = 67 + 83
y_re: 20 = (68 - 84) * 9 + (4 - 20) * 8 
y_im: 84 = (68 - 84) * 8 - (4 - 20) * 9 
x_re: 4 = 4 + 20
x_im: 68 = 68 + 84
y_re: 21 = (69 - 85) * 9 + (5 - 21) * 8 
y_im: 85 = (69 - 85) * 8 - (5 - 21) * 9 
x_re: 5 = 5 + 21
x_im: 69 = 69 + 85
y_re: 22 = (70 - 86) * 9 + (6 - 22) * 8 
y_im: 86 = (70 - 86) * 8 - (6 - 22) * 9 
x_re: 6 = 6 + 22
x_im: 70 = 70 + 86
y_re: 23 = (71 - 87) * 9 + (7 - 23) * 8 
y_im: 87 = (71 - 87) * 8 - (7 - 23) * 9 
x_re: 7 = 7 + 23
x_im: 71 = 71 + 87
y_re: 24 = (72 - 88) * 9 + (8 - 24) * 8 
y_im: 88 = (72 - 88) * 8 - (8 - 24) * 9 
x_re: 8 = 8 + 24
x_im: 72 = 72 + 88
y_re: 25 = (73 - 89) * 9 + (9 - 25) * 8 
y_im: 89 = (73 - 89) * 8 - (9 - 25) * 9 
x_re: 9 = 9 + 25
x_im: 73 = 73 + 89
y_re: 26 = (74 - 90) * 9 + (10 - 26) * 8 
y_im: 90 = (74 - 90) * 8 - (10 - 26) * 9 
x_re: 10 = 10 + 26
x_im: 74 = 74 + 90
y_re: 27 = (75 - 91) * 9 + (11 - 27) * 8 
y_im: 91 = (75 - 91) * 8 - (11 - 27) * 9 
x_re: 11 = 11 + 27
x_im: 75 = 75 + 91
y_re: 28 = (76 - 92) * 9 + (12 - 28) * 8 
y_im: 92 = (76 - 92) * 8 - (12 - 28) * 9 
x_re: 12 = 12 + 28
x_im: 76 = 76 + 92
y_re: 29 = (77 - 93) * 9 + (13 - 29) * 8 
y_im: 93 = (77 - 93) * 8 - (13 - 29) * 9 
x_re: 13 = 13 + 29
x_im: 77 = 77 + 93
y_re: 30 = (78 - 94) * 9 + (14 - 30) * 8 
y_im: 94 = (78 - 94) * 8 - (14 - 30) * 9 
x_re: 14 = 14 + 30
x_im: 78 = 78 + 94
y_re: 31 = (79 - 95) * 9 + (15 - 31) * 8 
y_im: 95 = (79 - 95) * 8 - (15 - 31) * 9 
x_re: 15 = 15 + 31
x_im: 79 = 79 + 95
y_re: 48 = (96 - 112) * 11 + (32 - 48) * 10 
y_im: 112 = (96 - 112) * 10 - (32 - 48) * 11 
x_re: 32 = 32 + 48
x_im: 96 = 96 + 112
y_re: 49 = (97 - 113) * 11 + (33 - 49) * 10 
y_im: 113 = (97 - 113) * 10 - (33 - 49) * 11 
x_re: 33 = 33 + 49
x_im: 97 = 97 + 113
y_re: 50 = (98 - 114) * 11 + (34 - 50) * 10 
y_im: 114 = (98 - 114) * 10 - (34 - 50) * 11 
x_re: 34 = 34 + 50
x_im: 98 = 98 + 114
y_re: 51 = (99 - 115) * 11 + (35 - 51) * 10 
y_im: 115 = (99 - 115) * 10 - (35 - 51) * 11 
x_re: 35 = 35 + 51
x_im: 99 = 99 + 115
y_re: 52 = (100 - 116) * 11 + (36 - 52) * 10 
y_im: 116 = (100 - 116) * 10 - (36 - 52) * 11 
x_re: 36 = 36 + 52
x_im: 100 = 100 + 116
y_re: 53 = (101 - 117) * 11 + (37 - 53) * 10 
y_im: 117 = (101 - 117) * 10 - (37 - 53) * 11 
x_re: 37 = 37 + 53
x_im: 101 = 101 + 117
y_re: 54 = (102 - 118) * 11 + (38 - 54) * 10 
y_im: 118 = (102 - 118) * 10 - (38 - 54) * 11 
x_re: 38 = 38 + 54
x_im: 102 = 102 + 118
y_re: 55 = (103 - 119) * 11 + (39 - 55) * 10 
y_im: 119 = (103 - 119) * 10 - (39 - 55) * 11 
x_re: 39 = 39 + 55
x_im: 103 = 103 + 119
y_re: 56 = (104 - 120) * 11 + (40 - 56) * 10 
y_im: 120 = (104 - 120) * 10 - (40 - 56) * 11 
x_re: 40 = 40 + 56
x_im: 104 = 104 + 120
y_re: 57 = (105 - 121) * 11 + (41 - 57) * 10 
y_im: 121 = (105 - 121) * 10 - (41 - 57) * 11 
x_re: 41 = 41 + 57
x_im: 105 = 105 + 121
y_re: 58 = (106 - 122) * 11 + (42 - 58) * 10 
y_im: 122 = (106 - 122) * 10 - (42 - 58) * 11 
x_re: 42 = 42 + 58
x_im: 106 = 106 + 122
y_re: 59 = (107 - 123) * 11 + (43 - 59) * 10 
y_im: 123 = (107 - 123) * 10 - (43 - 59) * 11 
x_re: 43 = 43 + 59
x_im: 107 = 107 + 123
y_re: 60 = (108 - 124) * 11 + (44 - 60) * 10 
y_im: 124 = (108 - 124) * 10 - (44 - 60) * 11 
x_re: 44 = 44 + 60
x_im: 108 = 108 + 124
y_re: 61 = (109 - 125) * 11 + (45 - 61) * 10 
y_im: 125 = (109 - 125) * 10 - (45 - 61) * 11 
x_re: 45 = 45 + 61
x_im: 109 = 109 + 125
y_re: 62 = (110 - 126) * 11 + (46 - 62) * 10 
y_im: 126 = (110 - 126) * 10 - (46 - 62) * 11 
x_re: 46 = 46 + 62
x_im: 110 = 110 + 126
y_re: 63 = (111 - 127) * 11 + (47 - 63) * 10 
y_im: 127 = (111 - 127) * 10 - (47 - 63) * 11 
x_re: 47 = 47 + 63
x_im: 111 = 111 + 127

y_re: 32 = (64 - 96) * 5 + (0 - 32) * 4 
y_im: 96 = (64 - 96) * 4 - (0 - 32) * 5 
x_re: 0 = 0 + 32
x_im: 64 = 64 + 96
y_re: 33 = (65 - 97) * 5 + (1 - 33) * 4 
y_im: 97 = (65 - 97) * 4 - (1 - 33) * 5 
x_re: 1 = 1 + 33
x_im: 65 = 65 + 97
y_re: 34 = (66 - 98) * 5 + (2 - 34) * 4 
y_im: 98 = (66 - 98) * 4 - (2 - 34) * 5 
x_re: 2 = 2 + 34
x_im: 66 = 66 + 98
y_re: 35 = (67 - 99) * 5 + (3 - 35) * 4 
y_im: 99 = (67 - 99) * 4 - (3 - 35) * 5 
x_re: 3 = 3 + 35
x_im: 67 = 67 + 99
y_re: 36 = (68 - 100) * 5 + (4 - 36) * 4 
y_im: 100 = (68 - 100) * 4 - (4 - 36) * 5 
x_re: 4 = 4 + 36
x_im: 68 = 68 + 100
y_re: 37 = (69 - 101) * 5 + (5 - 37) * 4 
y_im: 101 = (69 - 101) * 4 - (5 - 37) * 5 
x_re: 5 = 5 + 37
x_im: 69 = 69 + 101
y_re: 38 = (70 - 102) * 5 + (6 - 38) * 4 
y_im: 102 = (70 - 102) * 4 - (6 - 38) * 5 
x_re: 6 = 6 + 38
x_im: 70 = 70 + 102
y_re: 39 = (71 - 103) * 5 + (7 - 39) * 4 
y_im: 103 = (71 - 103) * 4 - (7 - 39) * 5 
x_re: 7 = 7 + 39
x_im: 71 = 71 + 103
y_re: 40 = (72 - 104) * 5 + (8 - 40) * 4 
y_im: 104 = (72 - 104) * 4 - (8 - 40) * 5 
x_re: 8 = 8 + 40
x_im: 72 = 72 + 104
y_re: 41 = (73 - 105) * 5 + (9 - 41) * 4 
y_im: 105 = (73 - 105) * 4 - (9 - 41) * 5 
x_re: 9 = 9 + 41
x_im: 73 = 73 + 105
y_re: 42 = (74 - 106) * 5 + (10 - 42) * 4 
y_im: 106 = (74 - 106) * 4 - (10 - 42) * 5 
x_re: 10 = 10 + 42
x_im: 74 = 74 + 106
y_re: 43 = (75 - 107) * 5 + (11 - 43) * 4 
y_im: 107 = (75 - 107) * 4 - (11 - 43) * 5 
x_re: 11 = 11 + 43
x_im: 75 = 75 + 107
y_re: 44 = (76 - 108) * 5 + (12 - 44) * 4 
y_im: 108 = (76 - 108) * 4 - (12 - 44) * 5 
x_re: 12 = 12 + 44
x_im: 76 = 76 + 108
y_re: 45 = (77 - 109) * 5 + (13 - 45) * 4 
y_im: 109 = (77 - 109) * 4 - (13 - 45) * 5 
x_re: 13 = 13 + 45
x_im: 77 = 77 + 109
y_re: 46 = (78 - 110) * 5 + (14 - 46) * 4 
y_im: 110 = (78 - 110) * 4 - (14 - 46) * 5 
x_re: 14 = 14 + 46
x_im: 78 = 78 + 110
y_re: 47 = (79 - 111) * 5 + (15 - 47) * 4 
y_im: 111 = (79 - 111) * 4 - (15 - 47) * 5 
x_re: 15 = 15 + 47
x_im: 79 = 79 + 111
y_re: 48 = (80 - 112) * 5 + (16 - 48) * 4 
y_im: 112 = (80 - 112) * 4 - (16 - 48) * 5 
x_re: 16 = 16 + 48
x_im: 80 = 80 + 112
y_re: 49 = (81 - 113) * 5 + (17 - 49) * 4 
y_im: 113 = (81 - 113) * 4 - (17 - 49) * 5 
x_re: 17 = 17 + 49
x_im: 81 = 81 + 113
y_re: 50 = (82 - 114) * 5 + (18 - 50) * 4 
y_im: 114 = (82 - 114) * 4 - (18 - 50) * 5 
x_re: 18 = 18 + 50
x_im: 82 = 82 + 114
y_re: 51 = (83 - 115) * 5 + (19 - 51) * 4 
y_im: 115 = (83 - 115) * 4 - (19 - 51) * 5 
x_re: 19 = 19 + 51
x_im: 83 = 83 + 115
y_re: 52 = (84 - 116) * 5 + (20 - 52) * 4 
y_im: 116 = (84 - 116) * 4 - (20 - 52) * 5 
x_re: 20 = 20 + 52
x_im: 84 = 84 + 116
y_re: 53 = (85 - 117) * 5 + (21 - 53) * 4 
y_im: 117 = (85 - 117) * 4 - (21 - 53) * 5 
x_re: 21 = 21 + 53
x_im: 85 = 85 + 117
y_re: 54 = (86 - 118) * 5 + (22 - 54) * 4 
y_im: 118 = (86 - 118) * 4 - (22 - 54) * 5 
x_re: 22 = 22 + 54
x_im: 86 = 86 + 118
y_re: 55 = (87 - 119) * 5 + (23 - 55) * 4 
y_im: 119 = (87 - 119) * 4 - (23 - 55) * 5 
x_re: 23 = 23 + 55
x_im: 87 = 87 + 119
y_re: 56 = (88 - 120) * 5 + (24 - 56) * 4 
y_im: 120 = (88 - 120) * 4 - (24 - 56) * 5 
x_re: 24 = 24 + 56
x_im: 88 = 88 + 120
y_re: 57 = (89 - 121) * 5 + (25 - 57) * 4 
y_im: 121 = (89 - 121) * 4 - (25 - 57) * 5 
x_re: 25 = 25 + 57
x_im: 89 = 89 + 121
y_re: 58 = (90 - 122) * 5 + (26 - 58) * 4 
y_im: 122 = (90 - 122) * 4 - (26 - 58) * 5 
x_re: 26 = 26 + 58
x_im: 90 = 90 + 122
y_re: 59 = (91 - 123) * 5 + (27 - 59) * 4 
y_im: 123 = (91 - 123) * 4 - (27 - 59) * 5 
x_re: 27 = 27 + 59
x_im: 91 = 91 + 123
y_re: 60 = (92 - 124) * 5 + (28 - 60) * 4 
y_im: 124 = (92 - 124) * 4 - (28 - 60) * 5 
x_re: 28 = 28 + 60
x_im: 92 = 92 + 124
y_re: 61 = (93 - 125) * 5 + (29 - 61) * 4 
y_im: 125 = (93 - 125) * 4 - (29 - 61) * 5 
x_re: 29 = 29 + 61
x_im: 93 = 93 + 125
y_re: 62 = (94 - 126) * 5 + (30 - 62) * 4 
y_im: 126 = (94 - 126) * 4 - (30 - 62) * 5 
x_re: 30 = 30 + 62
x_im: 94 = 94 + 126
y_re: 63 = (95 - 127) * 5 + (31 - 63) * 4 
y_im: 127 = (95 - 127) * 4 - (31 - 63) * 5 
x_re: 31 = 31 + 63
x_im: 95 = 95 + 127