: OK
: OK
: OK
: OK
: OK
: OK
: OK
: OK
: OK
: OK
: OK
: OK
: OK
: OK
: OK
: OK
: OK
: OK
: OK
: OK
Finish Testing FFT
logn 9




y_re: 16 = (256 - 272) * 33 + (0 - 16) * 32 
y_im: 272 = (256 - 272) * 32 - (0 - 16) * 33 
x_re: 0 = 0 + 16
x_im: 256 = 256 + 272
y_re: 17 = (257 - 273) * 33 + (1 - 17) * 32 
y_im: 273 = (257 - 273) * 32 - (1 - 17) * 33 
x_re: 1 = 1 + 17
x_im: 257 = 257 + 273
y_re: 18 = (258 - 274) * 33 + (2 - 18) * 32 
y_im: 274 = (258 - 274) * 32 - (2 - 18) * 33 
x_re: 2 = 2 + 18
x_im: 258 = 258 + 274
y_re: 19 = (259 - 275) * 33 + (3 - 19) * 32 
y_im: 275 = (259 - 275) * 32 - (3 - 19) * 33 
x_re: 3 = 3 + 19
x_im: 259 = 259 + 275
y_re: 20 = (260 - 276) * 33 + (4 - 20) * 32 
y_im: 276 = (260 - 276) * 32 - (4 - 20) * 33 
x_re: 4 = 4 + 20
x_im: 260 = 260 + 276
y_re: 21 = (261 - 277) * 33 + (5 - 21) * 32 
y_im: 277 = (261 - 277) * 32 - (5 - 21) * 33 
x_re: 5 = 5 + 21
x_im: 261 = 261 + 277
y_re: 22 = (262 - 278) * 33 + (6 - 22) * 32 
y_im: 278 = (262 - 278) * 32 - (6 - 22) * 33 
x_re: 6 = 6 + 22
x_im: 262 = 262 + 278
y_re: 23 = (263 - 279) * 33 + (7 - 23) * 32 
y_im: 279 = (263 - 279) * 32 - (7 - 23) * 33 
x_re: 7 = 7 + 23
x_im: 263 = 263 + 279
y_re: 24 = (264 - 280) * 33 + (8 - 24) * 32 
y_im: 280 = (264 - 280) * 32 - (8 - 24) * 33 
x_re: 8 = 8 + 24
x_im: 264 = 264 + 280
y_re: 25 = (265 - 281) * 33 + (9 - 25) * 32 
y_im: 281 = (265 - 281) * 32 - (9 - 25) * 33 
x_re: 9 = 9 + 25
x_im: 265 = 265 + 281
y_re: 26 = (266 - 282) * 33 + (10 - 26) * 32 
y_im: 282 = (266 - 282) * 32 - (10 - 26) * 33 
x_re: 10 = 10 + 26
x_im: 266 = 266 + 282
y_re: 27 = (267 - 283) * 33 + (11 - 27) * 32 
y_im: 283 = (267 - 283) * 32 - (11 - 27) * 33 
x_re: 11 = 11 + 27
x_im: 267 = 267 + 283
y_re: 28 = (268 - 284) * 33 + (12 - 28) * 32 
y_im: 284 = (268 - 284) * 32 - (12 - 28) * 33 
x_re: 12 = 12 + 28
x_im: 268 = 268 + 284
y_re: 29 = (269 - 285) * 33 + (13 - 29) * 32 
y_im: 285 = (269 - 285) * 32 - (13 - 29) * 33 
x_re: 13 = 13 + 29
x_im: 269 = 269 + 285
y_re: 30 = (270 - 286) * 33 + (14 - 30) * 32 
y_im: 286 = (270 - 286) * 32 - (14 - 30) * 33 
x_re: 14 = 14 + 30
x_im: 270 = 270 + 286
y_re: 31 = (271 - 287) * 33 + (15 - 31) * 32 
y_im: 287 = (271 - 287) * 32 - (15 - 31) * 33 
x_re: 15 = 15 + 31
x_im: 271 = 271 + 287
y_re: 48 = (288 - 304) * 35 + (32 - 48) * 34 
y_im: 304 = (288 - 304) * 34 - (32 - 48) * 35 
x_re: 32 = 32 + 48
x_im: 288 = 288 + 304
y_re: 49 = (289 - 305) * 35 + (33 - 49) * 34 
y_im: 305 = (289 - 305) * 34 - (33 - 49) * 35 
x_re: 33 = 33 + 49
x_im: 289 = 289 + 305
y_re: 50 = (290 - 306) * 35 + (34 - 50) * 34 
y_im: 306 = (290 - 306) * 34 - (34 - 50) * 35 
x_re: 34 = 34 + 50
x_im: 290 = 290 + 306
y_re: 51 = (291 - 307) * 35 + (35 - 51) * 34 
y_im: 307 = (291 - 307) * 34 - (35 - 51) * 35 
x_re: 35 = 35 + 51
x_im: 291 = 291 + 307
y_re: 52 = (292 - 308) * 35 + (36 - 52) * 34 
y_im: 308 = (292 - 308) * 34 - (36 - 52) * 35 
x_re: 36 = 36 + 52
x_im: 292 = 292 + 308
y_re: 53 = (293 - 309) * 35 + (37 - 53) * 34 
y_im: 309 = (293 - 309) * 34 - (37 - 53) * 35 
x_re: 37 = 37 + 53
x_im: 293 = 293 + 309
y_re: 54 = (294 - 310) * 35 + (38 - 54) * 34 
y_im: 310 = (294 - 310) * 34 - (38 - 54) * 35 
x_re: 38 = 38 + 54
x_im: 294 = 294 + 310
y_re: 55 = (295 - 311) * 35 + (39 - 55) * 34 
y_im: 311 = (295 - 311) * 34 - (39 - 55) * 35 
x_re: 39 = 39 + 55
x_im: 295 = 295 + 311
y_re: 56 = (296 - 312) * 35 + (40 - 56) * 34 
y_im: 312 = (296 - 312) * 34 - (40 - 56) * 35 
x_re: 40 = 40 + 56
x_im: 296 = 296 + 312
y_re: 57 = (297 - 313) * 35 + (41 - 57) * 34 
y_im: 313 = (297 - 313) * 34 - (41 - 57) * 35 
x_re: 41 = 41 + 57
x_im: 297 = 297 + 313
y_re: 58 = (298 - 314) * 35 + (42 - 58) * 34 
y_im: 314 = (298 - 314) * 34 - (42 - 58) * 35 
x_re: 42 = 42 + 58
x_im: 298 = 298 + 314
y_re: 59 = (299 - 315) * 35 + (43 - 59) * 34 
y_im: 315 = (299 - 315) * 34 - (43 - 59) * 35 
x_re: 43 = 43 + 59
x_im: 299 = 299 + 315
y_re: 60 = (300 - 316) * 35 + (44 - 60) * 34 
y_im: 316 = (300 - 316) * 34 - (44 - 60) * 35 
x_re: 44 = 44 + 60
x_im: 300 = 300 + 316
y_re: 61 = (301 - 317) * 35 + (45 - 61) * 34 
y_im: 317 = (301 - 317) * 34 - (45 - 61) * 35 
x_re: 45 = 45 + 61
x_im: 301 = 301 + 317
y_re: 62 = (302 - 318) * 35 + (46 - 62) * 34 
y_im: 318 = (302 - 318) * 34 - (46 - 62) * 35 
x_re: 46 = 46 + 62
x_im: 302 = 302 + 318
y_re: 63 = (303 - 319) * 35 + (47 - 63) * 34 
y_im: 319 = (303 - 319) * 34 - (47 - 63) * 35 
x_re: 47 = 47 + 63
x_im: 303 = 303 + 319
y_re: 80 = (320 - 336) * 37 + (64 - 80) * 36 
y_im: 336 = (320 - 336) * 36 - (64 - 80) * 37 
x_re: 64 = 64 + 80
x_im: 320 = 320 + 336
y_re: 81 = (321 - 337) * 37 + (65 - 81) * 36 
y_im: 337 = (321 - 337) * 36 - (65 - 81) * 37 
x_re: 65 = 65 + 81
x_im: 321 = 321 + 337
y_re: 82 = (322 - 338) * 37 + (66 - 82) * 36 
y_im: 338 = (322 - 338) * 36 - (66 - 82) * 37 
x_re: 66 = 66 + 82
x_im: 322 = 322 + 338
y_re: 83 = (323 - 339) * 37 + (67 - 83) * 36 
y_im: 339 = (323 - 339) * 36 - (67 - 83) * 37 
x_re: 67 = 67 + 83
x_im: 323 = 323 + 339
y_re: 84 = (324 - 340) * 37 + (68 - 84) * 36 
y_im: 340 = (324 - 340) * 36 - (68 - 84) * 37 
x_re: 68 = 68 + 84
x_im: 324 = 324 + 340
y_re: 85 = (325 - 341) * 37 + (69 - 85) * 36 
y_im: 341 = (325 - 341) * 36 - (69 - 85) * 37 
x_re: 69 = 69 + 85
x_im: 325 = 325 + 341
y_re: 86 = (326 - 342) * 37 + (70 - 86) * 36 
y_im: 342 = (326 - 342) * 36 - (70 - 86) * 37 
x_re: 70 = 70 + 86
x_im: 326 = 326 + 342
y_re: 87 = (327 - 343) * 37 + (71 - 87) * 36 
y_im: 343 = (327 - 343) * 36 - (71 - 87) * 37 
x_re: 71 = 71 + 87
x_im: 327 = 327 + 343
y_re: 88 = (328 - 344) * 37 + (72 - 88) * 36 
y_im: 344 = (328 - 344) * 36 - (72 - 88) * 37 
x_re: 72 = 72 + 88
x_im: 328 = 328 + 344
y_re: 89 = (329 - 345) * 37 + (73 - 89) * 36 
y_im: 345 = (329 - 345) * 36 - (73 - 89) * 37 
x_re: 73 = 73 + 89
x_im: 329 = 329 + 345
y_re: 90 = (330 - 346) * 37 + (74 - 90) * 36 
y_im: 346 = (330 - 346) * 36 - (74 - 90) * 37 
x_re: 74 = 74 + 90
x_im: 330 = 330 + 346
y_re: 91 = (331 - 347) * 37 + (75 - 91) * 36 
y_im: 347 = (331 - 347) * 36 - (75 - 91) * 37 
x_re: 75 = 75 + 91
x_im: 331 = 331 + 347
y_re: 92 = (332 - 348) * 37 + (76 - 92) * 36 
y_im: 348 = (332 - 348) * 36 - (76 - 92) * 37 
x_re: 76 = 76 + 92
x_im: 332 = 332 + 348
y_re: 93 = (333 - 349) * 37 + (77 - 93) * 36 
y_im: 349 = (333 - 349) * 36 - (77 - 93) * 37 
x_re: 77 = 77 + 93
x_im: 333 = 333 + 349
y_re: 94 = (334 - 350) * 37 + (78 - 94) * 36 
y_im: 350 = (334 - 350) * 36 - (78 - 94) * 37 
x_re: 78 = 78 + 94
x_im: 334 = 334 + 350
y_re: 95 = (335 - 351) * 37 + (79 - 95) * 36 
y_im: 351 = (335 - 351) * 36 - (79 - 95) * 37 
x_re: 79 = 79 + 95
x_im: 335 = 335 + 351
y_re: 112 = (352 - 368) * 39 + (96 - 112) * 38 
y_im: 368 = (352 - 368) * 38 - (96 - 112) * 39 
x_re: 96 = 96 + 112
x_im: 352 = 352 + 368
y_re: 113 = (353 - 369) * 39 + (97 - 113) * 38 
y_im: 369 = (353 - 369) * 38 - (97 - 113) * 39 
x_re: 97 = 97 + 113
x_im: 353 = 353 + 369
y_re: 114 = (354 - 370) * 39 + (98 - 114) * 38 
y_im: 370 = (354 - 370) * 38 - (98 - 114) * 39 
x_re: 98 = 98 + 114
x_im: 354 = 354 + 370
y_re: 115 = (355 - 371) * 39 + (99 - 115) * 38 
y_im: 371 = (355 - 371) * 38 - (99 - 115) * 39 
x_re: 99 = 99 + 115
x_im: 355 = 355 + 371
y_re: 116 = (356 - 372) * 39 + (100 - 116) * 38 
y_im: 372 = (356 - 372) * 38 - (100 - 116) * 39 
x_re: 100 = 100 + 116
x_im: 356 = 356 + 372
y_re: 117 = (357 - 373) * 39 + (101 - 117) * 38 
y_im: 373 = (357 - 373) * 38 - (101 - 117) * 39 
x_re: 101 = 101 + 117
x_im: 357 = 357 + 373
y_re: 118 = (358 - 374) * 39 + (102 - 118) * 38 
y_im: 374 = (358 - 374) * 38 - (102 - 118) * 39 
x_re: 102 = 102 + 118
x_im: 358 = 358 + 374
y_re: 119 = (359 - 375) * 39 + (103 - 119) * 38 
y_im: 375 = (359 - 375) * 38 - (103 - 119) * 39 
x_re: 103 = 103 + 119
x_im: 359 = 359 + 375
y_re: 120 = (360 - 376) * 39 + (104 - 120) * 38 
y_im: 376 = (360 - 376) * 38 - (104 - 120) * 39 
x_re: 104 = 104 + 120
x_im: 360 = 360 + 376
y_re: 121 = (361 - 377) * 39 + (105 - 121) * 38 
y_im: 377 = (361 - 377) * 38 - (105 - 121) * 39 
x_re: 105 = 105 + 121
x_im: 361 = 361 + 377
y_re: 122 = (362 - 378) * 39 + (106 - 122) * 38 
y_im: 378 = (362 - 378) * 38 - (106 - 122) * 39 
x_re: 106 = 106 + 122
x_im: 362 = 362 + 378
y_re: 123 = (363 - 379) * 39 + (107 - 123) * 38 
y_im: 379 = (363 - 379) * 38 - (107 - 123) * 39 
x_re: 107 = 107 + 123
x_im: 363 = 363 + 379
y_re: 124 = (364 - 380) * 39 + (108 - 124) * 38 
y_im: 380 = (364 - 380) * 38 - (108 - 124) * 39 
x_re: 108 = 108 + 124
x_im: 364 = 364 + 380
y_re: 125 = (365 - 381) * 39 + (109 - 125) * 38 
y_im: 381 = (365 - 381) * 38 - (109 - 125) * 39 
x_re: 109 = 109 + 125
x_im: 365 = 365 + 381
y_re: 126 = (366 - 382) * 39 + (110 - 126) * 38 
y_im: 382 = (366 - 382) * 38 - (110 - 126) * 39 
x_re: 110 = 110 + 126
x_im: 366 = 366 + 382
y_re: 127 = (367 - 383) * 39 + (111 - 127) * 38 
y_im: 383 = (367 - 383) * 38 - (111 - 127) * 39 
x_re: 111 = 111 + 127
x_im: 367 = 367 + 383
y_re: 144 = (384 - 400) * 41 + (128 - 144) * 40 
y_im: 400 = (384 - 400) * 40 - (128 - 144) * 41 
x_re: 128 = 128 + 144
x_im: 384 = 384 + 400
y_re: 145 = (385 - 401) * 41 + (129 - 145) * 40 
y_im: 401 = (385 - 401) * 40 - (129 - 145) * 41 
x_re: 129 = 129 + 145
x_im: 385 = 385 + 401
y_re: 146 = (386 - 402) * 41 + (130 - 146) * 40 
y_im: 402 = (386 - 402) * 40 - (130 - 146) * 41 
x_re: 130 = 130 + 146
x_im: 386 = 386 + 402
y_re: 147 = (387 - 403) * 41 + (131 - 147) * 40 
y_im: 403 = (387 - 403) * 40 - (131 - 147) * 41 
x_re: 131 = 131 + 147
x_im: 387 = 387 + 403
y_re: 148 = (388 - 404) * 41 + (132 - 148) * 40 
y_im: 404 = (388 - 404) * 40 - (132 - 148) * 41 
x_re: 132 = 132 + 148
x_im: 388 = 388 + 404
y_re: 149 = (389 - 405) * 41 + (133 - 149) * 40 
y_im: 405 = (389 - 405) * 40 - (133 - 149) * 41 
x_re: 133 = 133 + 149
x_im: 389 = 389 + 405
y_re: 150 = (390 - 406) * 41 + (134 - 150) * 40 
y_im: 406 = (390 - 406) * 40 - (134 - 150) * 41 
x_re: 134 = 134 + 150
x_im: 390 = 390 + 406
y_re: 151 = (391 - 407) * 41 + (135 - 151) * 40 
y_im: 407 = (391 - 407) * 40 - (135 - 151) * 41 
x_re: 135 = 135 + 151
x_im: 391 = 391 + 407
y_re: 152 = (392 - 408) * 41 + (136 - 152) * 40 
y_im: 408 = (392 - 408) * 40 - (136 - 152) * 41 
x_re: 136 = 136 + 152
x_im: 392 = 392 + 408
y_re: 153 = (393 - 409) * 41 + (137 - 153) * 40 
y_im: 409 = (393 - 409) * 40 - (137 - 153) * 41 
x_re: 137 = 137 + 153
x_im: 393 = 393 + 409
y_re: 154 = (394 - 410) * 41 + (138 - 154) * 40 
y_im: 410 = (394 - 410) * 40 - (138 - 154) * 41 
x_re: 138 = 138 + 154
x_im: 394 = 394 + 410
y_re: 155 = (395 - 411) * 41 + (139 - 155) * 40 
y_im: 411 = (395 - 411) * 40 - (139 - 155) * 41 
x_re: 139 = 139 + 155
x_im: 395 = 395 + 411
y_re: 156 = (396 - 412) * 41 + (140 - 156) * 40 
y_im: 412 = (396 - 412) * 40 - (140 - 156) * 41 
x_re: 140 = 140 + 156
x_im: 396 = 396 + 412
y_re: 157 = (397 - 413) * 41 + (141 - 157) * 40 
y_im: 413 = (397 - 413) * 40 - (141 - 157) * 41 
x_re: 141 = 141 + 157
x_im: 397 = 397 + 413
y_re: 158 = (398 - 414) * 41 + (142 - 158) * 40 
y_im: 414 = (398 - 414) * 40 - (142 - 158) * 41 
x_re: 142 = 142 + 158
x_im: 398 = 398 + 414
y_re: 159 = (399 - 415) * 41 + (143 - 159) * 40 
y_im: 415 = (399 - 415) * 40 - (143 - 159) * 41 
x_re: 143 = 143 + 159
x_im: 399 = 399 + 415
y_re: 176 = (416 - 432) * 43 + (160 - 176) * 42 
y_im: 432 = (416 - 432) * 42 - (160 - 176) * 43 
x_re: 160 = 160 + 176
x_im: 416 = 416 + 432
y_re: 177 = (417 - 433) * 43 + (161 - 177) * 42 
y_im: 433 = (417 - 433) * 42 - (161 - 177) * 43 
x_re: 161 = 161 + 177
x_im: 417 = 417 + 433
y_re: 178 = (418 - 434) * 43 + (162 - 178) * 42 
y_im: 434 = (418 - 434) * 42 - (162 - 178) * 43 
x_re: 162 = 162 + 178
x_im: 418 = 418 + 434
y_re: 179 = (419 - 435) * 43 + (163 - 179) * 42 
y_im: 435 = (419 - 435) * 42 - (163 - 179) * 43 
x_re: 163 = 163 + 179
x_im: 419 = 419 + 435
y_re: 180 = (420 - 436) * 43 + (164 - 180) * 42 
y_im: 436 = (420 - 436) * 42 - (164 - 180) * 43 
x_re: 164 = 164 + 180
x_im: 420 = 420 + 436
y_re: 181 = (421 - 437) * 43 + (165 - 181) * 42 
y_im: 437 = (421 - 437) * 42 - (165 - 181) * 43 
x_re: 165 = 165 + 181
x_im: 421 = 421 + 437
y_re: 182 = (422 - 438) * 43 + (166 - 182) * 42 
y_im: 438 = (422 - 438) * 42 - (166 - 182) * 43 
x_re: 166 = 166 + 182
x_im: 422 = 422 + 438
y_re: 183 = (423 - 439) * 43 + (167 - 183) * 42 
y_im: 439 = (423 - 439) * 42 - (167 - 183) * 43 
x_re: 167 = 167 + 183
x_im: 423 = 423 + 439
y_re: 184 = (424 - 440) * 43 + (168 - 184) * 42 
y_im: 440 = (424 - 440) * 42 - (168 - 184) * 43 
x_re: 168 = 168 + 184
x_im: 424 = 424 + 440
y_re: 185 = (425 - 441) * 43 + (169 - 185) * 42 
y_im: 441 = (425 - 441) * 42 - (169 - 185) * 43 
x_re: 169 = 169 + 185
x_im: 425 = 425 + 441
y_re: 186 = (426 - 442) * 43 + (170 - 186) * 42 
y_im: 442 = (426 - 442) * 42 - (170 - 186) * 43 
x_re: 170 = 170 + 186
x_im: 426 = 426 + 442
y_re: 187 = (427 - 443) * 43 + (171 - 187) * 42 
y_im: 443 = (427 - 443) * 42 - (171 - 187) * 43 
x_re: 171 = 171 + 187
x_im: 427 = 427 + 443
y_re: 188 = (428 - 444) * 43 + (172 - 188) * 42 
y_im: 444 = (428 - 444) * 42 - (172 - 188) * 43 
x_re: 172 = 172 + 188
x_im: 428 = 428 + 444
y_re: 189 = (429 - 445) * 43 + (173 - 189) * 42 
y_im: 445 = (429 - 445) * 42 - (173 - 189) * 43 
x_re: 173 = 173 + 189
x_im: 429 = 429 + 445
y_re: 190 = (430 - 446) * 43 + (174 - 190) * 42 
y_im: 446 = (430 - 446) * 42 - (174 - 190) * 43 
x_re: 174 = 174 + 190
x_im: 430 = 430 + 446
y_re: 191 = (431 - 447) * 43 + (175 - 191) * 42 
y_im: 447 = (431 - 447) * 42 - (175 - 191) * 43 
x_re: 175 = 175 + 191
x_im: 431 = 431 + 447
y_re: 208 = (448 - 464) * 45 + (192 - 208) * 44 
y_im: 464 = (448 - 464) * 44 - (192 - 208) * 45 
x_re: 192 = 192 + 208
x_im: 448 = 448 + 464
y_re: 209 = (449 - 465) * 45 + (193 - 209) * 44 
y_im: 465 = (449 - 465) * 44 - (193 - 209) * 45 
x_re: 193 = 193 + 209
x_im: 449 = 449 + 465
y_re: 210 = (450 - 466) * 45 + (194 - 210) * 44 
y_im: 466 = (450 - 466) * 44 - (194 - 210) * 45 
x_re: 194 = 194 + 210
x_im: 450 = 450 + 466
y_re: 211 = (451 - 467) * 45 + (195 - 211) * 44 
y_im: 467 = (451 - 467) * 44 - (195 - 211) * 45 
x_re: 195 = 195 + 211
x_im: 451 = 451 + 467
y_re: 212 = (452 - 468) * 45 + (196 - 212) * 44 
y_im: 468 = (452 - 468) * 44 - (196 - 212) * 45 
x_re: 196 = 196 + 212
x_im: 452 = 452 + 468
y_re: 213 = (453 - 469) * 45 + (197 - 213) * 44 
y_im: 469 = (453 - 469) * 44 - (197 - 213) * 45 
x_re: 197 = 197 + 213
x_im: 453 = 453 + 469
y_re: 214 = (454 - 470) * 45 + (198 - 214) * 44 
y_im: 470 = (454 - 470) * 44 - (198 - 214) * 45 
x_re: 198 = 198 + 214
x_im: 454 = 454 + 470
y_re: 215 = (455 - 471) * 45 + (199 - 215) * 44 
y_im: 471 = (455 - 471) * 44 - (199 - 215) * 45 
x_re: 199 = 199 + 215
x_im: 455 = 455 + 471
y_re: 216 = (456 - 472) * 45 + (200 - 216) * 44 
y_im: 472 = (456 - 472) * 44 - (200 - 216) * 45 
x_re: 200 = 200 + 216
x_im: 456 = 456 + 472
y_re: 217 = (457 - 473) * 45 + (201 - 217) * 44 
y_im: 473 = (457 - 473) * 44 - (201 - 217) * 45 
x_re: 201 = 201 + 217
x_im: 457 = 457 + 473
y_re: 218 = (458 - 474) * 45 + (202 - 218) * 44 
y_im: 474 = (458 - 474) * 44 - (202 - 218) * 45 
x_re: 202 = 202 + 218
x_im: 458 = 458 + 474
y_re: 219 = (459 - 475) * 45 + (203 - 219) * 44 
y_im: 475 = (459 - 475) * 44 - (203 - 219) * 45 
x_re: 203 = 203 + 219
x_im: 459 = 459 + 475
y_re: 220 = (460 - 476) * 45 + (204 - 220) * 44 
y_im: 476 = (460 - 476) * 44 - (204 - 220) * 45 
x_re: 204 = 204 + 220
x_im: 460 = 460 + 476
y_re: 221 = (461 - 477) * 45 + (205 - 221) * 44 
y_im: 477 = (461 - 477) * 44 - (205 - 221) * 45 
x_re: 205 = 205 + 221
x_im: 461 = 461 + 477
y_re: 222 = (462 - 478) * 45 + (206 - 222) * 44 
y_im: 478 = (462 - 478) * 44 - (206 - 222) * 45 
x_re: 206 = 206 + 222
x_im: 462 = 462 + 478
y_re: 223 = (463 - 479) * 45 + (207 - 223) * 44 
y_im: 479 = (463 - 479) * 44 - (207 - 223) * 45 
x_re: 207 = 207 + 223
x_im: 463 = 463 + 479
y_re: 240 = (480 - 496) * 47 + (224 - 240) * 46 
y_im: 496 = (480 - 496) * 46 - (224 - 240) * 47 
x_re: 224 = 224 + 240
x_im: 480 = 480 + 496
y_re: 241 = (481 - 497) * 47 + (225 - 241) * 46 
y_im: 497 = (481 - 497) * 46 - (225 - 241) * 47 
x_re: 225 = 225 + 241
x_im: 481 = 481 + 497
y_re: 242 = (482 - 498) * 47 + (226 - 242) * 46 
y_im: 498 = (482 - 498) * 46 - (226 - 242) * 47 
x_re: 226 = 226 + 242
x_im: 482 = 482 + 498
y_re: 243 = (483 - 499) * 47 + (227 - 243) * 46 
y_im: 499 = (483 - 499) * 46 - (227 - 243) * 47 
x_re: 227 = 227 + 243
x_im: 483 = 483 + 499
y_re: 244 = (484 - 500) * 47 + (228 - 244) * 46 
y_im: 500 = (484 - 500) * 46 - (228 - 244) * 47 
x_re: 228 = 228 + 244
x_im: 484 = 484 + 500
y_re: 245 = (485 - 501) * 47 + (229 - 245) * 46 
y_im: 501 = (485 - 501) * 46 - (229 - 245) * 47 
x_re: 229 = 229 + 245
x_im: 485 = 485 + 501
y_re: 246 = (486 - 502) * 47 + (230 - 246) * 46 
y_im: 502 = (486 - 502) * 46 - (230 - 246) * 47 
x_re: 230 = 230 + 246
x_im: 486 = 486 + 502
y_re: 247 = (487 - 503) * 47 + (231 - 247) * 46 
y_im: 503 = (487 - 503) * 46 - (231 - 247) * 47 
x_re: 231 = 231 + 247
x_im: 487 = 487 + 503
y_re: 248 = (488 - 504) * 47 + (232 - 248) * 46 
y_im: 504 = (488 - 504) * 46 - (232 - 248) * 47 
x_re: 232 = 232 + 248
x_im: 488 = 488 + 504
y_re: 249 = (489 - 505) * 47 + (233 - 249) * 46 
y_im: 505 = (489 - 505) * 46 - (233 - 249) * 47 
x_re: 233 = 233 + 249
x_im: 489 = 489 + 505
y_re: 250 = (490 - 506) * 47 + (234 - 250) * 46 
y_im: 506 = (490 - 506) * 46 - (234 - 250) * 47 
x_re: 234 = 234 + 250
x_im: 490 = 490 + 506
y_re: 251 = (491 - 507) * 47 + (235 - 251) * 46 
y_im: 507 = (491 - 507) * 46 - (235 - 251) * 47 
x_re: 235 = 235 + 251
x_im: 491 = 491 + 507
y_re: 252 = (492 - 508) * 47 + (236 - 252) * 46 
y_im: 508 = (492 - 508) * 46 - (236 - 252) * 47 
x_re: 236 = 236 + 252
x_im: 492 = 492 + 508
y_re: 253 = (493 - 509) * 47 + (237 - 253) * 46 
y_im: 509 = (493 - 509) * 46 - (237 - 253) * 47 
x_re: 237 = 237 + 253
x_im: 493 = 493 + 509
y_re: 254 = (494 - 510) * 47 + (238 - 254) * 46 
y_im: 510 = (494 - 510) * 46 - (238 - 254) * 47 
x_re: 238 = 238 + 254
x_im: 494 = 494 + 510
y_re: 255 = (495 - 511) * 47 + (239 - 255) * 46 
y_im: 511 = (495 - 511) * 46 - (239 - 255) * 47 
x_re: 239 = 239 + 255
x_im: 495 = 495 + 511

y_re: 32 = (256 - 288) * 17 + (0 - 32) * 16 
y_im: 288 = (256 - 288) * 16 - (0 - 32) * 17 
x_re: 0 = 0 + 32
x_im: 256 = 256 + 288
y_re: 33 = (257 - 289) * 17 + (1 - 33) * 16 
y_im: 289 = (257 - 289) * 16 - (1 - 33) * 17 
x_re: 1 = 1 + 33
x_im: 257 = 257 + 289
y_re: 34 = (258 - 290) * 17 + (2 - 34) * 16 
y_im: 290 = (258 - 290) * 16 - (2 - 34) * 17 
x_re: 2 = 2 + 34
x_im: 258 = 258 + 290
y_re: 35 = (259 - 291) * 17 + (3 - 35) * 16 
y_im: 291 = (259 - 291) * 16 - (3 - 35) * 17 
x_re: 3 = 3 + 35
x_im: 259 = 259 + 291
y_re: 36 = (260 - 292) * 17 + (4 - 36) * 16 
y_im: 292 = (260 - 292) * 16 - (4 - 36) * 17 
x_re: 4 = 4 + 36
x_im: 260 = 260 + 292
y_re: 37 = (261 - 293) * 17 + (5 - 37) * 16 
y_im: 293 = (261 - 293) * 16 - (5 - 37) * 17 
x_re: 5 = 5 + 37
x_im: 261 = 261 + 293
y_re: 38 = (262 - 294) * 17 + (6 - 38) * 16 
y_im: 294 = (262 - 294) * 16 - (6 - 38) * 17 
x_re: 6 = 6 + 38
x_im: 262 = 262 + 294
y_re: 39 = (263 - 295) * 17 + (7 - 39) * 16 
y_im: 295 = (263 - 295) * 16 - (7 - 39) * 17 
x_re: 7 = 7 + 39
x_im: 263 = 263 + 295
y_re: 40 = (264 - 296) * 17 + (8 - 40) * 16 
y_im: 296 = (264 - 296) * 16 - (8 - 40) * 17 
x_re: 8 = 8 + 40
x_im: 264 = 264 + 296
y_re: 41 = (265 - 297) * 17 + (9 - 41) * 16 
y_im: 297 = (265 - 297) * 16 - (9 - 41) * 17 
x_re: 9 = 9 + 41
x_im: 265 = 265 + 297
y_re: 42 = (266 - 298) * 17 + (10 - 42) * 16 
y_im: 298 = (266 - 298) * 16 - (10 - 42) * 17 
x_re: 10 = 10 + 42
x_im: 266 = 266 + 298
y_re: 43 = (267 - 299) * 17 + (11 - 43) * 16 
y_im: 299 = (267 - 299) * 16 - (11 - 43) * 17 
x_re: 11 = 11 + 43
x_im: 267 = 267 + 299
y_re: 44 = (268 - 300) * 17 + (12 - 44) * 16 
y_im: 300 = (268 - 300) * 16 - (12 - 44) * 17 
x_re: 12 = 12 + 44
x_im: 268 = 268 + 300
y_re: 45 = (269 - 301) * 17 + (13 - 45) * 16 
y_im: 301 = (269 - 301) * 16 - (13 - 45) * 17 
x_re: 13 = 13 + 45
x_im: 269 = 269 + 301
y_re: 46 = (270 - 302) * 17 + (14 - 46) * 16 
y_im: 302 = (270 - 302) * 16 - (14 - 46) * 17 
x_re: 14 = 14 + 46
x_im: 270 = 270 + 302
y_re: 47 = (271 - 303) * 17 + (15 - 47) * 16 
y_im: 303 = (271 - 303) * 16 - (15 - 47) * 17 
x_re: 15 = 15 + 47
x_im: 271 = 271 + 303
y_re: 48 = (272 - 304) * 17 + (16 - 48) * 16 
y_im: 304 = (272 - 304) * 16 - (16 - 48) * 17 
x_re: 16 = 16 + 48
x_im: 272 = 272 + 304
y_re: 49 = (273 - 305) * 17 + (17 - 49) * 16 
y_im: 305 = (273 - 305) * 16 - (17 - 49) * 17 
x_re: 17 = 17 + 49
x_im: 273 = 273 + 305
y_re: 50 = (274 - 306) * 17 + (18 - 50) * 16 
y_im: 306 = (274 - 306) * 16 - (18 - 50) * 17 
x_re: 18 = 18 + 50
x_im: 274 = 274 + 306
y_re: 51 = (275 - 307) * 17 + (19 - 51) * 16 
y_im: 307 = (275 - 307) * 16 - (19 - 51) * 17 
x_re: 19 = 19 + 51
x_im: 275 = 275 + 307
y_re: 52 = (276 - 308) * 17 + (20 - 52) * 16 
y_im: 308 = (276 - 308) * 16 - (20 - 52) * 17 
x_re: 20 = 20 + 52
x_im: 276 = 276 + 308
y_re: 53 = (277 - 309) * 17 + (21 - 53) * 16 
y_im: 309 = (277 - 309) * 16 - (21 - 53) * 17 
x_re: 21 = 21 + 53
x_im: 277 = 277 + 309
y_re: 54 = (278 - 310) * 17 + (22 - 54) * 16 
y_im: 310 = (278 - 310) * 16 - (22 - 54) * 17 
x_re: 22 = 22 + 54
x_im: 278 = 278 + 310
y_re: 55 = (279 - 311) * 17 + (23 - 55) * 16 
y_im: 311 = (279 - 311) * 16 - (23 - 55) * 17 
x_re: 23 = 23 + 55
x_im: 279 = 279 + 311
y_re: 56 = (280 - 312) * 17 + (24 - 56) * 16 
y_im: 312 = (280 - 312) * 16 - (24 - 56) * 17 
x_re: 24 = 24 + 56
x_im: 280 = 280 + 312
y_re: 57 = (281 - 313) * 17 + (25 - 57) * 16 
y_im: 313 = (281 - 313) * 16 - (25 - 57) * 17 
x_re: 25 = 25 + 57
x_im: 281 = 281 + 313
y_re: 58 = (282 - 314) * 17 + (26 - 58) * 16 
y_im: 314 = (282 - 314) * 16 - (26 - 58) * 17 
x_re: 26 = 26 + 58
x_im: 282 = 282 + 314
y_re: 59 = (283 - 315) * 17 + (27 - 59) * 16 
y_im: 315 = (283 - 315) * 16 - (27 - 59) * 17 
x_re: 27 = 27 + 59
x_im: 283 = 283 + 315
y_re: 60 = (284 - 316) * 17 + (28 - 60) * 16 
y_im: 316 = (284 - 316) * 16 - (28 - 60) * 17 
x_re: 28 = 28 + 60
x_im: 284 = 284 + 316
y_re: 61 = (285 - 317) * 17 + (29 - 61) * 16 
y_im: 317 = (285 - 317) * 16 - (29 - 61) * 17 
x_re: 29 = 29 + 61
x_im: 285 = 285 + 317
y_re: 62 = (286 - 318) * 17 + (30 - 62) * 16 
y_im: 318 = (286 - 318) * 16 - (30 - 62) * 17 
x_re: 30 = 30 + 62
x_im: 286 = 286 + 318
y_re: 63 = (287 - 319) * 17 + (31 - 63) * 16 
y_im: 319 = (287 - 319) * 16 - (31 - 63) * 17 
x_re: 31 = 31 + 63
x_im: 287 = 287 + 319
y_re: 96 = (320 - 352) * 19 + (64 - 96) * 18 
y_im: 352 = (320 - 352) * 18 - (64 - 96) * 19 
x_re: 64 = 64 + 96
x_im: 320 = 320 + 352
y_re: 97 = (321 - 353) * 19 + (65 - 97) * 18 
y_im: 353 = (321 - 353) * 18 - (65 - 97) * 19 
x_re: 65 = 65 + 97
x_im: 321 = 321 + 353
y_re: 98 = (322 - 354) * 19 + (66 - 98) * 18 
y_im: 354 = (322 - 354) * 18 - (66 - 98) * 19 
x_re: 66 = 66 + 98
x_im: 322 = 322 + 354
y_re: 99 = (323 - 355) * 19 + (67 - 99) * 18 
y_im: 355 = (323 - 355) * 18 - (67 - 99) * 19 
x_re: 67 = 67 + 99
x_im: 323 = 323 + 355
y_re: 100 = (324 - 356) * 19 + (68 - 100) * 18 
y_im: 356 = (324 - 356) * 18 - (68 - 100) * 19 
x_re: 68 = 68 + 100
x_im: 324 = 324 + 356
y_re: 101 = (325 - 357) * 19 + (69 - 101) * 18 
y_im: 357 = (325 - 357) * 18 - (69 - 101) * 19 
x_re: 69 = 69 + 101
x_im: 325 = 325 + 357
y_re: 102 = (326 - 358) * 19 + (70 - 102) * 18 
y_im: 358 = (326 - 358) * 18 - (70 - 102) * 19 
x_re: 70 = 70 + 102
x_im: 326 = 326 + 358
y_re: 103 = (327 - 359) * 19 + (71 - 103) * 18 
y_im: 359 = (327 - 359) * 18 - (71 - 103) * 19 
x_re: 71 = 71 + 103
x_im: 327 = 327 + 359
y_re: 104 = (328 - 360) * 19 + (72 - 104) * 18 
y_im: 360 = (328 - 360) * 18 - (72 - 104) * 19 
x_re: 72 = 72 + 104
x_im: 328 = 328 + 360
y_re: 105 = (329 - 361) * 19 + (73 - 105) * 18 
y_im: 361 = (329 - 361) * 18 - (73 - 105) * 19 
x_re: 73 = 73 + 105
x_im: 329 = 329 + 361
y_re: 106 = (330 - 362) * 19 + (74 - 106) * 18 
y_im: 362 = (330 - 362) * 18 - (74 - 106) * 19 
x_re: 74 = 74 + 106
x_im: 330 = 330 + 362
y_re: 107 = (331 - 363) * 19 + (75 - 107) * 18 
y_im: 363 = (331 - 363) * 18 - (75 - 107) * 19 
x_re: 75 = 75 + 107
x_im: 331 = 331 + 363
y_re: 108 = (332 - 364) * 19 + (76 - 108) * 18 
y_im: 364 = (332 - 364) * 18 - (76 - 108) * 19 
x_re: 76 = 76 + 108
x_im: 332 = 332 + 364
y_re: 109 = (333 - 365) * 19 + (77 - 109) * 18 
y_im: 365 = (333 - 365) * 18 - (77 - 109) * 19 
x_re: 77 = 77 + 109
x_im: 333 = 333 + 365
y_re: 110 = (334 - 366) * 19 + (78 - 110) * 18 
y_im: 366 = (334 - 366) * 18 - (78 - 110) * 19 
x_re: 78 = 78 + 110
x_im: 334 = 334 + 366
y_re: 111 = (335 - 367) * 19 + (79 - 111) * 18 
y_im: 367 = (335 - 367) * 18 - (79 - 111) * 19 
x_re: 79 = 79 + 111
x_im: 335 = 335 + 367
y_re: 112 = (336 - 368) * 19 + (80 - 112) * 18 
y_im: 368 = (336 - 368) * 18 - (80 - 112) * 19 
x_re: 80 = 80 + 112
x_im: 336 = 336 + 368
y_re: 113 = (337 - 369) * 19 + (81 - 113) * 18 
y_im: 369 = (337 - 369) * 18 - (81 - 113) * 19 
x_re: 81 = 81 + 113
x_im: 337 = 337 + 369
y_re: 114 = (338 - 370) * 19 + (82 - 114) * 18 
y_im: 370 = (338 - 370) * 18 - (82 - 114) * 19 
x_re: 82 = 82 + 114
x_im: 338 = 338 + 370
y_re: 115 = (339 - 371) * 19 + (83 - 115) * 18 
y_im: 371 = (339 - 371) * 18 - (83 - 115) * 19 
x_re: 83 = 83 + 115
x_im: 339 = 339 + 371
y_re: 116 = (340 - 372) * 19 + (84 - 116) * 18 
y_im: 372 = (340 - 372) * 18 - (84 - 116) * 19 
x_re: 84 = 84 + 116
x_im: 340 = 340 + 372
y_re: 117 = (341 - 373) * 19 + (85 - 117) * 18 
y_im: 373 = (341 - 373) * 18 - (85 - 117) * 19 
x_re: 85 = 85 + 117
x_im: 341 = 341 + 373
y_re: 118 = (342 - 374) * 19 + (86 - 118) * 18 
y_im: 374 = (342 - 374) * 18 - (86 - 118) * 19 
x_re: 86 = 86 + 118
x_im: 342 = 342 + 374
y_re: 119 = (343 - 375) * 19 + (87 - 119) * 18 
y_im: 375 = (343 - 375) * 18 - (87 - 119) * 19 
x_re: 87 = 87 + 119
x_im: 343 = 343 + 375
y_re: 120 = (344 - 376) * 19 + (88 - 120) * 18 
y_im: 376 = (344 - 376) * 18 - (88 - 120) * 19 
x_re: 88 = 88 + 120
x_im: 344 = 344 + 376
y_re: 121 = (345 - 377) * 19 + (89 - 121) * 18 
y_im: 377 = (345 - 377) * 18 - (89 - 121) * 19 
x_re: 89 = 89 + 121
x_im: 345 = 345 + 377
y_re: 122 = (346 - 378) * 19 + (90 - 122) * 18 
y_im: 378 = (346 - 378) * 18 - (90 - 122) * 19 
x_re: 90 = 90 + 122
x_im: 346 = 346 + 378
y_re: 123 = (347 - 379) * 19 + (91 - 123) * 18 
y_im: 379 = (347 - 379) * 18 - (91 - 123) * 19 
x_re: 91 = 91 + 123
x_im: 347 = 347 + 379
y_re: 124 = (348 - 380) * 19 + (92 - 124) * 18 
y_im: 380 = (348 - 380) * 18 - (92 - 124) * 19 
x_re: 92 = 92 + 124
x_im: 348 = 348 + 380
y_re: 125 = (349 - 381) * 19 + (93 - 125) * 18 
y_im: 381 = (349 - 381) * 18 - (93 - 125) * 19 
x_re: 93 = 93 + 125
x_im: 349 = 349 + 381
y_re: 126 = (350 - 382) * 19 + (94 - 126) * 18 
y_im: 382 = (350 - 382) * 18 - (94 - 126) * 19 
x_re: 94 = 94 + 126
x_im: 350 = 350 + 382
y_re: 127 = (351 - 383) * 19 + (95 - 127) * 18 
y_im: 383 = (351 - 383) * 18 - (95 - 127) * 19 
x_re: 95 = 95 + 127
x_im: 351 = 351 + 383
y_re: 160 = (384 - 416) * 21 + (128 - 160) * 20 
y_im: 416 = (384 - 416) * 20 - (128 - 160) * 21 
x_re: 128 = 128 + 160
x_im: 384 = 384 + 416
y_re: 161 = (385 - 417) * 21 + (129 - 161) * 20 
y_im: 417 = (385 - 417) * 20 - (129 - 161) * 21 
x_re: 129 = 129 + 161
x_im: 385 = 385 + 417
y_re: 162 = (386 - 418) * 21 + (130 - 162) * 20 
y_im: 418 = (386 - 418) * 20 - (130 - 162) * 21 
x_re: 130 = 130 + 162
x_im: 386 = 386 + 418
y_re: 163 = (387 - 419) * 21 + (131 - 163) * 20 
y_im: 419 = (387 - 419) * 20 - (131 - 163) * 21 
x_re: 131 = 131 + 163
x_im: 387 = 387 + 419
y_re: 164 = (388 - 420) * 21 + (132 - 164) * 20 
y_im: 420 = (388 - 420) * 20 - (132 - 164) * 21 
x_re: 132 = 132 + 164
x_im: 388 = 388 + 420
y_re: 165 = (389 - 421) * 21 + (133 - 165) * 20 
y_im: 421 = (389 - 421) * 20 - (133 - 165) * 21 
x_re: 133 = 133 + 165
x_im: 389 = 389 + 421
y_re: 166 = (390 - 422) * 21 + (134 - 166) * 20 
y_im: 422 = (390 - 422) * 20 - (134 - 166) * 21 
x_re: 134 = 134 + 166
x_im: 390 = 390 + 422
y_re: 167 = (391 - 423) * 21 + (135 - 167) * 20 
y_im: 423 = (391 - 423) * 20 - (135 - 167) * 21 
x_re: 135 = 135 + 167
x_im: 391 = 391 + 423
y_re: 168 = (392 - 424) * 21 + (136 - 168) * 20 
y_im: 424 = (392 - 424) * 20 - (136 - 168) * 21 
x_re: 136 = 136 + 168
x_im: 392 = 392 + 424
y_re: 169 = (393 - 425) * 21 + (137 - 169) * 20 
y_im: 425 = (393 - 425) * 20 - (137 - 169) * 21 
x_re: 137 = 137 + 169
x_im: 393 = 393 + 425
y_re: 170 = (394 - 426) * 21 + (138 - 170) * 20 
y_im: 426 = (394 - 426) * 20 - (138 - 170) * 21 
x_re: 138 = 138 + 170
x_im: 394 = 394 + 426
y_re: 171 = (395 - 427) * 21 + (139 - 171) * 20 
y_im: 427 = (395 - 427) * 20 - (139 - 171) * 21 
x_re: 139 = 139 + 171
x_im: 395 = 395 + 427
y_re: 172 = (396 - 428) * 21 + (140 - 172) * 20 
y_im: 428 = (396 - 428) * 20 - (140 - 172) * 21 
x_re: 140 = 140 + 172
x_im: 396 = 396 + 428
y_re: 173 = (397 - 429) * 21 + (141 - 173) * 20 
y_im: 429 = (397 - 429) * 20 - (141 - 173) * 21 
x_re: 141 = 141 + 173
x_im: 397 = 397 + 429
y_re: 174 = (398 - 430) * 21 + (142 - 174) * 20 
y_im: 430 = (398 - 430) * 20 - (142 - 174) * 21 
x_re: 142 = 142 + 174
x_im: 398 = 398 + 430
y_re: 175 = (399 - 431) * 21 + (143 - 175) * 20 
y_im: 431 = (399 - 431) * 20 - (143 - 175) * 21 
x_re: 143 = 143 + 175
x_im: 399 = 399 + 431
y_re: 176 = (400 - 432) * 21 + (144 - 176) * 20 
y_im: 432 = (400 - 432) * 20 - (144 - 176) * 21 
x_re: 144 = 144 + 176
x_im: 400 = 400 + 432
y_re: 177 = (401 - 433) * 21 + (145 - 177) * 20 
y_im: 433 = (401 - 433) * 20 - (145 - 177) * 21 
x_re: 145 = 145 + 177
x_im: 401 = 401 + 433
y_re: 178 = (402 - 434) * 21 + (146 - 178) * 20 
y_im: 434 = (402 - 434) * 20 - (146 - 178) * 21 
x_re: 146 = 146 + 178
x_im: 402 = 402 + 434
y_re: 179 = (403 - 435) * 21 + (147 - 179) * 20 
y_im: 435 = (403 - 435) * 20 - (147 - 179) * 21 
x_re: 147 = 147 + 179
x_im: 403 = 403 + 435
y_re: 180 = (404 - 436) * 21 + (148 - 180) * 20 
y_im: 436 = (404 - 436) * 20 - (148 - 180) * 21 
x_re: 148 = 148 + 180
x_im: 404 = 404 + 436
y_re: 181 = (405 - 437) * 21 + (149 - 181) * 20 
y_im: 437 = (405 - 437) * 20 - (149 - 181) * 21 
x_re: 149 = 149 + 181
x_im: 405 = 405 + 437
y_re: 182 = (406 - 438) * 21 + (150 - 182) * 20 
y_im: 438 = (406 - 438) * 20 - (150 - 182) * 21 
x_re: 150 = 150 + 182
x_im: 406 = 406 + 438
y_re: 183 = (407 - 439) * 21 + (151 - 183) * 20 
y_im: 439 = (407 - 439) * 20 - (151 - 183) * 21 
x_re: 151 = 151 + 183
x_im: 407 = 407 + 439
y_re: 184 = (408 - 440) * 21 + (152 - 184) * 20 
y_im: 440 = (408 - 440) * 20 - (152 - 184) * 21 
x_re: 152 = 152 + 184
x_im: 408 = 408 + 440
y_re: 185 = (409 - 441) * 21 + (153 - 185) * 20 
y_im: 441 = (409 - 441) * 20 - (153 - 185) * 21 
x_re: 153 = 153 + 185
x_im: 409 = 409 + 441
y_re: 186 = (410 - 442) * 21 + (154 - 186) * 20 
y_im: 442 = (410 - 442) * 20 - (154 - 186) * 21 
x_re: 154 = 154 + 186
x_im: 410 = 410 + 442
y_re: 187 = (411 - 443) * 21 + (155 - 187) * 20 
y_im: 443 = (411 - 443) * 20 - (155 - 187) * 21 
x_re: 155 = 155 + 187
x_im: 411 = 411 + 443
y_re: 188 = (412 - 444) * 21 + (156 - 188) * 20 
y_im: 444 = (412 - 444) * 20 - (156 - 188) * 21 
x_re: 156 = 156 + 188
x_im: 412 = 412 + 444
y_re: 189 = (413 - 445) * 21 + (157 - 189) * 20 
y_im: 445 = (413 - 445) * 20 - (157 - 189) * 21 
x_re: 157 = 157 + 189
x_im: 413 = 413 + 445
y_re: 190 = (414 - 446) * 21 + (158 - 190) * 20 
y_im: 446 = (414 - 446) * 20 - (158 - 190) * 21 
x_re: 158 = 158 + 190
x_im: 414 = 414 + 446
y_re: 191 = (415 - 447) * 21 + (159 - 191) * 20 
y_im: 447 = (415 - 447) * 20 - (159 - 191) * 21 
x_re: 159 = 159 + 191
x_im: 415 = 415 + 447
y_re: 224 = (448 - 480) * 23 + (192 - 224) * 22 
y_im: 480 = (448 - 480) * 22 - (192 - 224) * 23 
x_re: 192 = 192 + 224
x_im: 448 = 448 + 480
y_re: 225 = (449 - 481) * 23 + (193 - 225) * 22 
y_im: 481 = (449 - 481) * 22 - (193 - 225) * 23 
x_re: 193 = 193 + 225
x_im: 449 = 449 + 481
y_re: 226 = (450 - 482) * 23 + (194 - 226) * 22 
y_im: 482 = (450 - 482) * 22 - (194 - 226) * 23 
x_re: 194 = 194 + 226
x_im: 450 = 450 + 482
y_re: 227 = (451 - 483) * 23 + (195 - 227) * 22 
y_im: 483 = (451 - 483) * 22 - (195 - 227) * 23 
x_re: 195 = 195 + 227
x_im: 451 = 451 + 483
y_re: 228 = (452 - 484) * 23 + (196 - 228) * 22 
y_im: 484 = (452 - 484) * 22 - (196 - 228) * 23 
x_re: 196 = 196 + 228
x_im: 452 = 452 + 484
y_re: 229 = (453 - 485) * 23 + (197 - 229) * 22 
y_im: 485 = (453 - 485) * 22 - (197 - 229) * 23 
x_re: 197 = 197 + 229
x_im: 453 = 453 + 485
y_re: 230 = (454 - 486) * 23 + (198 - 230) * 22 
y_im: 486 = (454 - 486) * 22 - (198 - 230) * 23 
x_re: 198 = 198 + 230
x_im: 454 = 454 + 486
y_re: 231 = (455 - 487) * 23 + (199 - 231) * 22 
y_im: 487 = (455 - 487) * 22 - (199 - 231) * 23 
x_re: 199 = 199 + 231
x_im: 455 = 455 + 487
y_re: 232 = (456 - 488) * 23 + (200 - 232) * 22 
y_im: 488 = (456 - 488) * 22 - (200 - 232) * 23 
x_re: 200 = 200 + 232
x_im: 456 = 456 + 488
y_re: 233 = (457 - 489) * 23 + (201 - 233) * 22 
y_im: 489 = (457 - 489) * 22 - (201 - 233) * 23 
x_re: 201 = 201 + 233
x_im: 457 = 457 + 489
y_re: 234 = (458 - 490) * 23 + (202 - 234) * 22 
y_im: 490 = (458 - 490) * 22 - (202 - 234) * 23 
x_re: 202 = 202 + 234
x_im: 458 = 458 + 490
y_re: 235 = (459 - 491) * 23 + (203 - 235) * 22 
y_im: 491 = (459 - 491) * 22 - (203 - 235) * 23 
x_re: 203 = 203 + 235
x_im: 459 = 459 + 491
y_re: 236 = (460 - 492) * 23 + (204 - 236) * 22 
y_im: 492 = (460 - 492) * 22 - (204 - 236) * 23 
x_re: 204 = 204 + 236
x_im: 460 = 460 + 492
y_re: 237 = (461 - 493) * 23 + (205 - 237) * 22 
y_im: 493 = (461 - 493) * 22 - (205 - 237) * 23 
x_re: 205 = 205 + 237
x_im: 461 = 461 + 493
y_re: 238 = (462 - 494) * 23 + (206 - 238) * 22 
y_im: 494 = (462 - 494) * 22 - (206 - 238) * 23 
x_re: 206 = 206 + 238
x_im: 462 = 462 + 494
y_re: 239 = (463 - 495) * 23 + (207 - 239) * 22 
y_im: 495 = (463 - 495) * 22 - (207 - 239) * 23 
x_re: 207 = 207 + 239
x_im: 463 = 463 + 495
y_re: 240 = (464 - 496) * 23 + (208 - 240) * 22 
y_im: 496 = (464 - 496) * 22 - (208 - 240) * 23 
x_re: 208 = 208 + 240
x_im: 464 = 464 + 496
y_re: 241 = (465 - 497) * 23 + (209 - 241) * 22 
y_im: 497 = (465 - 497) * 22 - (209 - 241) * 23 
x_re: 209 = 209 + 241
x_im: 465 = 465 + 497
y_re: 242 = (466 - 498) * 23 + (210 - 242) * 22 
y_im: 498 = (466 - 498) * 22 - (210 - 242) * 23 
x_re: 210 = 210 + 242
x_im: 466 = 466 + 498
y_re: 243 = (467 - 499) * 23 + (211 - 243) * 22 
y_im: 499 = (467 - 499) * 22 - (211 - 243) * 23 
x_re: 211 = 211 + 243
x_im: 467 = 467 + 499
y_re: 244 = (468 - 500) * 23 + (212 - 244) * 22 
y_im: 500 = (468 - 500) * 22 - (212 - 244) * 23 
x_re: 212 = 212 + 244
x_im: 468 = 468 + 500
y_re: 245 = (469 - 501) * 23 + (213 - 245) * 22 
y_im: 501 = (469 - 501) * 22 - (213 - 245) * 23 
x_re: 213 = 213 + 245
x_im: 469 = 469 + 501
y_re: 246 = (470 - 502) * 23 + (214 - 246) * 22 
y_im: 502 = (470 - 502) * 22 - (214 - 246) * 23 
x_re: 214 = 214 + 246
x_im: 470 = 470 + 502
y_re: 247 = (471 - 503) * 23 + (215 - 247) * 22 
y_im: 503 = (471 - 503) * 22 - (215 - 247) * 23 
x_re: 215 = 215 + 247
x_im: 471 = 471 + 503
y_re: 248 = (472 - 504) * 23 + (216 - 248) * 22 
y_im: 504 = (472 - 504) * 22 - (216 - 248) * 23 
x_re: 216 = 216 + 248
x_im: 472 = 472 + 504
y_re: 249 = (473 - 505) * 23 + (217 - 249) * 22 
y_im: 505 = (473 - 505) * 22 - (217 - 249) * 23 
x_re: 217 = 217 + 249
x_im: 473 = 473 + 505
y_re: 250 = (474 - 506) * 23 + (218 - 250) * 22 
y_im: 506 = (474 - 506) * 22 - (218 - 250) * 23 
x_re: 218 = 218 + 250
x_im: 474 = 474 + 506
y_re: 251 = (475 - 507) * 23 + (219 - 251) * 22 
y_im: 507 = (475 - 507) * 22 - (219 - 251) * 23 
x_re: 219 = 219 + 251
x_im: 475 = 475 + 507
y_re: 252 = (476 - 508) * 23 + (220 - 252) * 22 
y_im: 508 = (476 - 508) * 22 - (220 - 252) * 23 
x_re: 220 = 220 + 252
x_im: 476 = 476 + 508
y_re: 253 = (477 - 509) * 23 + (221 - 253) * 22 
y_im: 509 = (477 - 509) * 22 - (221 - 253) * 23 
x_re: 221 = 221 + 253
x_im: 477 = 477 + 509
y_re: 254 = (478 - 510) * 23 + (222 - 254) * 22 
y_im: 510 = (478 - 510) * 22 - (222 - 254) * 23 
x_re: 222 = 222 + 254
x_im: 478 = 478 + 510
y_re: 255 = (479 - 511) * 23 + (223 - 255) * 22 
y_im: 511 = (479 - 511) * 22 - (223 - 255) * 23 
x_re: 223 = 223 + 255
x_im: 479 = 479 + 511

y_re: 64 = (256 - 320) * 9 + (0 - 64) * 8 
y_im: 320 = (256 - 320) * 8 - (0 - 64) * 9 
x_re: 0 = 0 + 64
x_im: 256 = 256 + 320
y_re: 65 = (257 - 321) * 9 + (1 - 65) * 8 
y_im: 321 = (257 - 321) * 8 - (1 - 65) * 9 
x_re: 1 = 1 + 65
x_im: 257 = 257 + 321
y_re: 66 = (258 - 322) * 9 + (2 - 66) * 8 
y_im: 322 = (258 - 322) * 8 - (2 - 66) * 9 
x_re: 2 = 2 + 66
x_im: 258 = 258 + 322
y_re: 67 = (259 - 323) * 9 + (3 - 67) * 8 
y_im: 323 = (259 - 323) * 8 - (3 - 67) * 9 
x_re: 3 = 3 + 67
x_im: 259 = 259 + 323
y_re: 68 = (260 - 324) * 9 + (4 - 68) * 8 
y_im: 324 = (260 - 324) * 8 - (4 - 68) * 9 
x_re: 4 = 4 + 68
x_im: 260 = 260 + 324
y_re: 69 = (261 - 325) * 9 + (5 - 69) * 8 
y_im: 325 = (261 - 325) * 8 - (5 - 69) * 9 
x_re: 5 = 5 + 69
x_im: 261 = 261 + 325
y_re: 70 = (262 - 326) * 9 + (6 - 70) * 8 
y_im: 326 = (262 - 326) * 8 - (6 - 70) * 9 
x_re: 6 = 6 + 70
x_im: 262 = 262 + 326
y_re: 71 = (263 - 327) * 9 + (7 - 71) * 8 
y_im: 327 = (263 - 327) * 8 - (7 - 71) * 9 
x_re: 7 = 7 + 71
x_im: 263 = 263 + 327
y_re: 72 = (264 - 328) * 9 + (8 - 72) * 8 
y_im: 328 = (264 - 328) * 8 - (8 - 72) * 9 
x_re: 8 = 8 + 72
x_im: 264 = 264 + 328
y_re: 73 = (265 - 329) * 9 + (9 - 73) * 8 
y_im: 329 = (265 - 329) * 8 - (9 - 73) * 9 
x_re: 9 = 9 + 73
x_im: 265 = 265 + 329
y_re: 74 = (266 - 330) * 9 + (10 - 74) * 8 
y_im: 330 = (266 - 330) * 8 - (10 - 74) * 9 
x_re: 10 = 10 + 74
x_im: 266 = 266 + 330
y_re: 75 = (267 - 331) * 9 + (11 - 75) * 8 
y_im: 331 = (267 - 331) * 8 - (11 - 75) * 9 
x_re: 11 = 11 + 75
x_im: 267 = 267 + 331
y_re: 76 = (268 - 332) * 9 + (12 - 76) * 8 
y_im: 332 = (268 - 332) * 8 - (12 - 76) * 9 
x_re: 12 = 12 + 76
x_im: 268 = 268 + 332
y_re: 77 = (269 - 333) * 9 + (13 - 77) * 8 
y_im: 333 = (269 - 333) * 8 - (13 - 77) * 9 
x_re: 13 = 13 + 77
x_im: 269 = 269 + 333
y_re: 78 = (270 - 334) * 9 + (14 - 78) * 8 
y_im: 334 = (270 - 334) * 8 - (14 - 78) * 9 
x_re: 14 = 14 + 78
x_im: 270 = 270 + 334
y_re: 79 = (271 - 335) * 9 + (15 - 79) * 8 
y_im: 335 = (271 - 335) * 8 - (15 - 79) * 9 
x_re: 15 = 15 + 79
x_im: 271 = 271 + 335
y_re: 80 = (272 - 336) * 9 + (16 - 80) * 8 
y_im: 336 = (272 - 336) * 8 - (16 - 80) * 9 
x_re: 16 = 16 + 80
x_im: 272 = 272 + 336
y_re: 81 = (273 - 337) * 9 + (17 - 81) * 8 
y_im: 337 = (273 - 337) * 8 - (17 - 81) * 9 
x_re: 17 = 17 + 81
x_im: 273 = 273 + 337
y_re: 82 = (274 - 338) * 9 + (18 - 82) * 8 
y_im: 338 = (274 - 338) * 8 - (18 - 82) * 9 
x_re: 18 = 18 + 82
x_im: 274 = 274 + 338
y_re: 83 = (275 - 339) * 9 + (19 - 83) * 8 
y_im: 339 = (275 - 339) * 8 - (19 - 83) * 9 
x_re: 19 = 19 + 83
x_im: 275 = 275 + 339
y_re: 84 = (276 - 340) * 9 + (20 - 84) * 8 
y_im: 340 = (276 - 340) * 8 - (20 - 84) * 9 
x_re: 20 = 20 + 84
x_im: 276 = 276 + 340
y_re: 85 = (277 - 341) * 9 + (21 - 85) * 8 
y_im: 341 = (277 - 341) * 8 - (21 - 85) * 9 
x_re: 21 = 21 + 85
x_im: 277 = 277 + 341
y_re: 86 = (278 - 342) * 9 + (22 - 86) * 8 
y_im: 342 = (278 - 342) * 8 - (22 - 86) * 9 
x_re: 22 = 22 + 86
x_im: 278 = 278 + 342
y_re: 87 = (279 - 343) * 9 + (23 - 87) * 8 
y_im: 343 = (279 - 343) * 8 - (23 - 87) * 9 
x_re: 23 = 23 + 87
x_im: 279 = 279 + 343
y_re: 88 = (280 - 344) * 9 + (24 - 88) * 8 
y_im: 344 = (280 - 344) * 8 - (24 - 88) * 9 
x_re: 24 = 24 + 88
x_im: 280 = 280 + 344
y_re: 89 = (281 - 345) * 9 + (25 - 89) * 8 
y_im: 345 = (281 - 345) * 8 - (25 - 89) * 9 
x_re: 25 = 25 + 89
x_im: 281 = 281 + 345
y_re: 90 = (282 - 346) * 9 + (26 - 90) * 8 
y_im: 346 = (282 - 346) * 8 - (26 - 90) * 9 
x_re: 26 = 26 + 90
x_im: 282 = 282 + 346
y_re: 91 = (283 - 347) * 9 + (27 - 91) * 8 
y_im: 347 = (283 - 347) * 8 - (27 - 91) * 9 
x_re: 27 = 27 + 91
x_im: 283 = 283 + 347
y_re: 92 = (284 - 348) * 9 + (28 - 92) * 8 
y_im: 348 = (284 - 348) * 8 - (28 - 92) * 9 
x_re: 28 = 28 + 92
x_im: 284 = 284 + 348
y_re: 93 = (285 - 349) * 9 + (29 - 93) * 8 
y_im: 349 = (285 - 349) * 8 - (29 - 93) * 9 
x_re: 29 = 29 + 93
x_im: 285 = 285 + 349
y_re: 94 = (286 - 350) * 9 + (30 - 94) * 8 
y_im: 350 = (286 - 350) * 8 - (30 - 94) * 9 
x_re: 30 = 30 + 94
x_im: 286 = 286 + 350
y_re: 95 = (287 - 351) * 9 + (31 - 95) * 8 
y_im: 351 = (287 - 351) * 8 - (31 - 95) * 9 
x_re: 31 = 31 + 95
x_im: 287 = 287 + 351
y_re: 96 = (288 - 352) * 9 + (32 - 96) * 8 
y_im: 352 = (288 - 352) * 8 - (32 - 96) * 9 
x_re: 32 = 32 + 96
x_im: 288 = 288 + 352
y_re: 97 = (289 - 353) * 9 + (33 - 97) * 8 
y_im: 353 = (289 - 353) * 8 - (33 - 97) * 9 
x_re: 33 = 33 + 97
x_im: 289 = 289 + 353
y_re: 98 = (290 - 354) * 9 + (34 - 98) * 8 
y_im: 354 = (290 - 354) * 8 - (34 - 98) * 9 
x_re: 34 = 34 + 98
x_im: 290 = 290 + 354
y_re: 99 = (291 - 355) * 9 + (35 - 99) * 8 
y_im: 355 = (291 - 355) * 8 - (35 - 99) * 9 
x_re: 35 = 35 + 99
x_im: 291 = 291 + 355
y_re: 100 = (292 - 356) * 9 + (36 - 100) * 8 
y_im: 356 = (292 - 356) * 8 - (36 - 100) * 9 
x_re: 36 = 36 + 100
x_im: 292 = 292 + 356
y_re: 101 = (293 - 357) * 9 + (37 - 101) * 8 
y_im: 357 = (293 - 357) * 8 - (37 - 101) * 9 
x_re: 37 = 37 + 101
x_im: 293 = 293 + 357
y_re: 102 = (294 - 358) * 9 + (38 - 102) * 8 
y_im: 358 = (294 - 358) * 8 - (38 - 102) * 9 
x_re: 38 = 38 + 102
x_im: 294 = 294 + 358
y_re: 103 = (295 - 359) * 9 + (39 - 103) * 8 
y_im: 359 = (295 - 359) * 8 - (39 - 103) * 9 
x_re: 39 = 39 + 103
x_im: 295 = 295 + 359
y_re: 104 = (296 - 360) * 9 + (40 - 104) * 8 
y_im: 360 = (296 - 360) * 8 - (40 - 104) * 9 
x_re: 40 = 40 + 104
x_im: 296 = 296 + 360
y_re: 105 = (297 - 361) * 9 + (41 - 105) * 8 
y_im: 361 = (297 - 361) * 8 - (41 - 105) * 9 
x_re: 41 = 41 + 105
x_im: 297 = 297 + 361
y_re: 106 = (298 - 362) * 9 + (42 - 106) * 8 
y_im: 362 = (298 - 362) * 8 - (42 - 106) * 9 
x_re: 42 = 42 + 106
x_im: 298 = 298 + 362
y_re: 107 = (299 - 363) * 9 + (43 - 107) * 8 
y_im: 363 = (299 - 363) * 8 - (43 - 107) * 9 
x_re: 43 = 43 + 107
x_im: 299 = 299 + 363
y_re: 108 = (300 - 364) * 9 + (44 - 108) * 8 
y_im: 364 = (300 - 364) * 8 - (44 - 108) * 9 
x_re: 44 = 44 + 108
x_im: 300 = 300 + 364
y_re: 109 = (301 - 365) * 9 + (45 - 109) * 8 
y_im: 365 = (301 - 365) * 8 - (45 - 109) * 9 
x_re: 45 = 45 + 109
x_im: 301 = 301 + 365
y_re: 110 = (302 - 366) * 9 + (46 - 110) * 8 
y_im: 366 = (302 - 366) * 8 - (46 - 110) * 9 
x_re: 46 = 46 + 110
x_im: 302 = 302 + 366
y_re: 111 = (303 - 367) * 9 + (47 - 111) * 8 
y_im: 367 = (303 - 367) * 8 - (47 - 111) * 9 
x_re: 47 = 47 + 111
x_im: 303 = 303 + 367
y_re: 112 = (304 - 368) * 9 + (48 - 112) * 8 
y_im: 368 = (304 - 368) * 8 - (48 - 112) * 9 
x_re: 48 = 48 + 112
x_im: 304 = 304 + 368
y_re: 113 = (305 - 369) * 9 + (49 - 113) * 8 
y_im: 369 = (305 - 369) * 8 - (49 - 113) * 9 
x_re: 49 = 49 + 113
x_im: 305 = 305 + 369
y_re: 114 = (306 - 370) * 9 + (50 - 114) * 8 
y_im: 370 = (306 - 370) * 8 - (50 - 114) * 9 
x_re: 50 = 50 + 114
x_im: 306 = 306 + 370
y_re: 115 = (307 - 371) * 9 + (51 - 115) * 8 
y_im: 371 = (307 - 371) * 8 - (51 - 115) * 9 
x_re: 51 = 51 + 115
x_im: 307 = 307 + 371
y_re: 116 = (308 - 372) * 9 + (52 - 116) * 8 
y_im: 372 = (308 - 372) * 8 - (52 - 116) * 9 
x_re: 52 = 52 + 116
x_im: 308 = 308 + 372
y_re: 117 = (309 - 373) * 9 + (53 - 117) * 8 
y_im: 373 = (309 - 373) * 8 - (53 - 117) * 9 
x_re: 53 = 53 + 117
x_im: 309 = 309 + 373
y_re: 118 = (310 - 374) * 9 + (54 - 118) * 8 
y_im: 374 = (310 - 374) * 8 - (54 - 118) * 9 
x_re: 54 = 54 + 118
x_im: 310 = 310 + 374
y_re: 119 = (311 - 375) * 9 + (55 - 119) * 8 
y_im: 375 = (311 - 375) * 8 - (55 - 119) * 9 
x_re: 55 = 55 + 119
x_im: 311 = 311 + 375
y_re: 120 = (312 - 376) * 9 + (56 - 120) * 8 
y_im: 376 = (312 - 376) * 8 - (56 - 120) * 9 
x_re: 56 = 56 + 120
x_im: 312 = 312 + 376
y_re: 121 = (313 - 377) * 9 + (57 - 121) * 8 
y_im: 377 = (313 - 377) * 8 - (57 - 121) * 9 
x_re: 57 = 57 + 121
x_im: 313 = 313 + 377
y_re: 122 = (314 - 378) * 9 + (58 - 122) * 8 
y_im: 378 = (314 - 378) * 8 - (58 - 122) * 9 
x_re: 58 = 58 + 122
x_im: 314 = 314 + 378
y_re: 123 = (315 - 379) * 9 + (59 - 123) * 8 
y_im: 379 = (315 - 379) * 8 - (59 - 123) * 9 
x_re: 59 = 59 + 123
x_im: 315 = 315 + 379
y_re: 124 = (316 - 380) * 9 + (60 - 124) * 8 
y_im: 380 = (316 - 380) * 8 - (60 - 124) * 9 
x_re: 60 = 60 + 124
x_im: 316 = 316 + 380
y_re: 125 = (317 - 381) * 9 + (61 - 125) * 8 
y_im: 381 = (317 - 381) * 8 - (61 - 125) * 9 
x_re: 61 = 61 + 125
x_im: 317 = 317 + 381
y_re: 126 = (318 - 382) * 9 + (62 - 126) * 8 
y_im: 382 = (318 - 382) * 8 - (62 - 126) * 9 
x_re: 62 = 62 + 126
x_im: 318 = 318 + 382
y_re: 127 = (319 - 383) * 9 + (63 - 127) * 8 
y_im: 383 = (319 - 383) * 8 - (63 - 127) * 9 
x_re: 63 = 63 + 127
x_im: 319 = 319 + 383
y_re: 192 = (384 - 448) * 11 + (128 - 192) * 10 
y_im: 448 = (384 - 448) * 10 - (128 - 192) * 11 
x_re: 128 = 128 + 192
x_im: 384 = 384 + 448
y_re: 193 = (385 - 449) * 11 + (129 - 193) * 10 
y_im: 449 = (385 - 449) * 10 - (129 - 193) * 11 
x_re: 129 = 129 + 193
x_im: 385 = 385 + 449
y_re: 194 = (386 - 450) * 11 + (130 - 194) * 10 
y_im: 450 = (386 - 450) * 10 - (130 - 194) * 11 
x_re: 130 = 130 + 194
x_im: 386 = 386 + 450
y_re: 195 = (387 - 451) * 11 + (131 - 195) * 10 
y_im: 451 = (387 - 451) * 10 - (131 - 195) * 11 
x_re: 131 = 131 + 195
x_im: 387 = 387 + 451
y_re: 196 = (388 - 452) * 11 + (132 - 196) * 10 
y_im: 452 = (388 - 452) * 10 - (132 - 196) * 11 
x_re: 132 = 132 + 196
x_im: 388 = 388 + 452
y_re: 197 = (389 - 453) * 11 + (133 - 197) * 10 
y_im: 453 = (389 - 453) * 10 - (133 - 197) * 11 
x_re: 133 = 133 + 197
x_im: 389 = 389 + 453
y_re: 198 = (390 - 454) * 11 + (134 - 198) * 10 
y_im: 454 = (390 - 454) * 10 - (134 - 198) * 11 
x_re: 134 = 134 + 198
x_im: 390 = 390 + 454
y_re: 199 = (391 - 455) * 11 + (135 - 199) * 10 
y_im: 455 = (391 - 455) * 10 - (135 - 199) * 11 
x_re: 135 = 135 + 199
x_im: 391 = 391 + 455
y_re: 200 = (392 - 456) * 11 + (136 - 200) * 10 
y_im: 456 = (392 - 456) * 10 - (136 - 200) * 11 
x_re: 136 = 136 + 200
x_im: 392 = 392 + 456
y_re: 201 = (393 - 457) * 11 + (137 - 201) * 10 
y_im: 457 = (393 - 457) * 10 - (137 - 201) * 11 
x_re: 137 = 137 + 201
x_im: 393 = 393 + 457
y_re: 202 = (394 - 458) * 11 + (138 - 202) * 10 
y_im: 458 = (394 - 458) * 10 - (138 - 202) * 11 
x_re: 138 = 138 + 202
x_im: 394 = 394 + 458
y_re: 203 = (395 - 459) * 11 + (139 - 203) * 10 
y_im: 459 = (395 - 459) * 10 - (139 - 203) * 11 
x_re: 139 = 139 + 203
x_im: 395 = 395 + 459
y_re: 204 = (396 - 460) * 11 + (140 - 204) * 10 
y_im: 460 = (396 - 460) * 10 - (140 - 204) * 11 
x_re: 140 = 140 + 204
x_im: 396 = 396 + 460
y_re: 205 = (397 - 461) * 11 + (141 - 205) * 10 
y_im: 461 = (397 - 461) * 10 - (141 - 205) * 11 
x_re: 141 = 141 + 205
x_im: 397 = 397 + 461
y_re: 206 = (398 - 462) * 11 + (142 - 206) * 10 
y_im: 462 = (398 - 462) * 10 - (142 - 206) * 11 
x_re: 142 = 142 + 206
x_im: 398 = 398 + 462
y_re: 207 = (399 - 463) * 11 + (143 - 207) * 10 
y_im: 463 = (399 - 463) * 10 - (143 - 207) * 11 
x_re: 143 = 143 + 207
x_im: 399 = 399 + 463
y_re: 208 = (400 - 464) * 11 + (144 - 208) * 10 
y_im: 464 = (400 - 464) * 10 - (144 - 208) * 11 
x_re: 144 = 144 + 208
x_im: 400 = 400 + 464
y_re: 209 = (401 - 465) * 11 + (145 - 209) * 10 
y_im: 465 = (401 - 465) * 10 - (145 - 209) * 11 
x_re: 145 = 145 + 209
x_im: 401 = 401 + 465
y_re: 210 = (402 - 466) * 11 + (146 - 210) * 10 
y_im: 466 = (402 - 466) * 10 - (146 - 210) * 11 
x_re: 146 = 146 + 210
x_im: 402 = 402 + 466
y_re: 211 = (403 - 467) * 11 + (147 - 211) * 10 
y_im: 467 = (403 - 467) * 10 - (147 - 211) * 11 
x_re: 147 = 147 + 211
x_im: 403 = 403 + 467
y_re: 212 = (404 - 468) * 11 + (148 - 212) * 10 
y_im: 468 = (404 - 468) * 10 - (148 - 212) * 11 
x_re: 148 = 148 + 212
x_im: 404 = 404 + 468
y_re: 213 = (405 - 469) * 11 + (149 - 213) * 10 
y_im: 469 = (405 - 469) * 10 - (149 - 213) * 11 
x_re: 149 = 149 + 213
x_im: 405 = 405 + 469
y_re: 214 = (406 - 470) * 11 + (150 - 214) * 10 
y_im: 470 = (406 - 470) * 10 - (150 - 214) * 11 
x_re: 150 = 150 + 214
x_im: 406 = 406 + 470
y_re: 215 = (407 - 471) * 11 + (151 - 215) * 10 
y_im: 471 = (407 - 471) * 10 - (151 - 215) * 11 
x_re: 151 = 151 + 215
x_im: 407 = 407 + 471
y_re: 216 = (408 - 472) * 11 + (152 - 216) * 10 
y_im: 472 = (408 - 472) * 10 - (152 - 216) * 11 
x_re: 152 = 152 + 216
x_im: 408 = 408 + 472
y_re: 217 = (409 - 473) * 11 + (153 - 217) * 10 
y_im: 473 = (409 - 473) * 10 - (153 - 217) * 11 
x_re: 153 = 153 + 217
x_im: 409 = 409 + 473
y_re: 218 = (410 - 474) * 11 + (154 - 218) * 10 
y_im: 474 = (410 - 474) * 10 - (154 - 218) * 11 
x_re: 154 = 154 + 218
x_im: 410 = 410 + 474
y_re: 219 = (411 - 475) * 11 + (155 - 219) * 10 
y_im: 475 = (411 - 475) * 10 - (155 - 219) * 11 
x_re: 155 = 155 + 219
x_im: 411 = 411 + 475
y_re: 220 = (412 - 476) * 11 + (156 - 220) * 10 
y_im: 476 = (412 - 476) * 10 - (156 - 220) * 11 
x_re: 156 = 156 + 220
x_im: 412 = 412 + 476
y_re: 221 = (413 - 477) * 11 + (157 - 221) * 10 
y_im: 477 = (413 - 477) * 10 - (157 - 221) * 11 
x_re: 157 = 157 + 221
x_im: 413 = 413 + 477
y_re: 222 = (414 - 478) * 11 + (158 - 222) * 10 
y_im: 478 = (414 - 478) * 10 - (158 - 222) * 11 
x_re: 158 = 158 + 222
x_im: 414 = 414 + 478
y_re: 223 = (415 - 479) * 11 + (159 - 223) * 10 
y_im: 479 = (415 - 479) * 10 - (159 - 223) * 11 
x_re: 159 = 159 + 223
x_im: 415 = 415 + 479
y_re: 224 = (416 - 480) * 11 + (160 - 224) * 10 
y_im: 480 = (416 - 480) * 10 - (160 - 224) * 11 
x_re: 160 = 160 + 224
x_im: 416 = 416 + 480
y_re: 225 = (417 - 481) * 11 + (161 - 225) * 10 
y_im: 481 = (417 - 481) * 10 - (161 - 225) * 11 
x_re: 161 = 161 + 225
x_im: 417 = 417 + 481
y_re: 226 = (418 - 482) * 11 + (162 - 226) * 10 
y_im: 482 = (418 - 482) * 10 - (162 - 226) * 11 
x_re: 162 = 162 + 226
x_im: 418 = 418 + 482
y_re: 227 = (419 - 483) * 11 + (163 - 227) * 10 
y_im: 483 = (419 - 483) * 10 - (163 - 227) * 11 
x_re: 163 = 163 + 227
x_im: 419 = 419 + 483
y_re: 228 = (420 - 484) * 11 + (164 - 228) * 10 
y_im: 484 = (420 - 484) * 10 - (164 - 228) * 11 
x_re: 164 = 164 + 228
x_im: 420 = 420 + 484
y_re: 229 = (421 - 485) * 11 + (165 - 229) * 10 
y_im: 485 = (421 - 485) * 10 - (165 - 229) * 11 
x_re: 165 = 165 + 229
x_im: 421 = 421 + 485
y_re: 230 = (422 - 486) * 11 + (166 - 230) * 10 
y_im: 486 = (422 - 486) * 10 - (166 - 230) * 11 
x_re: 166 = 166 + 230
x_im: 422 = 422 + 486
y_re: 231 = (423 - 487) * 11 + (167 - 231) * 10 
y_im: 487 = (423 - 487) * 10 - (167 - 231) * 11 
x_re: 167 = 167 + 231
x_im: 423 = 423 + 487
y_re: 232 = (424 - 488) * 11 + (168 - 232) * 10 
y_im: 488 = (424 - 488) * 10 - (168 - 232) * 11 
x_re: 168 = 168 + 232
x_im: 424 = 424 + 488
y_re: 233 = (425 - 489) * 11 + (169 - 233) * 10 
y_im: 489 = (425 - 489) * 10 - (169 - 233) * 11 
x_re: 169 = 169 + 233
x_im: 425 = 425 + 489
y_re: 234 = (426 - 490) * 11 + (170 - 234) * 10 
y_im: 490 = (426 - 490) * 10 - (170 - 234) * 11 
x_re: 170 = 170 + 234
x_im: 426 = 426 + 490
y_re: 235 = (427 - 491) * 11 + (171 - 235) * 10 
y_im: 491 = (427 - 491) * 10 - (171 - 235) * 11 
x_re: 171 = 171 + 235
x_im: 427 = 427 + 491
y_re: 236 = (428 - 492) * 11 + (172 - 236) * 10 
y_im: 492 = (428 - 492) * 10 - (172 - 236) * 11 
x_re: 172 = 172 + 236
x_im: 428 = 428 + 492
y_re: 237 = (429 - 493) * 11 + (173 - 237) * 10 
y_im: 493 = (429 - 493) * 10 - (173 - 237) * 11 
x_re: 173 = 173 + 237
x_im: 429 = 429 + 493
y_re: 238 = (430 - 494) * 11 + (174 - 238) * 10 
y_im: 494 = (430 - 494) * 10 - (174 - 238) * 11 
x_re: 174 = 174 + 238
x_im: 430 = 430 + 494
y_re: 239 = (431 - 495) * 11 + (175 - 239) * 10 
y_im: 495 = (431 - 495) * 10 - (175 - 239) * 11 
x_re: 175 = 175 + 239
x_im: 431 = 431 + 495
y_re: 240 = (432 - 496) * 11 + (176 - 240) * 10 
y_im: 496 = (432 - 496) * 10 - (176 - 240) * 11 
x_re: 176 = 176 + 240
x_im: 432 = 432 + 496
y_re: 241 = (433 - 497) * 11 + (177 - 241) * 10 
y_im: 497 = (433 - 497) * 10 - (177 - 241) * 11 
x_re: 177 = 177 + 241
x_im: 433 = 433 + 497
y_re: 242 = (434 - 498) * 11 + (178 - 242) * 10 
y_im: 498 = (434 - 498) * 10 - (178 - 242) * 11 
x_re: 178 = 178 + 242
x_im: 434 = 434 + 498
y_re: 243 = (435 - 499) * 11 + (179 - 243) * 10 
y_im: 499 = (435 - 499) * 10 - (179 - 243) * 11 
x_re: 179 = 179 + 243
x_im: 435 = 435 + 499
y_re: 244 = (436 - 500) * 11 + (180 - 244) * 10 
y_im: 500 = (436 - 500) * 10 - (180 - 244) * 11 
x_re: 180 = 180 + 244
x_im: 436 = 436 + 500
y_re: 245 = (437 - 501) * 11 + (181 - 245) * 10 
y_im: 501 = (437 - 501) * 10 - (181 - 245) * 11 
x_re: 181 = 181 + 245
x_im: 437 = 437 + 501
y_re: 246 = (438 - 502) * 11 + (182 - 246) * 10 
y_im: 502 = (438 - 502) * 10 - (182 - 246) * 11 
x_re: 182 = 182 + 246
x_im: 438 = 438 + 502
y_re: 247 = (439 - 503) * 11 + (183 - 247) * 10 
y_im: 503 = (439 - 503) * 10 - (183 - 247) * 11 
x_re: 183 = 183 + 247
x_im: 439 = 439 + 503
y_re: 248 = (440 - 504) * 11 + (184 - 248) * 10 
y_im: 504 = (440 - 504) * 10 - (184 - 248) * 11 
x_re: 184 = 184 + 248
x_im: 440 = 440 + 504
y_re: 249 = (441 - 505) * 11 + (185 - 249) * 10 
y_im: 505 = (441 - 505) * 10 - (185 - 249) * 11 
x_re: 185 = 185 + 249
x_im: 441 = 441 + 505
y_re: 250 = (442 - 506) * 11 + (186 - 250) * 10 
y_im: 506 = (442 - 506) * 10 - (186 - 250) * 11 
x_re: 186 = 186 + 250
x_im: 442 = 442 + 506
y_re: 251 = (443 - 507) * 11 + (187 - 251) * 10 
y_im: 507 = (443 - 507) * 10 - (187 - 251) * 11 
x_re: 187 = 187 + 251
x_im: 443 = 443 + 507
y_re: 252 = (444 - 508) * 11 + (188 - 252) * 10 
y_im: 508 = (444 - 508) * 10 - (188 - 252) * 11 
x_re: 188 = 188 + 252
x_im: 444 = 444 + 508
y_re: 253 = (445 - 509) * 11 + (189 - 253) * 10 
y_im: 509 = (445 - 509) * 10 - (189 - 253) * 11 
x_re: 189 = 189 + 253
x_im: 445 = 445 + 509
y_re: 254 = (446 - 510) * 11 + (190 - 254) * 10 
y_im: 510 = (446 - 510) * 10 - (190 - 254) * 11 
x_re: 190 = 190 + 254
x_im: 446 = 446 + 510
y_re: 255 = (447 - 511) * 11 + (191 - 255) * 10 
y_im: 511 = (447 - 511) * 10 - (191 - 255) * 11 
x_re: 191 = 191 + 255
x_im: 447 = 447 + 511

y_re: 128 = (256 - 384) * 5 + (0 - 128) * 4 
y_im: 384 = (256 - 384) * 4 - (0 - 128) * 5 
x_re: 0 = 0 + 128
x_im: 256 = 256 + 384
y_re: 129 = (257 - 385) * 5 + (1 - 129) * 4 
y_im: 385 = (257 - 385) * 4 - (1 - 129) * 5 
x_re: 1 = 1 + 129
x_im: 257 = 257 + 385
y_re: 130 = (258 - 386) * 5 + (2 - 130) * 4 
y_im: 386 = (258 - 386) * 4 - (2 - 130) * 5 
x_re: 2 = 2 + 130
x_im: 258 = 258 + 386
y_re: 131 = (259 - 387) * 5 + (3 - 131) * 4 
y_im: 387 = (259 - 387) * 4 - (3 - 131) * 5 
x_re: 3 = 3 + 131
x_im: 259 = 259 + 387
y_re: 132 = (260 - 388) * 5 + (4 - 132) * 4 
y_im: 388 = (260 - 388) * 4 - (4 - 132) * 5 
x_re: 4 = 4 + 132
x_im: 260 = 260 + 388
y_re: 133 = (261 - 389) * 5 + (5 - 133) * 4 
y_im: 389 = (261 - 389) * 4 - (5 - 133) * 5 
x_re: 5 = 5 + 133
x_im: 261 = 261 + 389
y_re: 134 = (262 - 390) * 5 + (6 - 134) * 4 
y_im: 390 = (262 - 390) * 4 - (6 - 134) * 5 
x_re: 6 = 6 + 134
x_im: 262 = 262 + 390
y_re: 135 = (263 - 391) * 5 + (7 - 135) * 4 
y_im: 391 = (263 - 391) * 4 - (7 - 135) * 5 
x_re: 7 = 7 + 135
x_im: 263 = 263 + 391
y_re: 136 = (264 - 392) * 5 + (8 - 136) * 4 
y_im: 392 = (264 - 392) * 4 - (8 - 136) * 5 
x_re: 8 = 8 + 136
x_im: 264 = 264 + 392
y_re: 137 = (265 - 393) * 5 + (9 - 137) * 4 
y_im: 393 = (265 - 393) * 4 - (9 - 137) * 5 
x_re: 9 = 9 + 137
x_im: 265 = 265 + 393
y_re: 138 = (266 - 394) * 5 + (10 - 138) * 4 
y_im: 394 = (266 - 394) * 4 - (10 - 138) * 5 
x_re: 10 = 10 + 138
x_im: 266 = 266 + 394
y_re: 139 = (267 - 395) * 5 + (11 - 139) * 4 
y_im: 395 = (267 - 395) * 4 - (11 - 139) * 5 
x_re: 11 = 11 + 139
x_im: 267 = 267 + 395
y_re: 140 = (268 - 396) * 5 + (12 - 140) * 4 
y_im: 396 = (268 - 396) * 4 - (12 - 140) * 5 
x_re: 12 = 12 + 140
x_im: 268 = 268 + 396
y_re: 141 = (269 - 397) * 5 + (13 - 141) * 4 
y_im: 397 = (269 - 397) * 4 - (13 - 141) * 5 
x_re: 13 = 13 + 141
x_im: 269 = 269 + 397
y_re: 142 = (270 - 398) * 5 + (14 - 142) * 4 
y_im: 398 = (270 - 398) * 4 - (14 - 142) * 5 
x_re: 14 = 14 + 142
x_im: 270 = 270 + 398
y_re: 143 = (271 - 399) * 5 + (15 - 143) * 4 
y_im: 399 = (271 - 399) * 4 - (15 - 143) * 5 
x_re: 15 = 15 + 143
x_im: 271 = 271 + 399
y_re: 144 = (272 - 400) * 5 + (16 - 144) * 4 
y_im: 400 = (272 - 400) * 4 - (16 - 144) * 5 
x_re: 16 = 16 + 144
x_im: 272 = 272 + 400
y_re: 145 = (273 - 401) * 5 + (17 - 145) * 4 
y_im: 401 = (273 - 401) * 4 - (17 - 145) * 5 
x_re: 17 = 17 + 145
x_im: 273 = 273 + 401
y_re: 146 = (274 - 402) * 5 + (18 - 146) * 4 
y_im: 402 = (274 - 402) * 4 - (18 - 146) * 5 
x_re: 18 = 18 + 146
x_im: 274 = 274 + 402
y_re: 147 = (275 - 403) * 5 + (19 - 147) * 4 
y_im: 403 = (275 - 403) * 4 - (19 - 147) * 5 
x_re: 19 = 19 + 147
x_im: 275 = 275 + 403
y_re: 148 = (276 - 404) * 5 + (20 - 148) * 4 
y_im: 404 = (276 - 404) * 4 - (20 - 148) * 5 
x_re: 20 = 20 + 148
x_im: 276 = 276 + 404
y_re: 149 = (277 - 405) * 5 + (21 - 149) * 4 
y_im: 405 = (277 - 405) * 4 - (21 - 149) * 5 
x_re: 21 = 21 + 149
x_im: 277 = 277 + 405
y_re: 150 = (278 - 406) * 5 + (22 - 150) * 4 
y_im: 406 = (278 - 406) * 4 - (22 - 150) * 5 
x_re: 22 = 22 + 150
x_im: 278 = 278 + 406
y_re: 151 = (279 - 407) * 5 + (23 - 151) * 4 
y_im: 407 = (279 - 407) * 4 - (23 - 151) * 5 
x_re: 23 = 23 + 151
x_im: 279 = 279 + 407
y_re: 152 = (280 - 408) * 5 + (24 - 152) * 4 
y_im: 408 = (280 - 408) * 4 - (24 - 152) * 5 
x_re: 24 = 24 + 152
x_im: 280 = 280 + 408
y_re: 153 = (281 - 409) * 5 + (25 - 153) * 4 
y_im: 409 = (281 - 409) * 4 - (25 - 153) * 5 
x_re: 25 = 25 + 153
x_im: 281 = 281 + 409
y_re: 154 = (282 - 410) * 5 + (26 - 154) * 4 
y_im: 410 = (282 - 410) * 4 - (26 - 154) * 5 
x_re: 26 = 26 + 154
x_im: 282 = 282 + 410
y_re: 155 = (283 - 411) * 5 + (27 - 155) * 4 
y_im: 411 = (283 - 411) * 4 - (27 - 155) * 5 
x_re: 27 = 27 + 155
x_im: 283 = 283 + 411
y_re: 156 = (284 - 412) * 5 + (28 - 156) * 4 
y_im: 412 = (284 - 412) * 4 - (28 - 156) * 5 
x_re: 28 = 28 + 156
x_im: 284 = 284 + 412
y_re: 157 = (285 - 413) * 5 + (29 - 157) * 4 
y_im: 413 = (285 - 413) * 4 - (29 - 157) * 5 
x_re: 29 = 29 + 157
x_im: 285 = 285 + 413
y_re: 158 = (286 - 414) * 5 + (30 - 158) * 4 
y_im: 414 = (286 - 414) * 4 - (30 - 158) * 5 
x_re: 30 = 30 + 158
x_im: 286 = 286 + 414
y_re: 159 = (287 - 415) * 5 + (31 - 159) * 4 
y_im: 415 = (287 - 415) * 4 - (31 - 159) * 5 
x_re: 31 = 31 + 159
x_im: 287 = 287 + 415
y_re: 160 = (288 - 416) * 5 + (32 - 160) * 4 
y_im: 416 = (288 - 416) * 4 - (32 - 160) * 5 
x_re: 32 = 32 + 160
x_im: 288 = 288 + 416
y_re: 161 = (289 - 417) * 5 + (33 - 161) * 4 
y_im: 417 = (289 - 417) * 4 - (33 - 161) * 5 
x_re: 33 = 33 + 161
x_im: 289 = 289 + 417
y_re: 162 = (290 - 418) * 5 + (34 - 162) * 4 
y_im: 418 = (290 - 418) * 4 - (34 - 162) * 5 
x_re: 34 = 34 + 162
x_im: 290 = 290 + 418
y_re: 163 = (291 - 419) * 5 + (35 - 163) * 4 
y_im: 419 = (291 - 419) * 4 - (35 - 163) * 5 
x_re: 35 = 35 + 163
x_im: 291 = 291 + 419
y_re: 164 = (292 - 420) * 5 + (36 - 164) * 4 
y_im: 420 = (292 - 420) * 4 - (36 - 164) * 5 
x_re: 36 = 36 + 164
x_im: 292 = 292 + 420
y_re: 165 = (293 - 421) * 5 + (37 - 165) * 4 
y_im: 421 = (293 - 421) * 4 - (37 - 165) * 5 
x_re: 37 = 37 + 165
x_im: 293 = 293 + 421
y_re: 166 = (294 - 422) * 5 + (38 - 166) * 4 
y_im: 422 = (294 - 422) * 4 - (38 - 166) * 5 
x_re: 38 = 38 + 166
x_im: 294 = 294 + 422
y_re: 167 = (295 - 423) * 5 + (39 - 167) * 4 
y_im: 423 = (295 - 423) * 4 - (39 - 167) * 5 
x_re: 39 = 39 + 167
x_im: 295 = 295 + 423
y_re: 168 = (296 - 424) * 5 + (40 - 168) * 4 
y_im: 424 = (296 - 424) * 4 - (40 - 168) * 5 
x_re: 40 = 40 + 168
x_im: 296 = 296 + 424
y_re: 169 = (297 - 425) * 5 + (41 - 169) * 4 
y_im: 425 = (297 - 425) * 4 - (41 - 169) * 5 
x_re: 41 = 41 + 169
x_im: 297 = 297 + 425
y_re: 170 = (298 - 426) * 5 + (42 - 170) * 4 
y_im: 426 = (298 - 426) * 4 - (42 - 170) * 5 
x_re: 42 = 42 + 170
x_im: 298 = 298 + 426
y_re: 171 = (299 - 427) * 5 + (43 - 171) * 4 
y_im: 427 = (299 - 427) * 4 - (43 - 171) * 5 
x_re: 43 = 43 + 171
x_im: 299 = 299 + 427
y_re: 172 = (300 - 428) * 5 + (44 - 172) * 4 
y_im: 428 = (300 - 428) * 4 - (44 - 172) * 5 
x_re: 44 = 44 + 172
x_im: 300 = 300 + 428
y_re: 173 = (301 - 429) * 5 + (45 - 173) * 4 
y_im: 429 = (301 - 429) * 4 - (45 - 173) * 5 
x_re: 45 = 45 + 173
x_im: 301 = 301 + 429
y_re: 174 = (302 - 430) * 5 + (46 - 174) * 4 
y_im: 430 = (302 - 430) * 4 - (46 - 174) * 5 
x_re: 46 = 46 + 174
x_im: 302 = 302 + 430
y_re: 175 = (303 - 431) * 5 + (47 - 175) * 4 
y_im: 431 = (303 - 431) * 4 - (47 - 175) * 5 
x_re: 47 = 47 + 175
x_im: 303 = 303 + 431
y_re: 176 = (304 - 432) * 5 + (48 - 176) * 4 
y_im: 432 = (304 - 432) * 4 - (48 - 176) * 5 
x_re: 48 = 48 + 176
x_im: 304 = 304 + 432
y_re: 177 = (305 - 433) * 5 + (49 - 177) * 4 
y_im: 433 = (305 - 433) * 4 - (49 - 177) * 5 
x_re: 49 = 49 + 177
x_im: 305 = 305 + 433
y_re: 178 = (306 - 434) * 5 + (50 - 178) * 4 
y_im: 434 = (306 - 434) * 4 - (50 - 178) * 5 
x_re: 50 = 50 + 178
x_im: 306 = 306 + 434
y_re: 179 = (307 - 435) * 5 + (51 - 179) * 4 
y_im: 435 = (307 - 435) * 4 - (51 - 179) * 5 
x_re: 51 = 51 + 179
x_im: 307 = 307 + 435
y_re: 180 = (308 - 436) * 5 + (52 - 180) * 4 
y_im: 436 = (308 - 436) * 4 - (52 - 180) * 5 
x_re: 52 = 52 + 180
x_im: 308 = 308 + 436
y_re: 181 = (309 - 437) * 5 + (53 - 181) * 4 
y_im: 437 = (309 - 437) * 4 - (53 - 181) * 5 
x_re: 53 = 53 + 181
x_im: 309 = 309 + 437
y_re: 182 = (310 - 438) * 5 + (54 - 182) * 4 
y_im: 438 = (310 - 438) * 4 - (54 - 182) * 5 
x_re: 54 = 54 + 182
x_im: 310 = 310 + 438
y_re: 183 = (311 - 439) * 5 + (55 - 183) * 4 
y_im: 439 = (311 - 439) * 4 - (55 - 183) * 5 
x_re: 55 = 55 + 183
x_im: 311 = 311 + 439
y_re: 184 = (312 - 440) * 5 + (56 - 184) * 4 
y_im: 440 = (312 - 440) * 4 - (56 - 184) * 5 
x_re: 56 = 56 + 184
x_im: 312 = 312 + 440
y_re: 185 = (313 - 441) * 5 + (57 - 185) * 4 
y_im: 441 = (313 - 441) * 4 - (57 - 185) * 5 
x_re: 57 = 57 + 185
x_im: 313 = 313 + 441
y_re: 186 = (314 - 442) * 5 + (58 - 186) * 4 
y_im: 442 = (314 - 442) * 4 - (58 - 186) * 5 
x_re: 58 = 58 + 186
x_im: 314 = 314 + 442
y_re: 187 = (315 - 443) * 5 + (59 - 187) * 4 
y_im: 443 = (315 - 443) * 4 - (59 - 187) * 5 
x_re: 59 = 59 + 187
x_im: 315 = 315 + 443
y_re: 188 = (316 - 444) * 5 + (60 - 188) * 4 
y_im: 444 = (316 - 444) * 4 - (60 - 188) * 5 
x_re: 60 = 60 + 188
x_im: 316 = 316 + 444
y_re: 189 = (317 - 445) * 5 + (61 - 189) * 4 
y_im: 445 = (317 - 445) * 4 - (61 - 189) * 5 
x_re: 61 = 61 + 189
x_im: 317 = 317 + 445
y_re: 190 = (318 - 446) * 5 + (62 - 190) * 4 
y_im: 446 = (318 - 446) * 4 - (62 - 190) * 5 
x_re: 62 = 62 + 190
x_im: 318 = 318 + 446
y_re: 191 = (319 - 447) * 5 + (63 - 191) * 4 
y_im: 447 = (319 - 447) * 4 - (63 - 191) * 5 
x_re: 63 = 63 + 191
x_im: 319 = 319 + 447
y_re: 192 = (320 - 448) * 5 + (64 - 192) * 4 
y_im: 448 = (320 - 448) * 4 - (64 - 192) * 5 
x_re: 64 = 64 + 192
x_im: 320 = 320 + 448
y_re: 193 = (321 - 449) * 5 + (65 - 193) * 4 
y_im: 449 = (321 - 449) * 4 - (65 - 193) * 5 
x_re: 65 = 65 + 193
x_im: 321 = 321 + 449
y_re: 194 = (322 - 450) * 5 + (66 - 194) * 4 
y_im: 450 = (322 - 450) * 4 - (66 - 194) * 5 
x_re: 66 = 66 + 194
x_im: 322 = 322 + 450
y_re: 195 = (323 - 451) * 5 + (67 - 195) * 4 
y_im: 451 = (323 - 451) * 4 - (67 - 195) * 5 
x_re: 67 = 67 + 195
x_im: 323 = 323 + 451
y_re: 196 = (324 - 452) * 5 + (68 - 196) * 4 
y_im: 452 = (324 - 452) * 4 - (68 - 196) * 5 
x_re: 68 = 68 + 196
x_im: 324 = 324 + 452
y_re: 197 = (325 - 453) * 5 + (69 - 197) * 4 
y_im: 453 = (325 - 453) * 4 - (69 - 197) * 5 
x_re: 69 = 69 + 197
x_im: 325 = 325 + 453
y_re: 198 = (326 - 454) * 5 + (70 - 198) * 4 
y_im: 454 = (326 - 454) * 4 - (70 - 198) * 5 
x_re: 70 = 70 + 198
x_im: 326 = 326 + 454
y_re: 199 = (327 - 455) * 5 + (71 - 199) * 4 
y_im: 455 = (327 - 455) * 4 - (71 - 199) * 5 
x_re: 71 = 71 + 199
x_im: 327 = 327 + 455
y_re: 200 = (328 - 456) * 5 + (72 - 200) * 4 
y_im: 456 = (328 - 456) * 4 - (72 - 200) * 5 
x_re: 72 = 72 + 200
x_im: 328 = 328 + 456
y_re: 201 = (329 - 457) * 5 + (73 - 201) * 4 
y_im: 457 = (329 - 457) * 4 - (73 - 201) * 5 
x_re: 73 = 73 + 201
x_im: 329 = 329 + 457
y_re: 202 = (330 - 458) * 5 + (74 - 202) * 4 
y_im: 458 = (330 - 458) * 4 - (74 - 202) * 5 
x_re: 74 = 74 + 202
x_im: 330 = 330 + 458
y_re: 203 = (331 - 459) * 5 + (75 - 203) * 4 
y_im: 459 = (331 - 459) * 4 - (75 - 203) * 5 
x_re: 75 = 75 + 203
x_im: 331 = 331 + 459
y_re: 204 = (332 - 460) * 5 + (76 - 204) * 4 
y_im: 460 = (332 - 460) * 4 - (76 - 204) * 5 
x_re: 76 = 76 + 204
x_im: 332 = 332 + 460
y_re: 205 = (333 - 461) * 5 + (77 - 205) * 4 
y_im: 461 = (333 - 461) * 4 - (77 - 205) * 5 
x_re: 77 = 77 + 205
x_im: 333 = 333 + 461
y_re: 206 = (334 - 462) * 5 + (78 - 206) * 4 
y_im: 462 = (334 - 462) * 4 - (78 - 206) * 5 
x_re: 78 = 78 + 206
x_im: 334 = 334 + 462
y_re: 207 = (335 - 463) * 5 + (79 - 207) * 4 
y_im: 463 = (335 - 463) * 4 - (79 - 207) * 5 
x_re: 79 = 79 + 207
x_im: 335 = 335 + 463
y_re: 208 = (336 - 464) * 5 + (80 - 208) * 4 
y_im: 464 = (336 - 464) * 4 - (80 - 208) * 5 
x_re: 80 = 80 + 208
x_im: 336 = 336 + 464
y_re: 209 = (337 - 465) * 5 + (81 - 209) * 4 
y_im: 465 = (337 - 465) * 4 - (81 - 209) * 5 
x_re: 81 = 81 + 209
x_im: 337 = 337 + 465
y_re: 210 = (338 - 466) * 5 + (82 - 210) * 4 
y_im: 466 = (338 - 466) * 4 - (82 - 210) * 5 
x_re: 82 = 82 + 210
x_im: 338 = 338 + 466
y_re: 211 = (339 - 467) * 5 + (83 - 211) * 4 
y_im: 467 = (339 - 467) * 4 - (83 - 211) * 5 
x_re: 83 = 83 + 211
x_im: 339 = 339 + 467
y_re: 212 = (340 - 468) * 5 + (84 - 212) * 4 
y_im: 468 = (340 - 468) * 4 - (84 - 212) * 5 
x_re: 84 = 84 + 212
x_im: 340 = 340 + 468
y_re: 213 = (341 - 469) * 5 + (85 - 213) * 4 
y_im: 469 = (341 - 469) * 4 - (85 - 213) * 5 
x_re: 85 = 85 + 213
x_im: 341 = 341 + 469
y_re: 214 = (342 - 470) * 5 + (86 - 214) * 4 
y_im: 470 = (342 - 470) * 4 - (86 - 214) * 5 
x_re: 86 = 86 + 214
x_im: 342 = 342 + 470
y_re: 215 = (343 - 471) * 5 + (87 - 215) * 4 
y_im: 471 = (343 - 471) * 4 - (87 - 215) * 5 
x_re: 87 = 87 + 215
x_im: 343 = 343 + 471
y_re: 216 = (344 - 472) * 5 + (88 - 216) * 4 
y_im: 472 = (344 - 472) * 4 - (88 - 216) * 5 
x_re: 88 = 88 + 216
x_im: 344 = 344 + 472
y_re: 217 = (345 - 473) * 5 + (89 - 217) * 4 
y_im: 473 = (345 - 473) * 4 - (89 - 217) * 5 
x_re: 89 = 89 + 217
x_im: 345 = 345 + 473
y_re: 218 = (346 - 474) * 5 + (90 - 218) * 4 
y_im: 474 = (346 - 474) * 4 - (90 - 218) * 5 
x_re: 90 = 90 + 218
x_im: 346 = 346 + 474
y_re: 219 = (347 - 475) * 5 + (91 - 219) * 4 
y_im: 475 = (347 - 475) * 4 - (91 - 219) * 5 
x_re: 91 = 91 + 219
x_im: 347 = 347 + 475
y_re: 220 = (348 - 476) * 5 + (92 - 220) * 4 
y_im: 476 = (348 - 476) * 4 - (92 - 220) * 5 
x_re: 92 = 92 + 220
x_im: 348 = 348 + 476
y_re: 221 = (349 - 477) * 5 + (93 - 221) * 4 
y_im: 477 = (349 - 477) * 4 - (93 - 221) * 5 
x_re: 93 = 93 + 221
x_im: 349 = 349 + 477
y_re: 222 = (350 - 478) * 5 + (94 - 222) * 4 
y_im: 478 = (350 - 478) * 4 - (94 - 222) * 5 
x_re: 94 = 94 + 222
x_im: 350 = 350 + 478
y_re: 223 = (351 - 479) * 5 + (95 - 223) * 4 
y_im: 479 = (351 - 479) * 4 - (95 - 223) * 5 
x_re: 95 = 95 + 223
x_im: 351 = 351 + 479
y_re: 224 = (352 - 480) * 5 + (96 - 224) * 4 
y_im: 480 = (352 - 480) * 4 - (96 - 224) * 5 
x_re: 96 = 96 + 224
x_im: 352 = 352 + 480
y_re: 225 = (353 - 481) * 5 + (97 - 225) * 4 
y_im: 481 = (353 - 481) * 4 - (97 - 225) * 5 
x_re: 97 = 97 + 225
x_im: 353 = 353 + 481
y_re: 226 = (354 - 482) * 5 + (98 - 226) * 4 
y_im: 482 = (354 - 482) * 4 - (98 - 226) * 5 
x_re: 98 = 98 + 226
x_im: 354 = 354 + 482
y_re: 227 = (355 - 483) * 5 + (99 - 227) * 4 
y_im: 483 = (355 - 483) * 4 - (99 - 227) * 5 
x_re: 99 = 99 + 227
x_im: 355 = 355 + 483
y_re: 228 = (356 - 484) * 5 + (100 - 228) * 4 
y_im: 484 = (356 - 484) * 4 - (100 - 228) * 5 
x_re: 100 = 100 + 228
x_im: 356 = 356 + 484
y_re: 229 = (357 - 485) * 5 + (101 - 229) * 4 
y_im: 485 = (357 - 485) * 4 - (101 - 229) * 5 
x_re: 101 = 101 + 229
x_im: 357 = 357 + 485
y_re: 230 = (358 - 486) * 5 + (102 - 230) * 4 
y_im: 486 = (358 - 486) * 4 - (102 - 230) * 5 
x_re: 102 = 102 + 230
x_im: 358 = 358 + 486
y_re: 231 = (359 - 487) * 5 + (103 - 231) * 4 
y_im: 487 = (359 - 487) * 4 - (103 - 231) * 5 
x_re: 103 = 103 + 231
x_im: 359 = 359 + 487
y_re: 232 = (360 - 488) * 5 + (104 - 232) * 4 
y_im: 488 = (360 - 488) * 4 - (104 - 232) * 5 
x_re: 104 = 104 + 232
x_im: 360 = 360 + 488
y_re: 233 = (361 - 489) * 5 + (105 - 233) * 4 
y_im: 489 = (361 - 489) * 4 - (105 - 233) * 5 
x_re: 105 = 105 + 233
x_im: 361 = 361 + 489
y_re: 234 = (362 - 490) * 5 + (106 - 234) * 4 
y_im: 490 = (362 - 490) * 4 - (106 - 234) * 5 
x_re: 106 = 106 + 234
x_im: 362 = 362 + 490
y_re: 235 = (363 - 491) * 5 + (107 - 235) * 4 
y_im: 491 = (363 - 491) * 4 - (107 - 235) * 5 
x_re: 107 = 107 + 235
x_im: 363 = 363 + 491
y_re: 236 = (364 - 492) * 5 + (108 - 236) * 4 
y_im: 492 = (364 - 492) * 4 - (108 - 236) * 5 
x_re: 108 = 108 + 236
x_im: 364 = 364 + 492
y_re: 237 = (365 - 493) * 5 + (109 - 237) * 4 
y_im: 493 = (365 - 493) * 4 - (109 - 237) * 5 
x_re: 109 = 109 + 237
x_im: 365 = 365 + 493
y_re: 238 = (366 - 494) * 5 + (110 - 238) * 4 
y_im: 494 = (366 - 494) * 4 - (110 - 238) * 5 
x_re: 110 = 110 + 238
x_im: 366 = 366 + 494
y_re: 239 = (367 - 495) * 5 + (111 - 239) * 4 
y_im: 495 = (367 - 495) * 4 - (111 - 239) * 5 
x_re: 111 = 111 + 239
x_im: 367 = 367 + 495
y_re: 240 = (368 - 496) * 5 + (112 - 240) * 4 
y_im: 496 = (368 - 496) * 4 - (112 - 240) * 5 
x_re: 112 = 112 + 240
x_im: 368 = 368 + 496
y_re: 241 = (369 - 497) * 5 + (113 - 241) * 4 
y_im: 497 = (369 - 497) * 4 - (113 - 241) * 5 
x_re: 113 = 113 + 241
x_im: 369 = 369 + 497
y_re: 242 = (370 - 498) * 5 + (114 - 242) * 4 
y_im: 498 = (370 - 498) * 4 - (114 - 242) * 5 
x_re: 114 = 114 + 242
x_im: 370 = 370 + 498
y_re: 243 = (371 - 499) * 5 + (115 - 243) * 4 
y_im: 499 = (371 - 499) * 4 - (115 - 243) * 5 
x_re: 115 = 115 + 243
x_im: 371 = 371 + 499
y_re: 244 = (372 - 500) * 5 + (116 - 244) * 4 
y_im: 500 = (372 - 500) * 4 - (116 - 244) * 5 
x_re: 116 = 116 + 244
x_im: 372 = 372 + 500
y_re: 245 = (373 - 501) * 5 + (117 - 245) * 4 
y_im: 501 = (373 - 501) * 4 - (117 - 245) * 5 
x_re: 117 = 117 + 245
x_im: 373 = 373 + 501
y_re: 246 = (374 - 502) * 5 + (118 - 246) * 4 
y_im: 502 = (374 - 502) * 4 - (118 - 246) * 5 
x_re: 118 = 118 + 246
x_im: 374 = 374 + 502
y_re: 247 = (375 - 503) * 5 + (119 - 247) * 4 
y_im: 503 = (375 - 503) * 4 - (119 - 247) * 5 
x_re: 119 = 119 + 247
x_im: 375 = 375 + 503
y_re: 248 = (376 - 504) * 5 + (120 - 248) * 4 
y_im: 504 = (376 - 504) * 4 - (120 - 248) * 5 
x_re: 120 = 120 + 248
x_im: 376 = 376 + 504
y_re: 249 = (377 - 505) * 5 + (121 - 249) * 4 
y_im: 505 = (377 - 505) * 4 - (121 - 249) * 5 
x_re: 121 = 121 + 249
x_im: 377 = 377 + 505
y_re: 250 = (378 - 506) * 5 + (122 - 250) * 4 
y_im: 506 = (378 - 506) * 4 - (122 - 250) * 5 
x_re: 122 = 122 + 250
x_im: 378 = 378 + 506
y_re: 251 = (379 - 507) * 5 + (123 - 251) * 4 
y_im: 507 = (379 - 507) * 4 - (123 - 251) * 5 
x_re: 123 = 123 + 251
x_im: 379 = 379 + 507
y_re: 252 = (380 - 508) * 5 + (124 - 252) * 4 
y_im: 508 = (380 - 508) * 4 - (124 - 252) * 5 
x_re: 124 = 124 + 252
x_im: 380 = 380 + 508
y_re: 253 = (381 - 509) * 5 + (125 - 253) * 4 
y_im: 509 = (381 - 509) * 4 - (125 - 253) * 5 
x_re: 125 = 125 + 253
x_im: 381 = 381 + 509
y_re: 254 = (382 - 510) * 5 + (126 - 254) * 4 
y_im: 510 = (382 - 510) * 4 - (126 - 254) * 5 
x_re: 126 = 126 + 254
x_im: 382 = 382 + 510
y_re: 255 = (383 - 511) * 5 + (127 - 255) * 4 
y_im: 511 = (383 - 511) * 4 - (127 - 255) * 5 
x_re: 127 = 127 + 255
x_im: 383 = 383 + 511

test vs gold: OK
test vs logn: Wrong [0]: 8.24007147375498050224 != 368.24650066357395417072, delta: 360.00642918981895945763 
ERR logn = 9
