y_re: 32 = (64 - 96) * 5 + (0 - 32) * 4 
y_re: 33 = (65 - 97) * 5 + (1 - 33) * 4 
y_re: 34 = (66 - 98) * 5 + (2 - 34) * 4 
y_re: 35 = (67 - 99) * 5 + (3 - 35) * 4 

y_re: 48 = (80 - 112) * 5 + (16 - 48) * 4 
y_re: 49 = (81 - 113) * 5 + (17 - 49) * 4 
y_re: 50 = (82 - 114) * 5 + (18 - 50) * 4 
y_re: 51 = (83 - 115) * 5 + (19 - 51) * 4 

y_im: 96 = (64 - 96) * 4 - (0 - 32) * 5 
y_im: 97 = (65 - 97) * 4 - (1 - 33) * 5 
y_im: 98 = (66 - 98) * 4 - (2 - 34) * 5 
y_im: 99 = (67 - 99) * 4 - (3 - 35) * 5 

y_im: 112 = (80 - 112) * 4 - (16 - 48) * 5 
y_im: 113 = (81 - 113) * 4 - (17 - 49) * 5 
y_im: 114 = (82 - 114) * 4 - (18 - 50) * 5 
y_im: 115 = (83 - 115) * 4 - (19 - 51) * 5 

x_re: 0 = 0 + 32
x_re: 1 = 1 + 33
x_re: 2 = 2 + 34
x_re: 3 = 3 + 35

x_re: 16 = 16 + 48
x_re: 17 = 17 + 49
x_re: 18 = 18 + 50
x_re: 19 = 19 + 51

x_im: 64 = 64 + 96
x_im: 65 = 65 + 97
x_im: 66 = 66 + 98
x_im: 67 = 67 + 99

x_im: 80 = 80 + 112
x_im: 81 = 81 + 113
x_im: 82 = 82 + 114
x_im: 83 = 83 + 115
------------------------

y_re: 40 = (72 - 104) * 5 + (8 - 40) * 4 
y_re: 41 = (73 - 105) * 5 + (9 - 41) * 4 
y_re: 42 = (74 - 106) * 5 + (10 - 42) * 4 
y_re: 43 = (75 - 107) * 5 + (11 - 43) * 4 
y_re: 44 = (76 - 108) * 5 + (12 - 44) * 4 
y_re: 45 = (77 - 109) * 5 + (13 - 45) * 4 
y_re: 46 = (78 - 110) * 5 + (14 - 46) * 4 
y_re: 47 = (79 - 111) * 5 + (15 - 47) * 4 

y_re: 52 = (84 - 116) * 5 + (20 - 52) * 4 
y_re: 53 = (85 - 117) * 5 + (21 - 53) * 4 
y_re: 54 = (86 - 118) * 5 + (22 - 54) * 4 
y_re: 55 = (87 - 119) * 5 + (23 - 55) * 4 
y_re: 56 = (88 - 120) * 5 + (24 - 56) * 4 
y_re: 57 = (89 - 121) * 5 + (25 - 57) * 4 
y_re: 58 = (90 - 122) * 5 + (26 - 58) * 4 
y_re: 59 = (91 - 123) * 5 + (27 - 59) * 4 
y_re: 60 = (92 - 124) * 5 + (28 - 60) * 4 
y_re: 61 = (93 - 125) * 5 + (29 - 61) * 4 
y_re: 62 = (94 - 126) * 5 + (30 - 62) * 4 
y_re: 63 = (95 - 127) * 5 + (31 - 63) * 4 



y_im: 104 = (72 - 104) * 4 - (8 - 40) * 5 
y_im: 105 = (73 - 105) * 4 - (9 - 41) * 5 
y_im: 106 = (74 - 106) * 4 - (10 - 42) * 5 
y_im: 107 = (75 - 107) * 4 - (11 - 43) * 5 
y_im: 108 = (76 - 108) * 4 - (12 - 44) * 5 
y_im: 109 = (77 - 109) * 4 - (13 - 45) * 5 
y_im: 110 = (78 - 110) * 4 - (14 - 46) * 5 
y_im: 111 = (79 - 111) * 4 - (15 - 47) * 5 

y_im: 116 = (84 - 116) * 4 - (20 - 52) * 5 
y_im: 117 = (85 - 117) * 4 - (21 - 53) * 5 
y_im: 118 = (86 - 118) * 4 - (22 - 54) * 5 
y_im: 119 = (87 - 119) * 4 - (23 - 55) * 5 
y_im: 120 = (88 - 120) * 4 - (24 - 56) * 5 
y_im: 121 = (89 - 121) * 4 - (25 - 57) * 5 
y_im: 122 = (90 - 122) * 4 - (26 - 58) * 5 
y_im: 123 = (91 - 123) * 4 - (27 - 59) * 5 
y_im: 124 = (92 - 124) * 4 - (28 - 60) * 5 
y_im: 125 = (93 - 125) * 4 - (29 - 61) * 5 
y_im: 126 = (94 - 126) * 4 - (30 - 62) * 5 
y_im: 127 = (95 - 127) * 4 - (31 - 63) * 5 



x_re: 8 = 8 + 40
x_re: 9 = 9 + 41
x_re: 10 = 10 + 42
x_re: 11 = 11 + 43
x_re: 12 = 12 + 44
x_re: 13 = 13 + 45
x_re: 14 = 14 + 46
x_re: 15 = 15 + 47

x_re: 20 = 20 + 52
x_re: 21 = 21 + 53
x_re: 22 = 22 + 54
x_re: 23 = 23 + 55
x_re: 24 = 24 + 56
x_re: 25 = 25 + 57
x_re: 26 = 26 + 58
x_re: 27 = 27 + 59
x_re: 28 = 28 + 60
x_re: 29 = 29 + 61
x_re: 30 = 30 + 62
x_re: 31 = 31 + 63



x_im: 72 = 72 + 104
x_im: 73 = 73 + 105
x_im: 74 = 74 + 106
x_im: 75 = 75 + 107
x_im: 76 = 76 + 108
x_im: 77 = 77 + 109
x_im: 78 = 78 + 110
x_im: 79 = 79 + 111

x_im: 84 = 84 + 116
x_im: 85 = 85 + 117
x_im: 86 = 86 + 118
x_im: 87 = 87 + 119
x_im: 88 = 88 + 120
x_im: 89 = 89 + 121
x_im: 90 = 90 + 122
x_im: 91 = 91 + 123
x_im: 92 = 92 + 124
x_im: 93 = 93 + 125
x_im: 94 = 94 + 126
x_im: 95 = 95 + 127






























