y_re: 1 = (128 - 129) * 257 + (0 - 1) * 256 
y_re: 3 = (130 - 131) * 259 + (2 - 3) * 258 
y_re: 5 = (132 - 133) * 261 + (4 - 5) * 260 
y_re: 7 = (134 - 135) * 263 + (6 - 7) * 262 

y_im: 129 = (128 - 129) * 256 - (0 - 1) * 257 
y_im: 131 = (130 - 131) * 258 - (2 - 3) * 259 
y_im: 133 = (132 - 133) * 260 - (4 - 5) * 261 
y_im: 135 = (134 - 135) * 262 - (6 - 7) * 263 

x_re: 0 = 0 + 1
x_re: 2 = 2 + 3
x_re: 4 = 4 + 5
x_re: 6 = 6 + 7

x_im: 128 = 128 + 129
x_im: 130 = 130 + 131
x_im: 132 = 132 + 133
x_im: 134 = 134 + 135

y_re: 9 = (136 - 137) * 265 + (8 - 9) * 264 
y_re: 11 = (138 - 139) * 267 + (10 - 11) * 266 
y_re: 13 = (140 - 141) * 269 + (12 - 13) * 268 
y_re: 15 = (142 - 143) * 271 + (14 - 15) * 270 
y_re: 17 = (144 - 145) * 273 + (16 - 17) * 272 
y_re: 19 = (146 - 147) * 275 + (18 - 19) * 274 
y_re: 21 = (148 - 149) * 277 + (20 - 21) * 276 
y_re: 23 = (150 - 151) * 279 + (22 - 23) * 278 
y_re: 25 = (152 - 153) * 281 + (24 - 25) * 280 
y_re: 27 = (154 - 155) * 283 + (26 - 27) * 282 
y_re: 29 = (156 - 157) * 285 + (28 - 29) * 284 
y_re: 31 = (158 - 159) * 287 + (30 - 31) * 286 
y_re: 33 = (160 - 161) * 289 + (32 - 33) * 288 
y_re: 35 = (162 - 163) * 291 + (34 - 35) * 290 
y_re: 37 = (164 - 165) * 293 + (36 - 37) * 292 
y_re: 39 = (166 - 167) * 295 + (38 - 39) * 294 
y_re: 41 = (168 - 169) * 297 + (40 - 41) * 296 
y_re: 43 = (170 - 171) * 299 + (42 - 43) * 298 
y_re: 45 = (172 - 173) * 301 + (44 - 45) * 300 
y_re: 47 = (174 - 175) * 303 + (46 - 47) * 302 
y_re: 49 = (176 - 177) * 305 + (48 - 49) * 304 
y_re: 51 = (178 - 179) * 307 + (50 - 51) * 306 
y_re: 53 = (180 - 181) * 309 + (52 - 53) * 308 
y_re: 55 = (182 - 183) * 311 + (54 - 55) * 310 
y_re: 57 = (184 - 185) * 313 + (56 - 57) * 312 
y_re: 59 = (186 - 187) * 315 + (58 - 59) * 314 
y_re: 61 = (188 - 189) * 317 + (60 - 61) * 316 
y_re: 63 = (190 - 191) * 319 + (62 - 63) * 318 
y_re: 65 = (192 - 193) * 321 + (64 - 65) * 320 
y_re: 67 = (194 - 195) * 323 + (66 - 67) * 322 
y_re: 69 = (196 - 197) * 325 + (68 - 69) * 324 
y_re: 71 = (198 - 199) * 327 + (70 - 71) * 326 
y_re: 73 = (200 - 201) * 329 + (72 - 73) * 328 
y_re: 75 = (202 - 203) * 331 + (74 - 75) * 330 
y_re: 77 = (204 - 205) * 333 + (76 - 77) * 332 
y_re: 79 = (206 - 207) * 335 + (78 - 79) * 334 
y_re: 81 = (208 - 209) * 337 + (80 - 81) * 336 
y_re: 83 = (210 - 211) * 339 + (82 - 83) * 338 
y_re: 85 = (212 - 213) * 341 + (84 - 85) * 340 
y_re: 87 = (214 - 215) * 343 + (86 - 87) * 342 
y_re: 89 = (216 - 217) * 345 + (88 - 89) * 344 
y_re: 91 = (218 - 219) * 347 + (90 - 91) * 346 
y_re: 93 = (220 - 221) * 349 + (92 - 93) * 348 
y_re: 95 = (222 - 223) * 351 + (94 - 95) * 350 
y_re: 97 = (224 - 225) * 353 + (96 - 97) * 352 
y_re: 99 = (226 - 227) * 355 + (98 - 99) * 354 
y_re: 101 = (228 - 229) * 357 + (100 - 101) * 356 
y_re: 103 = (230 - 231) * 359 + (102 - 103) * 358 
y_re: 105 = (232 - 233) * 361 + (104 - 105) * 360 
y_re: 107 = (234 - 235) * 363 + (106 - 107) * 362 
y_re: 109 = (236 - 237) * 365 + (108 - 109) * 364 
y_re: 111 = (238 - 239) * 367 + (110 - 111) * 366 
y_re: 113 = (240 - 241) * 369 + (112 - 113) * 368 
y_re: 115 = (242 - 243) * 371 + (114 - 115) * 370 
y_re: 117 = (244 - 245) * 373 + (116 - 117) * 372 
y_re: 119 = (246 - 247) * 375 + (118 - 119) * 374 
y_re: 121 = (248 - 249) * 377 + (120 - 121) * 376 
y_re: 123 = (250 - 251) * 379 + (122 - 123) * 378 
y_re: 125 = (252 - 253) * 381 + (124 - 125) * 380 
y_re: 127 = (254 - 255) * 383 + (126 - 127) * 382 


y_im: 137 = (136 - 137) * 264 - (8 - 9) * 265 
y_im: 139 = (138 - 139) * 266 - (10 - 11) * 267 
y_im: 141 = (140 - 141) * 268 - (12 - 13) * 269 
y_im: 143 = (142 - 143) * 270 - (14 - 15) * 271 
y_im: 145 = (144 - 145) * 272 - (16 - 17) * 273 
y_im: 147 = (146 - 147) * 274 - (18 - 19) * 275 
y_im: 149 = (148 - 149) * 276 - (20 - 21) * 277 
y_im: 151 = (150 - 151) * 278 - (22 - 23) * 279 
y_im: 153 = (152 - 153) * 280 - (24 - 25) * 281 
y_im: 155 = (154 - 155) * 282 - (26 - 27) * 283 
y_im: 157 = (156 - 157) * 284 - (28 - 29) * 285 
y_im: 159 = (158 - 159) * 286 - (30 - 31) * 287 
y_im: 161 = (160 - 161) * 288 - (32 - 33) * 289 
y_im: 163 = (162 - 163) * 290 - (34 - 35) * 291 
y_im: 165 = (164 - 165) * 292 - (36 - 37) * 293 
y_im: 167 = (166 - 167) * 294 - (38 - 39) * 295 
y_im: 169 = (168 - 169) * 296 - (40 - 41) * 297 
y_im: 171 = (170 - 171) * 298 - (42 - 43) * 299 
y_im: 173 = (172 - 173) * 300 - (44 - 45) * 301 
y_im: 175 = (174 - 175) * 302 - (46 - 47) * 303 
y_im: 177 = (176 - 177) * 304 - (48 - 49) * 305 
y_im: 179 = (178 - 179) * 306 - (50 - 51) * 307 
y_im: 181 = (180 - 181) * 308 - (52 - 53) * 309 
y_im: 183 = (182 - 183) * 310 - (54 - 55) * 311 
y_im: 185 = (184 - 185) * 312 - (56 - 57) * 313 
y_im: 187 = (186 - 187) * 314 - (58 - 59) * 315 
y_im: 189 = (188 - 189) * 316 - (60 - 61) * 317 
y_im: 191 = (190 - 191) * 318 - (62 - 63) * 319 
y_im: 193 = (192 - 193) * 320 - (64 - 65) * 321 
y_im: 195 = (194 - 195) * 322 - (66 - 67) * 323 
y_im: 197 = (196 - 197) * 324 - (68 - 69) * 325 
y_im: 199 = (198 - 199) * 326 - (70 - 71) * 327 
y_im: 201 = (200 - 201) * 328 - (72 - 73) * 329 
y_im: 203 = (202 - 203) * 330 - (74 - 75) * 331 
y_im: 205 = (204 - 205) * 332 - (76 - 77) * 333 
y_im: 207 = (206 - 207) * 334 - (78 - 79) * 335 
y_im: 209 = (208 - 209) * 336 - (80 - 81) * 337 
y_im: 211 = (210 - 211) * 338 - (82 - 83) * 339 
y_im: 213 = (212 - 213) * 340 - (84 - 85) * 341 
y_im: 215 = (214 - 215) * 342 - (86 - 87) * 343 
y_im: 217 = (216 - 217) * 344 - (88 - 89) * 345 
y_im: 219 = (218 - 219) * 346 - (90 - 91) * 347 
y_im: 221 = (220 - 221) * 348 - (92 - 93) * 349 
y_im: 223 = (222 - 223) * 350 - (94 - 95) * 351 
y_im: 225 = (224 - 225) * 352 - (96 - 97) * 353 
y_im: 227 = (226 - 227) * 354 - (98 - 99) * 355 
y_im: 229 = (228 - 229) * 356 - (100 - 101) * 357 
y_im: 231 = (230 - 231) * 358 - (102 - 103) * 359 
y_im: 233 = (232 - 233) * 360 - (104 - 105) * 361 
y_im: 235 = (234 - 235) * 362 - (106 - 107) * 363 
y_im: 237 = (236 - 237) * 364 - (108 - 109) * 365 
y_im: 239 = (238 - 239) * 366 - (110 - 111) * 367 
y_im: 241 = (240 - 241) * 368 - (112 - 113) * 369 
y_im: 243 = (242 - 243) * 370 - (114 - 115) * 371 
y_im: 245 = (244 - 245) * 372 - (116 - 117) * 373 
y_im: 247 = (246 - 247) * 374 - (118 - 119) * 375 
y_im: 249 = (248 - 249) * 376 - (120 - 121) * 377 
y_im: 251 = (250 - 251) * 378 - (122 - 123) * 379 
y_im: 253 = (252 - 253) * 380 - (124 - 125) * 381 
y_im: 255 = (254 - 255) * 382 - (126 - 127) * 383 


x_re: 0 = 0 + 1
x_re: 2 = 2 + 3
x_re: 4 = 4 + 5
x_re: 6 = 6 + 7
x_re: 8 = 8 + 9
x_re: 10 = 10 + 11
x_re: 12 = 12 + 13
x_re: 14 = 14 + 15
x_re: 16 = 16 + 17
x_re: 18 = 18 + 19
x_re: 20 = 20 + 21
x_re: 22 = 22 + 23
x_re: 24 = 24 + 25
x_re: 26 = 26 + 27
x_re: 28 = 28 + 29
x_re: 30 = 30 + 31
x_re: 32 = 32 + 33
x_re: 34 = 34 + 35
x_re: 36 = 36 + 37
x_re: 38 = 38 + 39
x_re: 40 = 40 + 41
x_re: 42 = 42 + 43
x_re: 44 = 44 + 45
x_re: 46 = 46 + 47
x_re: 48 = 48 + 49
x_re: 50 = 50 + 51
x_re: 52 = 52 + 53
x_re: 54 = 54 + 55
x_re: 56 = 56 + 57
x_re: 58 = 58 + 59
x_re: 60 = 60 + 61
x_re: 62 = 62 + 63
x_re: 64 = 64 + 65
x_re: 66 = 66 + 67
x_re: 68 = 68 + 69
x_re: 70 = 70 + 71
x_re: 72 = 72 + 73
x_re: 74 = 74 + 75
x_re: 76 = 76 + 77
x_re: 78 = 78 + 79
x_re: 80 = 80 + 81
x_re: 82 = 82 + 83
x_re: 84 = 84 + 85
x_re: 86 = 86 + 87
x_re: 88 = 88 + 89
x_re: 90 = 90 + 91
x_re: 92 = 92 + 93
x_re: 94 = 94 + 95
x_re: 96 = 96 + 97
x_re: 98 = 98 + 99
x_re: 100 = 100 + 101
x_re: 102 = 102 + 103
x_re: 104 = 104 + 105
x_re: 106 = 106 + 107
x_re: 108 = 108 + 109
x_re: 110 = 110 + 111
x_re: 112 = 112 + 113
x_re: 114 = 114 + 115
x_re: 116 = 116 + 117
x_re: 118 = 118 + 119
x_re: 120 = 120 + 121
x_re: 122 = 122 + 123
x_re: 124 = 124 + 125
x_re: 126 = 126 + 127

x_im: 128 = 128 + 129
x_im: 130 = 130 + 131
x_im: 132 = 132 + 133
x_im: 134 = 134 + 135
x_im: 136 = 136 + 137
x_im: 138 = 138 + 139
x_im: 140 = 140 + 141
x_im: 142 = 142 + 143
x_im: 144 = 144 + 145
x_im: 146 = 146 + 147
x_im: 148 = 148 + 149
x_im: 150 = 150 + 151
x_im: 152 = 152 + 153
x_im: 154 = 154 + 155
x_im: 156 = 156 + 157
x_im: 158 = 158 + 159
x_im: 160 = 160 + 161
x_im: 162 = 162 + 163
x_im: 164 = 164 + 165
x_im: 166 = 166 + 167
x_im: 168 = 168 + 169
x_im: 170 = 170 + 171
x_im: 172 = 172 + 173
x_im: 174 = 174 + 175
x_im: 176 = 176 + 177
x_im: 178 = 178 + 179
x_im: 180 = 180 + 181
x_im: 182 = 182 + 183
x_im: 184 = 184 + 185
x_im: 186 = 186 + 187
x_im: 188 = 188 + 189
x_im: 190 = 190 + 191
x_im: 192 = 192 + 193
x_im: 194 = 194 + 195
x_im: 196 = 196 + 197
x_im: 198 = 198 + 199
x_im: 200 = 200 + 201
x_im: 202 = 202 + 203
x_im: 204 = 204 + 205
x_im: 206 = 206 + 207
x_im: 208 = 208 + 209
x_im: 210 = 210 + 211
x_im: 212 = 212 + 213
x_im: 214 = 214 + 215
x_im: 216 = 216 + 217
x_im: 218 = 218 + 219
x_im: 220 = 220 + 221
x_im: 222 = 222 + 223
x_im: 224 = 224 + 225
x_im: 226 = 226 + 227
x_im: 228 = 228 + 229
x_im: 230 = 230 + 231
x_im: 232 = 232 + 233
x_im: 234 = 234 + 235
x_im: 236 = 236 + 237
x_im: 238 = 238 + 239
x_im: 240 = 240 + 241
x_im: 242 = 242 + 243
x_im: 244 = 244 + 245
x_im: 246 = 246 + 247
x_im: 248 = 248 + 249
x_im: 250 = 250 + 251
x_im: 252 = 252 + 253
x_im: 254 = 254 + 255

