y_re: 16 = (64 - 80) * 9 + (0 - 16) * 8 
y_re: 17 = (65 - 81) * 9 + (1 - 17) * 8 
y_re: 18 = (66 - 82) * 9 + (2 - 18) * 8 
y_re: 19 = (67 - 83) * 9 + (3 - 19) * 8 

y_im: 80 = (64 - 80) * 8 - (0 - 16) * 9 
y_im: 81 = (65 - 81) * 8 - (1 - 17) * 9 
y_im: 82 = (66 - 82) * 8 - (2 - 18) * 9 
y_im: 83 = (67 - 83) * 8 - (3 - 19) * 9 

x_re: 0 = 0 + 16
x_re: 1 = 1 + 17
x_re: 2 = 2 + 18
x_re: 3 = 3 + 19

x_im: 64 = 64 + 80
x_im: 65 = 65 + 81
x_im: 66 = 66 + 82
x_im: 67 = 67 + 83

y_re: 20 = (68 - 84) * 9 + (4 - 20) * 8 
y_re: 21 = (69 - 85) * 9 + (5 - 21) * 8 
y_re: 22 = (70 - 86) * 9 + (6 - 22) * 8 
y_re: 23 = (71 - 87) * 9 + (7 - 23) * 8 
y_re: 24 = (72 - 88) * 9 + (8 - 24) * 8 
y_re: 25 = (73 - 89) * 9 + (9 - 25) * 8 
y_re: 26 = (74 - 90) * 9 + (10 - 26) * 8 
y_re: 27 = (75 - 91) * 9 + (11 - 27) * 8 
y_re: 28 = (76 - 92) * 9 + (12 - 28) * 8 
y_re: 29 = (77 - 93) * 9 + (13 - 29) * 8 
y_re: 30 = (78 - 94) * 9 + (14 - 30) * 8 
y_re: 31 = (79 - 95) * 9 + (15 - 31) * 8 
y_re: 48 = (96 - 112) * 11 + (32 - 48) * 10 
y_re: 49 = (97 - 113) * 11 + (33 - 49) * 10 
y_re: 50 = (98 - 114) * 11 + (34 - 50) * 10 
y_re: 51 = (99 - 115) * 11 + (35 - 51) * 10 
y_re: 52 = (100 - 116) * 11 + (36 - 52) * 10 
y_re: 53 = (101 - 117) * 11 + (37 - 53) * 10 
y_re: 54 = (102 - 118) * 11 + (38 - 54) * 10 
y_re: 55 = (103 - 119) * 11 + (39 - 55) * 10 
y_re: 56 = (104 - 120) * 11 + (40 - 56) * 10 
y_re: 57 = (105 - 121) * 11 + (41 - 57) * 10 
y_re: 58 = (106 - 122) * 11 + (42 - 58) * 10 
y_re: 59 = (107 - 123) * 11 + (43 - 59) * 10 
y_re: 60 = (108 - 124) * 11 + (44 - 60) * 10 
y_re: 61 = (109 - 125) * 11 + (45 - 61) * 10 
y_re: 62 = (110 - 126) * 11 + (46 - 62) * 10 
y_re: 63 = (111 - 127) * 11 + (47 - 63) * 10 


y_im: 84 = (68 - 84) * 8 - (4 - 20) * 9 
y_im: 85 = (69 - 85) * 8 - (5 - 21) * 9 
y_im: 86 = (70 - 86) * 8 - (6 - 22) * 9 
y_im: 87 = (71 - 87) * 8 - (7 - 23) * 9 
y_im: 88 = (72 - 88) * 8 - (8 - 24) * 9 
y_im: 89 = (73 - 89) * 8 - (9 - 25) * 9 
y_im: 90 = (74 - 90) * 8 - (10 - 26) * 9 
y_im: 91 = (75 - 91) * 8 - (11 - 27) * 9 
y_im: 92 = (76 - 92) * 8 - (12 - 28) * 9 
y_im: 93 = (77 - 93) * 8 - (13 - 29) * 9 
y_im: 94 = (78 - 94) * 8 - (14 - 30) * 9 
y_im: 95 = (79 - 95) * 8 - (15 - 31) * 9 
y_im: 112 = (96 - 112) * 10 - (32 - 48) * 11 
y_im: 113 = (97 - 113) * 10 - (33 - 49) * 11 
y_im: 114 = (98 - 114) * 10 - (34 - 50) * 11 
y_im: 115 = (99 - 115) * 10 - (35 - 51) * 11 
y_im: 116 = (100 - 116) * 10 - (36 - 52) * 11 
y_im: 117 = (101 - 117) * 10 - (37 - 53) * 11 
y_im: 118 = (102 - 118) * 10 - (38 - 54) * 11 
y_im: 119 = (103 - 119) * 10 - (39 - 55) * 11 
y_im: 120 = (104 - 120) * 10 - (40 - 56) * 11 
y_im: 121 = (105 - 121) * 10 - (41 - 57) * 11 
y_im: 122 = (106 - 122) * 10 - (42 - 58) * 11 
y_im: 123 = (107 - 123) * 10 - (43 - 59) * 11 
y_im: 124 = (108 - 124) * 10 - (44 - 60) * 11 
y_im: 125 = (109 - 125) * 10 - (45 - 61) * 11 
y_im: 126 = (110 - 126) * 10 - (46 - 62) * 11 
y_im: 127 = (111 - 127) * 10 - (47 - 63) * 11 


x_re: 4 = 4 + 20
x_re: 5 = 5 + 21
x_re: 6 = 6 + 22
x_re: 7 = 7 + 23
x_re: 8 = 8 + 24
x_re: 9 = 9 + 25
x_re: 10 = 10 + 26
x_re: 11 = 11 + 27
x_re: 12 = 12 + 28
x_re: 13 = 13 + 29
x_re: 14 = 14 + 30
x_re: 15 = 15 + 31
x_re: 32 = 32 + 48
x_re: 33 = 33 + 49
x_re: 34 = 34 + 50
x_re: 35 = 35 + 51
x_re: 36 = 36 + 52
x_re: 37 = 37 + 53
x_re: 38 = 38 + 54
x_re: 39 = 39 + 55
x_re: 40 = 40 + 56
x_re: 41 = 41 + 57
x_re: 42 = 42 + 58
x_re: 43 = 43 + 59
x_re: 44 = 44 + 60
x_re: 45 = 45 + 61
x_re: 46 = 46 + 62
x_re: 47 = 47 + 63


x_im: 68 = 68 + 84
x_im: 69 = 69 + 85
x_im: 70 = 70 + 86
x_im: 71 = 71 + 87
x_im: 72 = 72 + 88
x_im: 73 = 73 + 89
x_im: 74 = 74 + 90
x_im: 75 = 75 + 91
x_im: 76 = 76 + 92
x_im: 77 = 77 + 93
x_im: 78 = 78 + 94
x_im: 79 = 79 + 95
x_im: 96 = 96 + 112
x_im: 97 = 97 + 113
x_im: 98 = 98 + 114
x_im: 99 = 99 + 115
x_im: 100 = 100 + 116
x_im: 101 = 101 + 117
x_im: 102 = 102 + 118
x_im: 103 = 103 + 119
x_im: 104 = 104 + 120
x_im: 105 = 105 + 121
x_im: 106 = 106 + 122
x_im: 107 = 107 + 123
x_im: 108 = 108 + 124
x_im: 109 = 109 + 125
x_im: 110 = 110 + 126
x_im: 111 = 111 + 127































