==== x_re
x_re:   0 =   0 + ( 64*  8 - 320*  9)
x_re:   1 =   1 + ( 65*  8 - 321*  9)
x_re:   2 =   2 + ( 66*  8 - 322*  9)
x_re:   3 =   3 + ( 67*  8 - 323*  9)
x_re: 128 = 128 + (192* 10 - 448* 11)
x_re: 129 = 129 + (193* 10 - 449* 11)
x_re: 130 = 130 + (194* 10 - 450* 11)
x_re: 131 = 131 + (195* 10 - 451* 11)

==== x_im
x_im: 256 = 256 + ( 64*  9 + 320*  8)
x_im: 257 = 257 + ( 65*  9 + 321*  8)
x_im: 258 = 258 + ( 66*  9 + 322*  8)
x_im: 259 = 259 + ( 67*  9 + 323*  8)
x_im: 384 = 384 + (192* 11 + 448* 10)
x_im: 385 = 385 + (193* 11 + 449* 10)
x_im: 386 = 386 + (194* 11 + 450* 10)
x_im: 387 = 387 + (195* 11 + 451* 10)

==== y_re
y_re:  64 =  64 - ( 64*  8 - 320*  9)
y_re:  65 =  65 - ( 65*  8 - 321*  9)
y_re:  66 =  66 - ( 66*  8 - 322*  9)
y_re:  67 =  67 - ( 67*  8 - 323*  9)
y_re: 192 = 192 - (192* 10 - 448* 11)
y_re: 193 = 193 - (193* 10 - 449* 11)
y_re: 194 = 194 - (194* 10 - 450* 11)
y_re: 195 = 195 - (195* 10 - 451* 11)

==== y_im
y_im: 320 = 320 - ( 64*  9 + 320*  8)
y_im: 321 = 321 - ( 65*  9 + 321*  8)
y_im: 322 = 322 - ( 66*  9 + 322*  8)
y_im: 323 = 323 - ( 67*  9 + 323*  8)
y_im: 448 = 448 - (192* 11 + 448* 10)
y_im: 449 = 449 - (193* 11 + 449* 10)
y_im: 450 = 450 - (194* 11 + 450* 10)
y_im: 451 = 451 - (195* 11 + 451* 10)

==== s_re_im
1: 8, 9
2: 10, 11