===== x_re
x_re:   0 =   0 + ( 32* 16 - 288* 17)
x_re:   1 =   1 + ( 33* 16 - 289* 17)
x_re:   2 =   2 + ( 34* 16 - 290* 17)
x_re:   3 =   3 + ( 35* 16 - 291* 17)
x_re:  16 =  16 + ( 48* 16 - 304* 17)
x_re:  17 =  17 + ( 49* 16 - 305* 17)
x_re:  18 =  18 + ( 50* 16 - 306* 17)
x_re:  19 =  19 + ( 51* 16 - 307* 17)

===== x_im
x_im: 256 = 256 + ( 32* 17 + 288* 16)
x_im: 257 = 257 + ( 33* 17 + 289* 16)
x_im: 258 = 258 + ( 34* 17 + 290* 16)
x_im: 259 = 259 + ( 35* 17 + 291* 16)
x_im: 272 = 272 + ( 48* 17 + 304* 16)
x_im: 273 = 273 + ( 49* 17 + 305* 16)
x_im: 274 = 274 + ( 50* 17 + 306* 16)
x_im: 275 = 275 + ( 51* 17 + 307* 16)

===== y_re
y_re:  32 =  32 - ( 32* 16 - 288* 17)
y_re:  33 =  33 - ( 33* 16 - 289* 17)
y_re:  34 =  34 - ( 34* 16 - 290* 17)
y_re:  35 =  35 - ( 35* 16 - 291* 17)
y_re:  48 =  48 - ( 48* 16 - 304* 17)
y_re:  49 =  49 - ( 49* 16 - 305* 17)
y_re:  50 =  50 - ( 50* 16 - 306* 17)
y_re:  51 =  51 - ( 51* 16 - 307* 17)

==== y_im
y_im: 288 = 288 - ( 32* 17 + 288* 16)
y_im: 289 = 289 - ( 33* 17 + 289* 16)
y_im: 290 = 290 - ( 34* 17 + 290* 16)
y_im: 291 = 291 - ( 35* 17 + 291* 16)
y_im: 304 = 304 - ( 48* 17 + 304* 16)
y_im: 305 = 305 - ( 49* 17 + 305* 16)
y_im: 306 = 306 - ( 50* 17 + 306* 16)
y_im: 307 = 307 - ( 51* 17 + 307* 16)

==== s_re_im
0: 16, 17