==== x_re
x_re:   0 =   0 + (  2*256 - 258*257)
x_re:   1 =   1 + (  3*256 - 259*257)
x_re:   4 =   4 + (  6*258 - 262*259)
x_re:   5 =   5 + (  7*258 - 263*259)

y_re:   2 =   2 - (  2*256 - 258*257)
y_re:   3 =   3 - (  3*256 - 259*257)
y_re:   6 =   6 - (  6*258 - 262*259)
y_re:   7 =   7 - (  7*258 - 263*259)

x_im: 256 = 256 + (  2*257 + 258*256)
x_im: 257 = 257 + (  3*257 + 259*256)
x_im: 260 = 260 + (  6*259 + 262*258)
x_im: 261 = 261 + (  7*259 + 263*258)

y_im: 258 = 258 - (  2*257 + 258*256)
y_im: 259 = 259 - (  3*257 + 259*256)
y_im: 262 = 262 - (  6*259 + 262*258)
y_im: 263 = 263 - (  7*259 + 263*258)


==== y_re
x_re:   8 =   8 + ( 10*260 - 266*261)
x_re:   9 =   9 + ( 11*260 - 267*261)
x_re:  12 =  12 + ( 14*262 - 270*263)
x_re:  13 =  13 + ( 15*262 - 271*263)

y_re:  10 =  10 - ( 10*260 - 266*261)
y_re:  11 =  11 - ( 11*260 - 267*261)
y_re:  14 =  14 - ( 14*262 - 270*263)
y_re:  15 =  15 - ( 15*262 - 271*263)

==== x_im

x_im: 264 = 264 + ( 10*261 + 266*260)
x_im: 265 = 265 + ( 11*261 + 267*260)
x_im: 268 = 268 + ( 14*263 + 270*262)
x_im: 269 = 269 + ( 15*263 + 271*262)


==== y_im

y_im: 266 = 266 - ( 10*261 + 266*260)
y_im: 267 = 267 - ( 11*261 + 267*260)
y_im: 270 = 270 - ( 14*263 + 270*262)
y_im: 271 = 271 - ( 15*263 + 271*262)

==== s_re_im
0: 256, 257
1: 258, 259
2: 260, 261
3: 262, 263