===== x_re
x_re: 0 = 0 + 4
x_re: 1 = 1 + 5
x_re: 2 = 2 + 6
x_re: 3 = 3 + 7
x_re: 8 = 8 + 12
x_re: 9 = 9 + 13
x_re: 10 = 10 + 14
x_re: 11 = 11 + 15

===== y_re
y_re: 4 = (0 - 4) * 128 - (256 - 260)*129
y_re: 5 = (1 - 5) * 128 - (257 - 261)*129
y_re: 6 = (2 - 6) * 128 - (258 - 262)*129
y_re: 7 = (3 - 7) * 128 - (259 - 263)*129
y_re: 12 = (8 - 12) * 130 - (264 - 268)*131
y_re: 13 = (9 - 13) * 130 - (265 - 269)*131
y_re: 14 = (10 - 14) * 130 - (266 - 270)*131
y_re: 15 = (11 - 15) * 130 - (267 - 271)*131

==== x_im
x_im: 256 = 256 + 260
x_im: 257 = 257 + 261
x_im: 258 = 258 + 262
x_im: 259 = 259 + 263
x_im: 264 = 264 + 268
x_im: 265 = 265 + 269
x_im: 266 = 266 + 270
x_im: 267 = 267 + 271

==== y_im
y_im: 260 = (0 - 4) * 129 - (256 - 260)*128
y_im: 261 = (1 - 5) * 129 - (257 - 261)*128
y_im: 262 = (2 - 6) * 129 - (258 - 262)*128
y_im: 263 = (3 - 7) * 129 - (259 - 263)*128
y_im: 268 = (8 - 12) * 131 - (264 - 268)*130
y_im: 269 = (9 - 13) * 131 - (265 - 269)*130
y_im: 270 = (10 - 14) * 131 - (266 - 270)*130
y_im: 271 = (11 - 15) * 131 - (267 - 271)*130

==== s_re_im

0: 128, 130
1: 129, 131
