====x_re
0 = 0 + 1   2 = 2 + 3  8 = 8 + 9       10 = 10 + 11
4 = 4 + 5   6 = 6 + 7  12 = 12 + 13    14 = 14 + 15

====y_re
1 = (0 - 1) * 512 - (256 - 257)*513
5 = (4 - 5) * 516 - (260 - 261)*517

3 = (2 - 3) * 514 - (258 - 259)*515
7 = (6 - 7) * 518 - (262 - 263)*519

9 = (8 - 9) * 520 - (264 - 265)*521
13 = (12 - 13) * 524 - (268 - 269)*525

11 = (10 - 11) * 522 - (266 - 267)*523
15 = (14 - 15) * 526 - (270 - 271)*527
====x_im
256 = 256 + 257     258 = 258 + 259   264 = 264 + 265   266 = 266 + 267
260 = 260 + 261     262 = 262 + 263   268 = 268 + 269   270 = 270 + 271

====y_im
257 = (0 - 1) * 513 - (256 - 257)*512
261 = (4 - 5) * 517 - (260 - 261)*516

259 = (2 - 3) * 515 - (258 - 259)*514
263 = (6 - 7) * 519 - (262 - 263)*518

265 = (8 - 9) * 521 - (264 - 265)*520
269 = (12 - 13) * 525 - (268 - 269)*524

267 = (10 - 11) * 523 - (266 - 267)*522
271 = (14 - 15) * 527 - (270 - 271)*526

=====s_re_im
0: 512, 516 
1: 513, 517 
2: 514, 518 
3: 515, 519 

0: 520, 524
1: 521, 525
2: 522, 526
3: 523, 527