==== x_re 
x_re: 0 = 0 + 64
x_re: 1 = 1 + 65
x_re: 2 = 2 + 66
x_re: 3 = 3 + 67
x_re: 128 = 128 + 192
x_re: 129 = 129 + 193
x_re: 130 = 130 + 194
x_re: 131 = 131 + 195

==== y_re
y_re: 64 = (0 - 64) * 8 - (256 - 320)*9
y_re: 65 = (1 - 65) * 8 - (257 - 321)*9
y_re: 66 = (2 - 66) * 8 - (258 - 322)*9
y_re: 67 = (3 - 67) * 8 - (259 - 323)*9
y_re: 192 = (128 - 192) * 10 - (384 - 448)*11
y_re: 193 = (129 - 193) * 10 - (385 - 449)*11
y_re: 194 = (130 - 194) * 10 - (386 - 450)*11
y_re: 195 = (131 - 195) * 10 - (387 - 451)*11

==== x_im
x_im: 256 = 256 + 320
y_im: 320 = (0 - 64) * 9 - (256 - 320)*8
x_im: 257 = 257 + 321
y_im: 321 = (1 - 65) * 9 - (257 - 321)*8
x_im: 258 = 258 + 322
y_im: 322 = (2 - 66) * 9 - (258 - 322)*8
x_im: 259 = 259 + 323
y_im: 323 = (3 - 67) * 9 - (259 - 323)*8

==== y_im
x_im: 384 = 384 + 448
y_im: 448 = (128 - 192) * 11 - (384 - 448)*10
x_im: 385 = 385 + 449
y_im: 449 = (129 - 193) * 11 - (385 - 449)*10
x_im: 386 = 386 + 450
y_im: 450 = (130 - 194) * 11 - (386 - 450)*10
x_im: 387 = 387 + 451
y_im: 451 = (131 - 195) * 11 - (387 - 451)*10

==== s_re_im
0: 8, 9
1: 10, 11
