==== x_re
x_re: 0 = 0 + 8
x_re: 1 = 1 + 9
x_re: 2 = 2 + 10
x_re: 3 = 3 + 11
x_re: 4 = 4 + 12
x_re: 5 = 5 + 13
x_re: 6 = 6 + 14
x_re: 7 = 7 + 15

===== x_im
x_im: 256 = 256 + 264
x_im: 257 = 257 + 265
x_im: 258 = 258 + 266
x_im: 259 = 259 + 267
x_im: 260 = 260 + 268
x_im: 261 = 261 + 269
x_im: 262 = 262 + 270
x_im: 263 = 263 + 271

==== y_re
y_re: 8 = (0 - 8) * 64 - (256 - 264)*65
y_re: 9 = (1 - 9) * 64 - (257 - 265)*65
y_re: 10 = (2 - 10) * 64 - (258 - 266)*65
y_re: 11 = (3 - 11) * 64 - (259 - 267)*65
y_re: 12 = (4 - 12) * 64 - (260 - 268)*65
y_re: 13 = (5 - 13) * 64 - (261 - 269)*65
y_re: 14 = (6 - 14) * 64 - (262 - 270)*65
y_re: 15 = (7 - 15) * 64 - (263 - 271)*65

==== y_im
y_im: 264 = (0 - 8) * 65 - (256 - 264)*64
y_im: 265 = (1 - 9) * 65 - (257 - 265)*64
y_im: 266 = (2 - 10) * 65 - (258 - 266)*64
y_im: 267 = (3 - 11) * 65 - (259 - 267)*64
y_im: 268 = (4 - 12) * 65 - (260 - 268)*64
y_im: 269 = (5 - 13) * 65 - (261 - 269)*64
y_im: 270 = (6 - 14) * 65 - (262 - 270)*64
y_im: 271 = (7 - 15) * 65 - (263 - 271)*64

==== s_re_im

0: 64, 65