===== 3
x_re: f[  0] = f0[  0] + (f1[  0]*  8 - f1[  2]*  9)
x_re: f[  2] = f0[  1] + (f1[  1]* 10 - f1[  3]* 11)
y_re: f[  1] = f0[  0] - (f1[  0]*  8 - f1[  2]*  9)
y_re: f[  3] = f0[  1] - (f1[  1]* 10 - f1[  3]* 11)

x_im: f[  4] = f0[  2] + (f1[  0]*  9 + f1[  2]*  8)
x_im: f[  6] = f0[  3] + (f1[  1]* 11 + f1[  3]* 10)
y_im: f[  5] = f0[  2] - (f1[  0]*  9 + f1[  2]*  8)
y_im: f[  7] = f0[  3] - (f1[  1]* 11 + f1[  3]* 10)

store: 4 
load: f0: 2 re,im. f1: 2: re,im. s: 2:re_im
Total 10

==== 4
x_re: f[  0] = f0[  0] + (f1[  0]* 16 - f1[  4]* 17)
x_re: f[  2] = f0[  1] + (f1[  1]* 18 - f1[  5]* 19)
y_re: f[  1] = f0[  0] - (f1[  0]* 16 - f1[  4]* 17)
y_re: f[  3] = f0[  1] - (f1[  1]* 18 - f1[  5]* 19)

x_re: f[  4] = f0[  2] + (f1[  2]* 20 - f1[  6]* 21)
x_re: f[  6] = f0[  3] + (f1[  3]* 22 - f1[  7]* 23)
y_re: f[  5] = f0[  2] - (f1[  2]* 20 - f1[  6]* 21)
y_re: f[  7] = f0[  3] - (f1[  3]* 22 - f1[  7]* 23)

x_im: f[  8] = f0[  4] + (f1[  0]* 17 + f1[  4]* 16)
x_im: f[ 10] = f0[  5] + (f1[  1]* 19 + f1[  5]* 18)
y_im: f[  9] = f0[  4] - (f1[  0]* 17 + f1[  4]* 16)
y_im: f[ 11] = f0[  5] - (f1[  1]* 19 + f1[  5]* 18)

x_im: f[ 12] = f0[  6] + (f1[  2]* 21 + f1[  6]* 20)
x_im: f[ 14] = f0[  7] + (f1[  3]* 23 + f1[  7]* 22)
y_im: f[ 13] = f0[  6] - (f1[  2]* 21 + f1[  6]* 20)
y_im: f[ 15] = f0[  7] - (f1[  3]* 23 + f1[  7]* 22)

store: 8
load: f0: 4. f1: 4. s: 4
Total 20

==== 5
x_re: f[  0] = f0[  0] + (f1[  0]* 32 - f1[  8]* 33)
x_re: f[  2] = f0[  1] + (f1[  1]* 34 - f1[  9]* 35)
y_re: f[  1] = f0[  0] - (f1[  0]* 32 - f1[  8]* 33)
y_re: f[  3] = f0[  1] - (f1[  1]* 34 - f1[  9]* 35)

x_re: f[  4] = f0[  2] + (f1[  2]* 36 - f1[ 10]* 37)
x_re: f[  6] = f0[  3] + (f1[  3]* 38 - f1[ 11]* 39)
y_re: f[  5] = f0[  2] - (f1[  2]* 36 - f1[ 10]* 37)
y_re: f[  7] = f0[  3] - (f1[  3]* 38 - f1[ 11]* 39)

x_re: f[  8] = f0[  4] + (f1[  4]* 40 - f1[ 12]* 41)
x_re: f[ 10] = f0[  5] + (f1[  5]* 42 - f1[ 13]* 43)
y_re: f[  9] = f0[  4] - (f1[  4]* 40 - f1[ 12]* 41)
y_re: f[ 11] = f0[  5] - (f1[  5]* 42 - f1[ 13]* 43)

x_re: f[ 12] = f0[  6] + (f1[  6]* 44 - f1[ 14]* 45)
x_re: f[ 14] = f0[  7] + (f1[  7]* 46 - f1[ 15]* 47)
y_re: f[ 13] = f0[  6] - (f1[  6]* 44 - f1[ 14]* 45)
y_re: f[ 15] = f0[  7] - (f1[  7]* 46 - f1[ 15]* 47)



x_im: f[ 16] = f0[  8] + (f1[  0]* 33 + f1[  8]* 32)
x_im: f[ 18] = f0[  9] + (f1[  1]* 35 + f1[  9]* 34)
y_im: f[ 17] = f0[  8] - (f1[  0]* 33 + f1[  8]* 32)
y_im: f[ 19] = f0[  9] - (f1[  1]* 35 + f1[  9]* 34)

x_im: f[ 20] = f0[ 10] + (f1[  2]* 37 + f1[ 10]* 36)
x_im: f[ 22] = f0[ 11] + (f1[  3]* 39 + f1[ 11]* 38)
y_im: f[ 21] = f0[ 10] - (f1[  2]* 37 + f1[ 10]* 36)
y_im: f[ 23] = f0[ 11] - (f1[  3]* 39 + f1[ 11]* 38)

x_im: f[ 24] = f0[ 12] + (f1[  4]* 41 + f1[ 12]* 40)
x_im: f[ 26] = f0[ 13] + (f1[  5]* 43 + f1[ 13]* 42)
y_im: f[ 25] = f0[ 12] - (f1[  4]* 41 + f1[ 12]* 40)
y_im: f[ 27] = f0[ 13] - (f1[  5]* 43 + f1[ 13]* 42)

x_im: f[ 28] = f0[ 14] + (f1[  6]* 45 + f1[ 14]* 44)
x_im: f[ 30] = f0[ 15] + (f1[  7]* 47 + f1[ 15]* 46)
y_im: f[ 29] = f0[ 14] - (f1[  6]* 45 + f1[ 14]* 44)
y_im: f[ 31] = f0[ 15] - (f1[  7]* 47 + f1[ 15]* 46)

f0: 8. f1: 8. s_re_im 8
Total 24

0, 2
1, 3 
4, 6
5, 7

0: 32, 34
1: 33, 35

==== 6
x_re: f[  0] = f0[  0] + (f1[  0]* 64 - f1[ 16]* 65)
y_re: f[  1] = f0[  0] - (f1[  0]* 64 - f1[ 16]* 65)
x_im: f[ 32] = f0[ 16] + (f1[  0]* 65 + f1[ 16]* 64)
y_im: f[ 33] = f0[ 16] - (f1[  0]* 65 + f1[ 16]* 64)

x_re: f[  2] = f0[  1] + (f1[  1]* 66 - f1[ 17]* 67)
y_re: f[  3] = f0[  1] - (f1[  1]* 66 - f1[ 17]* 67)
x_im: f[ 34] = f0[ 17] + (f1[  1]* 67 + f1[ 17]* 66)
y_im: f[ 35] = f0[ 17] - (f1[  1]* 67 + f1[ 17]* 66)

x_re: f[  4] = f0[  2] + (f1[  2]* 68 - f1[ 18]* 69)
y_re: f[  5] = f0[  2] - (f1[  2]* 68 - f1[ 18]* 69)
x_im: f[ 36] = f0[ 18] + (f1[  2]* 69 + f1[ 18]* 68)
y_im: f[ 37] = f0[ 18] - (f1[  2]* 69 + f1[ 18]* 68)

x_re: f[  6] = f0[  3] + (f1[  3]* 70 - f1[ 19]* 71)
y_re: f[  7] = f0[  3] - (f1[  3]* 70 - f1[ 19]* 71)
x_im: f[ 38] = f0[ 19] + (f1[  3]* 71 + f1[ 19]* 70)
y_im: f[ 39] = f0[ 19] - (f1[  3]* 71 + f1[ 19]* 70)

x_re: f[  8] = f0[  4] + (f1[  4]* 72 - f1[ 20]* 73)
y_re: f[  9] = f0[  4] - (f1[  4]* 72 - f1[ 20]* 73)
x_im: f[ 40] = f0[ 20] + (f1[  4]* 73 + f1[ 20]* 72)
y_im: f[ 41] = f0[ 20] - (f1[  4]* 73 + f1[ 20]* 72)

x_re: f[ 10] = f0[  5] + (f1[  5]* 74 - f1[ 21]* 75)
y_re: f[ 11] = f0[  5] - (f1[  5]* 74 - f1[ 21]* 75)
x_im: f[ 42] = f0[ 21] + (f1[  5]* 75 + f1[ 21]* 74)
y_im: f[ 43] = f0[ 21] - (f1[  5]* 75 + f1[ 21]* 74)

x_re: f[ 12] = f0[  6] + (f1[  6]* 76 - f1[ 22]* 77)
y_re: f[ 13] = f0[  6] - (f1[  6]* 76 - f1[ 22]* 77)
x_im: f[ 44] = f0[ 22] + (f1[  6]* 77 + f1[ 22]* 76)
y_im: f[ 45] = f0[ 22] - (f1[  6]* 77 + f1[ 22]* 76)

x_re: f[ 14] = f0[  7] + (f1[  7]* 78 - f1[ 23]* 79)
y_re: f[ 15] = f0[  7] - (f1[  7]* 78 - f1[ 23]* 79)
x_im: f[ 46] = f0[ 23] + (f1[  7]* 79 + f1[ 23]* 78)
y_im: f[ 47] = f0[ 23] - (f1[  7]* 79 + f1[ 23]* 78)
----------------------
x_re: f[ 16] = f0[  8] + (f1[  8]* 80 - f1[ 24]* 81)
y_re: f[ 17] = f0[  8] - (f1[  8]* 80 - f1[ 24]* 81)
x_im: f[ 48] = f0[ 24] + (f1[  8]* 81 + f1[ 24]* 80)
y_im: f[ 49] = f0[ 24] - (f1[  8]* 81 + f1[ 24]* 80)

x_re: f[ 18] = f0[  9] + (f1[  9]* 82 - f1[ 25]* 83)
y_re: f[ 19] = f0[  9] - (f1[  9]* 82 - f1[ 25]* 83)
x_im: f[ 50] = f0[ 25] + (f1[  9]* 83 + f1[ 25]* 82)
y_im: f[ 51] = f0[ 25] - (f1[  9]* 83 + f1[ 25]* 82)

x_re: f[ 20] = f0[ 10] + (f1[ 10]* 84 - f1[ 26]* 85)
y_re: f[ 21] = f0[ 10] - (f1[ 10]* 84 - f1[ 26]* 85)
x_im: f[ 52] = f0[ 26] + (f1[ 10]* 85 + f1[ 26]* 84)
y_im: f[ 53] = f0[ 26] - (f1[ 10]* 85 + f1[ 26]* 84)

x_re: f[ 22] = f0[ 11] + (f1[ 11]* 86 - f1[ 27]* 87)
y_re: f[ 23] = f0[ 11] - (f1[ 11]* 86 - f1[ 27]* 87)
x_im: f[ 54] = f0[ 27] + (f1[ 11]* 87 + f1[ 27]* 86)
y_im: f[ 55] = f0[ 27] - (f1[ 11]* 87 + f1[ 27]* 86)

x_re: f[ 24] = f0[ 12] + (f1[ 12]* 88 - f1[ 28]* 89)
y_re: f[ 25] = f0[ 12] - (f1[ 12]* 88 - f1[ 28]* 89)
x_im: f[ 56] = f0[ 28] + (f1[ 12]* 89 + f1[ 28]* 88)
y_im: f[ 57] = f0[ 28] - (f1[ 12]* 89 + f1[ 28]* 88)

x_re: f[ 26] = f0[ 13] + (f1[ 13]* 90 - f1[ 29]* 91)
y_re: f[ 27] = f0[ 13] - (f1[ 13]* 90 - f1[ 29]* 91)
x_im: f[ 58] = f0[ 29] + (f1[ 13]* 91 + f1[ 29]* 90)
y_im: f[ 59] = f0[ 29] - (f1[ 13]* 91 + f1[ 29]* 90)

x_re: f[ 28] = f0[ 14] + (f1[ 14]* 92 - f1[ 30]* 93)
y_re: f[ 29] = f0[ 14] - (f1[ 14]* 92 - f1[ 30]* 93)
x_im: f[ 60] = f0[ 30] + (f1[ 14]* 93 + f1[ 30]* 92)
y_im: f[ 61] = f0[ 30] - (f1[ 14]* 93 + f1[ 30]* 92)

x_re: f[ 30] = f0[ 15] + (f1[ 15]* 94 - f1[ 31]* 95)
y_re: f[ 31] = f0[ 15] - (f1[ 15]* 94 - f1[ 31]* 95)
x_im: f[ 62] = f0[ 31] + (f1[ 15]* 95 + f1[ 31]* 94)
y_im: f[ 63] = f0[ 31] - (f1[ 15]* 95 + f1[ 31]* 94)


==== 7
x_re:   0 =   0 + (  0*128 -  32*129)
x_im:  64 =  32 + (  0*129 +  32*128)
y_re:   1 =   0 - (  0*128 -  32*129)
y_im:  65 =  32 - (  0*129 +  32*128)
x_re:   2 =   1 + (  1*130 -  33*131)
x_im:  66 =  33 + (  1*131 +  33*130)
y_re:   3 =   1 - (  1*130 -  33*131)
y_im:  67 =  33 - (  1*131 +  33*130)
x_re:   4 =   2 + (  2*132 -  34*133)
x_im:  68 =  34 + (  2*133 +  34*132)
y_re:   5 =   2 - (  2*132 -  34*133)
y_im:  69 =  34 - (  2*133 +  34*132)
x_re:   6 =   3 + (  3*134 -  35*135)
x_im:  70 =  35 + (  3*135 +  35*134)
y_re:   7 =   3 - (  3*134 -  35*135)
y_im:  71 =  35 - (  3*135 +  35*134)
x_re:   8 =   4 + (  4*136 -  36*137)
x_im:  72 =  36 + (  4*137 +  36*136)
y_re:   9 =   4 - (  4*136 -  36*137)
y_im:  73 =  36 - (  4*137 +  36*136)
x_re:  10 =   5 + (  5*138 -  37*139)
x_im:  74 =  37 + (  5*139 +  37*138)
y_re:  11 =   5 - (  5*138 -  37*139)
y_im:  75 =  37 - (  5*139 +  37*138)
x_re:  12 =   6 + (  6*140 -  38*141)
x_im:  76 =  38 + (  6*141 +  38*140)
y_re:  13 =   6 - (  6*140 -  38*141)
y_im:  77 =  38 - (  6*141 +  38*140)
x_re:  14 =   7 + (  7*142 -  39*143)
x_im:  78 =  39 + (  7*143 +  39*142)
y_re:  15 =   7 - (  7*142 -  39*143)
y_im:  79 =  39 - (  7*143 +  39*142)
x_re:  16 =   8 + (  8*144 -  40*145)
x_im:  80 =  40 + (  8*145 +  40*144)
y_re:  17 =   8 - (  8*144 -  40*145)
y_im:  81 =  40 - (  8*145 +  40*144)
x_re:  18 =   9 + (  9*146 -  41*147)
x_im:  82 =  41 + (  9*147 +  41*146)
y_re:  19 =   9 - (  9*146 -  41*147)
y_im:  83 =  41 - (  9*147 +  41*146)
x_re:  20 =  10 + ( 10*148 -  42*149)
x_im:  84 =  42 + ( 10*149 +  42*148)
y_re:  21 =  10 - ( 10*148 -  42*149)
y_im:  85 =  42 - ( 10*149 +  42*148)
x_re:  22 =  11 + ( 11*150 -  43*151)
x_im:  86 =  43 + ( 11*151 +  43*150)
y_re:  23 =  11 - ( 11*150 -  43*151)
y_im:  87 =  43 - ( 11*151 +  43*150)
x_re:  24 =  12 + ( 12*152 -  44*153)
x_im:  88 =  44 + ( 12*153 +  44*152)
y_re:  25 =  12 - ( 12*152 -  44*153)
y_im:  89 =  44 - ( 12*153 +  44*152)
x_re:  26 =  13 + ( 13*154 -  45*155)
x_im:  90 =  45 + ( 13*155 +  45*154)
y_re:  27 =  13 - ( 13*154 -  45*155)
y_im:  91 =  45 - ( 13*155 +  45*154)
x_re:  28 =  14 + ( 14*156 -  46*157)
x_im:  92 =  46 + ( 14*157 +  46*156)
y_re:  29 =  14 - ( 14*156 -  46*157)
y_im:  93 =  46 - ( 14*157 +  46*156)
x_re:  30 =  15 + ( 15*158 -  47*159)
x_im:  94 =  47 + ( 15*159 +  47*158)
y_re:  31 =  15 - ( 15*158 -  47*159)
y_im:  95 =  47 - ( 15*159 +  47*158)
x_re:  32 =  16 + ( 16*160 -  48*161)
x_im:  96 =  48 + ( 16*161 +  48*160)
y_re:  33 =  16 - ( 16*160 -  48*161)
y_im:  97 =  48 - ( 16*161 +  48*160)
x_re:  34 =  17 + ( 17*162 -  49*163)
x_im:  98 =  49 + ( 17*163 +  49*162)
y_re:  35 =  17 - ( 17*162 -  49*163)
y_im:  99 =  49 - ( 17*163 +  49*162)
x_re:  36 =  18 + ( 18*164 -  50*165)
x_im: 100 =  50 + ( 18*165 +  50*164)
y_re:  37 =  18 - ( 18*164 -  50*165)
y_im: 101 =  50 - ( 18*165 +  50*164)
x_re:  38 =  19 + ( 19*166 -  51*167)
x_im: 102 =  51 + ( 19*167 +  51*166)
y_re:  39 =  19 - ( 19*166 -  51*167)
y_im: 103 =  51 - ( 19*167 +  51*166)
x_re:  40 =  20 + ( 20*168 -  52*169)
x_im: 104 =  52 + ( 20*169 +  52*168)
y_re:  41 =  20 - ( 20*168 -  52*169)
y_im: 105 =  52 - ( 20*169 +  52*168)
x_re:  42 =  21 + ( 21*170 -  53*171)
x_im: 106 =  53 + ( 21*171 +  53*170)
y_re:  43 =  21 - ( 21*170 -  53*171)
y_im: 107 =  53 - ( 21*171 +  53*170)
x_re:  44 =  22 + ( 22*172 -  54*173)
x_im: 108 =  54 + ( 22*173 +  54*172)
y_re:  45 =  22 - ( 22*172 -  54*173)
y_im: 109 =  54 - ( 22*173 +  54*172)
x_re:  46 =  23 + ( 23*174 -  55*175)
x_im: 110 =  55 + ( 23*175 +  55*174)
y_re:  47 =  23 - ( 23*174 -  55*175)
y_im: 111 =  55 - ( 23*175 +  55*174)
x_re:  48 =  24 + ( 24*176 -  56*177)
x_im: 112 =  56 + ( 24*177 +  56*176)
y_re:  49 =  24 - ( 24*176 -  56*177)
y_im: 113 =  56 - ( 24*177 +  56*176)
x_re:  50 =  25 + ( 25*178 -  57*179)
x_im: 114 =  57 + ( 25*179 +  57*178)
y_re:  51 =  25 - ( 25*178 -  57*179)
y_im: 115 =  57 - ( 25*179 +  57*178)
x_re:  52 =  26 + ( 26*180 -  58*181)
x_im: 116 =  58 + ( 26*181 +  58*180)
y_re:  53 =  26 - ( 26*180 -  58*181)
y_im: 117 =  58 - ( 26*181 +  58*180)
x_re:  54 =  27 + ( 27*182 -  59*183)
x_im: 118 =  59 + ( 27*183 +  59*182)
y_re:  55 =  27 - ( 27*182 -  59*183)
y_im: 119 =  59 - ( 27*183 +  59*182)
x_re:  56 =  28 + ( 28*184 -  60*185)
x_im: 120 =  60 + ( 28*185 +  60*184)
y_re:  57 =  28 - ( 28*184 -  60*185)
y_im: 121 =  60 - ( 28*185 +  60*184)
x_re:  58 =  29 + ( 29*186 -  61*187)
x_im: 122 =  61 + ( 29*187 +  61*186)
y_re:  59 =  29 - ( 29*186 -  61*187)
y_im: 123 =  61 - ( 29*187 +  61*186)
x_re:  60 =  30 + ( 30*188 -  62*189)
x_im: 124 =  62 + ( 30*189 +  62*188)
y_re:  61 =  30 - ( 30*188 -  62*189)
y_im: 125 =  62 - ( 30*189 +  62*188)
x_re:  62 =  31 + ( 31*190 -  63*191)
x_im: 126 =  63 + ( 31*191 +  63*190)
y_re:  63 =  31 - ( 31*190 -  63*191)
y_im: 127 =  63 - ( 31*191 +  63*190)

==== 8
x_re:   0 =   0 + (  0*256 -  64*257)
x_im: 128 =  64 + (  0*257 +  64*256)
y_re:   1 =   0 - (  0*256 -  64*257)
y_im: 129 =  64 - (  0*257 +  64*256)
x_re:   2 =   1 + (  1*258 -  65*259)
x_im: 130 =  65 + (  1*259 +  65*258)
y_re:   3 =   1 - (  1*258 -  65*259)
y_im: 131 =  65 - (  1*259 +  65*258)
x_re:   4 =   2 + (  2*260 -  66*261)
x_im: 132 =  66 + (  2*261 +  66*260)
y_re:   5 =   2 - (  2*260 -  66*261)
y_im: 133 =  66 - (  2*261 +  66*260)
x_re:   6 =   3 + (  3*262 -  67*263)
x_im: 134 =  67 + (  3*263 +  67*262)
y_re:   7 =   3 - (  3*262 -  67*263)
y_im: 135 =  67 - (  3*263 +  67*262)
x_re:   8 =   4 + (  4*264 -  68*265)
x_im: 136 =  68 + (  4*265 +  68*264)
y_re:   9 =   4 - (  4*264 -  68*265)
y_im: 137 =  68 - (  4*265 +  68*264)
x_re:  10 =   5 + (  5*266 -  69*267)
x_im: 138 =  69 + (  5*267 +  69*266)
y_re:  11 =   5 - (  5*266 -  69*267)
y_im: 139 =  69 - (  5*267 +  69*266)
x_re:  12 =   6 + (  6*268 -  70*269)
x_im: 140 =  70 + (  6*269 +  70*268)
y_re:  13 =   6 - (  6*268 -  70*269)
y_im: 141 =  70 - (  6*269 +  70*268)
x_re:  14 =   7 + (  7*270 -  71*271)
x_im: 142 =  71 + (  7*271 +  71*270)
y_re:  15 =   7 - (  7*270 -  71*271)
y_im: 143 =  71 - (  7*271 +  71*270)
x_re:  16 =   8 + (  8*272 -  72*273)
x_im: 144 =  72 + (  8*273 +  72*272)
y_re:  17 =   8 - (  8*272 -  72*273)
y_im: 145 =  72 - (  8*273 +  72*272)
x_re:  18 =   9 + (  9*274 -  73*275)
x_im: 146 =  73 + (  9*275 +  73*274)
y_re:  19 =   9 - (  9*274 -  73*275)
y_im: 147 =  73 - (  9*275 +  73*274)
x_re:  20 =  10 + ( 10*276 -  74*277)
x_im: 148 =  74 + ( 10*277 +  74*276)
y_re:  21 =  10 - ( 10*276 -  74*277)
y_im: 149 =  74 - ( 10*277 +  74*276)
x_re:  22 =  11 + ( 11*278 -  75*279)
x_im: 150 =  75 + ( 11*279 +  75*278)
y_re:  23 =  11 - ( 11*278 -  75*279)
y_im: 151 =  75 - ( 11*279 +  75*278)
x_re:  24 =  12 + ( 12*280 -  76*281)
x_im: 152 =  76 + ( 12*281 +  76*280)
y_re:  25 =  12 - ( 12*280 -  76*281)
y_im: 153 =  76 - ( 12*281 +  76*280)
x_re:  26 =  13 + ( 13*282 -  77*283)
x_im: 154 =  77 + ( 13*283 +  77*282)
y_re:  27 =  13 - ( 13*282 -  77*283)
y_im: 155 =  77 - ( 13*283 +  77*282)
x_re:  28 =  14 + ( 14*284 -  78*285)
x_im: 156 =  78 + ( 14*285 +  78*284)
y_re:  29 =  14 - ( 14*284 -  78*285)
y_im: 157 =  78 - ( 14*285 +  78*284)
x_re:  30 =  15 + ( 15*286 -  79*287)
x_im: 158 =  79 + ( 15*287 +  79*286)
y_re:  31 =  15 - ( 15*286 -  79*287)
y_im: 159 =  79 - ( 15*287 +  79*286)
x_re:  32 =  16 + ( 16*288 -  80*289)
x_im: 160 =  80 + ( 16*289 +  80*288)
y_re:  33 =  16 - ( 16*288 -  80*289)
y_im: 161 =  80 - ( 16*289 +  80*288)
x_re:  34 =  17 + ( 17*290 -  81*291)
x_im: 162 =  81 + ( 17*291 +  81*290)
y_re:  35 =  17 - ( 17*290 -  81*291)
y_im: 163 =  81 - ( 17*291 +  81*290)
x_re:  36 =  18 + ( 18*292 -  82*293)
x_im: 164 =  82 + ( 18*293 +  82*292)
y_re:  37 =  18 - ( 18*292 -  82*293)
y_im: 165 =  82 - ( 18*293 +  82*292)
x_re:  38 =  19 + ( 19*294 -  83*295)
x_im: 166 =  83 + ( 19*295 +  83*294)
y_re:  39 =  19 - ( 19*294 -  83*295)
y_im: 167 =  83 - ( 19*295 +  83*294)
x_re:  40 =  20 + ( 20*296 -  84*297)
x_im: 168 =  84 + ( 20*297 +  84*296)
y_re:  41 =  20 - ( 20*296 -  84*297)
y_im: 169 =  84 - ( 20*297 +  84*296)
x_re:  42 =  21 + ( 21*298 -  85*299)
x_im: 170 =  85 + ( 21*299 +  85*298)
y_re:  43 =  21 - ( 21*298 -  85*299)
y_im: 171 =  85 - ( 21*299 +  85*298)
x_re:  44 =  22 + ( 22*300 -  86*301)
x_im: 172 =  86 + ( 22*301 +  86*300)
y_re:  45 =  22 - ( 22*300 -  86*301)
y_im: 173 =  86 - ( 22*301 +  86*300)
x_re:  46 =  23 + ( 23*302 -  87*303)
x_im: 174 =  87 + ( 23*303 +  87*302)
y_re:  47 =  23 - ( 23*302 -  87*303)
y_im: 175 =  87 - ( 23*303 +  87*302)
x_re:  48 =  24 + ( 24*304 -  88*305)
x_im: 176 =  88 + ( 24*305 +  88*304)
y_re:  49 =  24 - ( 24*304 -  88*305)
y_im: 177 =  88 - ( 24*305 +  88*304)
x_re:  50 =  25 + ( 25*306 -  89*307)
x_im: 178 =  89 + ( 25*307 +  89*306)
y_re:  51 =  25 - ( 25*306 -  89*307)
y_im: 179 =  89 - ( 25*307 +  89*306)
x_re:  52 =  26 + ( 26*308 -  90*309)
x_im: 180 =  90 + ( 26*309 +  90*308)
y_re:  53 =  26 - ( 26*308 -  90*309)
y_im: 181 =  90 - ( 26*309 +  90*308)
x_re:  54 =  27 + ( 27*310 -  91*311)
x_im: 182 =  91 + ( 27*311 +  91*310)
y_re:  55 =  27 - ( 27*310 -  91*311)
y_im: 183 =  91 - ( 27*311 +  91*310)
x_re:  56 =  28 + ( 28*312 -  92*313)
x_im: 184 =  92 + ( 28*313 +  92*312)
y_re:  57 =  28 - ( 28*312 -  92*313)
y_im: 185 =  92 - ( 28*313 +  92*312)
x_re:  58 =  29 + ( 29*314 -  93*315)
x_im: 186 =  93 + ( 29*315 +  93*314)
y_re:  59 =  29 - ( 29*314 -  93*315)
y_im: 187 =  93 - ( 29*315 +  93*314)
x_re:  60 =  30 + ( 30*316 -  94*317)
x_im: 188 =  94 + ( 30*317 +  94*316)
y_re:  61 =  30 - ( 30*316 -  94*317)
y_im: 189 =  94 - ( 30*317 +  94*316)
x_re:  62 =  31 + ( 31*318 -  95*319)
x_im: 190 =  95 + ( 31*319 +  95*318)
y_re:  63 =  31 - ( 31*318 -  95*319)
y_im: 191 =  95 - ( 31*319 +  95*318)
x_re:  64 =  32 + ( 32*320 -  96*321)
x_im: 192 =  96 + ( 32*321 +  96*320)
y_re:  65 =  32 - ( 32*320 -  96*321)
y_im: 193 =  96 - ( 32*321 +  96*320)
x_re:  66 =  33 + ( 33*322 -  97*323)
x_im: 194 =  97 + ( 33*323 +  97*322)
y_re:  67 =  33 - ( 33*322 -  97*323)
y_im: 195 =  97 - ( 33*323 +  97*322)
x_re:  68 =  34 + ( 34*324 -  98*325)
x_im: 196 =  98 + ( 34*325 +  98*324)
y_re:  69 =  34 - ( 34*324 -  98*325)
y_im: 197 =  98 - ( 34*325 +  98*324)
x_re:  70 =  35 + ( 35*326 -  99*327)
x_im: 198 =  99 + ( 35*327 +  99*326)
y_re:  71 =  35 - ( 35*326 -  99*327)
y_im: 199 =  99 - ( 35*327 +  99*326)
x_re:  72 =  36 + ( 36*328 - 100*329)
x_im: 200 = 100 + ( 36*329 + 100*328)
y_re:  73 =  36 - ( 36*328 - 100*329)
y_im: 201 = 100 - ( 36*329 + 100*328)
x_re:  74 =  37 + ( 37*330 - 101*331)
x_im: 202 = 101 + ( 37*331 + 101*330)
y_re:  75 =  37 - ( 37*330 - 101*331)
y_im: 203 = 101 - ( 37*331 + 101*330)
x_re:  76 =  38 + ( 38*332 - 102*333)
x_im: 204 = 102 + ( 38*333 + 102*332)
y_re:  77 =  38 - ( 38*332 - 102*333)
y_im: 205 = 102 - ( 38*333 + 102*332)
x_re:  78 =  39 + ( 39*334 - 103*335)
x_im: 206 = 103 + ( 39*335 + 103*334)
y_re:  79 =  39 - ( 39*334 - 103*335)
y_im: 207 = 103 - ( 39*335 + 103*334)
x_re:  80 =  40 + ( 40*336 - 104*337)
x_im: 208 = 104 + ( 40*337 + 104*336)
y_re:  81 =  40 - ( 40*336 - 104*337)
y_im: 209 = 104 - ( 40*337 + 104*336)
x_re:  82 =  41 + ( 41*338 - 105*339)
x_im: 210 = 105 + ( 41*339 + 105*338)
y_re:  83 =  41 - ( 41*338 - 105*339)
y_im: 211 = 105 - ( 41*339 + 105*338)
x_re:  84 =  42 + ( 42*340 - 106*341)
x_im: 212 = 106 + ( 42*341 + 106*340)
y_re:  85 =  42 - ( 42*340 - 106*341)
y_im: 213 = 106 - ( 42*341 + 106*340)
x_re:  86 =  43 + ( 43*342 - 107*343)
x_im: 214 = 107 + ( 43*343 + 107*342)
y_re:  87 =  43 - ( 43*342 - 107*343)
y_im: 215 = 107 - ( 43*343 + 107*342)
x_re:  88 =  44 + ( 44*344 - 108*345)
x_im: 216 = 108 + ( 44*345 + 108*344)
y_re:  89 =  44 - ( 44*344 - 108*345)
y_im: 217 = 108 - ( 44*345 + 108*344)
x_re:  90 =  45 + ( 45*346 - 109*347)
x_im: 218 = 109 + ( 45*347 + 109*346)
y_re:  91 =  45 - ( 45*346 - 109*347)
y_im: 219 = 109 - ( 45*347 + 109*346)
x_re:  92 =  46 + ( 46*348 - 110*349)
x_im: 220 = 110 + ( 46*349 + 110*348)
y_re:  93 =  46 - ( 46*348 - 110*349)
y_im: 221 = 110 - ( 46*349 + 110*348)
x_re:  94 =  47 + ( 47*350 - 111*351)
x_im: 222 = 111 + ( 47*351 + 111*350)
y_re:  95 =  47 - ( 47*350 - 111*351)
y_im: 223 = 111 - ( 47*351 + 111*350)
x_re:  96 =  48 + ( 48*352 - 112*353)
x_im: 224 = 112 + ( 48*353 + 112*352)
y_re:  97 =  48 - ( 48*352 - 112*353)
y_im: 225 = 112 - ( 48*353 + 112*352)
x_re:  98 =  49 + ( 49*354 - 113*355)
x_im: 226 = 113 + ( 49*355 + 113*354)
y_re:  99 =  49 - ( 49*354 - 113*355)
y_im: 227 = 113 - ( 49*355 + 113*354)
x_re: 100 =  50 + ( 50*356 - 114*357)
x_im: 228 = 114 + ( 50*357 + 114*356)
y_re: 101 =  50 - ( 50*356 - 114*357)
y_im: 229 = 114 - ( 50*357 + 114*356)
x_re: 102 =  51 + ( 51*358 - 115*359)
x_im: 230 = 115 + ( 51*359 + 115*358)
y_re: 103 =  51 - ( 51*358 - 115*359)
y_im: 231 = 115 - ( 51*359 + 115*358)
x_re: 104 =  52 + ( 52*360 - 116*361)
x_im: 232 = 116 + ( 52*361 + 116*360)
y_re: 105 =  52 - ( 52*360 - 116*361)
y_im: 233 = 116 - ( 52*361 + 116*360)
x_re: 106 =  53 + ( 53*362 - 117*363)
x_im: 234 = 117 + ( 53*363 + 117*362)
y_re: 107 =  53 - ( 53*362 - 117*363)
y_im: 235 = 117 - ( 53*363 + 117*362)
x_re: 108 =  54 + ( 54*364 - 118*365)
x_im: 236 = 118 + ( 54*365 + 118*364)
y_re: 109 =  54 - ( 54*364 - 118*365)
y_im: 237 = 118 - ( 54*365 + 118*364)
x_re: 110 =  55 + ( 55*366 - 119*367)
x_im: 238 = 119 + ( 55*367 + 119*366)
y_re: 111 =  55 - ( 55*366 - 119*367)
y_im: 239 = 119 - ( 55*367 + 119*366)
x_re: 112 =  56 + ( 56*368 - 120*369)
x_im: 240 = 120 + ( 56*369 + 120*368)
y_re: 113 =  56 - ( 56*368 - 120*369)
y_im: 241 = 120 - ( 56*369 + 120*368)
x_re: 114 =  57 + ( 57*370 - 121*371)
x_im: 242 = 121 + ( 57*371 + 121*370)
y_re: 115 =  57 - ( 57*370 - 121*371)
y_im: 243 = 121 - ( 57*371 + 121*370)
x_re: 116 =  58 + ( 58*372 - 122*373)
x_im: 244 = 122 + ( 58*373 + 122*372)
y_re: 117 =  58 - ( 58*372 - 122*373)
y_im: 245 = 122 - ( 58*373 + 122*372)
x_re: 118 =  59 + ( 59*374 - 123*375)
x_im: 246 = 123 + ( 59*375 + 123*374)
y_re: 119 =  59 - ( 59*374 - 123*375)
y_im: 247 = 123 - ( 59*375 + 123*374)
x_re: 120 =  60 + ( 60*376 - 124*377)
x_im: 248 = 124 + ( 60*377 + 124*376)
y_re: 121 =  60 - ( 60*376 - 124*377)
y_im: 249 = 124 - ( 60*377 + 124*376)
x_re: 122 =  61 + ( 61*378 - 125*379)
x_im: 250 = 125 + ( 61*379 + 125*378)
y_re: 123 =  61 - ( 61*378 - 125*379)
y_im: 251 = 125 - ( 61*379 + 125*378)
x_re: 124 =  62 + ( 62*380 - 126*381)
x_im: 252 = 126 + ( 62*381 + 126*380)
y_re: 125 =  62 - ( 62*380 - 126*381)
y_im: 253 = 126 - ( 62*381 + 126*380)
x_re: 126 =  63 + ( 63*382 - 127*383)
x_im: 254 = 127 + ( 63*383 + 127*382)
y_re: 127 =  63 - ( 63*382 - 127*383)
y_im: 255 = 127 - ( 63*383 + 127*382)

==== 9
x_re:   0 =   0 + (  0*512 - 128*513)
x_im: 256 = 128 + (  0*513 + 128*512)
y_re:   1 =   0 - (  0*512 - 128*513)
y_im: 257 = 128 - (  0*513 + 128*512)
x_re:   2 =   1 + (  1*514 - 129*515)
x_im: 258 = 129 + (  1*515 + 129*514)
y_re:   3 =   1 - (  1*514 - 129*515)
y_im: 259 = 129 - (  1*515 + 129*514)
x_re:   4 =   2 + (  2*516 - 130*517)
x_im: 260 = 130 + (  2*517 + 130*516)
y_re:   5 =   2 - (  2*516 - 130*517)
y_im: 261 = 130 - (  2*517 + 130*516)
x_re:   6 =   3 + (  3*518 - 131*519)
x_im: 262 = 131 + (  3*519 + 131*518)
y_re:   7 =   3 - (  3*518 - 131*519)
y_im: 263 = 131 - (  3*519 + 131*518)
x_re:   8 =   4 + (  4*520 - 132*521)
x_im: 264 = 132 + (  4*521 + 132*520)
y_re:   9 =   4 - (  4*520 - 132*521)
y_im: 265 = 132 - (  4*521 + 132*520)
x_re:  10 =   5 + (  5*522 - 133*523)
x_im: 266 = 133 + (  5*523 + 133*522)
y_re:  11 =   5 - (  5*522 - 133*523)
y_im: 267 = 133 - (  5*523 + 133*522)
x_re:  12 =   6 + (  6*524 - 134*525)
x_im: 268 = 134 + (  6*525 + 134*524)
y_re:  13 =   6 - (  6*524 - 134*525)
y_im: 269 = 134 - (  6*525 + 134*524)
x_re:  14 =   7 + (  7*526 - 135*527)
x_im: 270 = 135 + (  7*527 + 135*526)
y_re:  15 =   7 - (  7*526 - 135*527)
y_im: 271 = 135 - (  7*527 + 135*526)
x_re:  16 =   8 + (  8*528 - 136*529)
x_im: 272 = 136 + (  8*529 + 136*528)
y_re:  17 =   8 - (  8*528 - 136*529)
y_im: 273 = 136 - (  8*529 + 136*528)
x_re:  18 =   9 + (  9*530 - 137*531)
x_im: 274 = 137 + (  9*531 + 137*530)
y_re:  19 =   9 - (  9*530 - 137*531)
y_im: 275 = 137 - (  9*531 + 137*530)
x_re:  20 =  10 + ( 10*532 - 138*533)
x_im: 276 = 138 + ( 10*533 + 138*532)
y_re:  21 =  10 - ( 10*532 - 138*533)
y_im: 277 = 138 - ( 10*533 + 138*532)
x_re:  22 =  11 + ( 11*534 - 139*535)
x_im: 278 = 139 + ( 11*535 + 139*534)
y_re:  23 =  11 - ( 11*534 - 139*535)
y_im: 279 = 139 - ( 11*535 + 139*534)
x_re:  24 =  12 + ( 12*536 - 140*537)
x_im: 280 = 140 + ( 12*537 + 140*536)
y_re:  25 =  12 - ( 12*536 - 140*537)
y_im: 281 = 140 - ( 12*537 + 140*536)
x_re:  26 =  13 + ( 13*538 - 141*539)
x_im: 282 = 141 + ( 13*539 + 141*538)
y_re:  27 =  13 - ( 13*538 - 141*539)
y_im: 283 = 141 - ( 13*539 + 141*538)
x_re:  28 =  14 + ( 14*540 - 142*541)
x_im: 284 = 142 + ( 14*541 + 142*540)
y_re:  29 =  14 - ( 14*540 - 142*541)
y_im: 285 = 142 - ( 14*541 + 142*540)
x_re:  30 =  15 + ( 15*542 - 143*543)
x_im: 286 = 143 + ( 15*543 + 143*542)
y_re:  31 =  15 - ( 15*542 - 143*543)
y_im: 287 = 143 - ( 15*543 + 143*542)
x_re:  32 =  16 + ( 16*544 - 144*545)
x_im: 288 = 144 + ( 16*545 + 144*544)
y_re:  33 =  16 - ( 16*544 - 144*545)
y_im: 289 = 144 - ( 16*545 + 144*544)
x_re:  34 =  17 + ( 17*546 - 145*547)
x_im: 290 = 145 + ( 17*547 + 145*546)
y_re:  35 =  17 - ( 17*546 - 145*547)
y_im: 291 = 145 - ( 17*547 + 145*546)
x_re:  36 =  18 + ( 18*548 - 146*549)
x_im: 292 = 146 + ( 18*549 + 146*548)
y_re:  37 =  18 - ( 18*548 - 146*549)
y_im: 293 = 146 - ( 18*549 + 146*548)
x_re:  38 =  19 + ( 19*550 - 147*551)
x_im: 294 = 147 + ( 19*551 + 147*550)
y_re:  39 =  19 - ( 19*550 - 147*551)
y_im: 295 = 147 - ( 19*551 + 147*550)
x_re:  40 =  20 + ( 20*552 - 148*553)
x_im: 296 = 148 + ( 20*553 + 148*552)
y_re:  41 =  20 - ( 20*552 - 148*553)
y_im: 297 = 148 - ( 20*553 + 148*552)
x_re:  42 =  21 + ( 21*554 - 149*555)
x_im: 298 = 149 + ( 21*555 + 149*554)
y_re:  43 =  21 - ( 21*554 - 149*555)
y_im: 299 = 149 - ( 21*555 + 149*554)
x_re:  44 =  22 + ( 22*556 - 150*557)
x_im: 300 = 150 + ( 22*557 + 150*556)
y_re:  45 =  22 - ( 22*556 - 150*557)
y_im: 301 = 150 - ( 22*557 + 150*556)
x_re:  46 =  23 + ( 23*558 - 151*559)
x_im: 302 = 151 + ( 23*559 + 151*558)
y_re:  47 =  23 - ( 23*558 - 151*559)
y_im: 303 = 151 - ( 23*559 + 151*558)
x_re:  48 =  24 + ( 24*560 - 152*561)
x_im: 304 = 152 + ( 24*561 + 152*560)
y_re:  49 =  24 - ( 24*560 - 152*561)
y_im: 305 = 152 - ( 24*561 + 152*560)
x_re:  50 =  25 + ( 25*562 - 153*563)
x_im: 306 = 153 + ( 25*563 + 153*562)
y_re:  51 =  25 - ( 25*562 - 153*563)
y_im: 307 = 153 - ( 25*563 + 153*562)
x_re:  52 =  26 + ( 26*564 - 154*565)
x_im: 308 = 154 + ( 26*565 + 154*564)
y_re:  53 =  26 - ( 26*564 - 154*565)
y_im: 309 = 154 - ( 26*565 + 154*564)
x_re:  54 =  27 + ( 27*566 - 155*567)
x_im: 310 = 155 + ( 27*567 + 155*566)
y_re:  55 =  27 - ( 27*566 - 155*567)
y_im: 311 = 155 - ( 27*567 + 155*566)
x_re:  56 =  28 + ( 28*568 - 156*569)
x_im: 312 = 156 + ( 28*569 + 156*568)
y_re:  57 =  28 - ( 28*568 - 156*569)
y_im: 313 = 156 - ( 28*569 + 156*568)
x_re:  58 =  29 + ( 29*570 - 157*571)
x_im: 314 = 157 + ( 29*571 + 157*570)
y_re:  59 =  29 - ( 29*570 - 157*571)
y_im: 315 = 157 - ( 29*571 + 157*570)
x_re:  60 =  30 + ( 30*572 - 158*573)
x_im: 316 = 158 + ( 30*573 + 158*572)
y_re:  61 =  30 - ( 30*572 - 158*573)
y_im: 317 = 158 - ( 30*573 + 158*572)
x_re:  62 =  31 + ( 31*574 - 159*575)
x_im: 318 = 159 + ( 31*575 + 159*574)
y_re:  63 =  31 - ( 31*574 - 159*575)
y_im: 319 = 159 - ( 31*575 + 159*574)
x_re:  64 =  32 + ( 32*576 - 160*577)
x_im: 320 = 160 + ( 32*577 + 160*576)
y_re:  65 =  32 - ( 32*576 - 160*577)
y_im: 321 = 160 - ( 32*577 + 160*576)
x_re:  66 =  33 + ( 33*578 - 161*579)
x_im: 322 = 161 + ( 33*579 + 161*578)
y_re:  67 =  33 - ( 33*578 - 161*579)
y_im: 323 = 161 - ( 33*579 + 161*578)
x_re:  68 =  34 + ( 34*580 - 162*581)
x_im: 324 = 162 + ( 34*581 + 162*580)
y_re:  69 =  34 - ( 34*580 - 162*581)
y_im: 325 = 162 - ( 34*581 + 162*580)
x_re:  70 =  35 + ( 35*582 - 163*583)
x_im: 326 = 163 + ( 35*583 + 163*582)
y_re:  71 =  35 - ( 35*582 - 163*583)
y_im: 327 = 163 - ( 35*583 + 163*582)
x_re:  72 =  36 + ( 36*584 - 164*585)
x_im: 328 = 164 + ( 36*585 + 164*584)
y_re:  73 =  36 - ( 36*584 - 164*585)
y_im: 329 = 164 - ( 36*585 + 164*584)
x_re:  74 =  37 + ( 37*586 - 165*587)
x_im: 330 = 165 + ( 37*587 + 165*586)
y_re:  75 =  37 - ( 37*586 - 165*587)
y_im: 331 = 165 - ( 37*587 + 165*586)
x_re:  76 =  38 + ( 38*588 - 166*589)
x_im: 332 = 166 + ( 38*589 + 166*588)
y_re:  77 =  38 - ( 38*588 - 166*589)
y_im: 333 = 166 - ( 38*589 + 166*588)
x_re:  78 =  39 + ( 39*590 - 167*591)
x_im: 334 = 167 + ( 39*591 + 167*590)
y_re:  79 =  39 - ( 39*590 - 167*591)
y_im: 335 = 167 - ( 39*591 + 167*590)
x_re:  80 =  40 + ( 40*592 - 168*593)
x_im: 336 = 168 + ( 40*593 + 168*592)
y_re:  81 =  40 - ( 40*592 - 168*593)
y_im: 337 = 168 - ( 40*593 + 168*592)
x_re:  82 =  41 + ( 41*594 - 169*595)
x_im: 338 = 169 + ( 41*595 + 169*594)
y_re:  83 =  41 - ( 41*594 - 169*595)
y_im: 339 = 169 - ( 41*595 + 169*594)
x_re:  84 =  42 + ( 42*596 - 170*597)
x_im: 340 = 170 + ( 42*597 + 170*596)
y_re:  85 =  42 - ( 42*596 - 170*597)
y_im: 341 = 170 - ( 42*597 + 170*596)
x_re:  86 =  43 + ( 43*598 - 171*599)
x_im: 342 = 171 + ( 43*599 + 171*598)
y_re:  87 =  43 - ( 43*598 - 171*599)
y_im: 343 = 171 - ( 43*599 + 171*598)
x_re:  88 =  44 + ( 44*600 - 172*601)
x_im: 344 = 172 + ( 44*601 + 172*600)
y_re:  89 =  44 - ( 44*600 - 172*601)
y_im: 345 = 172 - ( 44*601 + 172*600)
x_re:  90 =  45 + ( 45*602 - 173*603)
x_im: 346 = 173 + ( 45*603 + 173*602)
y_re:  91 =  45 - ( 45*602 - 173*603)
y_im: 347 = 173 - ( 45*603 + 173*602)
x_re:  92 =  46 + ( 46*604 - 174*605)
x_im: 348 = 174 + ( 46*605 + 174*604)
y_re:  93 =  46 - ( 46*604 - 174*605)
y_im: 349 = 174 - ( 46*605 + 174*604)
x_re:  94 =  47 + ( 47*606 - 175*607)
x_im: 350 = 175 + ( 47*607 + 175*606)
y_re:  95 =  47 - ( 47*606 - 175*607)
y_im: 351 = 175 - ( 47*607 + 175*606)
x_re:  96 =  48 + ( 48*608 - 176*609)
x_im: 352 = 176 + ( 48*609 + 176*608)
y_re:  97 =  48 - ( 48*608 - 176*609)
y_im: 353 = 176 - ( 48*609 + 176*608)
x_re:  98 =  49 + ( 49*610 - 177*611)
x_im: 354 = 177 + ( 49*611 + 177*610)
y_re:  99 =  49 - ( 49*610 - 177*611)
y_im: 355 = 177 - ( 49*611 + 177*610)
x_re: 100 =  50 + ( 50*612 - 178*613)
x_im: 356 = 178 + ( 50*613 + 178*612)
y_re: 101 =  50 - ( 50*612 - 178*613)
y_im: 357 = 178 - ( 50*613 + 178*612)
x_re: 102 =  51 + ( 51*614 - 179*615)
x_im: 358 = 179 + ( 51*615 + 179*614)
y_re: 103 =  51 - ( 51*614 - 179*615)
y_im: 359 = 179 - ( 51*615 + 179*614)
x_re: 104 =  52 + ( 52*616 - 180*617)
x_im: 360 = 180 + ( 52*617 + 180*616)
y_re: 105 =  52 - ( 52*616 - 180*617)
y_im: 361 = 180 - ( 52*617 + 180*616)
x_re: 106 =  53 + ( 53*618 - 181*619)
x_im: 362 = 181 + ( 53*619 + 181*618)
y_re: 107 =  53 - ( 53*618 - 181*619)
y_im: 363 = 181 - ( 53*619 + 181*618)
x_re: 108 =  54 + ( 54*620 - 182*621)
x_im: 364 = 182 + ( 54*621 + 182*620)
y_re: 109 =  54 - ( 54*620 - 182*621)
y_im: 365 = 182 - ( 54*621 + 182*620)
x_re: 110 =  55 + ( 55*622 - 183*623)
x_im: 366 = 183 + ( 55*623 + 183*622)
y_re: 111 =  55 - ( 55*622 - 183*623)
y_im: 367 = 183 - ( 55*623 + 183*622)
x_re: 112 =  56 + ( 56*624 - 184*625)
x_im: 368 = 184 + ( 56*625 + 184*624)
y_re: 113 =  56 - ( 56*624 - 184*625)
y_im: 369 = 184 - ( 56*625 + 184*624)
x_re: 114 =  57 + ( 57*626 - 185*627)
x_im: 370 = 185 + ( 57*627 + 185*626)
y_re: 115 =  57 - ( 57*626 - 185*627)
y_im: 371 = 185 - ( 57*627 + 185*626)
x_re: 116 =  58 + ( 58*628 - 186*629)
x_im: 372 = 186 + ( 58*629 + 186*628)
y_re: 117 =  58 - ( 58*628 - 186*629)
y_im: 373 = 186 - ( 58*629 + 186*628)
x_re: 118 =  59 + ( 59*630 - 187*631)
x_im: 374 = 187 + ( 59*631 + 187*630)
y_re: 119 =  59 - ( 59*630 - 187*631)
y_im: 375 = 187 - ( 59*631 + 187*630)
x_re: 120 =  60 + ( 60*632 - 188*633)
x_im: 376 = 188 + ( 60*633 + 188*632)
y_re: 121 =  60 - ( 60*632 - 188*633)
y_im: 377 = 188 - ( 60*633 + 188*632)
x_re: 122 =  61 + ( 61*634 - 189*635)
x_im: 378 = 189 + ( 61*635 + 189*634)
y_re: 123 =  61 - ( 61*634 - 189*635)
y_im: 379 = 189 - ( 61*635 + 189*634)
x_re: 124 =  62 + ( 62*636 - 190*637)
x_im: 380 = 190 + ( 62*637 + 190*636)
y_re: 125 =  62 - ( 62*636 - 190*637)
y_im: 381 = 190 - ( 62*637 + 190*636)
x_re: 126 =  63 + ( 63*638 - 191*639)
x_im: 382 = 191 + ( 63*639 + 191*638)
y_re: 127 =  63 - ( 63*638 - 191*639)
y_im: 383 = 191 - ( 63*639 + 191*638)
x_re: 128 =  64 + ( 64*640 - 192*641)
x_im: 384 = 192 + ( 64*641 + 192*640)
y_re: 129 =  64 - ( 64*640 - 192*641)
y_im: 385 = 192 - ( 64*641 + 192*640)
x_re: 130 =  65 + ( 65*642 - 193*643)
x_im: 386 = 193 + ( 65*643 + 193*642)
y_re: 131 =  65 - ( 65*642 - 193*643)
y_im: 387 = 193 - ( 65*643 + 193*642)
x_re: 132 =  66 + ( 66*644 - 194*645)
x_im: 388 = 194 + ( 66*645 + 194*644)
y_re: 133 =  66 - ( 66*644 - 194*645)
y_im: 389 = 194 - ( 66*645 + 194*644)
x_re: 134 =  67 + ( 67*646 - 195*647)
x_im: 390 = 195 + ( 67*647 + 195*646)
y_re: 135 =  67 - ( 67*646 - 195*647)
y_im: 391 = 195 - ( 67*647 + 195*646)
x_re: 136 =  68 + ( 68*648 - 196*649)
x_im: 392 = 196 + ( 68*649 + 196*648)
y_re: 137 =  68 - ( 68*648 - 196*649)
y_im: 393 = 196 - ( 68*649 + 196*648)
x_re: 138 =  69 + ( 69*650 - 197*651)
x_im: 394 = 197 + ( 69*651 + 197*650)
y_re: 139 =  69 - ( 69*650 - 197*651)
y_im: 395 = 197 - ( 69*651 + 197*650)
x_re: 140 =  70 + ( 70*652 - 198*653)
x_im: 396 = 198 + ( 70*653 + 198*652)
y_re: 141 =  70 - ( 70*652 - 198*653)
y_im: 397 = 198 - ( 70*653 + 198*652)
x_re: 142 =  71 + ( 71*654 - 199*655)
x_im: 398 = 199 + ( 71*655 + 199*654)
y_re: 143 =  71 - ( 71*654 - 199*655)
y_im: 399 = 199 - ( 71*655 + 199*654)
x_re: 144 =  72 + ( 72*656 - 200*657)
x_im: 400 = 200 + ( 72*657 + 200*656)
y_re: 145 =  72 - ( 72*656 - 200*657)
y_im: 401 = 200 - ( 72*657 + 200*656)
x_re: 146 =  73 + ( 73*658 - 201*659)
x_im: 402 = 201 + ( 73*659 + 201*658)
y_re: 147 =  73 - ( 73*658 - 201*659)
y_im: 403 = 201 - ( 73*659 + 201*658)
x_re: 148 =  74 + ( 74*660 - 202*661)
x_im: 404 = 202 + ( 74*661 + 202*660)
y_re: 149 =  74 - ( 74*660 - 202*661)
y_im: 405 = 202 - ( 74*661 + 202*660)
x_re: 150 =  75 + ( 75*662 - 203*663)
x_im: 406 = 203 + ( 75*663 + 203*662)
y_re: 151 =  75 - ( 75*662 - 203*663)
y_im: 407 = 203 - ( 75*663 + 203*662)
x_re: 152 =  76 + ( 76*664 - 204*665)
x_im: 408 = 204 + ( 76*665 + 204*664)
y_re: 153 =  76 - ( 76*664 - 204*665)
y_im: 409 = 204 - ( 76*665 + 204*664)
x_re: 154 =  77 + ( 77*666 - 205*667)
x_im: 410 = 205 + ( 77*667 + 205*666)
y_re: 155 =  77 - ( 77*666 - 205*667)
y_im: 411 = 205 - ( 77*667 + 205*666)
x_re: 156 =  78 + ( 78*668 - 206*669)
x_im: 412 = 206 + ( 78*669 + 206*668)
y_re: 157 =  78 - ( 78*668 - 206*669)
y_im: 413 = 206 - ( 78*669 + 206*668)
x_re: 158 =  79 + ( 79*670 - 207*671)
x_im: 414 = 207 + ( 79*671 + 207*670)
y_re: 159 =  79 - ( 79*670 - 207*671)
y_im: 415 = 207 - ( 79*671 + 207*670)
x_re: 160 =  80 + ( 80*672 - 208*673)
x_im: 416 = 208 + ( 80*673 + 208*672)
y_re: 161 =  80 - ( 80*672 - 208*673)
y_im: 417 = 208 - ( 80*673 + 208*672)
x_re: 162 =  81 + ( 81*674 - 209*675)
x_im: 418 = 209 + ( 81*675 + 209*674)
y_re: 163 =  81 - ( 81*674 - 209*675)
y_im: 419 = 209 - ( 81*675 + 209*674)
x_re: 164 =  82 + ( 82*676 - 210*677)
x_im: 420 = 210 + ( 82*677 + 210*676)
y_re: 165 =  82 - ( 82*676 - 210*677)
y_im: 421 = 210 - ( 82*677 + 210*676)
x_re: 166 =  83 + ( 83*678 - 211*679)
x_im: 422 = 211 + ( 83*679 + 211*678)
y_re: 167 =  83 - ( 83*678 - 211*679)
y_im: 423 = 211 - ( 83*679 + 211*678)
x_re: 168 =  84 + ( 84*680 - 212*681)
x_im: 424 = 212 + ( 84*681 + 212*680)
y_re: 169 =  84 - ( 84*680 - 212*681)
y_im: 425 = 212 - ( 84*681 + 212*680)
x_re: 170 =  85 + ( 85*682 - 213*683)
x_im: 426 = 213 + ( 85*683 + 213*682)
y_re: 171 =  85 - ( 85*682 - 213*683)
y_im: 427 = 213 - ( 85*683 + 213*682)
x_re: 172 =  86 + ( 86*684 - 214*685)
x_im: 428 = 214 + ( 86*685 + 214*684)
y_re: 173 =  86 - ( 86*684 - 214*685)
y_im: 429 = 214 - ( 86*685 + 214*684)
x_re: 174 =  87 + ( 87*686 - 215*687)
x_im: 430 = 215 + ( 87*687 + 215*686)
y_re: 175 =  87 - ( 87*686 - 215*687)
y_im: 431 = 215 - ( 87*687 + 215*686)
x_re: 176 =  88 + ( 88*688 - 216*689)
x_im: 432 = 216 + ( 88*689 + 216*688)
y_re: 177 =  88 - ( 88*688 - 216*689)
y_im: 433 = 216 - ( 88*689 + 216*688)
x_re: 178 =  89 + ( 89*690 - 217*691)
x_im: 434 = 217 + ( 89*691 + 217*690)
y_re: 179 =  89 - ( 89*690 - 217*691)
y_im: 435 = 217 - ( 89*691 + 217*690)
x_re: 180 =  90 + ( 90*692 - 218*693)
x_im: 436 = 218 + ( 90*693 + 218*692)
y_re: 181 =  90 - ( 90*692 - 218*693)
y_im: 437 = 218 - ( 90*693 + 218*692)
x_re: 182 =  91 + ( 91*694 - 219*695)
x_im: 438 = 219 + ( 91*695 + 219*694)
y_re: 183 =  91 - ( 91*694 - 219*695)
y_im: 439 = 219 - ( 91*695 + 219*694)
x_re: 184 =  92 + ( 92*696 - 220*697)
x_im: 440 = 220 + ( 92*697 + 220*696)
y_re: 185 =  92 - ( 92*696 - 220*697)
y_im: 441 = 220 - ( 92*697 + 220*696)
x_re: 186 =  93 + ( 93*698 - 221*699)
x_im: 442 = 221 + ( 93*699 + 221*698)
y_re: 187 =  93 - ( 93*698 - 221*699)
y_im: 443 = 221 - ( 93*699 + 221*698)
x_re: 188 =  94 + ( 94*700 - 222*701)
x_im: 444 = 222 + ( 94*701 + 222*700)
y_re: 189 =  94 - ( 94*700 - 222*701)
y_im: 445 = 222 - ( 94*701 + 222*700)
x_re: 190 =  95 + ( 95*702 - 223*703)
x_im: 446 = 223 + ( 95*703 + 223*702)
y_re: 191 =  95 - ( 95*702 - 223*703)
y_im: 447 = 223 - ( 95*703 + 223*702)
x_re: 192 =  96 + ( 96*704 - 224*705)
x_im: 448 = 224 + ( 96*705 + 224*704)
y_re: 193 =  96 - ( 96*704 - 224*705)
y_im: 449 = 224 - ( 96*705 + 224*704)
x_re: 194 =  97 + ( 97*706 - 225*707)
x_im: 450 = 225 + ( 97*707 + 225*706)
y_re: 195 =  97 - ( 97*706 - 225*707)
y_im: 451 = 225 - ( 97*707 + 225*706)
x_re: 196 =  98 + ( 98*708 - 226*709)
x_im: 452 = 226 + ( 98*709 + 226*708)
y_re: 197 =  98 - ( 98*708 - 226*709)
y_im: 453 = 226 - ( 98*709 + 226*708)
x_re: 198 =  99 + ( 99*710 - 227*711)
x_im: 454 = 227 + ( 99*711 + 227*710)
y_re: 199 =  99 - ( 99*710 - 227*711)
y_im: 455 = 227 - ( 99*711 + 227*710)
x_re: 200 = 100 + (100*712 - 228*713)
x_im: 456 = 228 + (100*713 + 228*712)
y_re: 201 = 100 - (100*712 - 228*713)
y_im: 457 = 228 - (100*713 + 228*712)
x_re: 202 = 101 + (101*714 - 229*715)
x_im: 458 = 229 + (101*715 + 229*714)
y_re: 203 = 101 - (101*714 - 229*715)
y_im: 459 = 229 - (101*715 + 229*714)
x_re: 204 = 102 + (102*716 - 230*717)
x_im: 460 = 230 + (102*717 + 230*716)
y_re: 205 = 102 - (102*716 - 230*717)
y_im: 461 = 230 - (102*717 + 230*716)
x_re: 206 = 103 + (103*718 - 231*719)
x_im: 462 = 231 + (103*719 + 231*718)
y_re: 207 = 103 - (103*718 - 231*719)
y_im: 463 = 231 - (103*719 + 231*718)
x_re: 208 = 104 + (104*720 - 232*721)
x_im: 464 = 232 + (104*721 + 232*720)
y_re: 209 = 104 - (104*720 - 232*721)
y_im: 465 = 232 - (104*721 + 232*720)
x_re: 210 = 105 + (105*722 - 233*723)
x_im: 466 = 233 + (105*723 + 233*722)
y_re: 211 = 105 - (105*722 - 233*723)
y_im: 467 = 233 - (105*723 + 233*722)
x_re: 212 = 106 + (106*724 - 234*725)
x_im: 468 = 234 + (106*725 + 234*724)
y_re: 213 = 106 - (106*724 - 234*725)
y_im: 469 = 234 - (106*725 + 234*724)
x_re: 214 = 107 + (107*726 - 235*727)
x_im: 470 = 235 + (107*727 + 235*726)
y_re: 215 = 107 - (107*726 - 235*727)
y_im: 471 = 235 - (107*727 + 235*726)
x_re: 216 = 108 + (108*728 - 236*729)
x_im: 472 = 236 + (108*729 + 236*728)
y_re: 217 = 108 - (108*728 - 236*729)
y_im: 473 = 236 - (108*729 + 236*728)
x_re: 218 = 109 + (109*730 - 237*731)
x_im: 474 = 237 + (109*731 + 237*730)
y_re: 219 = 109 - (109*730 - 237*731)
y_im: 475 = 237 - (109*731 + 237*730)
x_re: 220 = 110 + (110*732 - 238*733)
x_im: 476 = 238 + (110*733 + 238*732)
y_re: 221 = 110 - (110*732 - 238*733)
y_im: 477 = 238 - (110*733 + 238*732)
x_re: 222 = 111 + (111*734 - 239*735)
x_im: 478 = 239 + (111*735 + 239*734)
y_re: 223 = 111 - (111*734 - 239*735)
y_im: 479 = 239 - (111*735 + 239*734)
x_re: 224 = 112 + (112*736 - 240*737)
x_im: 480 = 240 + (112*737 + 240*736)
y_re: 225 = 112 - (112*736 - 240*737)
y_im: 481 = 240 - (112*737 + 240*736)
x_re: 226 = 113 + (113*738 - 241*739)
x_im: 482 = 241 + (113*739 + 241*738)
y_re: 227 = 113 - (113*738 - 241*739)
y_im: 483 = 241 - (113*739 + 241*738)
x_re: 228 = 114 + (114*740 - 242*741)
x_im: 484 = 242 + (114*741 + 242*740)
y_re: 229 = 114 - (114*740 - 242*741)
y_im: 485 = 242 - (114*741 + 242*740)
x_re: 230 = 115 + (115*742 - 243*743)
x_im: 486 = 243 + (115*743 + 243*742)
y_re: 231 = 115 - (115*742 - 243*743)
y_im: 487 = 243 - (115*743 + 243*742)
x_re: 232 = 116 + (116*744 - 244*745)
x_im: 488 = 244 + (116*745 + 244*744)
y_re: 233 = 116 - (116*744 - 244*745)
y_im: 489 = 244 - (116*745 + 244*744)
x_re: 234 = 117 + (117*746 - 245*747)
x_im: 490 = 245 + (117*747 + 245*746)
y_re: 235 = 117 - (117*746 - 245*747)
y_im: 491 = 245 - (117*747 + 245*746)
x_re: 236 = 118 + (118*748 - 246*749)
x_im: 492 = 246 + (118*749 + 246*748)
y_re: 237 = 118 - (118*748 - 246*749)
y_im: 493 = 246 - (118*749 + 246*748)
x_re: 238 = 119 + (119*750 - 247*751)
x_im: 494 = 247 + (119*751 + 247*750)
y_re: 239 = 119 - (119*750 - 247*751)
y_im: 495 = 247 - (119*751 + 247*750)
x_re: 240 = 120 + (120*752 - 248*753)
x_im: 496 = 248 + (120*753 + 248*752)
y_re: 241 = 120 - (120*752 - 248*753)
y_im: 497 = 248 - (120*753 + 248*752)
x_re: 242 = 121 + (121*754 - 249*755)
x_im: 498 = 249 + (121*755 + 249*754)
y_re: 243 = 121 - (121*754 - 249*755)
y_im: 499 = 249 - (121*755 + 249*754)
x_re: 244 = 122 + (122*756 - 250*757)
x_im: 500 = 250 + (122*757 + 250*756)
y_re: 245 = 122 - (122*756 - 250*757)
y_im: 501 = 250 - (122*757 + 250*756)
x_re: 246 = 123 + (123*758 - 251*759)
x_im: 502 = 251 + (123*759 + 251*758)
y_re: 247 = 123 - (123*758 - 251*759)
y_im: 503 = 251 - (123*759 + 251*758)
x_re: 248 = 124 + (124*760 - 252*761)
x_im: 504 = 252 + (124*761 + 252*760)
y_re: 249 = 124 - (124*760 - 252*761)
y_im: 505 = 252 - (124*761 + 252*760)
x_re: 250 = 125 + (125*762 - 253*763)
x_im: 506 = 253 + (125*763 + 253*762)
y_re: 251 = 125 - (125*762 - 253*763)
y_im: 507 = 253 - (125*763 + 253*762)
x_re: 252 = 126 + (126*764 - 254*765)
x_im: 508 = 254 + (126*765 + 254*764)
y_re: 253 = 126 - (126*764 - 254*765)
y_im: 509 = 254 - (126*765 + 254*764)
x_re: 254 = 127 + (127*766 - 255*767)
x_im: 510 = 255 + (127*767 + 255*766)
y_re: 255 = 127 - (127*766 - 255*767)
y_im: 511 = 255 - (127*767 + 255*766)
