=========9
[0] = 1.000000
[4] = 9.000000
[8] = 17.000000
[12] = 25.000000

[1] = -1.006117
[5] = -1.414187
[9] = -1.309859
[13] = -1.303218

[2] = 5.000000
[6] = 13.000000
[10] = 21.000000
[14] = 29.000000

[3] = -0.993845
[7] = 0.008677
[11] = -0.533169
[15] = 0.549203

[256] = 513.000000
[260] = 521.000000
[264] = 529.000000
[268] = 537.000000

[257] = -0.993845
[261] = 0.008677
[265] = -0.533169
[269] = 0.549203

[258] = 517.000000
[262] = 525.000000
[266] = 533.000000
[270] = 541.000000

[259] = 1.006117
[263] = 1.414187
[267] = 1.309859
[271] = 1.303218


==========8
[0] = 6.0000000000
[4] = 22.0000000000
[8] = 38.0000000000
[12] = 54.0000000000

[1] = -1.9999623506
[5] = -1.4055094889
[9] = -1.8430280787
[13] = -0.7540148204

[2] = -4.0487849605
[6] = -3.9506126542
[10] = -5.6564282988
[14] = 0.0694183035

[3] = -0.0368134598
[7] = -1.3879429218
[11] = -1.8615339222
[15] = 0.7992483997

[256] = 1030.0000000000
[260] = 1046.0000000000
[264] = 1062.0000000000
[268] = 1078.0000000000

[257] = 0.0122717693
[261] = 1.4228643915
[265] = 0.7766900934
[269] = 1.8524204843

[258] = -3.9506126542
[262] = 4.0487849605
[266] = 0.0694183035
[270] = 5.6564282988

[259] = -1.9996611636
[263] = 1.4400050159
[267] = -0.7312259956
[271] = 1.8333581198

CORRECT!

====== 7 
[0] = 28.0000000000
[1] = -3.4054718395
[2] = -7.9993976147
[3] = -1.4247563816

[4] = -16.3878407555
[5] = -0.6288914995
[6] = -0.2944577835
[7] = 1.2663088933

[8] = 92.0000000000
[9] = -2.5970428991
[10] = -5.5870099953
[11] = -1.0622855225

[12] = -15.6025214428
[13] = -1.0486806778
[14] = -5.444807982
[15] = -2.4985128437

[256] = 2076.0000000000
[257] = 1.4351361608
[258] = 0.0981723063
[259] = -0.5596561477

[260] = -15.6025214428
[261] = -1.3955791745
[262] = -7.9945790767
[263] = -3.4717885933

[264] = 2140.0000000000
[265] = 2.6291105777
[266] = 5.7258466023
[267] = 1.1021321242

[268] = 16.3878407555
[269] = 1.1150850132
[270] = 5.8612341734
[271] = 2.7229189888

CORRECT

========6
[0] = 120.0000000000
[1] = -6.0025147386
[2] = -13.5864076100
[3] = -2.4870419041

[4] = -31.9903621983
[5] = -1.6775721772
[6] = -5.7392657659
[7] = -1.2322039504

[8] = -67.0632403541
[9] = -0.8660407001
[10] = -2.6856186825
[11] = -0.4435743328

[12] = -2.3540660352
[13] = 0.2960910711
[14] = 4.4642738444 
[15] = 3.4563269501 

[256] = 4216.0000000000
[257] = 4.0642467385
[258] = 5.8240189086
[259] = 0.5424759766

[260] = 0.7853193127
[261] = -0.2804941614
[262] = -2.1333449033
[263] = -0.7488696045

[264] = -60.7825780402 
[265] = -1.1528684944 
[266] = -5.5025252658 
[267] = -1.6420009731 

[268] = -31.9132946137 
[269] = -2.5282380614 
[270] = -14.0918390224 
[271] = -6.3719768324 

CORRECT


============ FFT

========0
[0] = -181.019336
[1] = -180.019336
[2] = -179.019336
[3] = -178.019336

[64] = -117.019336
[65] = -116.019336
[66] = -115.019336
[67] = -114.019336

[128] = 181.019336
[129] = 182.019336
[130] = 183.019336
[131] = 184.019336

[192] = 245.019336
[193] = 246.019336
[194] = 247.019336
[195] = 248.019336

[256] = 618.038672
[257] = 620.452886
[258] = 622.867099
[259] = 625.281313

[320] = 772.548340
[321] = 774.962554
[322] = 777.376767
[323] = 779.790981

[384] = -106.038672
[385] = -106.452886
[386] = -106.867099
[387] = -107.281313

[448] = -132.548340
[449] = -132.962554
[450] = -133.376767
[451] = -133.790981

========2
[0] = -584.772556
[1] = -583.772556
[2] = -582.772556
[3] = -581.772556

[64] = 222.733884
[65] = 223.733884
[66] = 224.733884
[67] = 225.733884

[128] = 209.713194
[129] = 210.713194
[130] = 211.713194
[131] = 212.713194

[192] = 152.325478
[193] = 153.325478
[194] = 154.325478
[195] = 155.325478

[256] = 1286.998910
[257] = 1292.026249
[258] = 1297.053589
[259] = 1302.080928

[320] = -50.921566
[321] = -51.120478
[322] = -51.319391
[323] = -51.518303

[384] = 171.053731
[385] = 171.721910
[386] = 172.390089
[387] = 173.058267

[448] = -383.131075
[449] = -384.627681
[450] = -386.124287
[451] = -387.620893

==== 3
[0] = -6385.5185851710
[1] = -6384.5185851710
[2] = -6383.5185851710
[3] = -6382.5185851710
[4] = -6381.5185851710
[5] = -6380.5185851710
[6] = -6379.5185851710
[7] = -6378.5185851710
[8] = 251.9975894606
[9] = 252.9975894606
[10] = 253.9975894606
[11] = 254.9975894606
[12] = 255.9975894606
[13] = 256.9975894606
[14] = 257.9975894606
[15] = 258.9975894606
[256] = 10428.2838712533
[257] = 10469.0193551254
[258] = 10509.7548389975
[259] = 10550.4903228696
[260] = 10591.2258067417
[261] = 10631.9612906137
[262] = 10672.6967744858
[263] = 10713.4322583579
[264] = -6.2844472599
[265] = -6.3089958820
[266] = -6.3335445041
[267] = -6.3580931262
[268] = -6.3826417483
[269] = -6.4071903704
[270] = -6.4317389925
[271] = -6.4562876146

==== 2
[0] = -13025.0368691154
[1] = -13024.0368691154
[2] = -13023.0368691154
[3] = -13022.0368691154
[4] = 253.9996987733
[5] = 254.9996987733
[6] = 255.9996987733
[7] = 256.9996987733
[8] = 252.0958135323
[9] = 253.0958135323
[10] = 254.0958135323
[11] = 255.0958135323
[12] = 251.8993653889
[13] = 252.8993653889
[14] = 253.8993653889
[15] = 254.8993653889
[256] = 20859.7094928758
[257] = 20941.1927330824
[258] = 21022.6759732889
[259] = 21104.1592134955
[260] = -3.1417503692
[261] = -3.1540228315
[262] = -3.1662952939
[263] = -3.1785677563
[264] = 249.7926783827
[265] = 250.7684310326
[266] = 251.7441836826
[267] = 252.7199363325
[268] = -262.3615729025
[269] = -263.3864227966
[270] = -264.4112726908
[271] = -265.4361225849

==== 1

[0] = -26305.0737005803
[1] = -26304.0737005803
[2] = 254.9999623495
[3] = 255.9999623495
[4] = 254.0242455464
[5] = 255.0242455464
[6] = 253.9751520002
[7] = 254.9751520002
[8] = 249.3692224300
[9] = 250.3692224300
[10] = 254.8224046346
[11] = 255.8224046346
[12] = 254.8343159833
[13] = 255.8343159833
[14] = 248.9644147945
[15] = 249.9644147945
[256] = 41720.9898017920
[257] = 41883.9624182052
[258] = -1.5708160403
[259] = -1.5769520405
[260] = 252.8775274116
[261] = 253.8653302530
[262] = -259.1610281499
[263] = -260.1733759161
[264] = 607.4690435141
[265] = 609.8419694653
[266] = -107.8836867487
[267] = -108.3051074001
[268] = 104.2030120425
[269] = 104.6100550583
[270] = -628.9261578474
[271] = -631.3829006515
