==== 3 
qn: 2
f0_re[0] = f[0] + f[1]
f0_re[1] = f[2] + f[3]

f0_im[2] = f[4] + f[5]
f0_im[3] = f[6] + f[7]

f1_re[0] = (f[0] - f[1])*8  + (f[4] - f[5])*9 
f1_re[1] = (f[2] - f[3])*10 + (f[6] - f[7])*11

f1_im[2] = (f[4] - f[5])*8  - (f[0] - f[1])*9
f1_im[3] = (f[6] - f[7])*10 - (f[2] - f[3])*11

s: 
8,10
9,11

0, 2
1, 3
4, 6
5, 7

==== 4
qn: 4
f0_re[  0] = f[  0] + f[  1]
f0_re[  1] = f[  2] + f[  3]
f0_re[  2] = f[  4] + f[  5]
f0_re[  3] = f[  6] + f[  7]

f0_im[  4] = f[  8] + f[  9]
f0_im[  5] = f[ 10] + f[ 11]
f0_im[  6] = f[ 12] + f[ 13]
f0_im[  7] = f[ 14] + f[ 15]

f1_re[  0] = (f[  8] - f[  9])* 17 + (f[  0] - f[  1])* 16
f1_re[  1] = (f[ 10] - f[ 11])* 19 + (f[  2] - f[  3])* 18
f1_re[  2] = (f[ 12] - f[ 13])* 21 + (f[  4] - f[  5])* 20
f1_re[  3] = (f[ 14] - f[ 15])* 23 + (f[  6] - f[  7])* 22

f1_im[  4] = (f[  8] - f[  9])* 16 - (f[  0] - f[  1])* 17
f1_im[  5] = (f[ 10] - f[ 11])* 18 - (f[  2] - f[  3])* 19
f1_im[  6] = (f[ 12] - f[ 13])* 20 - (f[  4] - f[  5])* 21
f1_im[  7] = (f[ 14] - f[ 15])* 22 - (f[  6] - f[  7])* 23

0, 2
1, 3
4, 6
5, 7

==== 5
qn: 8
f0_re[  0] = f[  0] + f[  1]
f0_re[  1] = f[  2] + f[  3]
f0_re[  2] = f[  4] + f[  5]
f0_re[  3] = f[  6] + f[  7]

f0_re[  4] = f[  8] + f[  9]
f0_re[  5] = f[ 10] + f[ 11]
f0_re[  6] = f[ 12] + f[ 13]
f0_re[  7] = f[ 14] + f[ 15]

f0_im[  8] = f[ 16] + f[ 17]
f0_im[  9] = f[ 18] + f[ 19]
f0_im[ 10] = f[ 20] + f[ 21]
f0_im[ 11] = f[ 22] + f[ 23]

f0_im[ 12] = f[ 24] + f[ 25]
f0_im[ 13] = f[ 26] + f[ 27]
f0_im[ 14] = f[ 28] + f[ 29]
f0_im[ 15] = f[ 30] + f[ 31]

f1_re[  0] = (f[ 16] - f[ 17])* 33 + (f[  0] - f[  1])* 32
f1_re[  1] = (f[ 18] - f[ 19])* 35 + (f[  2] - f[  3])* 34
f1_re[  2] = (f[ 20] - f[ 21])* 37 + (f[  4] - f[  5])* 36
f1_re[  3] = (f[ 22] - f[ 23])* 39 + (f[  6] - f[  7])* 38

f1_re[  4] = (f[ 24] - f[ 25])* 41 + (f[  8] - f[  9])* 40
f1_re[  5] = (f[ 26] - f[ 27])* 43 + (f[ 10] - f[ 11])* 42
f1_re[  6] = (f[ 28] - f[ 29])* 45 + (f[ 12] - f[ 13])* 44

f1_re[  7] = (f[ 30] - f[ 31])* 47 + (f[ 14] - f[ 15])* 46

f1_im[  8] = (f[ 16] - f[ 17])* 32 - (f[  0] - f[  1])* 33
f1_im[  9] = (f[ 18] - f[ 19])* 34 - (f[  2] - f[  3])* 35
f1_im[ 10] = (f[ 20] - f[ 21])* 36 - (f[  4] - f[  5])* 37
f1_im[ 11] = (f[ 22] - f[ 23])* 38 - (f[  6] - f[  7])* 39

f1_im[ 12] = (f[ 24] - f[ 25])* 40 - (f[  8] - f[  9])* 41
f1_im[ 13] = (f[ 26] - f[ 27])* 42 - (f[ 10] - f[ 11])* 43

f1_im[ 14] = (f[ 28] - f[ 29])* 44 - (f[ 12] - f[ 13])* 45

f1_im[ 15] = (f[ 30] - f[ 31])* 46 - (f[ 14] - f[ 15])* 47

==== 6
qn: 16
f0_re[  0] = f[  0] + f[  1]
f0_re[  1] = f[  2] + f[  3]
f0_re[  2] = f[  4] + f[  5]
f0_re[  3] = f[  6] + f[  7]
f0_re[  4] = f[  8] + f[  9]
f0_re[  5] = f[ 10] + f[ 11]
f0_re[  6] = f[ 12] + f[ 13]
f0_re[  7] = f[ 14] + f[ 15]

f0_im[ 16] = f[ 32] + f[ 33]
f0_im[ 17] = f[ 34] + f[ 35]
f0_im[ 18] = f[ 36] + f[ 37]
f0_im[ 19] = f[ 38] + f[ 39]
f0_im[ 20] = f[ 40] + f[ 41]
f0_im[ 21] = f[ 42] + f[ 43]
f0_im[ 22] = f[ 44] + f[ 45]
f0_im[ 23] = f[ 46] + f[ 47]

f1_re[  0] = (f[ 32] - f[ 33])* 65 + (f[  0] - f[  1])* 64
f1_re[  1] = (f[ 34] - f[ 35])* 67 + (f[  2] - f[  3])* 66
f1_re[  2] = (f[ 36] - f[ 37])* 69 + (f[  4] - f[  5])* 68
f1_re[  3] = (f[ 38] - f[ 39])* 71 + (f[  6] - f[  7])* 70
f1_re[  4] = (f[ 40] - f[ 41])* 73 + (f[  8] - f[  9])* 72
f1_re[  5] = (f[ 42] - f[ 43])* 75 + (f[ 10] - f[ 11])* 74
f1_re[  6] = (f[ 44] - f[ 45])* 77 + (f[ 12] - f[ 13])* 76
f1_re[  7] = (f[ 46] - f[ 47])* 79 + (f[ 14] - f[ 15])* 78

f1_im[ 16] = (f[ 32] - f[ 33])* 64 - (f[  0] - f[  1])* 65
f1_im[ 17] = (f[ 34] - f[ 35])* 66 - (f[  2] - f[  3])* 67
f1_im[ 18] = (f[ 36] - f[ 37])* 68 - (f[  4] - f[  5])* 69
f1_im[ 19] = (f[ 38] - f[ 39])* 70 - (f[  6] - f[  7])* 71
f1_im[ 20] = (f[ 40] - f[ 41])* 72 - (f[  8] - f[  9])* 73
f1_im[ 21] = (f[ 42] - f[ 43])* 74 - (f[ 10] - f[ 11])* 75
f1_im[ 22] = (f[ 44] - f[ 45])* 76 - (f[ 12] - f[ 13])* 77
f1_im[ 23] = (f[ 46] - f[ 47])* 78 - (f[ 14] - f[ 15])* 79

f0_re[  8] = f[ 16] + f[ 17]
f0_re[  9] = f[ 18] + f[ 19]
f0_re[ 10] = f[ 20] + f[ 21]
f0_re[ 11] = f[ 22] + f[ 23]
f0_re[ 12] = f[ 24] + f[ 25]
f0_re[ 13] = f[ 26] + f[ 27]
f0_re[ 14] = f[ 28] + f[ 29]
f0_re[ 15] = f[ 30] + f[ 31]

f0_im[ 24] = f[ 48] + f[ 49]
f0_im[ 25] = f[ 50] + f[ 51]
f0_im[ 26] = f[ 52] + f[ 53]
f0_im[ 27] = f[ 54] + f[ 55]
f0_im[ 28] = f[ 56] + f[ 57]
f0_im[ 29] = f[ 58] + f[ 59]
f0_im[ 30] = f[ 60] + f[ 61]
f0_im[ 31] = f[ 62] + f[ 63]

f1_re[  8] = (f[ 48] - f[ 49])* 81 + (f[ 16] - f[ 17])* 80
f1_re[  9] = (f[ 50] - f[ 51])* 83 + (f[ 18] - f[ 19])* 82
f1_re[ 10] = (f[ 52] - f[ 53])* 85 + (f[ 20] - f[ 21])* 84
f1_re[ 11] = (f[ 54] - f[ 55])* 87 + (f[ 22] - f[ 23])* 86
f1_re[ 12] = (f[ 56] - f[ 57])* 89 + (f[ 24] - f[ 25])* 88
f1_re[ 13] = (f[ 58] - f[ 59])* 91 + (f[ 26] - f[ 27])* 90
f1_re[ 14] = (f[ 60] - f[ 61])* 93 + (f[ 28] - f[ 29])* 92
f1_re[ 15] = (f[ 62] - f[ 63])* 95 + (f[ 30] - f[ 31])* 94

f1_im[ 24] = (f[ 48] - f[ 49])* 80 - (f[ 16] - f[ 17])* 81
f1_im[ 25] = (f[ 50] - f[ 51])* 82 - (f[ 18] - f[ 19])* 83
f1_im[ 26] = (f[ 52] - f[ 53])* 84 - (f[ 20] - f[ 21])* 85
f1_im[ 27] = (f[ 54] - f[ 55])* 86 - (f[ 22] - f[ 23])* 87
f1_im[ 28] = (f[ 56] - f[ 57])* 88 - (f[ 24] - f[ 25])* 89
f1_im[ 29] = (f[ 58] - f[ 59])* 90 - (f[ 26] - f[ 27])* 91
f1_im[ 30] = (f[ 60] - f[ 61])* 92 - (f[ 28] - f[ 29])* 93
f1_im[ 31] = (f[ 62] - f[ 63])* 94 - (f[ 30] - f[ 31])* 95